FVKzcLOkfswLL9lM15b/wx9GJHh2F5kmV8k8R6ClqaxTYTUbZwMXW5VqKDtrx8hMXLka0SVraQ/0AseVito+cds1fvkxXHf/UcJOpsheQiYtDjBASiZhntC24/7HPy8o41GcJPfNPRK2sd3D9p+xXiLVdDM8meU+uIkWhAW9JYxBjxaYu79XgkloYUsKF2Zf6425rsw=
IHxnV082dPrMbRxbLLslJmywosA5spTupLWepvyLBrVFr/jzHIGNCwwFXIFlf2QzFpoik8aJ0N84p8Z5SczPH7kSBuaAbmrGNT4oQFIWeX74hqu+j+/HyFvB5KRPXcWyHuGVgz5vWX46pWwzJGn9HtD5XkTNbY0sOR+uGEMv7+IhOKmLwidOP/O9oa7U
IbKjxAhlSGSPFXOMuL192nz2i6wX3pP5OBPeACfmhs6+Q+gNPC6vZESQjOrQO8M/R2tMUz+5hJGEJMKddRaQ0rJDRoFRaW7TRgOi/bPzsnnjQlkDWsuo5hxj+PVuJ4bb+Jn3sHHnh244Fj4SVD4LQpbA7GpHhsb6FU6xk/kw5b1aRHEhe0qgnatzABPnhgTZUvOaFUPm7oXgtHMRs9QHYxD4fVPRGp9EF3v8W/DHTcGfruo=
Sh07RDQTvOJwWBGHqMnKBPqWmuTT9mkpU7qcfoHrixGDigcd87ikQFU7R1/EYVsbeycDmQFdCTxWQJsgnPV+LczNqkRoY4CX3Iaq0biI1vL90PRaxx+0Wmfq1mePxrvzrZ6y6xPHU0EDYqpZZ93MUN86sFh59aj29SAm+Paa069FKRPCq6qu0Q==
f6gm1o8NSd3YYQ7X2vHMgZjw07PMFvHARb/JKCwcAJbS56n5q0OgU4mfqy1bTtexWy0k3O2ft5MMVTtnYyMTdemJSWAuJCusFAHekZSJ+mhAd4CL5KLanfA8Ng5lVGQ2r0t0hp8O5muHspvPdVpiR7tT0927xlqVr+msLMc+oLSRIeiqjUSWdH5ucxMdbUPug76uzQ==
pKrII2bFZeJTFxsj34UJRZjw07PMFvHARb/JKCwcAJbS9qH3rUyhAYmfqy1bTtexWyIk3O2ft5MMVTtnYyMTdemJSWAuJCusFAHekZSJ+mhAd4CL5KLanfA8Ng5lVGQ2r0t0hp8O5muHspvPdVpiR7tT0927xlqVr+msLMc+oLSRIeiqjUSWdH5ucxMdbUPug76uzQ==
piyNNCyKfCZdqQMrnqNOlkpsm8k0MnPJcaIVEOoT2BPEWFZyRVMAKt+951Oy3wXi6a/rKRNU86kU6RbrUmOWJc8jHhF2xM/r9ptUviiD7M1yV6rzjFlD2J1XG5astspKaO5naoLA+EIrVvqi4e4la2WACdXuhAUJVzq8pb+TNEsb1qgxxnMOfe82kl3U1GcpryQrS+S4ybu9qgM8g9uIg8yXoemLrv4=
SGqz7O/OPIAYH1GYr963cz95bBOHbXvHNGeljpyd+xJWXydBmJmqE2YDgj3Tc1K5i0W7QzpLSKY8Y9i1zqcmm9iZl/CRZ+eu2BZe0vS+q4K2wMyq5wZmOnVOUVOZsAX9OkRRYdvKAN2LcyBTBwZkmbLz+tWjZo5FwLRT0RNUp6Mw+J2TsZp/BHd7HBtQR+2Bv67K
TKvniZJ7ff9uX5va0uG+fWyHJpfKFiHxjv+ivcox0SiW6o91+vC6rg5vKmoqLlXpWdfrZYum99lLIyXU/feXe9wdey+zy7MdeQHJ6L5Mi0TESZ7ZRGHaAFB/gIP0yvp1IHR2RrW8xF4/w/QOD2ZGg1f624elskIvq1vT1auuen1/oexkF9YA3AGpaCIdLDacriYzW82FY4aTtq7F
P7d0u5Bhjzhbxlh1N0RN9OTgigXp/llP7ywEFCsoNoCE1tMnDd+9zfsbh7Qf/x9q5RohVe/tWOfLsd95e9tNa+nGQk6TMuCTTucIM3LmxPUADWgoQiNkToaYmc7MWMvplGAzpJ41M2BLeSkgKol/kZOb94yCa3vb3Hr75EiatUPIjGGurmoKfGPlAVdL4Ie8rss=
f2f3BcpHZHJGQ+KAJK8ck19VLmJvGJh1TcA9R7Swo5ZTP3p0AW1+QZx/MDNU8eUrFPVOhX0PfBP+aurTjtl4f8A3fvkxXHf/UcJOpsheQiYtDjBASiZhntC24/7HPy8o41GcJPfNPRK2sd3D9p+xXiLVdDM8meU+uIkWhAW9JYxBjxaYu79XgkloYUsKF2Zf6425rsw=
DI/MeUATYL/tLu69wpQ84LaxfxARuJ6E5dGShGdro0Muw0rN+1NKyZpHo7Mia2DWdCMQZSYHngugGS9gaYdP/pBWFuIcXrOyrsDUmv/mjgo9DhkDMVD9bYLEKfFjaugNQzNoIy8mfGmq8+Klu0amtQh0G4F79B8zyHglA8n619S/u9QrOCf1saeu0g==
inyDwAnQHcFBzocozyabYD9jYB6FLDKPK3D8g9DCpEBURmZBmJmqE2YDgj3Tc1K5ikS7QzpLSKY8Y9i1zqcmm9iZl/CRZ+eu2BZe0vS+q4K2wMyq5wZmOnVOUVOZsAX9OkRRYdvKAN2LcyBTBwZkmbLz+tWjZo5FwLRT0RNUp6Mw+J2TsZp/BHd7HBtQR+2Bv67K
j6Apb++xgFacKs9L/bSEvzrYiZjU2JM5P43TyykYda+hG8u5SgF9geJvs558MI1c/ekntgosx1PFUd/ZGW/Z7tH0hHrmKo944nLez1M+OSpTns8zmHoYgwtVPPlSqumSbgduDXWTJuMi4HJryC7gwRMQqilx80u5k3JnFUPhpSeFA+eXtPkbM+tf4xExhYnUBvi7aGztvoXcNcpM2DuA/wy+ChnIEJbabagU0vfHNLI3UvYvf957W71m0uOjn1Mp01oKkRdFjHhPQlDQSS0oHqWYBrAGghMHVdFzyhvyrrk=
KjzLT3geOzBuHLmCdQsuyyHb59MvV2iTwRoq4AbqoLVNgyRBt6IQ4w1BR27aZIer9Tn/wQln2dah3GQituJPAFKaflfDtrmSozav60gyWHs7PRzhQqLpqh4vjlUlW+abkgjS81imYHnjuMrxobsLQaMaRw1T7qMf9SsHz+Qx20tbt0OJoQ0JbPZQ27C8pf597F3qVMgzgMd8lupBmNhWot1AtEpnT7QKx/qW96+WO6ONDvL7s5dTEaNy6slHjUwA/6rwSNmlqKZVMGZo1spT/2W5U9IL+q6B
Cgs+J2qn1qc2xGuLNStLl6csX9Ti+wWnX/QmLwr+hW/0d5Rt55Grlc+U+1hHI8pIbKAOGwqvwPhAaycuYrutlbvDFzx/N+9S4y3RnY9lyD+L6c9xW5P9k2m+8oazOvBLjr+Yu5KutM0ANRhgoqv0FkZAicbskHuRFJiD7L49IzgLobmoSkGPqZOjB0Ti4+sDnCLr7GjSBbtI9NFmjmIapKO9kd+rqPeErvM=
WXEdoPijhaHeHqQx4R7E68WA0RUuxCNoNb3HbgMp7lvayu2L1BN8Wfdlo5HPkPOsVxciLExEZi/a2wg8AK/vWrIPxXEbp/+I78Nn1mOpWWkf0SBbKw2nxYvnNVcpejryYw6Yr67bcI+CWrzJADEQlLKfHHJmpOHyPOSzVVRcS5huiUvcq8VRHNq1By0TJ4+wclcDZzzGg1i4ps1/CDAZEl5WckCD2Xnru1z/gK73
gmfmZLwPqTOOX+r9KU6psP5ZMixjm1pW5aEHPfa11nzsTrdzMEya9tZ74CUSTxFxK9OarKfE/fxQRm6ez5A+Hc0Gkrvqo84VJ0MmAXXDyPvOezyO8MNUHRr3MoME2ctoBTezRtR2EjpAzh96isDwUlN20tI5Ll27zeCRZWYEjXnPmtR1B9Pse3M2kCHOcwZt11Z6bYwU33lHhLO7bDhBCyVKq2x7m9Bz5LdZ+YOu9g==
oEMSOJaSc/WL79Gam79KLmN72lqrxwSi0ngDda5EKVjyYcI8+bnEHXBT/2Onk8+Oz7YvARY+vGpKxbL9LF7gkbOg6jkRA8tps0KnhaOUo3cls6eH1Amb48tvI4HR9YmEpkj7eAwdPlX8BQrcOEuAr6wOSgmo4BYKTZjUQhe3NOKX4rY/Hy77i51WEnND71N5c+pKgXe1DKhvcpBAqV0oTgUoRqBmcpPXdeGzWvuCruk=
pSBIUalmPYWit742sNv3Cj95bBOHbXvPNnG32pGU5UBWWW4V1szYE2YDgj3Tc1K5iE+0QzpLSKY8Y9i1zqcmm9iZl/CRZ+eu2BZe0vS+q4K2wMyq5wZmOnVOUVOZsAX9OkRRYdvKAN2LcyBTBwZkmbLz+tWjZo5FwLRT0RNUp6Mw+J2TsZp/BHd7HBtQR+2Bv67K
MFlvPtaJLBQsEWwyiQQWX7b6gAu7lBxS8yxXHhcocsXQlZZzSLu9zfsbh7Qf/x9t4hQhVe/tWOfLsd95e9tNa+nGQk6TMuCTTucIM3LmxPUADWgoQiNkToaYmc7MWMvplGAzpJ41M2BLeSkgKol/kZOb94yCa3vb3Hr75EiatUPIjGGurmoKfGPlAVdL4Ie8rss=
eWRE66F/qINsnMCKeT6r++aMhJGU248DHdu12dtPz/BPW7f6YoCJ8b+pELPrpdd9a/9lP6mS6uoDtmgH7rNAdyLC7OEAGUAMEmcsGiYMEUpc/GO91DQbgI4xO3RrLWFkei3XBRMPXyjSLzOP/G7z4Fi+nReI2MkKPu6C6MOxSRMbxK+ort8=
bxydrL1lbAtcCzsR2suaDQMWESd+Ja6BTN+gsyRRVevkFVqCY28MU07KGlMeeSg/kBdO+cG8p78Bot4meL6y5h0uIEBaBlFeIFZTfldff2gzsWwkx+1tUuYRTUMGPwEeUrVkMyx5Ff4IKWYElR31TJGvJpjL3wdCmYjxy7p3Fh/bramu3A==
fUiaoPyb4L85wn2K3JGfluSMhICWzYsDHdu12dtPz/BPW7f0YoCJ8b+pELPrpdd9a/9lP6mS6uoDtmgH7rNAdyLC7OEAGUAMEmcsGiYMEUpc/GO91DQbgI4xO3RrLWFkei3XBRMPXyjSLzOP/G7z4Fi+nReI2MkKPu6C6MOxSRMbxK+ort8=
3CyNsKxMnj1iF/RM2xj2ygMWFzFiOK6BTN+gsyRRVevkFVSCY28MU07KGlMeeSg/kBdO+cG8p78Bot4meL6y5h0uIEBaBlFeIFZTfldff2gzsWwkx+1tUuYRTUMGPwEeUrVkMyx5Ff4IKWYElR31TJGvJpjL3wdCmYjxy7p3Fh/bramu3A==
gdZ1eduhiGaT19ud0SqI/QMWFidwPa6BTN+gsyRRVevkFV2DY28MU07KGlMeeSg/kBdO+cG8p78Bot4meL6y5h0uIEBaBlFeIFZTfldff2gzsWwkx+1tUuYRTUMGPwEeUrVkMyx5Ff4IKWYElR31TJGvJpjL3wdCmYjxy7p3Fh/bramu3A==
kAWUjJfhANQvm+QFem1QPun7Hr3Frqz7iWyTg7PJ6wIv7/KTgO80ajWx1Q1ieFmvJ+d9Eoj5+RUNWFgCJfLfhfV3Q8khTQksdhDbcDxl/r1sneoUSHOAh/zW6oEYGFZiXYC0CucPtEpHupY3L1Y7Yw3O8rsz11NRIzLqCcdNTMB/avAIWeao5tVwZqhWClM/5XlTkou6rsE=
Hfy3OLXia/emTUPM+sCSber3UKzBuOXljXOVj66A5lABy5ypyaN2O2jr1V0sdmSIK900XsimplZ1awcPZPHbi9t3Q8khTQksdhDbcDxl/r1sneoUSHOAh/zW6oEYGFZiXYC0CucPtEpHupY3L1Y7Yw3O8rsz11NRIzLqCcdNTMB/avAIWeao5tVwZqhWClM/5XlTkou6rsE=
WXcgM7P2tXeEMvN/8bFSGi9dtPHYjB7nAyv3tbw/wZaY1vjQ/11weqjSRc2RbgxRfNuw0l6JxlEkYkRU85lk8ioSJuqNz3dDrCW7l8NzU6UJuUlQzvRr/LTxXuE0WTo4IEeAu4TyGk1QTLb+xQQk5k97dLZ/3qY7J0Ibv9WKohfbY9Pt25aaRQ+ZLNxnbuBkcRLomm2U1iTenvNjvb2DvuOOrv0=
SjmdkHlo4FOgxWVIvDOfzY1ZJSxj31pC5NoHNLGFyF/ZbZxRNnLU8uc07CJbfE5jJ9jVpOneuaNHWm6+z9l7N/4oiaHusLRgQXpsS2mGlZD9JBzw14VQHlz5KYEE2ctoBTezRtR2EjpAzh96isDwUlN20tI5Ll27zeCRZWYEjXnPmtR1B9Pse3M2kCHOcwZt11Z6bYwU33lHhLO7bzhBCyVKq2x7m9Bz5LdZ+YOu9g==
Or8Ult4bPuG9U0Hfvm0adI1ZJSxj31pC5NoHNLGFyF/ZbZxRNnLU8uc07CJbfE5jJ9jVpOneuaNHWm6+z9l7N/4oiaHusLRgQXpsS2mGlZD9JBzw14VQHlz5KYEE2ctoBTezRtR2EjpAzh96isDwUlN20tI5Ll27zeCRZWYEjXnPmtR1B9Pse3M2kCHOcwZt11Z6bYwU33lHhLO7bjhBCyVKq2x7m9Bz5LdZ+YOu9g==
8Z5lKVIxXfepdqNGkVPjxLs1cE0qT0llR3KNbuBq16IecL01whH++VYzerz55fw2htkdw5i3t5H4cNFBirTDwF0tVeTppHCtuY+y5X+2BZXiXRbElAF1EVhQdlWJFHodb1VnYDcXYO6jY8rorWFU+2Wk5/+p0moqA/boR+5zwDciAmyhAFnAzBInrNomTJEKXDzj/dT0m8CO8bu0a23hpHptV8UTz99o0u+zz/yucyBY/h3biJhJyj6uAqjDcclTGwQv6K6f
cRHXdRgQWAHMS1d0QAoMDWO4IuLNcZ2fj3zBcXqNKJirrekqqFZPOhUxiypzt8DiJjC4qljYAWFqiq8iaseGSJCJgPSLw2yi6wWJiY7/cWkz3gxlxHC4R5kTaudOLOFkRqug9MsE2AGr3HSbFq1VV+Bu759IKJV1LuIiAVd9ejm1lHvPzbqqhmzGPjZhhvRAjq4tjqwuR94jR7MY75kY5POFsWKqiXkjkocNzu7dsLN4kamuBJHy5KGFOXzNRx7YP/dbstWQBWuuj5pPJwX9rog=
rBnVIYKSD10E6aDIqATlMzI1PeJlXyNlbwD8RQYuGm78hFtKTlg4/ZmcZHgomuH8IVF2qLN8wQT3l8hjasIWc9KxzK8UjzK5/aSjryXqkkb0NlYW2RY8QEY+la7E3t8eGxdbeDepUGS7denCAtmBYwo3JS6WTfizsAFRziwhaiTZVZHcFTffX/fHA1K9QD0rNv9yb5+Vta7A
Eq55GSIU+vnDIpuYpgVsOFjgju6s7oV3+ZW8r5ZbIjrulbKFjcZSnbRr2KQ09mcH/JiN7WSYqSF/WbADa9W3zasvhS+pgoq6QwaI924D4AdikszxAAlgXFIXjKqm/PH6HKwDrdQk+1BOgVsE653BlLr99xUTH3/4Et+TP3wek1CYbn0Cj8ipWn5eYhhDAeljW5SPuK7P
ZVudx1sa3Fyce7jwjy1Qdd/4242Yog+Y1FQMv6lj2N23iAxpRuYQl1yK23QIqlWXz9wBnm76Kgzj1eHHC5AnbK4b
WVsoas3rNGmVmprbbhx4ZtqVjmQcPReX3h5wo93qrJy8fFN/x5sv7enwNDJaLaqBm0ShSpzqG98nH30sxfH4NllD/sZ5pF13aFntSrPFiZSGuLso7K2+xVx1ygxYe4C/jP4KWUhQlprt6BSSd4c08rcS9m//nnsbPSbSoyPfU2lTGgrRlwWMOM8CUJDJaS9eJdgG8IbCE0fVkXOKm7Ku+Q==
+xfPYZpNjg1TiY/LvUnBX+9G837/Zok4M5eOMbM5DmC2n3mD1RfQOQ+axhnDtZmDuI8L3sfbYYM0McE1SyEObSmzbJBRTX5O5JgyNuaGBC0fSGieO2FYgEqvD6sW2YXfLCL8c0tJxtFqN2KjNNk7CNV3A+ZE9mLaEA4vWprA4HJjtoIySa7NG32gQQWWBL1Zn1qklZdTXNujdmBB3nMWjaeWKs08lE8Zt8Rjm1s/Met1ihvM6xsgEzT3admTruY=
P6IkDYW0C7ehWCVIiA88LR5hpJUnE6jvXt87ajVlP4YeKiey9ikh7+/oJFluRv0NpHTbATv037MPf2WDCfoXVP+7FKv4J7UxZ64S
EpM+IaR9nqHPG8qL3/q4yTfV4vL36NM2V8nVOpp5U2epHx8aHX/Ntemwg0BOVRSlRuRRb28l1JRBTSVcOzqu3ahyWBdPYmB6teI6BHXdVcwx70Gf6x/nwnlI0cvaN3afe21Jrjw=
dIkfElVViZMgYsV48InS+PaEJ1eNrSoBhh6IHc/VDwesVF1eWt65kPkuSkoYFZvhkQm2gJ9cU/lIlmdcdNDki7mXkHk3LESdVtL4E/xOs0DY3t0wj/gJ6r5OQsjD0Qlzm2RvSK4/
Nd4uF/nAlPwGZKyVRKuQyxd+YCxRRiViWuLBrAkSMvb4qeNdYbXOPF9gK8W4qh9glOycN0kr6MW3kDwhpm6ALxxyy3wo4qUMT0RxVk7yOnQjbXFPa1gXdK4D
C9Z5cagKFrJ99UVjCfCk0ippy9cvmVEZQ08tZlrmybgZBhoS2M3LiTHhBvgfpOOR6H63BDQINKPZv2BBNxS0tTb6KMu8FmOoeLZtyA+AuQIeJhIQA4lZW3tMH3CuBw==
Yw58pQulGNxI+OHXZuWihwNa5PIeq3ADdE8tZlrmybgZBhoS2M3LiTHhBvgfpOOR6H63BDQINKPZv2BBNxS0tTb6KMu8FmOoeLZtyA+AuQIeJhIQA4lZW3tMH3CuBw==
ptKO2jzxSXs0Zy7mvBbF1HM1mRjFp93noeDaZE02kZyGhEg/f/eJC6qevwaHPwDEy7LEWmB9AfUsh/dWcHt+oPQd7CSXlgCcge5vYp1sNtwuZjObTUVjRhN2rgU=
TJVQgqRRfoA20qFyYQ6tEI1ZJSxj31pC5NoHNLGFyF/ZbZxRNnLU8uc07CJbfE5jJ9jVpOneuaNHWm6+z9l7N/4oiaHusLRgQXpsS2mGlZD9JBzw14VQHlz5KYEE2ctoBTezRtR2EjpAzh96isDwUlN20tI5Ll27zeCRZWYEjXnPmtR1B9Pse3M2kCHOcwZt11Z6bYwU33lHhLO7az9BCyVKq2x7m9Bz5LdZ+YOu9g==
BPctOnAQekFYQGhqP9PuSh5hpJQnE6jvXt87ajVlP4YeKiey9ikh7+/oJFluRv0NpHTbATv037MPf2WDCfoXVP+7FKv4J7UxZ64S
uku1nQTFb8q8742TGePwNT0yKF+CEo71CFcZQd+q8mwyNevWMBJuaTljQq4Pp/u9WneTHuyeowNVgczHwQwj0bW7PKUPwjW2Chx8Fs1a4ScFWqBC8RgwnEZZ3JUtoARCQp4EbWXuXEs7rsSFXOBQh/EjkMME/Hnk3ntolPP08EEDTOw73p0tVxhepz/QuD21BpIa4R8t4rktxLPvtYpCxgRWplYpdsxAtl5l7jS+L57Ld8s4J8mAZGvV+YKS+VHjOheVbqbtSLMAoWEOnAFapIl1ARwFl4xfpycTki2gbatGHwKv73XFrrA=
E80geVrfsYdXtfHxdBpZ/B6xsbMxk8X0llc8/2MlUXl3fXP9THkp7egC7kp9dG9cOznVK8yPX5l6b5jR7tgLXY3RMOF3Xdar/t+yqPwGz7wwO+4Mtq/s98tPIVg2k7rLBI/R6HDTy7osRwHZZtcPaKnrT5lyxnRPyZsAZoJH2er2h6dzY4L3efxE23Xemh3/OEGNosM9CVyWYBsA3BV+zYztKmSoA4D3HKYq8fho1hK98HR6B3+0OqfKVkfPJrsT7b4yy9OnUyHDQip5Jz3MsJ8aMHi5k6+WNQCm2LZ6008FCZPia8qusQ==
qCK0saiIQra+laqfsQtBty50e4CMDQdKIBEjEWTHTdwN+8YNj8eatjeE0YFmmsgs6z3UgwpVbYZuGTAXn2EVfCFSd/W5+3NNG+4kBTwgcIfR4zdH47wZ5P47yBSTtBBBY4xMu35dTVf4Hge/cPjdtWZS+mG/7cK5zQTTbxXKYsYkFkbWSbbsQJaeBW7U/g+e6zdruEcJYGRLFVkCcjkx49pXNe4GraizYGHBjjzBOqRpNWGcpderX8dn8xKNYE2rZt9iLw815a6Q
rXzjWXmpJFPQ7It7JffxuYaz72uldUfwtbBJ8foStx5ApPrEmjFPg88H3/DyLH65Y/MfM5DjojTbNrcs+v1HIbnf6b5VVrR2kddtEdNrYim4jAPSNR6nliHHVyVMkWed2ZZy6eod+K35lmTZy7wgNRn2lgIhHvUoh0fGrBTpJQm46Ab9SXxK5c/Nt0g3P7B2A5v6gG3JJEOFvLcXKbq6MmNOGO+um/BPgpo8iQBxkFSyX5wyZuRhsjwkM5VUHMvYbknLHKsF0Vza9YftE+cP8HIXg6c8BgOYuOZNPg/wmdJeFvIAg5n5K7ucf8Cutw==
EIrGWyNhLpb4W++IbPmDKIaz72uldUfwtbBJ8foStx5ApPrEmjFPg88H3/DyLH65Y/MfM5DjojTbNrcs+v1HIbnf6L5VVrR2kddtEdNrYim4jAPSNR6nliHHVyVMkWed2ZZy6eod+K35lmTZy7wgNRn2lgIhHvUoh0fGrBTpJQm46Ab9SXxK5c/Nt0g3P7B2A5v6gG3JJEOFvLcXKbq6MmNOGO+um/BPgpo8iQBxkFSyX5wyZuRhsjwkM5VUHMvYbknLHKsF0Vza9YftE+cP8HIXg6c8BgOYuOZNPg/wmdJeFvIAg5n5K7ucf8Cutw==
mV72Smv4cUwaHqM6Yg5JOoaz72uldUfwtbBJ8foStx5ApPrEmjFPg88H3/DyLH65Y/MfM5DjojTbNrcs+v1HIbnf575VVrR2kddtEdNrYim4jAPSNR6nliHHVyVMkWed2ZZy6eod+K35lmTZy7wgNRn2lgIhHvUoh0fGrBTpJQm46Ab9SXxK5c/Nt0g3P7B2A5v6gG3JJEOFvLcXKbq6MmNOGO+um/BPgpo8iQBxkFSyX5wyZuRhsjwkM5VUHMvYbknLHKsF0Vza9YftE+cP8HIXg6c8BgOYuOZNPg/wmdJeFvIAg5n5K7ucf8Cutw==
EkXmvTJswOffopMkAD0iaoaz72uldUfwtbBJ8foStx5ApPrEmjFPg88H3/DyLH65Y/MfM5DjojTbNrcs+v1HIbnf5r5VVrR2kddtEdNrYim4jAPSNR6nliHHVyVMkWed2ZZy6eod+K35lmTZy7wgNRn2lgIhHvUoh0fGrBTpJQm46Ab9SXxK5c/Nt0g3P7B2A5v6gG3JJEOFvLcXKbq6MmNOGO+um/BPgpo8iQBxkFSyX5wyZuRhsjwkM5VUHMvYbknLHKsF0Vza9YftE+cP8HIXg6c8BgOYuOZNPg/wmdJeFvIAg5n5K7ucf8Cutw==
C0WpOou8Ehpf97dB8osp1Iaz72uldUfwtbBJ8foStx5ApPrEmjFPg88H3/DyLH65Y/MfM5DjojTbNrcs+v1HIbnf5b5VVrR2kddtEdNrYim4jAPSNR6nliHHVyVMkWed2ZZy6eod+K35lmTZy7wgNRn2lgIhHvUoh0fGrBTpJQm46Ab9SXxK5c/Nt0g3P7B2A5v6gG3JJEOFvLcXKbq6MmNOGO+um/BPgpo8iQBxkFSyX5wyZuRhsjwkM5VUHMvYbknLHKsF0Vza9YftE+cP8HIXg6c8BgOYuOZNPg/wmdJeFvIAg5n5K7ucf8Cutw==
4pHrJJ3ZUrzWnYHVdwmPtoaz72uldUfwtbBJ8foStx5ApPrEmjFPg88H3/DyLH65Y/MfM5DjojTbNrcs+v1HIbnf5L5VVrR2kddtEdNrYim4jAPSNR6nliHHVyVMkWed2ZZy6eod+K35lmTZy7wgNRn2lgIhHvUoh0fGrBTpJQm46Ab9SXxK5c/Nt0g3P7B2A5v6gG3JJEOFvLcXKbq6MmNOGO+um/BPgpo8iQBxkFSyX5wyZuRhsjwkM5VUHMvYbknLHKsF0Vza9YftE+cP8HIXg6c8BgOYuOZNPg/wmdJeFvIAg5n5K7ucf8Cutw==
hUE8ECgvDnaexxShOYjHDYaz72uldUfwtbBJ8foStx5ApPrEmjFPg88H3/DyLH65Y/MfM5DjojTbNrcs+v1HIbnf475VVrR2kddtEdNrYim4jAPSNR6nliHHVyVMkWed2ZZy6eod+K35lmTZy7wgNRn2lgIhHvUoh0fGrBTpJQm46Ab9SXxK5c/Nt0g3P7B2A5v6gG3JJEOFvLcXKbq6MmNOGO+um/BPgpo8iQBxkFSyX5wyZuRhsjwkM5VUHMvYbknLHKsF0Vza9YftE+cP8HIXg6c8BgOYuOZNPg/wmdJeFvIAg5n5K7ucf8Cutw==
MfD5z/eg3Ic/IZzRwSDKm35x2AdY1YmoInzBn8SUzyHTyl2mA1jxjZ6m0/YDoQXrvqXr0T/B6ScWYSVK9g3odbEvTanPRzf20FmUcY9Hqmdjs1I91/jzSpt/ePYKzeZ5SjzcrV4dX8S+krhaNgUH2kZLIZqm7W4kqldLR+JLhgjjRIQPKlwBEMpReUje0zypdxdC6kXXYjxHJbx26CldWbiZNzCx58fueBb+khQ+S8JWwCzqB4aGetVO8RO5MCU9mkQxobtKYB3rc0CTJ4ZEWRLzWpWD5q4FILSzkfPUR+PR/z3TkRpfxNd7vNswx41B366q
MfD5z/eg3Ic/IZzRwSDKm35x2AdY1YmoInzBn8SUzyHTyl2mA1jxjZ6m0/YDoQXrvqXr0T/B6ScWYSVK9g3odbEvTanPRzf20FmUcY9Hqmdjs1I91/jzSpt/ePYKzeZ5SjzcrV4dX8S+krhaNgUH2kZLIZqm7W4kqldLR+JLhgjjRIQPKlwBEMpReUje0zypdxdC6kXXYjxHJbx26CldWbiZNzCx58fueBb+khQ+S8JWwCzqB4aGetVO8RO5MCU9mkQxobtKYB3rc0CTJ4ZEWRLzWpWD5q4FILSzkfPUR+PR/z3TkRpfxNd7vNswx41B366q
MfD5z/eg3Ic/IZzRwSDKm35x2AdY1YmoInzBn8SUzyHTyl2mA1jxjZ6m0/YDoQXrvqXr0T/B6ScWYSVK9g3odbEvTanPRzf20FmUcY9Hqmdjs1I91/jzSpt/ePYKzeZ5SjzcrV4dX8S+krhaNgUH2kZLIZqm7W4kqldLR+JLhgjjRIQPKlwBEMpReUje0zypdxdC6kXXYjxHJbx26CldWbiZNzCx58fueBb+khQ+S8JWwCzqB4aGetVO8RO5MCU9mkQxobtKYB3rc0CTJ4ZEWRLzWpWD5q4FILSzkfPUR+PR/z3TkRpfxNd7vNswx41B366q
MfD5z/eg3Ic/IZzRwSDKm35x2AdY1YmoInzBn8SUzyHTyl2mA1jxjZ6m0/YDoQXrvqXr0T/B6ScWYSVK9g3odbEvTanPRzf20FmUcY9Hqmdjs1I91/jzSpt/ePYKzeZ5SjzcrV4dX8S+krhaNgUH2kZLIZqm7W4kqldLR+JLhgjjRIQPKlwBEMpReUje0zypdxdC6kXXYjxHJbx26CldWbiZNzCx58fueBb+khQ+S8JWwCzqB4aGetVO8RO5MCU9mkQxobtKYB3rc0CTJ4ZEWRLzWpWD5q4FILSzkfPUR+PR/z3TkRpfxNd7vNswx41B366q
MfD5z/eg3Ic/IZzRwSDKm35x2AdY1YmoInzBn8SUzyHTyl2mA1jxjZ6m0/YDoQXrvqXr0T/B6ScWYSVK9g3odbEvTanPRzf20FmUcY9Hqmdjs1I91/jzSpt/ePYKzeZ5SjzcrV4dX8S+krhaNgUH2kZLIZqm7W4kqldLR+JLhgjjRIQPKlwBEMpReUje0zypdxdC6kXXYjxHJbx26CldWbiZNzCx58fueBb+khQ+S8JWwCzqB4aGetVO8RO5MCU9mkQxobtKYB3rc0CTJ4ZEWRLzWpWD5q4FILSzkfPUR+PR/z3TkRpfxNd7vNswx41B366q
MfD5z/eg3Ic/IZzRwSDKm35x2AdY1YmoInzBn8SUzyHTyl2mA1jxjZ6m0/YDoQXrvqXr0T/B6ScWYSVK9g3odbEvTanPRzf20FmUcY9Hqmdjs1I91/jzSpt/ePYKzeZ5SjzcrV4dX8S+krhaNgUH2kZLIZqm7W4kqldLR+JLhgjjRIQPKlwBEMpReUje0zypdxdC6kXXYjxHJbx26CldWbiZNzCx58fueBb+khQ+S8JWwCzqB4aGetVO8RO5MCU9mkQxobtKYB3rc0CTJ4ZEWRLzWpWD5q4FILSzkfPUR+PR/z3TkRpfxNd7vNswx41B366q
MfD5z/eg3Ic/IZzRwSDKm35x2AdY1YmoInzBn8SUzyHTyl2mA1jxjZ6m0/YDoQXrvqXr0T/B6ScWYSVK9g3odbEvTanPRzf20FmUcY9Hqmdjs1I91/jzSpt/ePYKzeZ5SjzcrV4dX8S+krhaNgUH2kZLIZqm7W4kqldLR+JLhgjjRIQPKlwBEMpReUje0zypdxdC6kXXYjxHJbx26CldWbiZNzCx58fueBb+khQ+S8JWwCzqB4aGetVO8RO5MCU9mkQxobtKYB3rc0CTJ4ZEWRLzWpWD5q4FILSzkfPUR+PR/z3TkRpfxNd7vNswx41B366q
5uIwfha+7QMwyQmnyhN1SqEf3NQgSnZC2G97Q3QMZoUjchznuilQV2VXGQpJcjaUpuiujYevZ0b1GZjv55c+dOtve4bZpPahultaIA5yUZ1+okpErS3trFlfwh9jb09igfiJi+Lnrr8TfUGuNA==
vAI/AbFWm9V/KkCFjJdo22USiCNr0dhnjd/qn5+p8TRIJd3XLq5DWoofbsGKJIlV4Njvl4+1dyp7TSQPjP+6OXUUO8+NOmqGrEZ+NiEGNEBOLm2O7K6H3uPH8xivGdjkMwVxYuoJOSNSB83Orl3ws7gRaa5EEbLkYQX5fI3HXt9/d5uyFRBFa+4PWk/nhb2uyA==
LYSleBhjYccBQH8e6tsG0x9JM2NzAogbV8k8R6OjqaxTYTV0DG0RJ/IWJzouh5JRBqwN1WRQYwfzLdPKn/V4f8A3fvkxXHf/UcJOpsheQiYtDjBASiZhntC24/7HPy8o41GcJPfNPRK2sd3D9p+xXiLVdDM8meU+uIkWhAW9JYxBjxqfu79XgkloYUsKF2Zf6425rsw=
7IQLjWpXU2AV96MPnBRfyO9G837/Zok4M5eOMbM5DmC2n3mD1RfQOQ+axhnDtZmDuI8L3sfbYYM0McE1SyEObSmzbJBRTX5O5JgyNuaGBC0fSGieO2FYgEqvD6sW2YXfLCL8c0tJxtFqN2KjNNk7CNV3A+ZE9mLaEA4vWprA4HJjtoIySa7NG32gQQWWBL1Zn1qklZdTXNujdmBB3nMWjaeWKs08lE8Zt8Rjm1A/Met1ihvM6xsgEzT3admTruY=
cuFdvm+oYiKOyUk7Lz3j44K16eKVA7jaT6PPKjkSIMbfouS9/2KTb+CIolctOa2jAmp1xbKAo55LbCJ2TyMTdemJSWAuJCusFAHekZSJ+mhAd4CL5KLanfA8Ng5lVGQ2r0t0hp8O5muHspvPdVpiR7tT0927xlqVr+msLMc+oLSRLe+qjUSWdH5ucxMdbUPug76uzQ==
skDYFr1o2dSH8aT4vYJbuo1ZKyRngV9F+Y1TO/786XfjRa9+BVvU8+t1oyUeb1d0OtnVreaXuadLZCHVz9R2WeMvkNL9qrRjUDk0WDeV3qTRbzHJydpFMRr3MoME2ctoBTezRtR2EjpAzh96isDwUlN20tI5Ll27zeCRZWYEjXnPmtR1B9Pse3M2kCHOcwZt11Z6bYwU33lHhLO7YD9BCyVKq2x7m9Bz5LdZ+YOu9g==
LXmyAZSADQxeczD7EJBUbRgP6Y+01BZYgvQ/VyhlfRvnDaUNdhcJRxsk0fXf1GY50+/Acg0qJIPgeeR4R5UuhIGvgalZWjWRyrcCYxTZ20h192MmZPaCmrCOT5q6wMCyAzYicqmu7dsdIOFFdgSdmf/aBNV3U3wbw/bAAT5zdk0HFsqNHJQv2RdEg9twP1Er1Qr7jMsbQNOUd4mZs67G
OM5jiWfe1zhojOZ+cqB3zcyYsMwfVZq4eVk7Y3sS4BuvGWQHG1NxDDvRvfSEHbnHKqZfevZXqjEuvAXVbEBL58t9iwpnRSAfaMf2ebnsn18JsvZmEA46BsUeOEBCNom+qOY7Pn9Pd4gL4RSkfz2Vcu4BJQOuz4m+CsV8MzSJzV6AWc7EfQ39bOn/kh8zDz8ikZjZC1LHnn+DnbGuxA==
rzeQ1qJT2EeQP6xJ+3FKgpwFinpShUtEvq4hDSOE/4nRUkElUpK3nMVBh6C58gJnOILtBiBPQPjTQ6t6c0OPXc7Z4sQ9jb1sqX/SH3OPfyLRGBkLkkdef0Mdca4E
PDXnXvylATmYfox0Fh2E7Ckfg7d6/hliED4MWyvL4NAOT3mBjHjJ3trEDWZhzSvPnMIrDOgyxRdPVJEGDgJaxKMd0f8riDdkrhM=
RGySUjpJIL2G1Y8FoQcMlAEw2zpkjLCcqP3DsQyOvv0tV/SylRAahskgqZfn8cwQX/qwGPk5rzZ1YCY4dtrT78XpE4Iraq4R
mlrBBmXSx+B0uz8maHKdL2ue2i7QctQXm2e4PG6j4S089FFSWkiV6tFhsyP8LnOgWH4dW48YSUo+LgIow/HJ0xuEL2iuHw==
h2gJqxnXNiWqnNSHXuoO4lwuqIJB2A1iED4MWyvL4NAOT3mBjHjJ3trEDWZhzSvPnMIrDOgyxRdPVJEGDgJaxKMd0f8riDdkrhM=
nt4BH4UapGAiIaba+M+NJUostIZC0AhiED4MWyvL4NAOT3mBjHjJ3trEDWZhzSvPnMIrDOgyxRdPVJEGDgJaxKMd0f8riDdkrhM=
GZOiHPJbFR0FJR5NLk/uI30D0fhaeo7NEcBvPnR/Po4LNmaj5mAl7/26JW95Reg1pHTbATv037MEf2WDCfoXVP+7FKv4J7UxZ64S
ttRwzYLjuiAmfdBcsjirPEo/o5Vd1BhiED4MWyvL4NAOT3mBjHjJ3trEDWZhzSvPnMIrDOgyxRdPVJEGDgJaxKMd0f8riDdkrhM=
1EMYq5Vpjf709UGM6tCRyQUmuj1xjLCcqP3DsQyOvv0tV/SylRAahskgqZfn8cwQX/qwGPk5rzZ1YCY4dtrT78XpE4Iraq4R
6LuDPgTmPTgnIeodezIWkAUmuj1wjLCcqP3DsQyOvv0tV/SylRAahskgqZfn8cwQX/qwGPk5rzZ1YCY4dtrT78XpE4Iraq4R
+o9YJ3w5xthIut3/5paE1gmewy7QctQXm2e4PG6j4S089FFSWkiV6tFhsyP8LnOgWH4dW48YSUo+LgIow/HJ0xuEL2iuHw==
N5bhJvFOhmVhRbkQ22hoZgiewy7QctQXm2e4PG6j4S089FFSWkiV6tFhsyP8LnOgWH4dW48YSUo+LgIow/HJ0xuEL2iuHw==
UIEmdU9nWDuJcU/8/3LekjOHJE8xbWgX9C5NPQ5X0ZezRGkFV1TuiStPqCLV6hzzyJn8aE+VJpSZz6lZYRptQSIXetOcWVM4zRfLdjw2eqrYrleKssDIohsWSkJRbrWLtcBZNf6EFSmHeuwFLxNE6+uW2BE2c35dH/bi/SRU94l/5Htr+L/Z221qU1wTWzjjfFeRibuuzg==
Gz4yc125WQqHjBRFk9SSlzx1fKUxSiR+ax38AUMhACf/i118Bxl5tMDVRXdG/vuaUi8GobI0gVXoyNd3Z4UvasOdzK8UjzK5/aSjryXqkkb0NlYW2RY8QEY+la7E3t8eGxdbeDepUGS7denCAtmBYwo3JS6WTfizsAFRziwhaiTZVZHcFTfWX/fHA1K9QD0rNv9yb5+Vta7A
jFXN+ZhV3myegJ9e013uDXPZcpPcAC+RnLr85JZlojKf649i6fqArk8qZDVvCjOHMMDiH/3RjcsSYnXNouiDdpskYj6fy7MdeQHJ6L5Mi0TESZ7ZRGHaAFB/gIP0yvp1IHR2RrW8xF4/w/QOD2ZGg1f624elskIvq1vT1auuen1/oexkF9YA3AGlbyIdLDacriYzW82FY4aTtq7F
C3pBiIPerJmCRXH+bZQYAynu+wc8sd2YrO6Mc6o8q5m/dPXQ6JCrCARTQ/AL6WQSMimBm0UVViC1C26y27hvlhJoQyEbY93jaU7S9nPqUNsOL/jrUp7U/QAFeFBi+5SGxtApFizgW2EU6KMc/m2DqIsxWXgKcW+Zk5PndKIzC5Mcsku8KCIlx08E8RZOsro0Iy3xj2uYl7Suww==
C+4sU12VNgMs+Y9E7jivp1m99Sk+kI5U4f/pNv78xB+RKewEV/aAPMEFb4LdzLa87kYzuw2l4+bTFq5l
6g6UXRUvAK6VX3WBUk1XCQ6lLzSsgLhSYT+l5LYcS1f10RyhrM9Ep111KITuC0otqdqDm3JJ/cjtyGBTjFS3CT/kO+s4vxlbrWqT3FNbeGM8V1EJe64O
/SjZDWHX0+nkFEVxIcUoGg0ZNZoQXZKAITr7S1pJ1ZgVqOjj1ZTPGTfE45vQP7Hr9YqbzGsboBO09+nZE65m
pHzRvi46ib0yHzjx7aFQ/RIo3o9tI0/bD0WlronB0vhebk6NsKkbMuEvqAkn/I8gUld3RI3tTSz5n+Ifg68v4mG46YsCpw4/sz1hrhQ=
NT76firV6ssaxWdJHCMK6RxVMZURW5KdITr7S1pJ1ZgVqOjj1ZTPGTfE45vQP7Hr9YqbzGsboBO09+nZE65m
K5KzUx66dfOpP+VhNh8CAFyTmrllAh67qyP1OxwDf3WxUu49oNdBdlH6q2tqSeW4xegYg0UUf7lnBJN7wD+hy8XKS6ybmzCzBDe5OWOuFg==
m1gOxV0apbZnw+rPV9ph+BNA9LZKOm/H/4Yq41HnCOKmswN7r6hcfhbOTUkpBNrizHVtbjxmw3g4ho3TD5DZMt52suCDObkLO7w/YK4X
nbcwBxh/V4bXdX0X1Iw8YGUzhwTHt9n4vriXOQp124qIkFo4e+mHXOaV8VWMfA7Z373fSmhwDvQhn+lWPlxE/9EI7CSXlgCcgeVvYp1sNtwuZjObTUVjRhN2rgU=
29sQkkIJlahKVgem+KWvIUA488N4E/+0VMFycnkiMoUENyXu7Won4+7JYTBJeKQboXTbATv037MEf2WDCfoXVP+7FKv4J7UxZ64S
7IIhRCg2wUtSECgDHWkn27KcqhkdMMuYinM9ktnzhyTsQYriwYJaVUx37Z7FSj8T9sl5QFFYjOvptBNR01RnI3z/3RPxmr+Et3tcmxBHrQF/rgo=
lOs7pIMSHGHly52stEHfum0EnqYvsmInESNAVnbH698PDDSKhnrFzamAUlZcgQXKnMIrDOgyxRdPVJEGDgJaxKMd0f8riDdkrhM=
08+PrW3UHGOdyeBM7EYIjwNX6aJcOi7Ss8di6FquR+amswN7r6hcfhbOTUkpBNrizHVtbjxmw3g4ho3TD5DZMt52suCDObkLO7w/YK4X
GXDYyG0ANrKV4jHqmkT5g4nG1A1AyetyMQ+YCRfc3+AitwfEHU0d7Mm/8h+Tz9+isdh5C7IHvv/j3RGuZA==
0V/3h0qop0Qip1MuRJIAEhxVMZURW5KAITr7S1pJ1ZgVqOjj1ZTPGTfE45vQP7Hr9YqbzGsboBO09+nZE65m
2kXgCaJ2YN2rhFSFKMmRKXS99hi9qnfD3slREJk4dHsx9Cthy7Qv0xR/daM5uqf0TzuEC6jn5dEXrmI=
f8gexleEaBl1tmr9RGev50u44W3addRSzWC0M2WjpyY29l1BKQzK2uwtnSb8LnOgWH4dW48YSUo+LgIow/HJ0xuEL2iuHw==
PDQGLY8scLAio9/Y9FmdRuzi1XZZ3v79BhhHreTRc/ItG3rHUNylugh1lcGzGC4cMZfpXi60ZJcBwKzsR/6gdBFt7+oNhJa0/q5zU50tQ64Dfq4N
+aeHy5ZxysWftxhQDY7VtfHo0GtExO3zWUpE57iecOQsGW+UFdqgrht+g8GzGC4cMZfpXi60ZJcBwKzsR/6gdBFt7+oNhJa0/q5zU50tQ64Dfq4N
NT76firV6ssaxWdJHCMK6RxVMZURW5KdITr7S1pJ1ZgVqOjj1ZTPGTfE45vQP7Hr9YqbzGsboBO09+nZE65m
wVs3Kf8QSZnXs/fWh/yrbXg5ghnarcr24eqUc1Y6yIuUhllrf/rOCb2V7BzDeA7Z373fSmhwDvQhn+lWPlxE/9EI7CSXlgCcgeVvYp1sNtwuZjObTUVjRhN2rgU=
kZqQ0nyfg0vF0oe6lxMsHuYoJypVIXMaPJkKR8vyw1IJP6AJL+znwAqHTwRVnbVMUS9qnwtfR0LZCDHL+vfWH5staa4c
W+HFcQPuhxjBqeJbPyjEZnu69gW9qnfD3slREJk4dHsx9Cthy7Qv0xR/daM5uqf0TzuEC6jn5dEXrmI=
v7kxLnWmMqKqIQe8PXhONlmd1Sk+kI5U4f/pNv78xB+RKOwEV/aAPMEFb4LdzLa87kYzuw2l4+bTFq5l
ETxnn1xbGEbHhxEbZU68ybElKyAYIigYO5EFSoj5w1IJP6AJL+znwAqHTwRVnbVMUS9qnwtfR0LZCDHL+vfWH5staa4c
ETxnn1xbGEbHhxEbZU68ybElKyAYIigYO5EFSoj5w1IJP6AJL+znwAqHTwRVnbVMUS9qnwtfR0LZCDHL+vfWH5staa4c
MTaKEDHxXZvF/KO6vJA3JBz993rQa9RFxGy7PGKjpyY29l1BKQzK2uwtnSb8LnOgWH4dW48YSUo+LgIow/HJ0xuEL2iuHw==
MTaKEDHxXZvF/KO6vJA3JBz993rQa9RFxGy7PGKjpyY29l1BKQzK2uwtnSb8LnOgWH4dW48YSUo+LgIow/HJ0xuEL2iuHw==
hCcprWrUzb5+DOGcKwkH26+l597ISL7w2uM/Gr5MW0ZKzLuEpn5tJDThl/vMiX/ekE/cMRTY07jC508SJgIV5amogi78GXViXKobFIgKFX/PvME+7hpqLOO1IWeLcGdMrjs=
NT76firV6ssaxWdJHCMK6RxVMZURW5KdITr7S1pJ1ZgVqOjj1ZTPGTfE45vQP7Hr9YqbzGsboBO09+nZE65m
cXTlDUl85s/zWfC53qPGWVQS/7VWJC7Fustt512uR+amswN7r6hcfhbOTUkpBNrizHVtbjxmw3g4ho3TD5DZMt52suCDObkLO7w/YK4X
cXTlDUl85s/zWfC53qPGWVQS/7VWJC7Fustt512uR+amswN7r6hcfhbOTUkpBNrizHVtbjxmw3g4ho3TD5DZMt52suCDObkLO7w/YK4X
kZqQ0nyfg0vF0oe6lxMsHuYoJypVIXMaPJkKR8vyw1IJP6AJL+znwAqHTwRVnbVMUS9qnwtfR0LZCDHL+vfWH5staa4c
GXDYyG0ANrKV4jHqmkT5g4nG1A1AyetyMQ+YCRfc3+AitwfEHU0d7Mm/8h+Tz9+isdh5C7IHvv/j3RGuZA==
2kXgCaJ2YN2rhFSFKMmRKXS99hi9qnfD3slREJk4dHsx9Cthy7Qv0xR/daM5uqf0TzuEC6jn5dEXrmI=
NT76firV6ssaxWdJHCMK6RxVMZURW5KdITr7S1pJ1ZgVqOjj1ZTPGTfE45vQP7Hr9YqbzGsboBO09+nZE65m
08+PrW3UHGOdyeBM7EYIjwNX6aJcOi7Ss8di6FquR+amswN7r6hcfhbOTUkpBNrizHVtbjxmw3g4ho3TD5DZMt52suCDObkLO7w/YK4X
vbjE/QuIp4ScIYqPzJtWNmUzhwTHt9n4vriXOQp1y52VhEw4OvzLHa6e+hzDeA7Z373fSmhwDvQhn+lWPlxE/9EI7CSXlgCcgeVvYp1sNtwuZjObTUVjRhN2rgU=
8/Oxsvbaw0rrbqgj8YtqeUCVUh9rqL9sIpfo/cXvTtqfn4b1Sy58M///oumeM+0d9kzTjTXCCvXc911+dQrvM4bJiWABmDyLWTSD8QOUFwNs/83zwdpvZCf7rDtgh31hT646
oQ68yLEs2IGRkRspx0t6hxsGeoRzoG7B7+UfEtjobiwRh+lODoQkZ2FQLHynjmBEMX3v+i20VsQePvPD/d0DniNurh0=
SyVm0VPHQ+Pb5aOlV/xHczYxggvEu9u4//rNZUUhzNiAjk8ldfqKGKGZ8VKVI0nJybzTCWNwDvQhn+lWPlxE/9EI7CSXlgCcgeVvYp1sNtwuZjObTUVjRhN2rgU=
breJD4F6f/ZxxCxKeHhf/iEQ9BpR3rqc5rTZow6Ho/1rXP6wmQNpwpYQlNvJ9MwQX/qwGPk5rzZ1YCY4dtrT78XpE4Iraq4R
NT76firV6ssaxWdJHCMK6RxVMZURW5KdITr7S1pJ1ZgVqOjj1ZTPGTfE45vQP7Hr9YqbzGsboBO09+nZE65m
BU4nOZDmsNjAHArwKSUrKRBSZoSRmfeFKfJGbViXmUZ5GtN7YkntqD2IMLMd1Adpz6QLC0i/KXtdKiN8I9vow+wXgSlrrh4=
k6NoPhJRgOH+zL/tsEx3eWJEtxVWwKnIq/SevQeBv75gXP6wmQNpwpYQlNvJ9MwQX/qwGPk5rzZ1YCY4dtrT78XpE4Iraq4R
18WOqul6EAbnh949kBTO4m/0w+V8cyzKw3MX4I5KPhxOWH7F18n/ZhC03oiJC2napjj0I5k8DEivkhCgabEvrsXIxkCmkpM3tQEzujtirgk=
fg2yc0wp1umWL+DUU5nudG0EnqYvsmIsHiZaVnbH698PDDSKhnrFzamAUlZcgQXKnMIrDOgyxRdPVJEGDgJaxKMd0f8riDdkrhM=
4oRfENSBbMxvC3EDJ1UTKGJHtxVWwKnIq/SevQeBv75gXP6wmQNpwpYQlNvJ9MwQX/qwGPk5rzZ1YCY4dtrT78XpE4Iraq4R
HIJU/3EOoIqLfmdSQIO/ICNx0uFcJG/Z/4Yq6F7iEuKmswN7r6hcfhbOTUkpBNrizHVtbjxmw3g4ho3TD5DZMt52suCDObkLO7w/YK4X
fg2yc0wp1umWL+DUU5nudG0EnqYvsmIsHiZaVnbH698PDDSKhnrFzamAUlZcgQXKnMIrDOgyxRdPVJEGDgJaxKMd0f8riDdkrhM=
YckMmwn+/teJQN6cVNRW9mJGtxVWwKnIq/SevQeBv75gXP6wmQNpwpYQlNvJ9MwQX/qwGPk5rzZ1YCY4dtrT78XpE4Iraq4R
dBng2aEGdSzdS25aTEnBXXza9nZJZ+X9vHhXBY9aErSevqo+1m+7J0805OJmUvXVqZhifrzp1fLcOnukSFo1j8/M4e6uqoq8YyWBF0ugB3yuCw==
/+mE1ckBSOwdpBmgEKx0oE0kvoYvsmIsHiZaVnbH698PDDSKhnrFzamAUlZcgQXKnMIrDOgyxRdPVJEGDgJaxKMd0f8riDdkrhM=
wmzeIMLPX+nZAUk0USPWUMYIBwpVIXMaPJkKR8vyw1IJP6AJL+znwAqHTwRVnbVMUS9qnwtfR0LZCDHL+vfWH5staa4c
mlsWaE/MMzW58AG66TJCn6nm9C1AyetyMQ+YCRfc3+AitwfEHU0d7Mm/8h+Tz9+isdh5C7IHvv/j3RGuZA==
2kXgCaJ2YN2rhFSFKMmRKXS99hi9qnfD3slREJk4dHsx9Cthy7Qv0xR/daM5uqf0TzuEC6jn5dEXrmI=
NT76firV6ssaxWdJHCMK6RxVMZURW5KdITr7S1pJ1ZgVqOjj1ZTPGTfE45vQP7Hr9YqbzGsboBO09+nZE65m
GXDYyG0ANrKV4jHqmkT5g4nG1A1AyetyMQ+YCRfc3+AitwfEHU0d7Mm/8h+Tz9+isdh5C7IHvv/j3RGuZA==
Z+O//54J5rNHJF5d+noI5nS99hi9qnfD3slREJk4dHsw9Cthy7Qv0xR/daM5uqf0TzuEC6jn5dEXrmI=
hQ71R5BqItraUtpHPNOZMhxVMZURW5KdITr7S1pJ1ZgVqOjj1JTPGTfE45vQP7Hr9YqbzGsboBO09+nZE65m
APHKI25Encur1dVT4kTrTVyTmrllAh67qyP1OxwDf3WxUu49oNdBdlH6q2tqSeW4xegYg0QUf7lnBJN7wD+hy8XKS6ybmzCzBDe5OWOuFg==
L09BShDNHPbMFHfEOYWWwGUzhwTHt9n4vriXOQp124qIkFo4e+mHXOaV8VWMfA7Z373fSmhwDvQhn+lWPlxE/9EJ7CSXlgCcgeVvYp1sNtwuZjObTUVjRhN2rgU=
HSy28MltVLvowzWtWxDyFEA488N4E/+0VMFycnkiMoUENyXu7Won4+7JYTBJeKQboHTbATv037MEf2WDCfoXVP+7FKv4J7UxZ64S
z9mnjw0T152QnilBKL+0aW0EnqYvsmInESNAVnbH698PDDSKhnrFzamAUlZcgQXLnMIrDOgyxRdPVJEGDgJaxKMd0f8riDdkrhM=
GMoEOpd/Ssk/Ar04setd31YlzI5vYBDOFF+2rd2R2/pEaVKH86IbMuEvqAkn/I8gUld2RI3tTSz5n+Ifg68v4mG46YsCpw4/sz1hrhQ=
p/F86eb1AdEHQRa1Eg/wGlQS/7VWJC7Fustt512uR+amswN7r6hcfhbOTUkpBNrizHVtbzxmw3g4ho3TD5DZMt52suCDObkLO7w/YK4X
VjMzRjiJGGVD9eGQmGUIH3g5ghnarcr24eqUc1Y6yIuUhllrf/rOCb2V7BzDeA7Z373fSmhwDvQhn+lWPlxE/9EJ7CSXlgCcgeVvYp1sNtwuZjObTUVjRhN2rgU=
/Z/JXxAODDCWAk6K8X7bNwNX6aJcOi7Ss8di6FquR+amswN7r6hcfhbOTUkpBNrizHVtbzxmw3g4ho3TD5DZMt52suCDObkLO7w/YK4X
S+MJ+Ums6MbDYZBrH9wxWmUzhwTHt9n4vriXOQp1y52VhEw4OvzLHa6e+hzDeA7Z373fSmhwDvQhn+lWPlxE/9EJ7CSXlgCcgeVvYp1sNtwuZjObTUVjRhN2rgU=
7P35WM+92mlR/fvfMAlFLFG09GHTJtcexmuzM2/grCY29l1BKQzK2uwtnSf8LnOgWH4dW48YSUo+LgIow/HJ0xuEL2iuHw==
qUjeWs5D0Ohqm8EfpCxgM+YoJypVIXMaPJkKR8vyw1IJP6AJL+znwAqHTgRVnbVMUS9qnwtfR0LZCDHL+vfWH5staa4c
xiMtqHYMuPcWxmw6yTc764nG1A1AyetyMQ+YCRfc3+AitwbEHU0d7Mm/8h+Tz9+isdh5C7IHvv/j3RGuZA==
5T9w5SKQQSIXaEA1F4X/U1md1Sk+kI5U4f/pNv78xB+RKewEV/aAPMEFb4LdzLa87kYzuw2l4+bTFq5l
hQ71R5BqItraUtpHPNOZMhxVMZURW5KdITr7S1pJ1ZgVqOjj1JTPGTfE45vQP7Hr9YqbzGsboBO09+nZE65m
hwP8cKH8ikxWhJ/LpuIy+WJBtxVWwKnIq/SevQeBv75gXP6wmQNpwpYQlNvJ9cwQX/qwGPk5rzZ1YCY4dtrT78XpE4Iraq4R
ctIjUvAdo2I8b+HIzJYbNWrY6nJKb+D9vHhXBY9aErSevqo+1m+7J0805OJmUvXVqZhifrzp1fPcOnukSFo1j8/M4e6uqoq8YyWBF0ugB3yuCw==
rfYTjMh3MCGGPUTfNT689k0kvoYvsmIsHiZaVnbH698PDDSKhnrFzamAUlZcgQXLnMIrDOgyxRdPVJEGDgJaxKMd0f8riDdkrhM=
iqu3PDe25yIwi6BWquGZ7GJAtzV24InIq/SevQeBv75gXP6wmQNpwpYQlNvJ9cwQX/qwGPk5rzZ1YCY4dtrT78XpE4Iraq4R
V9q9X5j3eNQJ7e+D5Drq3JWrnS42CrmtxlQRvfLzhyTnTo/4wYJaVUx37Z7FSj8T9sl5QFFYjOvotBNR01RnI3z/3RPxmr+Et3tcmxBHrQF/rgo=
rfYTjMh3MCGGPUTfNT689k0kvoYvsmIsHiZaVnbH698PDDSKhnrFzamAUlZcgQXLnMIrDOgyxRdPVJEGDgJaxKMd0f8riDdkrhM=
tcNtJnGUQbqIfV5TZ7eMpWJDtzV24InIq/SevQeBv75gXP6wmQNpwpYQlNvJ9cwQX/qwGPk5rzZ1YCY4dtrT78XpE4Iraq4R
JDH5XNtSHNzAJfKnTQhLBGrL/WFVa/D9nFh3JY9aErSevqo+1m+7J0805OJmUvXVqZhifrzp1fPcOnukSFo1j8/M4e6uqoq8YyWBF0ugB3yuCw==
rfYTjMh3MCGGPUTfNT689k0kvoYvsmIsHiZaVnbH698PDDSKhnrFzamAUlZcgQXLnMIrDOgyxRdPVJEGDgJaxKMd0f8riDdkrhM=
O7hXBCAJY5taPog773d35cYIBwpVIXMaPJkKR8vyw1IJP6AJL+znwAqHTgRVnbVMUS9qnwtfR0LZCDHL+vfWH5staa4c
4lyCXCbQWV8idRQs7Mht2qnm9C1AyetyMQ+YCRfc3+AitwbEHU0d7Mm/8h+Tz9+isdh5C7IHvv/j3RGuZA==
2kXgCaJ2YN2rhFSFKMmRKXS99hi9qnfD3slREJk4dHsx9Cthy7Qv0xR/daM5uqf0TzuEC6jn5dEXrmI=
NT76firV6ssaxWdJHCMK6RxVMZURW5KdITr7S1pJ1ZgVqOjj1ZTPGTfE45vQP7Hr9YqbzGsboBO09+nZE65m
PJzIhaHaxDiL9+WEcGRniw2ev8VJcyzEw3tFptNKNlAbXH7F18n/ZhC03oiJC2napjj0I5k8DEivkhCgabEvrsXIxkCmkpM3tQEzujtirgk=
A7HMulNiWDM+e2+kmA762Ahocz1TaitoXf7F71MEPOXxvvJaOLKLcVY8JYa2twtvj/yUOkYq5d2pkHIGnDGlOhxyy3wo4qUHT0RxVk7yOnQjbXFPa1gXdK4D
/gaOT0yWevNJG0zoAecBuCZnhQzGopjm/OradEV1y4qIl0EobvDQDO/TtlqJfA7Z373fSmhwDvQhn+lWPlxE/9EI7CSXlgCcgeVvYp1sNtwuZjObTUVjRhN2rgU=
mRaofBy3aWv7WIZnC+68yZxRyX1FjHlEo7ItGjWHto/XTlgJEZS7nNkxhOaruw86NIniB2MCS/LRT7gJNxy/YIL358Q9jb1sqX/SH3OPfyLRGBkLkkdef0Mdca4E
GmWKZquE9NUhfkEnS8XmWHIR+R4Xj/aO4fCevQeBv75gXP6wmQNpwpYQlNvJ9MwQX/qwGPk5rzZ1YCY4dtrT78XpE4Iraq4R
8aOYF2HB5InvOsfrPLhaNGTe7Pc3e/fOVh4tuSn0ujKMxc3+vPYjCPjWreMPoPninobScAOpGbv77N8Qrmc=
NT76firV6ssaxWdJHCMK6RxVMZURW5KdITr7S1pJ1ZgVqOjj1ZTPGTfE45vQP7Hr9YqbzGsboBO09+nZE65m
M5GjsoNSo+pXUOzmQEBCkgmrmFlmQtX9vHZXDd0cT7SW8v861m+7J0805OJmUvXVqZhifrzp1fLcOnukSFo1j8/M4e6uqoq8YyWBF0ugB3yuCw==
A7HMulNiWDM+e2+kmA762Ahocz1TaitoXf7F71MEPOXxvvJaOLKLcVY8JYa2twtvj/yUOkYq5d2pkHIGnDGlOhxyy3wo4qUHT0RxVk7yOnQjbXFPa1gXdK4D
Oj5pruJd5O5N5Y8tv5rGYCYc7x4Xj/aO4fCevQeBv75gXP6wmQNpwpYQlNvJ9MwQX/qwGPk5rzZ1YCY4dtrT78XpE4Iraq4R
HFugom+KHloRxT+6eiWHPQ6ev8VJcyzEw3tFptNKNlAbXH7F18n/ZhC03oiJC2napjj0I5k8DEivkhCgabEvrsXIxkCmkpM3tQEzujtirgk=
A7HMulNiWDM+e2+kmA762Ahocz1TaitoXf7F71MEPOXxvvJaOLKLcVY8JYa2twtvj/yUOkYq5d2pkHIGnDGlOhxyy3wo4qUHT0RxVk7yOnQjbXFPa1gXdK4D
xyuxs5c6LF5n0v7ok+VG25xSyX1FjHlEo7ItGjWHto/XTlgJEZS7nNkxhOaruw86NIniB2MCS/LRT7gJNxy/YIL358Q9jb1sqX/SH3OPfyLRGBkLkkdef0Mdca4E
SNCXpxBBttjW+aoX/FidUkQNbcXexrHPLfJGbViXmUZ5GtN7YkntqD2IMLMd1Adpz6QLC0i/KXtdKiN8I9vow+wXgSlrrh4=
8aOYF2HB5InvOsfrPLhaNGTe7Pc3e/fOVh4tuSn0ujKMxc3+vPYjCPjWreMPoPninobScAOpGbv77N8Qrmc=
NT76firV6ssaxWdJHCMK6RxVMZURW5KdITr7S1pJ1ZgVqOjj1ZTPGTfE45vQP7Hr9YqbzGsboBO09+nZE65m
sB2q5QDyPLC7i+U3EJUY6Q+ev8VJcyzEw3tFptNKNlAbXH7F18n/ZhC03oiJC2napjj0I5k8DEivkhCgabEvrsXIxkCmkpM3tQEzujtirgk=
A7HMulNiWDM+e2+kmA762Ahocz1TaitoXf7F71MEPOXxvvJaOLKLcVY8JYa2twtvj/yUOkYq5d2pkHIGnDGlOhxyy3wo4qUHT0RxVk7yOnQjbXFPa1gXdK4D
Wa2rBrn4kPjjBhggLljRSJxTyX1FjHlEo7ItGjWHto/XTlgJEZS7nNkxhOaruw86NIniB2MCS/LRT7gJNxy/YIL358Q9jb1sqX/SH3OPfyLRGBkLkkdef0Mdca4E
SNCXpxBBttjW+aoX/FidUkQNbcXexrHPLfJGbViXmUZ5GtN7YkntqD2IMLMd1Adpz6QLC0i/KXtdKiN8I9vow+wXgSlrrh4=
DhFOVL9qvGOOm8JDIgVAnA0BPpIMT5KdITr7S1pJ1ZgVqOjj1ZTPGTfE45vQP7Hr9YqbzGsboBO09+nZE65m
8aOYF2HB5InvOsfrPLhaNGTe7Pc3e/fOVh4tuSn0ujKMxc3+vPYjCPjWreMPoPninobScAOpGbv77N8Qrmc=
NT76firV6ssaxWdJHCMK6RxVMZURW5KdITr7S1pJ1ZgVqOjj1ZTPGTfE45vQP7Hr9YqbzGsboBO09+nZE65m
kZqQ0nyfg0vF0oe6lxMsHuYoJypVIXMaPJkKR8vyw1IJP6AJL+znwAqHTwRVnbVMUS9qnwtfR0LZCDHL+vfWH5staa4c
SyVm0VPHQ+Pb5aOlV/xHczYxggvEu9u4//rNZUUhzNiAjk8ldfqKGKGZ8VKVI0nJybzTCWNwDvQhn+lWPlxE/9EI7CSXlgCcgeVvYp1sNtwuZjObTUVjRhN2rgU=
GXDYyG0ANrKV4jHqmkT5g4nG1A1AyetyMQ+YCRfc3+AitwfEHU0d7Mm/8h+Tz9+isdh5C7IHvv/j3RGuZA==
Z+O//54J5rNHJF5d+noI5nS99hi9qnfD3slREJk4dHsw9Cthy7Qv0xR/daM5uqf0TzuEC6jn5dEXrmI=
hQ71R5BqItraUtpHPNOZMhxVMZURW5KdITr7S1pJ1ZgVqOjj1JTPGTfE45vQP7Hr9YqbzGsboBO09+nZE65m
JvJqdTZjFBxKlPT+ycOMdQ2ev8VJcyzEw3tFptNKNlAbXH7F18n/ZhC03oiJC2napjj0I5k9DEivkhCgabEvrsXIxkCmkpM3tQEzujtirgk=
qmnXQsIsTV5ZDBX4qRyxkgNA9LFRKnreqNYjpRboDeKmswN7r6hcfhbOTUkpBNrizHVtbzxmw3g4ho3TD5DZMt52suCDObkLO7w/YK4X
BWwdCTLw9PTcmQcnrIBrewm2iFAnT8C8v2dTH8EQG/nWtLU+1m+7J0805OJmUvXVqZhifrzp1fPcOnukSFo1j8/M4e6uqoq8YyWBF0ugB3yuCw==
hFGOdvqGc+mHyS4Q94LkSwm2iFAnS8C8v2dTH8EQG/nWtLU+1m+7J0805OJmUvXVqZhifrzp1fPcOnukSFo1j8/M4e6uqoq8YyWBF0ugB3yuCw==
JvJqdTZjFBxKlPT+ycOMdQ2ev8VJcyzEw3tFptNKNlAbXH7F18n/ZhC03oiJC2napjj0I5k9DEivkhCgabEvrsXIxkCmkpM3tQEzujtirgk=
fEt6T0J1FgYrvIoHsBROdwhocz1TaitoXf7F71MEPOXxvvJaOLKLcVY8JYa2twtvj/yUOkYq5d2pkHIGnDGlOxxyy3wo4qUHT0RxVk7yOnQjbXFPa1gXdK4D
hTuyI9N8N0/DFmWvEjv9nCYc7x4Xj/aO4fCevQeBv75gXP6wmQNpwpYQlNvJ9cwQX/qwGPk5rzZ1YCY4dtrT78XpE4Iraq4R
hwP8cKH8ikxWhJ/LpuIy+WJBtxVWwKnIq/SevQeBv75gXP6wmQNpwpYQlNvJ9cwQX/qwGPk5rzZ1YCY4dtrT78XpE4Iraq4R
ctIjUvAdo2I8b+HIzJYbNWrY6nJKb+D9vHhXBY9aErSevqo+1m+7J0805OJmUvXVqZhifrzp1fPcOnukSFo1j8/M4e6uqoq8YyWBF0ugB3yuCw==
PatknAiYnHzJDhPQn7iUbW0EnqYvsmIsHiZaVnbH698PDDSKhnrFzamAUlZcgQXLnMIrDOgyxRdPVJEGDgJaxKMd0f8riDdkrhM=
g7kad3nnezs2NsKKMMElo2JAtxVWwKnIq/SevQeBv75gXP6wmQNpwpYQlNvJ9cwQX/qwGPk5rzZ1YCY4dtrT78XpE4Iraq4R
9Q1jKzI8Hnrf5X5QPmudUJWrnS42CrmtxnQxndLzhyTnTo/4wYJaVUx37Z7FSj8T9sl5QFFYjOvotBNR01RnI3z/3RPxmr+Et3tcmxBHrQF/rgo=
PatknAiYnHzJDhPQn7iUbW0EnqYvsmIsHiZaVnbH698PDDSKhnrFzamAUlZcgQXLnMIrDOgyxRdPVJEGDgJaxKMd0f8riDdkrhM=
GbBx6lYYXA+3Wk2hpdbzWWJDtxVWwKnIq/SevQeBv75gXP6wmQNpwpYQlNvJ9cwQX/qwGPk5rzZ1YCY4dtrT78XpE4Iraq4R
/LiDz6TPkyCIewnvBh+T62rL/WFVa/D9vHhXBY9aErSevqo+1m+7J0805OJmUvXVqZhifrzp1fPcOnukSFo1j8/M4e6uqoq8YyWBF0ugB3yuCw==
PatknAiYnHzJDhPQn7iUbW0EnqYvsmIsHiZaVnbH698PDDSKhnrFzamAUlZcgQXLnMIrDOgyxRdPVJEGDgJaxKMd0f8riDdkrhM=
rUEM3W8Fkp/xxlMKWtSGtxsGeoRzoG7B7+UfEtjobiwRh+lODoQkZ2FRLHynjmBEMX3v+i20VsQePvPD/d0DniNurh0=
KhlD81otrVO13krN/r9dxGTe7Pc3e/fOVh4tuSn0ujKMxc3/vPYjCPjWreMPoPninobScAOpGbv77N8Qrmc=
LTXeUS58GfjTjXl20DuRWjYxggvEu9u4//rNZUUhzNiAjk8ldfqKGKGZ8VKVI0nJybzTCWNwDvQhn+lWPlxE/9EJ7CSXlgCcgeVvYp1sNtwuZjObTUVjRhN2rgU=
hQ71R5BqItraUtpHPNOZMhxVMZURW5KdITr7S1pJ1ZgVqOjj1JTPGTfE45vQP7Hr9YqbzGsboBO09+nZE65m
JvJqdTZjFBxKlPT+ycOMdQ2ev8VJcyzEw3tFptNKNlAbXH7F18n/ZhC03oiJC2napjj0I5k9DEivkhCgabEvrsXIxkCmkpM3tQEzujtirgk=
fEt6T0J1FgYrvIoHsBROdwhocz1TaitoXf7F71MEPOXxvvJaOLKLcVY8JYa2twtvj/yUOkYq5d2pkHIGnDGlOxxyy3wo4qUHT0RxVk7yOnQjbXFPa1gXdK4D
/m/iMcB7Ygwk32XrgOv7G5xUyX1FjHlEo7ItGjWHto/XTlgJEZS7nNkxhOaruw86NIniB2MCS/LRT7gJNxy/YIL35sQ9jb1sqX/SH3OPfyLRGBkLkkdef0Mdca4E
FIHRoY3ai2kJ2+VEUNfb40QNbcXexrHPLfJGbViXmUZ5GtN7YkntqD2IMLMc1Adpz6QLC0i/KXtdKiN8I9vow+wXgSlrrh4=
KhlD81otrVO13krN/r9dxGTe7Pc3e/fOVh4tuSn0ujKMxc3/vPYjCPjWreMPoPninobScAOpGbv77N8Qrmc=
hQ71R5BqItraUtpHPNOZMhxVMZURW5KdITr7S1pJ1ZgVqOjj1JTPGTfE45vQP7Hr9YqbzGsboBO09+nZE65m
eML6vWyw5+kZybuZx1EV6Q6ev8VJcyzEw3tFptNKNlAbXH7F18n/ZhC03oiJC2napjj0I5k9DEivkhCgabEvrsXIxkCmkpM3tQEzujtirgk=
fEt6T0J1FgYrvIoHsBROdwhocz1TaitoXf7F71MEPOXxvvJaOLKLcVY8JYa2twtvj/yUOkYq5d2pkHIGnDGlOxxyy3wo4qUHT0RxVk7yOnQjbXFPa1gXdK4D
+nbbg6CFcdxxGVBQQhTk+5xVyX1FjHlEo7ItGjWHto/XTlgJEZS7nNkxhOaruw86NIniB2MCS/LRT7gJNxy/YIL35sQ9jb1sqX/SH3OPfyLRGBkLkkdef0Mdca4E
FIHRoY3ai2kJ2+VEUNfb40QNbcXexrHPLfJGbViXmUZ5GtN7YkntqD2IMLMc1Adpz6QLC0i/KXtdKiN8I9vow+wXgSlrrh4=
KhlD81otrVO13krN/r9dxGTe7Pc3e/fOVh4tuSn0ujKMxc3/vPYjCPjWreMPoPninobScAOpGbv77N8Qrmc=
BEnrd2eK/ObDWvF7UHPzOTgxeRq/OHO1uwQe2Gl7acqGCLTz+c2M2A8i0PCJwS++5fiGkMZiE6cVsfPq2xKuGQ==
aKCHFUGNqjP1vfz7snt9kA+ev8VJcyzEw3tFptNKNlAbXH7F18n/ZhC03oiJC2napjj0I5k9DEivkhCgabEvrsXIxkCmkpM3tQEzujtirgk=
fEt6T0J1FgYrvIoHsBROdwhocz1TaitoXf7F71MEPOXxvvJaOLKLcVY8JYa2twtvj/yUOkYq5d2pkHIGnDGlOxxyy3wo4qUHT0RxVk7yOnQjbXFPa1gXdK4D
V9yXgA1EY5Cmypvc07tjD5xWyX1FjHlEo7ItGjWHto/XTlgJEZS7nNkxhOaruw86NIniB2MCS/LRT7gJNxy/YIL35sQ9jb1sqX/SH3OPfyLRGBkLkkdef0Mdca4E
FIHRoY3ai2kJ2+VEUNfb40QNbcXexrHPLfJGbViXmUZ5GtN7YkntqD2IMLMc1Adpz6QLC0i/KXtdKiN8I9vow+wXgSlrrh4=
KhlD81otrVO13krN/r9dxGTe7Pc3e/fOVh4tuSn0ujKMxc3/vPYjCPjWreMPoPninobScAOpGbv77N8Qrmc=
LTXeUS58GfjTjXl20DuRWjYxggvEu9u4//rNZUUhzNiAjk8ldfqKGKGZ8VKVI0nJybzTCWNwDvQhn+lWPlxE/9EJ7CSXlgCcgeVvYp1sNtwuZjObTUVjRhN2rgU=
xiMtqHYMuPcWxmw6yTc764nG1A1AyetyMQ+YCRfc3+AitwbEHU0d7Mm/8h+Tz9+isdh5C7IHvv/j3RGuZA==
2kXgCaJ2YN2rhFSFKMmRKXS99hi9qnfD3slREJk4dHsx9Cthy7Qv0xR/daM5uqf0TzuEC6jn5dEXrmI=
NT76firV6ssaxWdJHCMK6RxVMZURW5KdITr7S1pJ1ZgVqOjj1ZTPGTfE45vQP7Hr9YqbzGsboBO09+nZE65m
ehLtX3ZB53/uijQjkiPg0381n5Vp0Qt/EjE2PAu1kfUHU1VJj4iA1SakQ+ZWvqfW5mOjCy8YPK7Wvm1ZKRT6kgylDd68FmOoeLZtww+AuQIeJhIQA4lZW3tMH3CuBw==
PJzIhaHaxDiL9+WEcGRniw2ev8VJcyzEw3tFptNKNlAbXH7F18n/ZhC03oiJC2napjj0I5k8DEivkhCgabEvrsXIxkCmkpM3tQEzujtirgk=
fBtPzVizJxD7MRwBVjfmPmb721bKpvBGOiYOIdYZRVdaL4yzp/gqM2c5pssX6dimd2NbauAhjqePqj9CJffEicuky9B2X4tk0SXpvH0njt+v1yvyBXA1674vao93ZU2uOA==
Oj5pruJd5O5N5Y8tv5rGYCYc7x4Xj/aO4fCevQeBv75gXP6wmQNpwpYQlNvJ9MwQX/qwGPk5rzZ1YCY4dtrT78XpE4Iraq4R
Xkodt+SdsSqkqdrApERfB/csPiFVIXMaPJkKR8vyw1IJP6AJL+znwAqHTwRVnbVMUS9qnwtfR0LZCDHL+vfWH5staa4c
uNpEoZV63rdJb4wBtfwxpQmomFlmQtX9vHZXDd0cT7SW8v861m+7J0805OJmUvXVqZhifrzp1fLcOnukSFo1j8/M4e6uqoq8YyWBF0ugB3yuCw==
MIVrTIpX9fj7fPCJ6jhNY/fX6EtWe93MyCNlzZyjzS2qBoXnwYJaVUx37Z7FSj8T9sl5QFFYjOvptBNR01RnI3z/3RPxmr+Et3tcmxBHrQF/rgo=
fBtPzVizJxD7MRwBVjfmPmb721bKpvBGOiYOIdYZRVdaL4yzp/gqM2c5pssX6dimd2NbauAhjqePqj9CJffEicuky9B2X4tk0SXpvH0njt+v1yvyBXA1674vao93ZU2uOA==
Oj5pruJd5O5N5Y8tv5rGYCYc7x4Xj/aO4fCevQeBv75gXP6wmQNpwpYQlNvJ9MwQX/qwGPk5rzZ1YCY4dtrT78XpE4Iraq4R
kZqQ0nyfg0vF0oe6lxMsHuYoJypVIXMaPJkKR8vyw1IJP6AJL+znwAqHTwRVnbVMUS9qnwtfR0LZCDHL+vfWH5staa4c
NT76firV6ssaxWdJHCMK6RxVMZURW5KdITr7S1pJ1ZgVqOjj1ZTPGTfE45vQP7Hr9YqbzGsboBO09+nZE65m
uNpEoZV63rdJb4wBtfwxpQmomFlmQtX9vHZXDd0cT7SW8v861m+7J0805OJmUvXVqZhifrzp1fLcOnukSFo1j8/M4e6uqoq8YyWBF0ugB3yuCw==
fBtPzVizJxD7MRwBVjfmPmb721bKpvBGOiYOIdYZRVdaL4yzp/gqM2c5pssX6dimd2NbauAhjqePqj9CJffEicuky9B2X4tk0SXpvH0njt+v1yvyBXA1674vao93ZU2uOA==
8MuUw04TBAWNVn7LD+LJntPSxrPDZnjp7ItjtmL4rJ3ACX0MyhhSS1s/mtiKnI6lYjkOK6+ZUCb/0yPKCPHW57daFyI958yJw7TTMF4vs6QJdYEchZcGXycnk5KtoO2rxh+Cr291Ra4w
5eqiM4OvSX73JvpqP//NSALEkLF+BBin6Gz+dVZGOT+1Uu49oNdBdlH6q2tqSeW4xegYg0UUf7lnBJN7wD+hy8XKS6ybmzCzBDe5OWOuFg==
SNCXpxBBttjW+aoX/FidUkQNbcXexrHPLfJGbViXmUZ5GtN7YkntqD2IMLMd1Adpz6QLC0i/KXtdKiN8I9vow+wXgSlrrh4=
8aOYF2HB5InvOsfrPLhaNGTe7Pc3e/fOVh4tuSn0ujKMxc3+vPYjCPjWreMPoPninobScAOpGbv77N8Qrmc=
NT76firV6ssaxWdJHCMK6RxVMZURW5KdITr7S1pJ1ZgVqOjj1ZTPGTfE45vQP7Hr9YqbzGsboBO09+nZE65m
M5GjsoNSo+pXUOzmQEBCkgmrmFlmQtX9vHZXDd0cT7SW8v861m+7J0805OJmUvXVqZhifrzp1fLcOnukSFo1j8/M4e6uqoq8YyWBF0ugB3yuCw==
+NWYVVkT6OyB7sJmUstbi9PSxrPDZnjp7ItjtmL4rJ3ACn0MyhhSS1s/mtiKnI6lYjkOK6+ZUCb/0yPKCPHW57daFyI958yJw7TTMF4vs6QJdYEchZcGXycnk5KtoO2rxh+Cr291Ra4w
5eqiM4OvSX73JvpqP//NSALEkLF+BBin6Gz+dVZGOT+1Uu49oNdBdlH6q2tqSeW4xegYg0UUf7lnBJN7wD+hy8XKS6ybmzCzBDe5OWOuFg==
SNCXpxBBttjW+aoX/FidUkQNbcXexrHPLfJGbViXmUZ5GtN7YkntqD2IMLMd1Adpz6QLC0i/KXtdKiN8I9vow+wXgSlrrh4=
8aOYF2HB5InvOsfrPLhaNGTe7Pc3e/fOVh4tuSn0ujKMxc3+vPYjCPjWreMPoPninobScAOpGbv77N8Qrmc=
NT76firV6ssaxWdJHCMK6RxVMZURW5KdITr7S1pJ1ZgVqOjj1ZTPGTfE45vQP7Hr9YqbzGsboBO09+nZE65m
LkRCHEGo/uRhkPoJJEP1AAmqmFlmQtX9vHZXDd0cT7SW8v861m+7J0805OJmUvXVqZhifrzp1fLcOnukSFo1j8/M4e6uqoq8YyWBF0ugB3yuCw==
BEkXHG6ixgnvr/yDZPZuqdPSxrPDZnjp7ItjtmL4rJ3AC30MyhhSS1s/mtiKnI6lYjkOK6+ZUCb/0yPKCPHW57daFyI958yJw7TTMF4vs6QJdYEchZcGXycnk5KtoO2rxh+Cr291Ra4w
5eqiM4OvSX73JvpqP//NSALEkLF+BBin6Gz+dVZGOT+1Uu49oNdBdlH6q2tqSeW4xegYg0UUf7lnBJN7wD+hy8XKS6ybmzCzBDe5OWOuFg==
SNCXpxBBttjW+aoX/FidUkQNbcXexrHPLfJGbViXmUZ5GtN7YkntqD2IMLMd1Adpz6QLC0i/KXtdKiN8I9vow+wXgSlrrh4=
8aOYF2HB5InvOsfrPLhaNGTe7Pc3e/fOVh4tuSn0ujKMxc3+vPYjCPjWreMPoPninobScAOpGbv77N8Qrmc=
8aOYF2HB5InvOsfrPLhaNGTe7Pc3e/fOVh4tuSn0ujKMxc3+vPYjCPjWreMPoPninobScAOpGbv77N8Qrmc=
SyVm0VPHQ+Pb5aOlV/xHczYxggvEu9u4//rNZUUhzNiAjk8ldfqKGKGZ8VKVI0nJybzTCWNwDvQhn+lWPlxE/9EI7CSXlgCcgeVvYp1sNtwuZjObTUVjRhN2rgU=
GXDYyG0ANrKV4jHqmkT5g4nG1A1AyetyMQ+YCRfc3+AitwfEHU0d7Mm/8h+Tz9+isdh5C7IHvv/j3RGuZA==
Z+O//54J5rNHJF5d+noI5nS99hi9qnfD3slREJk4dHsw9Cthy7Qv0xR/daM5uqf0TzuEC6jn5dEXrmI=
hQ71R5BqItraUtpHPNOZMhxVMZURW5KdITr7S1pJ1ZgVqOjj1JTPGTfE45vQP7Hr9YqbzGsboBO09+nZE65m
j2jepH9IV0j1hiG9GMpTYAmtmFlmQtX9vHZXDd0cT7SW8v861m+7J0805OJmUvXVqZhifrzp1fPcOnukSFo1j8/M4e6uqoq8YyWBF0ugB3yuCw==
OIFN7auLwFmAeKJl3pL1D7yrs5WPCeepieN3WOENSwQXmenHtC1mPz3ht/ufwDuJ1kSVbhbf27fPpEQSJgIV5amogi78GXVjXKobFIgKFX/PvME+7hpqLOO1IWeLcGdMrjs=
qDftTgMDlgUwPuODTmcd8gLEkLF+BBin6Gz+dVZGOT+1Uu49oNdBdlH6q2tqSeW4xegYg0QUf7lnBJN7wD+hy8XKS6ybmzCzBDe5OWOuFg==
FIHRoY3ai2kJ2+VEUNfb40QNbcXexrHPLfJGbViXmUZ5GtN7YkntqD2IMLMc1Adpz6QLC0i/KXtdKiN8I9vow+wXgSlrrh4=
KhlD81otrVO13krN/r9dxGTe7Pc3e/fOVh4tuSn0ujKMxc3/vPYjCPjWreMPoPninobScAOpGbv77N8Qrmc=
hQ71R5BqItraUtpHPNOZMhxVMZURW5KdITr7S1pJ1ZgVqOjj1JTPGTfE45vQP7Hr9YqbzGsboBO09+nZE65m
NIAKT3JrR9LY9PAmjbK2xQmsmFlmQtX9vHZXDd0cT7SW8v861m+7J0805OJmUvXVqZhifrzp1fPcOnukSFo1j8/M4e6uqoq8YyWBF0ugB3yuCw==
76hktD940s6OVcQT4FGp9nWesbKnqJB9MYWTc90+EyreAF5LWSeO6P60kkVeUVr7W6EcZjMrl5pcWSpHKzKj0ql/QAlPLEdA6scuBHXdVcwx70qf6x/nwnlI0cvaN3afe21Jrjw=
qDftTgMDlgUwPuODTmcd8gLEkLF+BBin6Gz+dVZGOT+1Uu49oNdBdlH6q2tqSeW4xegYg0QUf7lnBJN7wD+hy8XKS6ybmzCzBDe5OWOuFg==
FIHRoY3ai2kJ2+VEUNfb40QNbcXexrHPLfJGbViXmUZ5GtN7YkntqD2IMLMc1Adpz6QLC0i/KXtdKiN8I9vow+wXgSlrrh4=
KhlD81otrVO13krN/r9dxGTe7Pc3e/fOVh4tuSn0ujKMxc3/vPYjCPjWreMPoPninobScAOpGbv77N8Qrmc=
hQ71R5BqItraUtpHPNOZMhxVMZURW5KdITr7S1pJ1ZgVqOjj1JTPGTfE45vQP7Hr9YqbzGsboBO09+nZE65m
lkpMIYvbxUHWJYDUTVLboQmvmFlmQtX9vHZXDd0cT7SW8v861m+7J0805OJmUvXVqZhifrzp1fPcOnukSFo1j8/M4e6uqoq8YyWBF0ugB3yuCw==
W4Zc8dVr4nfmwD3GtNDS6nWesbKnqJB9MYWTc94+EireAF5LWSeO6P60kkVeUVr7W6EcZjMrl5pcWSpHKzKj0ql/QAlPLEdA6scuBHXdVcwx70qf6x/nwnlI0cvaN3afe21Jrjw=
jMzuBzOuxMqB9XkK99vApHWesbKnqJB9MYWTc90+EireAF5LWSeO6P60kkVeUVr7W6EcZjMrl5pcWSpHKzKj0ql/QAlPLEdA6scuBHXdVcwx70qf6x/nwnlI0cvaN3afe21Jrjw=
hTuyI9N8N0/DFmWvEjv9nCYc7x4Xj/aO4fCevQeBv75gXP6wmQNpwpYQlNvJ9cwQX/qwGPk5rzZ1YCY4dtrT78XpE4Iraq4R
NIAKT3JrR9LY9PAmjbK2xQmsmFlmQtX9vHZXDd0cT7SW8v861m+7J0805OJmUvXVqZhifrzp1fPcOnukSFo1j8/M4e6uqoq8YyWBF0ugB3yuCw==
76hktD940s6OVcQT4FGp9nWesbKnqJB9MYWTc90+EyreAF5LWSeO6P60kkVeUVr7W6EcZjMrl5pcWSpHKzKj0ql/QAlPLEdA6scuBHXdVcwx70qf6x/nwnlI0cvaN3afe21Jrjw=
qDftTgMDlgUwPuODTmcd8gLEkLF+BBin6Gz+dVZGOT+1Uu49oNdBdlH6q2tqSeW4xegYg0QUf7lnBJN7wD+hy8XKS6ybmzCzBDe5OWOuFg==
FIHRoY3ai2kJ2+VEUNfb40QNbcXexrHPLfJGbViXmUZ5GtN7YkntqD2IMLMc1Adpz6QLC0i/KXtdKiN8I9vow+wXgSlrrh4=
KhlD81otrVO13krN/r9dxGTe7Pc3e/fOVh4tuSn0ujKMxc3/vPYjCPjWreMPoPninobScAOpGbv77N8Qrmc=
hQ71R5BqItraUtpHPNOZMhxVMZURW5KdITr7S1pJ1ZgVqOjj1JTPGTfE45vQP7Hr9YqbzGsboBO09+nZE65m
lkpMIYvbxUHWJYDUTVLboQmvmFlmQtX9vHZXDd0cT7SW8v861m+7J0805OJmUvXVqZhifrzp1fPcOnukSFo1j8/M4e6uqoq8YyWBF0ugB3yuCw==
jMzuBzOuxMqB9XkK99vApHWesbKnqJB9MYWTc90+EireAF5LWSeO6P60kkVeUVr7W6EcZjMrl5pcWSpHKzKj0ql/QAlPLEdA6scuBHXdVcwx70qf6x/nwnlI0cvaN3afe21Jrjw=
GYQCoN2w7qYYDhY9eQz5MC0QqiHREkUMChWLcQHjT4rookSE3MvboxRgBAAA1cyl4JPBBf7GUY9NcuYteJf5htmac7sCSQ3onQiQ8/zUJ6lvJOvLKL8JO/2qQ7zD28gDjJdhaUuuPg==
hTuyI9N8N0/DFmWvEjv9nCYc7x4Xj/aO4fCevQeBv75gXP6wmQNpwpYQlNvJ9cwQX/qwGPk5rzZ1YCY4dtrT78XpE4Iraq4R
NIAKT3JrR9LY9PAmjbK2xQmsmFlmQtX9vHZXDd0cT7SW8v861m+7J0805OJmUvXVqZhifrzp1fPcOnukSFo1j8/M4e6uqoq8YyWBF0ugB3yuCw==
NEvgGk0xP4rGGWj9UGRfmy0QqiHREkUMChWLcQHjT4rpokSE3MvboxRgBAAA1cyl4JPBBf7GUY9NcuYteJf5htmac7sCSQ3onQiQ8/zUJ6lvJOvLKL8JO/2qQ7zD28gDjJdhaUuuPg==
qDftTgMDlgUwPuODTmcd8gLEkLF+BBin6Gz+dVZGOT+1Uu49oNdBdlH6q2tqSeW4xegYg0QUf7lnBJN7wD+hy8XKS6ybmzCzBDe5OWOuFg==
FIHRoY3ai2kJ2+VEUNfb40QNbcXexrHPLfJGbViXmUZ5GtN7YkntqD2IMLMc1Adpz6QLC0i/KXtdKiN8I9vow+wXgSlrrh4=
KhlD81otrVO13krN/r9dxGTe7Pc3e/fOVh4tuSn0ujKMxc3/vPYjCPjWreMPoPninobScAOpGbv77N8Qrmc=
hQ71R5BqItraUtpHPNOZMhxVMZURW5KdITr7S1pJ1ZgVqOjj1JTPGTfE45vQP7Hr9YqbzGsboBO09+nZE65m
AMDhNW/GLzGL9TW8BIRYowmtmFlrT9X9vHZXDd0cT7SW8v861m+7J0805OJmUvXVqZhifrzp1fPcOnukSFo1j8/M4e6uqoq8YyWBF0ugB3yuCw==
j2jepH9IV0j1hiG9GMpTYAmtmFlmQtX9vHZXDd0cT7SW8v861m+7J0805OJmUvXVqZhifrzp1fPcOnukSFo1j8/M4e6uqoq8YyWBF0ugB3yuCw==
z0qzZVLQCQ2kbbw35ZAt5LLEdwX+735a3V3PTamHX0zxGUMAF53h06Q5TlsdBZ+vzxTzzZYAXbpGi3NTb8DshraWnWEpLAq6bI3dB/xOs0DY3t07j/gJ6r5OQsjD0Qlzm2RvSK4/
qDftTgMDlgUwPuODTmcd8gLEkLF+BBin6Gz+dVZGOT+1Uu49oNdBdlH6q2tqSeW4xegYg0QUf7lnBJN7wD+hy8XKS6ybmzCzBDe5OWOuFg==
FIHRoY3ai2kJ2+VEUNfb40QNbcXexrHPLfJGbViXmUZ5GtN7YkntqD2IMLMc1Adpz6QLC0i/KXtdKiN8I9vow+wXgSlrrh4=
KhlD81otrVO13krN/r9dxGTe7Pc3e/fOVh4tuSn0ujKMxc3/vPYjCPjWreMPoPninobScAOpGbv77N8Qrmc=
hQ71R5BqItraUtpHPNOZMhxVMZURW5KdITr7S1pJ1ZgVqOjj1JTPGTfE45vQP7Hr9YqbzGsboBO09+nZE65m
lkpMIYvbxUHWJYDUTVLboQmvmFlmQtX9vHZXDd0cT7SW8v861m+7J0805OJmUvXVqZhifrzp1fPcOnukSFo1j8/M4e6uqoq8YyWBF0ugB3yuCw==
GYQCoN2w7qYYDhY9eQz5MC0QqiHREkUMChWLcQHjT4rookSE3MvboxRgBAAA1cyl4JPBBf7GUY9NcuYteJf5htmac7sCSQ3onQiQ8/zUJ6lvJOvLKL8JO/2qQ7zD28gDjJdhaUuuPg==
qDftTgMDlgUwPuODTmcd8gLEkLF+BBin6Gz+dVZGOT+1Uu49oNdBdlH6q2tqSeW4xegYg0QUf7lnBJN7wD+hy8XKS6ybmzCzBDe5OWOuFg==
FIHRoY3ai2kJ2+VEUNfb40QNbcXexrHPLfJGbViXmUZ5GtN7YkntqD2IMLMc1Adpz6QLC0i/KXtdKiN8I9vow+wXgSlrrh4=
KhlD81otrVO13krN/r9dxGTe7Pc3e/fOVh4tuSn0ujKMxc3/vPYjCPjWreMPoPninobScAOpGbv77N8Qrmc=
LTXeUS58GfjTjXl20DuRWjYxggvEu9u4//rNZUUhzNiAjk8ldfqKGKGZ8VKVI0nJybzTCWNwDvQhn+lWPlxE/9EJ7CSXlgCcgeVvYp1sNtwuZjObTUVjRhN2rgU=
xiMtqHYMuPcWxmw6yTc764nG1A1AyetyMQ+YCRfc3+AitwbEHU0d7Mm/8h+Tz9+isdh5C7IHvv/j3RGuZA==
2kXgCaJ2YN2rhFSFKMmRKXS99hi9qnfD3slREJk4dHsx9Cthy7Qv0xR/daM5uqf0TzuEC6jn5dEXrmI=
GXDYyG0ANrKV4jHqmkT5g4nG1A1AyetyMQ+YCRfc3+AitwfEHU0d7Mm/8h+Tz9+isdh5C7IHvv/j3RGuZA==
2kXgCaJ2YN2rhFSFKMmRKXS99hi9qnfD3slREJk4dHsx9Cthy7Qv0xR/daM5uqf0TzuEC6jn5dEXrmI=
fovJ5RizJthhv7zJLOZjW1rU5tZNcyzEw3tFptNKNlBIHDnb3s/jJRu03oiJC2napjj0I5k8DEivkhCgabEvrsXIxkCmkpM3tQEzujtirgk=
pZk2gp3lpXZ64AmFL1trhzQQ/glVjLGJ5KvZow6Ho/1rXP6wmQNpwpYQlNvJ9MwQX/qwGPk5rzZ1YCY4dtrT78XpE4Iraq4R
NT76firV6ssaxWdJHCMK6RxVMZURW5KdITr7S1pJ1ZgVqOjj1ZTPGTfE45vQP7Hr9YqbzGsboBO09+nZE65m
DDSUUn8ZvYn3UGapvK49AQmev8VJcyzEw3tFptNKNlAbXH7F18n/ZhC03oiJC2napjj0I5k8DEivkhCgabEvrsXIxkCmkpM3tQEzujtirgk=
A7HMulNiWDM+e2+kmA762Ahocz1TaitoXf7F71MEPOXxvvJaOLKLcVY8JYa2twtvj/yUOkYq5d2pkHIGnDGlOhxyy3wo4qUHT0RxVk7yOnQjbXFPa1gXdK4D
mRaofBy3aWv7WIZnC+68yZxRyX1FjHlEo7ItGjWHto/XTlgJEZS7nNkxhOaruw86NIniB2MCS/LRT7gJNxy/YIL358Q9jb1sqX/SH3OPfyLRGBkLkkdef0Mdca4E
SNCXpxBBttjW+aoX/FidUkQNbcXexrHPLfJGbViXmUZ5GtN7YkntqD2IMLMd1Adpz6QLC0i/KXtdKiN8I9vow+wXgSlrrh4=
8aOYF2HB5InvOsfrPLhaNGTe7Pc3e/fOVh4tuSn0ujKMxc3+vPYjCPjWreMPoPninobScAOpGbv77N8Qrmc=
NT76firV6ssaxWdJHCMK6RxVMZURW5KdITr7S1pJ1ZgVqOjj1ZTPGTfE45vQP7Hr9YqbzGsboBO09+nZE65m
qQ+BLbjWbLw8QDTzP2+GXgqev8VJcyzEw3tFptNKNlAbXH7F18n/ZhC03oiJC2napjj0I5k8DEivkhCgabEvrsXIxkCmkpM3tQEzujtirgk=
A7HMulNiWDM+e2+kmA762Ahocz1TaitoXf7F71MEPOXxvvJaOLKLcVY8JYa2twtvj/yUOkYq5d2pkHIGnDGlOhxyy3wo4qUHT0RxVk7yOnQjbXFPa1gXdK4D
xyuxs5c6LF5n0v7ok+VG25xSyX1FjHlEo7ItGjWHto/XTlgJEZS7nNkxhOaruw86NIniB2MCS/LRT7gJNxy/YIL358Q9jb1sqX/SH3OPfyLRGBkLkkdef0Mdca4E
SNCXpxBBttjW+aoX/FidUkQNbcXexrHPLfJGbViXmUZ5GtN7YkntqD2IMLMd1Adpz6QLC0i/KXtdKiN8I9vow+wXgSlrrh4=
8aOYF2HB5InvOsfrPLhaNGTe7Pc3e/fOVh4tuSn0ujKMxc3+vPYjCPjWreMPoPninobScAOpGbv77N8Qrmc=
8aOYF2HB5InvOsfrPLhaNGTe7Pc3e/fOVh4tuSn0ujKMxc3+vPYjCPjWreMPoPninobScAOpGbv77N8Qrmc=
HvrpjKtp82KlLpVG7LLyCjYxggvEu9u4//rNZUUB7NiAjk8ldfqKGKGZ8VKVI0nJybzTCWNwDvQhn+lWPlxE/9EI7CSXlgCcgeVvYp1sNtwuZjObTUVjRhN2rgU=
GzV27MbZRwcWllWOKtTwRhQw3il1jJGpxIvZgy6ng/1rXP6wmQNpwpYQlNvJ9MwQX/qwGPk5rzZ1YCY4dtrT78XpE4Iraq4R
V8Ulm0XQaju3b06hdbjdFTxVEbUxe5KdITr7S1pJ1ZgVqOjj1ZTPGTfE45vQP7Hr9YqbzGsboBO09+nZE65m
/YMEV7DncX57z20FcXWQbWkf3fhBfI69YeY7PX0iMoUENyXu7Won4+7JYTBJeKQboXTbATv037MEf2WDCfoXVP+7FKv4J7UxZ64S
PZakqu1XwlqMeTaG8OqtlXqJ2lzoJtcexmuzM2/grCY29l1BKQzK2uwtnSb8LnOgWH4dW48YSUo+LgIow/HJ0xuEL2iuHw==
wmzeIMLPX+nZAUk0USPWUMYIBwpVIXMaPJkKR8vyw1IJP6AJL+znwAqHTwRVnbVMUS9qnwtfR0LZCDHL+vfWH5staa4c
Jf2NIsw2v6zmKsuHk8+5CuszMCIQb3oYIZYWX4j5w1IJP6AJL+znwAqHTwRVnbVMUS9qnwtfR0LZCDHL+vfWH5staa4c
SyVm0VPHQ+Pb5aOlV/xHczYxggvEu9u4//rNZUUhzNiAjk8ldfqKGKGZ8VKVI0nJybzTCWNwDvQhn+lWPlxE/9EI7CSXlgCcgeVvYp1sNtwuZjObTUVjRhN2rgU=
ONCNjacOq1Q87Lc87k4QFyhD1vEhqX1zUXgVSjHJ49gQTz+KhnrFzamAUlZcgQXKnMIrDOgyxRdPVJEGDgJaxKMd0f8riDdkrhM=
0LyakGkTaEYtq52oOawgcChD1vIhqX1zUXgVSjHJ49gQTz+KhnrFzamAUlZcgQXKnMIrDOgyxRdPVJEGDgJaxKMd0f8riDdkrhM=
xf6oSJTQaW2lGFPMbrQ9FihD1vAhqX1zUXgVSjHJ49gQTz+KhnrFzamAUlZcgQXKnMIrDOgyxRdPVJEGDgJaxKMd0f8riDdkrhM=
KiTpmcUjGsL+JdW2PTBuOipD1vIhqX1zUXgVSjHJ49gQTz+KhnrFzamAUlZcgQXKnMIrDOgyxRdPVJEGDgJaxKMd0f8riDdkrhM=
9+3Hv26U2vIYmOt2HjLzy95B+hrJSvFzovE+NZWKT/PmyWkgoRhcS3k0Y7FjFLdDjP/tM6FazyQH+8z7wAedIW+uGg==
NT76firV6ssaxWdJHCMK6RxVMZURW5KdITr7S1pJ1ZgVqOjj1ZTPGTfE45vQP7Hr9YqbzGsboBO09+nZE65m
+isji6KD6kAqXhy4Kgpv8kk//dhhXK69QcY7PX0iMoUENyXu7Won4+7JYTBJeKQboXTbATv037MEf2WDCfoXVP+7FKv4J7UxZ64S
oQ68yLEs2IGRkRspx0t6hxsGeoRzoG7B7+UfEtjobiwRh+lODoQkZ2FQLHynjmBEMX3v+i20VsQePvPD/d0DniNurh0=
8aOYF2HB5InvOsfrPLhaNGTe7Pc3e/fOVh4tuSn0ujKMxc3+vPYjCPjWreMPoPninobScAOpGbv77N8Qrmc=
WdD1QP7Q3xADlgrNj0+8yDT2+FW7pmre2fVRTaACL1wk9Cthy7Qv0xR/daM5uqf0TzuEC6jn5dEXrmI=
1Dfo+f8VXhW2zIJcntEyzoYgOMJxdxrhIlhu8h+NTGC/inBoGUmvRpUQ5kiWqlOfJZnT8ssarmE=
WdD1QP7Q3xADlgrNj0+8yDT2+FW7pmre2fVRTaACL1wk9Cthy7Qv0xR/daM5uqf0TzuEC6jn5dEXrmI=
1Dfo+f8VXhW2zIJcntEyzoYgOMJxdxrhIlhu8h+NTGC/inBoGUmvRpUQ5kiWqlOfJZnT8ssarmE=
itT3hbL0ZVmG04LNIPWhkFqx+kifPJNZyHKlMnTwpCs591BZNwyE/dZyuDP8LnOgWH4dW48YSUo+LgIow/HJ0xuEL2iuHw==
hafQj9RdRnWUKDinshtSVVqx+kifPJNZyHanPHTwpCs591BZNwyE/dZyuDP8LnOgWH4dW48YSUo+LgIow/HJ0xuEL2iuHw==
k9LQx9DyNGERZjCCaMNJFdqVjmQcPReX3h5wo93qrJy8fFN/x5sv7enwNDJaLaqBm0ShSpzqG98nH30sxfH4NllD/sZ5pF13aFntSrPFiZSGuLso7K2+xVx1ygxYe4C/jP4KWUhQlprt6BSSd4c08rcS9m//nnsbPSbSoyPfU2lTGgrRlwWMOM8CUJDJYS9eJdgG8IbCE0fVkXOKm7Ku+Q==
JSqylFfqtHhi7ezv2M5W8ZdW/wLJQ/Agt/t9Y47JX////zl11i4dZHk0Y7FjFLdDjP/tM6FazyQH+8z7wAedIW+uGg==
+BVQJ710Wme6IQ4Q1S4ZHHmRI1UqYm8UtzMIKi8e0Jq1TmkFV1TuiStPqCLV6hzzyJn8aE+VJpSZz6lZYRptQSIXetOcWVM4zRfLdjw2eqrYrleKssDIohsWSkJRbrWLtcBZNf6EFSmHeuwFLxNE6+uW2BE2c35dH/bi/SRU94l/5Htr+L/Z221qU1wTWzjjfFeRibuuzg==
WdD1QP7Q3xADlgrNj0+8yDT2+FW7pmre2fVRTaACL1wk9Cthy7Qv0xR/daM5uqf0TzuEC6jn5dEXrmI=
1Dfo+f8VXhW2zIJcntEyzoYgOMJxdxrhIlhu8h+NTGC/inBoGUmvRpUQ5kiWqlOfJZnT8ssarmE=
qNq6fwC6GIbXqSSreq1aT3S99hi9qnfD3slREJk4dHsx9Cthy7Qv0xl/daI5uqf0TzuEC6jn5dEXrmI=
zHYXxEb0pdxkLGjxsXm1QjQQ/glVjLGJ5KvZow6Ho/1rXP6wmQNpwpYQlNvJ9MwQX/qwGPk1rjZ0YCY4dtrT78XpE4Iraq4R
JehJqj3Qhl0D9Tq3ORgg/1rU5tZNcyzEw3tFptNKNlBIHDnb3s/jJRu03oiJC2napjj0I5k8DEivkhCgab8qrs3JxkCmkpM3tQEzujtirgk=
cUJMwcQBQsq+tOEmobui8DT2+FW7pmre2fVRTaACL1wk9Cthy7Qv0x5/das4uqf0TzuEC6jn5dEXrmI=
N/7jasUT3s5R71hybAXiLoYgOMJxdxrhIlhu8h+NTGC/inBoGUOvRp0R5kiWqlOfJZnT8ssarmE=
m8qva4+dFs5N+afJe9Yl3jT2+FW7pmre2fVRTaACL1wk9Cthy7Qv0xp/das4uqf0TzuEC6jn5dEXrmI=
F/PwUu7OYTX5vWVrETqIIoYgOMJxdxrhIlhu8h+NTGC/inBoGUevRp0R5kiWqlOfJZnT8ssarmE=
KGhMroXrqvvMscQhC5AGfTT2+FW7pmre2fVRTaACL1wk9Cthy7Qv0xR7dao4uqf0TzuEC6jn5dEXrmI=
aYRqbrjlhQVvvdot1AOOtYYgOMJxdxrhIlhu8h+NTGC/inBoGUmrRpwR5kiWqlOfJZnT8ssarmE=
b9rkRHOV7yPgFcMroNXx5zT2+FW7pmre2fVRTaACL1wk9Cthy7Qv0xt5dao4uqf0TzuEC6jn5dEXrmI=
nYS0Xn42AOdgKCqTkRiet4YgOMJxdxrhIlhu8h+NTGC/inBoGUapRpwR5kiWqlOfJZnT8ssarmE=
rQNhqjzQv0H0IrSOdiFY2TT2+FW7pmre2fVRTaACL1wk9Cthy7Qv0x9/dao4uqf0TzuEC6jn5dEXrmI=
hOc++Rk6+BP9Lf3uFZrv3oYgOMJxdxrhIlhu8h+NTGC/inBoGUKvRpwR5kiWqlOfJZnT8ssarmE=
KDafUQhyXKBjgl71z9TLN3wzHmTrjZq3ZKq5rKgFQYdnHN9+8+KvTMsIVnv6YiTtj09Ltcqj/pczJSawQ1v0zF4j3L68v4k2M+1p7Qk2FJ8fu/Ryo1F+X4MJkmSgHkTkgYZq8bjLs8ca7kc4TIh3G6xnH3mqPFhCRVCz98sY6hIYb3qtzGO0IknPwn8ygY+Vy+4xscwNkxAQFg22R/cpKYnDPBqow/lTFicOS0v3yD2etLDk3eSzm0PKuguYUuc3JHnx+8Ct+5FG+0pTR1b/BHQnD60A8+yY212LhivfQeLwlPk/o+mIi+BIvRQziIHTDTn9GsjkLJdCJQRvpFMLHBWXb2XXAbBxKB55hzZgLdzY58FGAuFkxyvJyRzdOqNFDSMfTXc2kLXpXIP5DUuFmLREdSRSgxxEZ9zM4d8kGEsKheHXVEbzz6RQYRU6uo6x61Vu+SF8Bz+hYj4mWP4SZv3uAEB6xrHegBZzfref3+iTcYwk560N0gbRbUNm/+Ge8vUEM8y5tX5oaYYEtV2VzHFvAJ+rlqbCOciRy5q3tp+77Ymu/A==
GOu5Zq+6rZY0Nqj2rX/SZZJBHHqarhAyjZiw5DHHAQtRPvsTX6frm1ql1QnVfvn7E2mZkkp8ENy2Z16xqFfsc03d/FIdkABWrLkQtl/reEm/lbph631XmLbHln6QUApRP1WcKXoP6toWTGMS4HEyX1FvSCoNaKasZROuc/VZwOiaCpf02WdBnHi6eruw7Qa31gpby8hvWKVd3Qk6WxEmmRGYgrLn5g0zewFr1zYaotcbe0TjRBuhU1q1HCBaRLcwcdOR7tAbklb1H0atO7sKeZk51H/Awy3yLUy282WN6ufukMl5YdZhGxNKEgBzvyl9aiOyjPdE2ayT2w8tFzqiMO7fkIFu/y7XmbR3Q6UlHdXSWToac5dcRP+UGjOr5uh15k+5bSNMl/7xbe83FU19InKdu5jJqefvFxA20J+EOFfeDLX4pvHVIApjaFErl56SkWc21OuFUB5c+SmBBNnLaAU3s0bUdhI6QM4feorA8FJTdtLSOS5du83gkWVmBI15z5rUdQfT7HtzNpAhznMGbddWem2MFN95R4Szu2o/QQIkSqtse5vQc+S3WfmDrvY=
GOu5Zq+6rZY0Nqj2rX/SZZJBHHqarhAyjZiw5DHHAQtRPvsTX6frm1ql1QnVfvn7E2mZkkp8ENy2Z16xqFfsc03d/FIdkABWrLkQtl/reEm/lbph631XmLbHln6QUApRP1WcKXoP6toWTGMS4HEyX1FvSCoNaKasZROuc/VZwOiaCpf02WdBnHi6eruw7Qa31gpby8hvWKVd3Qk6WxEmmRGYgrLn5g0zewFr1zYaotcbe0TjRBuhU1q1HCBaRLcwcdOR7tAbklb1H0atO7sKeZk51H/Awy3yLUy282WN6ufukMl5YdZhGxNKEgBzvyl9aiOyjPdE2ayT2w8tFzqiMO7fkIFu/y7XmbR3Q6UlHdXSWToac5dcRP+UGjOr5uh15k+5bSNMl/7xbe83FU19InKdu5jJqefvFxA20J+EOFfeDLX4pvHVIApjaFErl56SkWc21OuFUB5c+SmBBNnLaAU3s0bUdhI6QM4feorA8FJTdtLSOS5du83gkWVmBI15z5rUdQfT7HtzNpAhznMGbddWem2MFN95R4Szu2o/QQIkSqtse5vQc+S3WfmDrvY=
EH3n71jPdZfPUzESeHTG1r6kgfRChQdILSFE8ST2z7Gt0JTxPmMRwDxd2QHnbXXGvgxXxKOpRcb16E0gx3aerxlxbIcja/xLFP3H+U0T9RjxV89AlQ4iabtDyMOguwPIASH3AdcjkNkAJtSjsfMdlqsF5EYgX/Zaz9ulxgkR2s3+ysoCH2i2F1ZfnVONJ1WxLnalI0dBX0LhHExIIVeLJox/rNz+BDl0DW7RNRqj1Rx/Se1PE5hJpakpNilUpkJm54wQyyN7PNozI0sYm+tbvt25Ueur9MhysOPFtv3bNZlE9CeajijRXIbXRrD/aL8tZ3/CPIygdiyH+nuk6vOCOatNPzUHh3122NLlxsW8tzX9l/QYP8U+YCiPxThWGedR28TzmNQedH7harGWzfyg9Rk2FkIhXnVojINGbBSppUm4KIY9SbzKpc+NN4g3/zA2A9t6QG0JpIOF/DdXKXo68mMOmK+u23CPglq8yQAxEJSynxxyZqTh8jzks1VUXEuYbolL3KvFURzatQctEyePsHJXA2c8xoNYuKbNeQ8wEBNeVnJAg9l567tc/4Cu9w==
vhlvBUw7RK1B9Kj0PDdKAwlfU3p/bRBh7GPBxZjuvH64ikQemhhvPvULIohAdQ1bSyp0ZYYwEV3/PFzsM43MyfxN4muAO3fAxJH4fwulsHGur55i+hw/+tRxBrcNP6SSechy9EnjkhshmZRAZrr7LA0HdWRU6qYTxG3yH4rad7P8jwz9sW11ko9RcnEt6K5qs0b5ixfRt78CGpa/x6soW7C79Yt2xSDIDgRjmA1jfbaE+6Yu2c8aBc87ftFFafiH9KP5KkH8SlsxTT6P0mDlIbV2FaP/Gk7oR78dlTZzXjSD5A30vyszRcP69pgSb/xZup8aL7Xkq+vRpel9jokWYkd3CBwTJGabf6a8ndo/lbV37GNGnb0zXyFNSUquTdcgPQmzNztgCjjLxOz/orxZoPIR4VgmszT53xfqOk03Gizf5YTGMEnVKVAZHwA5x58eANZmgqyeQ5K+wMS6DyY+ak2OiePhEK0NssTZ0TMquK3Ts9iDX2ZMibrz8sWLhlYVuPSLIas0zxO+fxXqGDqHtC87JMuIZ4WRt67C
4RuK5a3cE/qIRZ4bQ4v/mI8Ljcr8eP8VGAA0xc8qFOkoYfGdlJy7/BAFERmZxW8WKwH9dHPe3r2tWLCjzqgv/F7bc3fQ0pvLCSK5X1PLh0WMy2hoIBkxRfHU8xvgLBCZSihHNfGc6QfW7wZ0roiPzurFflGpqc1R+TO2KGEJN0ejcKmy2NKBgUdEtIGIli7ipebloKUPGpW53qfXaaWj3nVXoUfi8zQwzsSfsvTBM13giJut/2JbHXe8xWcVQVtytMB4zdGs3Y15e/yKg1DeTs1O7pmyCn/eU28/YcZWvGbKXg8UL/4K5Y4bU/Nbv5chIaTw3NE8hcobt2XJMDJPw8JSYCFRovbPKzPjOtfSBPjo7AmkxazNysw3waiSqJEYSZqE7ZK2dD8p68AWYjdZmhb3ZwOD8vcJHDQbBT7qnY/YMU3SI00JLHYQ23A8Zf69bJ3qFEhzgIf81uqBGBhWYl2AtArnD7RKR7qWNy9WO2MNzvK7M9dTUSMy6gnHTUzAf2rwCFnjr+bccWaoVgpTP+V5U5KLuq7B
LNTAVt9XyEa04LEpxFn/JDT2+FW7pmre2fVRTaACL1wk9Cthy7Qv0xp+dao4uqf0TzuEC6jn5dEXrmI=
iT4HDoU6yPLxzCbVjnCsfYYgOMJxdxrhIlhu8h+NTGC/inBoGUeuRpwR5kiWqlOfJZnT8ssarmE=
Yrw++WYvC/KzG3buXxPI6zT2+FW7pmre2fVRTaACL1wk9Cthy7Qv0xx6dak4uqf0TzuEC6jn5dEXrmI=
b6W0Rz4gIIsO8d8TJPR4OYYgOMJxdxrhIlhu8h+NTGC/inBoGUGqRp8R5kiWqlOfJZnT8ssarmE=
Te38FBG6mZWMzvB2QuPwMDT2+FW7pmre2fVRTaACL1wk9Cthy7Qv0xl/dak4uqf0TzuEC6jn5dEXrmI=
gnB0C6bjvUuqBeT2FgWgSYYgOMJxdxrhIlhu8h+NTGC/inBoGUSvRp8R5kiWqlOfJZnT8ssarmE=
RgD/ItOznEHzDaFPHKj6hen7Hr3Frqz7iWyTg7PJ6wIv7/KTgO80ajWx1Q1ieFmvJ+d9Eoj5+RUNWFgCJfLfhfV3Q8khTQksdhDbcDxl/r1sneoUSHOAh/zW6oEYGFZiXYC0CucPtEpHupY3L1Y7Yw3O8rsz11NRIzLqCcdNTMB/avAIWeCr5tlxZqhWClM/5XlTkou6rsE=
