iCGQ/E8vsLqgMc6hSKpN3h9GJHh2F5kmV8k8R6ClqaxTYTUbZwMXW5VqKDtrx8hMXLka0SVraQ/0AseVito+cds1fvkxXHf/UcJOpsheQiYtDjBASiZhntC24/7HPy8o41GcJPfNPRK2sd3D9p+xXiLVdDM8meU+uIkWhAW9JYxBjxCfu7JUgk1oYUsKF2Zf6425rsw=
6XQFWhw3XjBtk0RCvusfxGywosA5spTupLWepvyLBrVFr/jzHIGNCwwFXIFlf2QzFpoik8aJ0N84p8Z5SczPH7kSBuaAbmrGNT4oQFIWeX74hqu+j+/HyFvB5KRPXcWyHuGVgz5vWX46pWwzJGn9HtD5XkTNbY0sOR+oH0Mi7OIlOKmLwidOP/O9oa7U
6Xp6syrERa+HJP4W4DJlrHz2i6wX3pP5OBPeACfmhs6+Q+gNPC6vZESQjOrQO8M/R2tMUz+5hJGEJMKddRaQ0rJDRoFRaW7TRgOi/bPzsnnjQlkDWsuo5hxj+PVuJ4bb+Jn3sHHnh244Fj4SVD4LQpbA7GpHhsb6FU6xk/kw5b1aRHEhe0qgnatzABPnhgTZUvOaFUPm7oXgtHMRs9QHYxb/fV7SGptEF3v8W/DHTcGfruo=
3ksPOqqOWMFzichvxScnsPqWmuTT9mkpU7qcfoHrixGDigcd87ikQFU7R1/EYVsbeycDmQFdCTxWQJsgnPV+LczNqkRoY4CX3Iaq0biI1vL90PRaxx+0Wmfq1mePxrvzrZ6y6xPHU0EDYqpZZ93MUN86sFh586/2+CMm/Paa069FKRPCq6qu0Q==
K7EE8kEBbn10tMk+Dgv8Qpjw07PMFvHARb/JKCwcAJbS56n5q0OgU4mfqy1bTtexWy0k3O2ft5MMVTtnYyMTdemJSWAuJCusFAHekZSJ+mhAd4CL5KLanfA8Ng5lVGQ2r0t0hp8O5muHspvPdVpiR7tT0927xlqVr+msLMc+oLSRJ++qgEeWcH5ucxMdbUPug76uzQ==
Y7alxAqRCnnomS7OM3SLqJjw07PMFvHARb/JKCwcAJbS9qH3rUyhAYmfqy1bTtexWyIk3O2ft5MMVTtnYyMTdemJSWAuJCusFAHekZSJ+mhAd4CL5KLanfA8Ng5lVGQ2r0t0hp8O5muHspvPdVpiR7tT0927xlqVr+msLMc+oLSRJ++qgEeWcH5ucxMdbUPug76uzQ==
8eihf8jxHVSXq1Ov8Gp/90psm8k0MnPJcaIVEOoT2BPEWFZyRVMAKt+951Oy3wXi6a/rKRNU86kU6RbrUmOWJc8jHhF2xM/r9ptUviiD7M1yV6rzjFlD2J1XG5astspKaO5naoLA+EIrVvqi4e4la2WACdXuhAUJVzq8pb+TNEsb1qgxxnMOfe82kl3U1GcpryQrS+K/yba+qgc8g9uIg8yXoemLrv4=
jmTwPh1bbVsiVKgAHtyiVj95bBOHbXvHNGeljpyd+xJWXydBmJmqE2YDgj3Tc1K5i0W7QzpLSKY8Y9i1zqcmm9iZl/CRZ+eu2BZe0vS+q4K2wMyq5wZmOnVOUVOZsAX9OkRRYdvKAN2LcyBTBwZkmbLz+tWjZo5FwLRT0RNUp6M2/52espp7BHd7HBtQR+2Bv67K
2PA94WwPrJWV7Zj5X9gEYGyHJpfKFiHxjv+ivcox0SiW6o91+vC6rg5vKmoqLlXpWdfrZYum99lLIyXU/feXe9wdey+zy7MdeQHJ6L5Mi0TESZ7ZRGHaAFB/gIP0yvp1IHR2RrW8xF4/w/QOD2ZGg1f624elskIvq1vT1auuen1/oexkF9YA3AGvbyIQLzaYriYzW82FY4aTtq7F
DtQY2qZDnLEM6TzBl3TyueTgigXp/llP7ywEFCsoNoCE1tMnDd+9zfsbh7Qf/x9q5RohVe/tWOfLsd95e9tNa+nGQk6TMuCTTucIM3LmxPUADWgoQiNkToaYmc7MWMvplGAzpJ41M2BLeSkgKol/kZOb94yCa3vb3Hr75EiatUXPjGytrm4KfGPlAVdL4Ie8rss=
saFmnhW4EYC+DY6y7hS8OV9VLmJvGJh1TcA9R7Swo5ZTP3p0AW1+QZx/MDNU8eUrFPVOhX0PfBP+aurTjtl4f8A3fvkxXHf/UcJOpsheQiYtDjBASiZhntC24/7HPy8o41GcJPfNPRK2sd3D9p+xXiLVdDM8meU+uIkWhAW9JYxBjxCfu7JUgk1oYUsKF2Zf6425rsw=
PJsAVkcSP936QN9maPfrtbaxfxARuJ6E5dGShGdro0Muw0rN+1NKyZpHo7Mia2DWdCMQZSYHngugGS9gaYdP/pBWFuIcXrOyrsDUmv/mjgo9DhkDMVD9bYLEKfFjaugNQzNoIy8mfGmq8+Klu0amtQh0G4F79B8zzn8lDsr609S/u9QrOCf1saeu0g==
twLNxAxwfOXorv/1a1SpLS/PYY3MF22u3ayh/pdjg3WX95YrpbX2v0JtNnlvZVXpWdfrZYum99lLIyTU/feXe9wdey+zy7MdeQHJ6L5Mi0TESZ7ZRGHaAFB/gIP0yvp1IHR2RrW8xF4/w/QOD2ZGg1f624elskIvq1vT1auuen1/oexkF9YA3AGvbyIQLzaYriYzW82FY4aTtq7F
efNdIc46awp2ea9iwLVttz9jYB6FLDKPK3D8g9DCp0BURmZBmJmqE2YDgj3Tc1K5ikS7QzpLSKY8Y9i1zqcmm9iZl/CRZ+eu2BZe0vS+q4K2wMyq5wZmOnVOUVOZsAX9OkRRYdvKAN2LcyBTBwZkmbLz+tWjZo5FwLRT0RNUp6M2/52espp7BHd7HBtQR+2Bv67K
Z9FjAjud4/d+oI5qurTJcTrYiZjU2JM5P43TyykYda+hG8u5SgF9geJvs558MI1c/ekntgosx1PFUd/ZGW/Zo8jv2GbIKo944nLez1M+OSpTns8zmHoYgwtVPPlSqumSbgduDXWTJuMi4HJryC7gwRMQqilx80u5k3JnFUPhpSeFA+eXtPkbM+tf4xExhYnUBvi7aGztvoXcNcpM2DuA/wy+ChnIEJbabagU0vfHNLI3UvYvf957W71m0uOjn1Mp01oKkRdFjHhPQlDQSSsvHqibBrQGghMHVdFzyhvyrrk=
d966cP0a+bLuk8tcVae/syHb59MvV2iTwRoq4AbqoLVNgyRBt6IQ4w1BR27aZIer9Tn/wQln2Zu4xzg+mOJPAFKaflfDtrmSozav60gyWHs7PRzhQqLpqh4vjlUlW+abkgjS81imYHnjuMrxobsLQaMaRw1T7qMf9SsHz+Qx20tbt0OJoQ0JbPZQ27C8pf597F3qVMgzgMd8lupBmNhWot1AtEpnT7QKx/qW96+WO6ONDvL7s5dTEaNy6slHjUwA/6rwSNmjr6ZYM2Zs1spT/2W5U9IL+q6B
FYMH2/CsxRRxc7I+b0xs8KcsX9Ti+wWnX/QmLwr+hW/0d5Rt55Grlc+U+1hHI8pIbKAOGwqvwPhAaycuYrutlbvDFzx/N+9S4y3RnY9lyD+L6c9xW5P9k2m+8oazOvBLjr+Yu5KutM0ANRhgoqv0FkZAicbskHuRFJiD7L49IzgLobmoSkGPqZOjB0Ti4+sDnCLr7GjSBb1P9NxljmYapKO9kd+rqPeErvM=
V2lElGNGYHLeOnpRMaAl+D95bBOHbXvPNnG32pGU5UBWWW4V1szYE2YDgj3Tc1K5iE+0QzpLSKY8Y9i1zqcmm9iZl/CRZ+eu2BZe0vS+q4K2wMyq5wZmOnVOUVOZsAX9OkRRYdvKAN2LcyBTBwZkmbLz+tWjZo5FwLRT0RNUp6M2/52espp7BHd7HBtQR+2Bv67K
U2p8okPJmCJ5sgEGUO77wrb6gAu7lBxS8yxXHhcocsXQlZZzSLu9zfsbh7Qf/x9t4hQhVe/tWOfLsd95e9tNa+nGQk6TMuCTTucIM3LmxPUADWgoQiNkToaYmc7MWMvplGAzpJ41M2BLeSkgKol/kZOb94yCa3vb3Hr75EiatUXPjGytrm4KfGPlAVdL4Ie8rss=
DfY6wEJoJmuFcp/4Jz+VAeaMhJGU248DHdu12dtPz/BPW7f6YoCJ8b+pELPrpdd9a/9lP6mS6uoDtmgH7rNAdyLC7OEAGUAMEmcsGiYMEUpc/GO91DQbgI4xO3RrLWFkei3XBRMPXyjSLzOP/G7z4Fi+nRGP2MQJPuqC6MOxSRMbxK+ort8=
2Ijkt6PiPqzutlROwPDHqwMWESd+Ja6BTN+gsyRRVevkFVqCY28MU07KGlMeeSg/kBdO+cG8p78Bot4meL6y5h0uIEBaBlFeIFZTfldff2gzsWwkx+1tUuYRTUMGPwEeUrVkMyx5Ff4IKWYElR31TJGvIJ/L0gRCnYjxy7p3Fh/bramu3A==
19UIMOcQN82jjOaWJjMf8+SMhICWzYsDHdu12dtPz/BPW7f0YoCJ8b+pELPrpdd9a/9lP6mS6uoDtmgH7rNAdyLC7OEAGUAMEmcsGiYMEUpc/GO91DQbgI4xO3RrLWFkei3XBRMPXyjSLzOP/G7z4Fi+nRGP2MQJPuqC6MOxSRMbxK+ort8=
7fjluN7zhqxBtvOKGHPU2QMWFzFiOK6BTN+gsyRRVevkFVSCY28MU07KGlMeeSg/kBdO+cG8p78Bot4meL6y5h0uIEBaBlFeIFZTfldff2gzsWwkx+1tUuYRTUMGPwEeUrVkMyx5Ff4IKWYElR31TJGvIJ/L0gRCnYjxy7p3Fh/bramu3A==
mcpv2TqS+qkCTAc2L3FhUQMWFidwPa6BTN+gsyRRVevkFV2DY28MU07KGlMeeSg/kBdO+cG8p78Bot4meL6y5h0uIEBaBlFeIFZTfldff2gzsWwkx+1tUuYRTUMGPwEeUrVkMyx5Ff4IKWYElR31TJGvIJ/L0gRCnYjxy7p3Fh/bramu3A==
xqMvc5hZG4JzTwErYRtesBYDqJuixQ1blL0nXyVlLhDqC/cPa14fRxZIgquahix27tmuFhdMV/2QcOU/AsYx2567jO5gQyS9yrcCYxTZ20h192MmZPaCmrCOT5q6wMCyAzYicqmu7dsdIOFFdgSdmf/aBNV3U3wbw/bAAT5zdk0HFsqNHJQv2RdEg9t6P1Em1gr/jMsbQNOUd4mZs67G
JMNFFq6/YMaFHAgQEAt1r1fxZUaFp39JKmIqDuYJ/RNcc6lRThZ0KpKEt+n4qUKgvRHUaTapJfLUGfYrIXQdN8enjut2R84rUBkfADnHnx4A1maCrJ5Dkr7AxLoPJj5qTY6J4+EQrQ2yxNnRMyq4rdOz2INfZkyJuvPyxYuGVhW49IshqzTPE75/Fe4aOoO0Lzsky4hnhZG3rsI=
tDHyhcbBAJztlrLAPESzj1fxZUaFp39JKmIqDuYJ/RNcc6lRThZ0KpKEt+n4qUKgvRHUaTapJfLUGfYrIXQdN8enjut2R84rUBkfADnHnx4A1maCrJ5Dkr7AxLoPJj5qTY6J4+EQrQ2yxNnRMyq4rdOz2INfZkyJuvPyxYuGVhW49IshqzTPE79+Fe4aOoO0Lzsky4hnhZG3rsI=
YdPzYNKAjkfxr6nGh14qyVfxZUaFp39JKmIqDuYJ/RNcc6lRThZ0KpKEt+n4qUKgvRHUaTapJfLUGfYrIXQdN8enjut2R84rUBkfADnHnx4A1maCrJ5Dkr7AxLoPJj5qTY6J4+EQrQ2yxNnRMyq4rdOz2INfZkyJuvPyxYuGVhW49IshqzTPE797Fe0aOoO0Lzsky4hnhZG3rsI=
acDcQ+cygWIuiY2p/mSgaLM3oMTIMbe/ACmJ2j+mtobjgkOljdqks5gLgJ5kKUtE4QmP5zxwso/MFgVqFtCO0tCs3r7c6o/i81DxKUqKqipjv1p1eU8EOXBng10lWS9AvEl7i/d++g3nV2PzUDQk+IsYAGNSO5bw4wkXCuZJ
