AFACk58dQDDFdqOQuPZsNR9GJHh2F5kmV8k8R6ClqaxTYTUbZwMXW5VqKDtrx8hMXLka0SVraQ/0AseVito+cds1fvkxXHf/UcJOpsheQiYtDjBASiZhntC24/7HPy8o41GcJPfNPRK2sd3D9p+xXiLVdDM8meU+uIkWhAW9JYxBjxeZu7FSgkBpYUsKF2Zf6425rsw=
mBiRmckNBbE6qKyZVDC0XGywosA5spTupLWepvyLBrVFr/jzHIGNCwwFXIFlf2QzFpoik8aJ0N84p8Z5SczPH7kSBuaAbmrGNT4oQFIWeX74hqu+j+/HyFvB5KRPXcWyHuGVgz5vWX46pWwzJGn9HtD5XkTNbY0sOR+vGUMh6uIoOamLwidOP/O9oa7U
JvgPpx5wZ5TeMKXfM3epb3z2i6wX3pP5OBPeACfmhs6+Q+gNPC6vZESQjOrQO8M/R2tMUz+5hJGEJMKddRaQ0rJDRoFRaW7TRgOi/bPzsnnjQlkDWsuo5hxj+PVuJ4bb+Jn3sHHnh244Fj4SVD4LQpbA7GpHhsb6FU6xk/kw5b1aRHEhe0qgnatzABPnhgTZUvOaFUPm7oXgtHMRs9QHYxH5fV3UGpZFF3v8W/DHTcGfruo=
9BqaHQXmLW5rsP2w1e+qjvqWmuTT9mkpU7qcfoHrixGDigcd87ikQFU7R1/EYVsbeycDmQFdCTxWQJsgnPV+LczNqkRoY4CX3Iaq0biI1vL90PRaxx+0Wmfq1mePxrvzrZ6y6xPHU0EDYqpZZ93MUN86sFh59Kn2+yUm8fea069FKRPCq6qu0Q==
n6dj2VfYQFEn5ZYW0j84SZjw07PMFvHARb/JKCwcAJbS56n5q0OgU4mfqy1bTtexWy0k3O2ft5MMVTtnYyMTdemJSWAuJCusFAHekZSJ+mhAd4CL5KLanfA8Ng5lVGQ2r0t0hp8O5muHspvPdVpiR7tT0927xlqVr+msLMc+oLSRIOmqg0GWfX9ucxMdbUPug76uzQ==
Y0C90tBvk8znXSEVNUDFR5jw07PMFvHARb/JKCwcAJbS9qH3rUyhAYmfqy1bTtexWyIk3O2ft5MMVTtnYyMTdemJSWAuJCusFAHekZSJ+mhAd4CL5KLanfA8Ng5lVGQ2r0t0hp8O5muHspvPdVpiR7tT0927xlqVr+msLMc+oLSRIOmqg0GWfX9ucxMdbUPug76uzQ==
Gv7uDBU74Hszvpm2Tpn/Skpsm8k0MnPJcaIVEOoT2BPEWFZyRVMAKt+951Oy3wXi6a/rKRNU86kU6RbrUmOWJc8jHhF2xM/r9ptUviiD7M1yV6rzjFlD2J1XG5astspKaO5naoLA+EIrVvqi4e4la2WACdXuhAUJVzq8pb+TNEsb1qgxxnMOfe82kl3U1GcpryQrS+W5ybW4qgo9g9uIg8yXoemLrv4=
9EaxLzIbnFmGO36UNKR6aT95bBOHbXvHNGeljpyd+xJWXydBmJmqE2YDgj3Tc1K5i0W7QzpLSKY8Y9i1zqcmm9iZl/CRZ+eu2BZe0vS+q4K2wMyq5wZmOnVOUVOZsAX9OkRRYdvKAN2LcyBTBwZkmbLz+tWjZo5FwLRT0RNUp6Mx+Z2dtJp2BXd7HBtQR+2Bv67K
fW1dIhHnzXxbCuWsoslX7GyHJpfKFiHxjv+ivcox0SiW6o91+vC6rg5vKmoqLlXpWdfrZYum99lLIyXU/feXe9wdey+zy7MdeQHJ6L5Mi0TESZ7ZRGHaAFB/gIP0yvp1IHR2RrW8xF4/w/QOD2ZGg1f624elskIvq1vT1auuen1/oexkF9YA3AGoaSITKTaVryYzW82FY4aTtq7F
9xcQBMce0y7nZZsOyJPiIuTgigXp/llP7ywEFCsoNoCE1tMnDd+9zfsbh7Qf/x9q5RohVe/tWOfLsd95e9tNa+nGQk6TMuCTTucIM3LmxPUADWgoQiNkToaYmc7MWMvplGAzpJ41M2BLeSkgKol/kZOb94yCa3vb3Hr75EiatULJjG+rrmMLfGPlAVdL4Ie8rss=
HmO7ewlZWL+x43jBmWr+fF9VLmJvGJh1TcA9R7Swo5ZTP3p0AW1+QZx/MDNU8eUrFPVOhX0PfBP+aurTjtl4f8A3fvkxXHf/UcJOpsheQiYtDjBASiZhntC24/7HPy8o41GcJPfNPRK2sd3D9p+xXiLVdDM8meU+uIkWhAW9JYxBjxeZu7FSgkBpYUsKF2Zf6425rsw=
nWYzlhlqylmUBOxrUWIdB7axfxARuJ6E5dGShGdro0Muw0rN+1NKyZpHo7Mia2DWdCMQZSYHngugGS9gaYdP/pBWFuIcXrOyrsDUmv/mjgo9DhkDMVD9bYLEKfFjaugNQzNoIy8mfGmq8+Klu0amtQh0G4F79B8zyXklDcz63tW/u9QrOCf1saeu0g==
9l5jA9zM+Xoh+d9VvpqAST9jYB6FLDKPK3D8g9DCpEBURmZBmJmqE2YDgj3Tc1K5ikS7QzpLSKY8Y9i1zqcmm9iZl/CRZ+eu2BZe0vS+q4K2wMyq5wZmOnVOUVOZsAX9OkRRYdvKAN2LcyBTBwZkmbLz+tWjZo5FwLRT0RNUp6Mx+Z2dtJp2BXd7HBtQR+2Bv67K
1LIOzgKM20XsTFoHpLKD6jrYiZjU2JM5P43TyykYda+hG8u5SgF9geJvs558MI1c/ekntgosx1PFUd/ZGW/Z48/BmHLFKo944nLez1M+OSpTns8zmHoYgwtVPPlSqumSbgduDXWTJuMi4HJryC7gwRMQqilx80u5k3JnFUPhpSeFA+eXtPkbM+tf4xExhYnUBvi7aGztvoXcNcpM2DuA/wy+ChnIEJbabagU0vfHNLI3UvYvf957W71m0uOjn1Mp01oKkRdFjHhPQlDQSSwpHqudBrkHghMHVdFzyhvyrrk=
Txy3GGlRy2g/FjcLfbm46yHb59MvV2iTwRoq4AbqoLVNgyRBt6IQ4w1BR27aZIer9Tn/wQln2du/6XgqleJPAFKaflfDtrmSozav60gyWHs7PRzhQqLpqh4vjlUlW+abkgjS81imYHnjuMrxobsLQaMaRw1T7qMf9SsHz+Qx20tbt0OJoQ0JbPZQ27C8pf597F3qVMgzgMd8lupBmNhWot1AtEpnT7QKx/qW96+WO6ONDvL7s5dTEaNy6slHjUwA/6rwSNmkqaZbNWZh18pT/2W5U9IL+q6B
kHTn6ivmF4jwhO6q7hf5L6csX9Ti+wWnX/QmLwr+hW/0d5Rt55Grlc+U+1hHI8pIbKAOGwqvwPhAaycuYrutlbvDFzx/N+9S4y3RnY9lyD+L6c9xW5P9k2m+8oazOvBLjr+Yu5KutM0ANRhgoqv0FkZAicbskHuRFJiD7L49IzgLobmoSkGPqZOjB0Ti4+sDnCLr7GjSBbpJ9N9jjmsbpKO9kd+rqPeErvM=
4+J6zNaDcwPmoM50kxXS5cWA0RUuxCNoNb3HbgMp7lvayu2L1BN8Wfdlo5HPkPOsVxciLExEZi/a2wg8AK/vWrIPxXEbp/+I78Nn1mOpWWkf0SBbKw2nxYvnNVcpejryYw6Yr67bcI+CWrzJADEQlLKfHHJmpOHyPOSzVVRcS5huiUvcq8VRHNq1By0TJ4+wclcDZzzGg1i4ps1+CTAXF15fc0CD2Xnru1z/gK73
KpuBayFxXWl0U5OdZ7GqaP5ZMixjm1pW5aEHPfa11nzsTrdzMEya9tZ74CUSTxFxK9OarKfE/fxQRm6ez5A+Hc0Gkrvqo84VJ0MmAXXDyPvOezyO8MNUHRr3MoME2ctoBTezRtR2EjpAzh96isDwUlN20tI5Ll27zeCRZWYEjXnPmtR1B9Pse3M2kCHOcwZt11Z6bYwU33lHhLO7bTlBBSBKom17m9Bz5LdZ+YOu9g==
jedlrCFkf3Gs253v693KEmN72lqrxwSi0ngDda5EKVjyYcI8+bnEHXBT/2Onk8+Oz7YvARY+vGpKxbL9LF7gkbOg6jkRA8tps0KnhaOUo3cls6eH1Amb48tvI4HR9YmEpkj7eAwdPlX8BQrcOEuAr6wOSgmo4BYKTZjUQhe3NOKX4rY/Hy77i51WEnND71N5c+pKgXe1DKhvcpBAqVwpTgstRqlncpPXdeGzWvuCruk=
9j98LYx0tWWHz1rhst5QVz95bBOHbXvPNnG32pGU5UBWWW4V1szYE2YDgj3Tc1K5iE+0QzpLSKY8Y9i1zqcmm9iZl/CRZ+eu2BZe0vS+q4K2wMyq5wZmOnVOUVOZsAX9OkRRYdvKAN2LcyBTBwZkmbLz+tWjZo5FwLRT0RNUp6Mx+Z2dtJp2BXd7HBtQR+2Bv67K
TIGeqK9xjwTwco3KyDkz4Lb6gAu7lBxS8yxXHhcocsXQlZZzSLu9zfsbh7Qf/x9t4hQhVe/tWOfLsd95e9tNa+nGQk6TMuCTTucIM3LmxPUADWgoQiNkToaYmc7MWMvplGAzpJ41M2BLeSkgKol/kZOb94yCa3vb3Hr75EiatULJjG+rrmMLfGPlAVdL4Ie8rss=
TXcjoBruWmAxEOyTdLWX/OaMhJGU248DHdu12dtPz/BPW7f6YoCJ8b+pELPrpdd9a/9lP6mS6uoDtmgH7rNAdyLC7OEAGUAMEmcsGiYMEUpc/GO91DQbgI4xO3RrLWFkei3XBRMPXyjSLzOP/G7z4Fi+nRaJ2McPPueD6MOxSRMbxK+ort8=
mDAPNMYcbNzNjM5SleTRZwMWESd+Ja6BTN+gsyRRVevkFVqCY28MU07KGlMeeSg/kBdO+cG8p78Bot4meL6y5h0uIEBaBlFeIFZTfldff2gzsWwkx+1tUuYRTUMGPwEeUrVkMyx5Ff4IKWYElR31TJGvJ5nL0QJCkInxy7p3Fh/bramu3A==
k7U7Wqty6SiVvdiz9t+Sr+SMhICWzYsDHdu12dtPz/BPW7f0YoCJ8b+pELPrpdd9a/9lP6mS6uoDtmgH7rNAdyLC7OEAGUAMEmcsGiYMEUpc/GO91DQbgI4xO3RrLWFkei3XBRMPXyjSLzOP/G7z4Fi+nRaJ2McPPueD6MOxSRMbxK+ort8=
6FSi8XjAlDZI3dLHFtQc+gMWFzFiOK6BTN+gsyRRVevkFVSCY28MU07KGlMeeSg/kBdO+cG8p78Bot4meL6y5h0uIEBaBlFeIFZTfldff2gzsWwkx+1tUuYRTUMGPwEeUrVkMyx5Ff4IKWYElR31TJGvJ5nL0QJCkInxy7p3Fh/bramu3A==
zLQIAhxxwHQI2BA1S4Z/7QMWFidwPa6BTN+gsyRRVevkFV2DY28MU07KGlMeeSg/kBdO+cG8p78Bot4meL6y5h0uIEBaBlFeIFZTfldff2gzsWwkx+1tUuYRTUMGPwEeUrVkMyx5Ff4IKWYElR31TJGvJ5nL0QJCkInxy7p3Fh/bramu3A==
irBqmtLgwfG0j73PwksLT+n7Hr3Frqz7iWyTg7PJ6wIv7/KTgO80ajWx1Q1ieFmvJ+d9Eoj5+RUNWFgCJfLfhfV3Q8khTQksdhDbcDxl/r1sneoUSHOAh/zW6oEYGFZiXYC0CucPtEpHupY3L1Y7Yw3O8rsz11NRIzLqCcdNTMB/avAIWeWp5tt1ZqFXClM/5XlTkou6rsE=
2coqOiVvah2CDDR4g7dkyOr3UKzBuOXljXOVj66A5lABy5ypyaN2O2jr1V0sdmSIK900XsimplZ1awcPZPHbi9t3Q8khTQksdhDbcDxl/r1sneoUSHOAh/zW6oEYGFZiXYC0CucPtEpHupY3L1Y7Yw3O8rsz11NRIzLqCcdNTMB/avAIWeap5tt1ZqFXClM/5XlTkou6rsE=
Y4xnhpKhKrsWOvQsWbesFC9dtPHYjB7nAyv3tbw/wZaY1vjQ/11weqjSRc2RbgxRfNuw0l6JxlEkYkRU85lk8ioSJuqNz3dDrCW7l8NzU6UJuUlQzvRr/LTxXuE0WTo4IEeAu4TyGk1QTLb+xQQk5k97dLZ/3qY7J0Ibv9WKohfbY9Pt25aaRQ+ZLNxnbuBkcRLpmmOR1i3fnvNjvb2DvuOOrv0=
JxZX/wSHIe9keZ13EKW3oY1ZJSxj31pC5NoHNLGFyF/ZbZxRNnLU8uc07CJbfE5jJ9jVpOneuaNHWm6+z9l7N/4oiaHusLRgQXpsS2mGlZD9JBzw14VQHlz5KYEE2ctoBTezRtR2EjpAzh96isDwUlN20tI5Ll27zeCRZWYEjXnPmtR1B9Pse3M2kCHOcwZt11Z6bYwU33lHhLO7bzlBBSBKom17m9Bz5LdZ+YOu9g==
JxZX/wSHIe9keZ13EKW3oY1ZJSxj31pC5NoHNLGFyF/ZbZxRNnLU8uc07CJbfE5jJ9jVpOneuaNHWm6+z9l7N/4oiaHusLRgQXpsS2mGlZD9JBzw14VQHlz5KYEE2ctoBTezRtR2EjpAzh96isDwUlN20tI5Ll27zeCRZWYEjXnPmtR1B9Pse3M2kCHOcwZt11Z6bYwU33lHhLO7bzlBBSBKom17m9Bz5LdZ+YOu9g==
RQdTAvlcPtS41F8e94opIbs1cE0qT0llR3KNbuBq16IecL01whH++VYzerz55fw2htkdw5i3t5H4cNFBirTDwF0tVeTppHCtuY+y5X+2BZXiXRbElAF1EVhQdlWJFHodb1VnYDcXYO6jY8rorWFU+2Wk5/+p0moqA/boR+5zwDciAmyhAFnAzBInrNomTJEKXDzj/dT0m8CO8bu0a23hpHptV8UTz99o0u+zz/yucyBY/h3aiZhHzz6nA6jDcclTGwQv6K6f
X/440y8O/YAxiX7FmRlYh2O4IuLNcZ2fj3zBcXqNKJirrekqqFZPOhUxiypzt8DiJjC4qljYAWFqiq8iaseGSJCJgPSLw2yi6wWJiY7/cWkz3gxlxHC4R5kTaudOLOFkRqug9MsE2AGr3HSbFq1VV+Bu759IKJV1LuIiAVd9ejm1lHvPzbqqhmzGPjZhhvRAjq4tjqwuR94jR7MY75kY5POFsWKqiXkjkocNzu7dsLN4kamuBJHy5KGFOXzNRx/ZP/lestyRBWuuj5pPJwX9rog=
dJVEDh+wblUqTr+ATjSOXzI1PeJlXyNlbwD8RQYuGm78hFtKTlg4/ZmcZHgomuH8IVF2qLN8wQT3l8hjasIWc9KxzK8UjzK5/aSjryXqkkb0NlYW2RY8QEY+la7E3t8eGxdbeDepUGS7denCAtmBYwo3JS6WTfizsAFRziwhaiTZVZHcFTfWWffJBlK0QT0rNv9yb5+Vta7A
TYB+h1j4p1mKNAXhDnGa8Vjgju6s7oV3+ZW8r5ZbIjrulbKFjcZSnbRr2KQ09mcH/JiN7WSYqSF/WbADa9W3zasvhS+pgoq6QwaI924D4AdikszxAAlgXFIXjKqm/PH6HKwDrdQk+1BOgVsE653BlLr99xUTH3/4Et+TP3wek1CYbn0LicinX35XYxhDAeljW5SPuK7P
6VQ2rxupfd7VKCo+GU7y69/4242Yog+Y1FQMv6lj2N23iAxpRuYQl1yK23QIqlWXyNwPm27zKwzj1eHHC5AnbK4b
jStiQw0iOgN9OfJCU/+C/dqVjmQcPReX3h5wo93qrJy8fFN/x5sv7enwNDJaLaqBm0ShSpzqG98nH30sxfH4NllD/sZ5pF13aFntSrPFiZSGuLso7K2+xVx1ygxYe4C/jP4KWUhQlprt6BSSd4c08rcS9m//nnsbPSbSoyPfU2lTGgrRlwWMOM8CUJDJaSheK90G+YfCE0fVkXOKm7Ku+Q==
RX4+s+p2BaYB5iUs7DO1su9G837/Zok4M5eOMbM5DmC2n3mD1RfQOQ+axhnDtZmDuI8L3sfbYYM0McE1SyEObSmzbJBRTX5O5JgyNuaGBC0fSGieO2FYgEqvD6sW2YXfLCL8c0tJxtFqN2KjNNk7CNV3A+ZE9mLaEA4vWprA4HJjtoIySa7NG32gQQWWBL1Zn1qklZdTXNujdmBB3nMWjaeWKs08lE8Zt8Rjm1g4MeVwihLN6xsgEzT3admTruY=
nnzAf14F4+QJUT4M3MUe1R5hpJUnE6jvXt87ajVlP4YeKiey9ikh7+/oJFluRv0NpHTbATv037MMeGWNDPoeVf+7FKv4J7UxZ64S
NSvk3IoEF1U5s2Kq1etECzfV4vL36NM2V8nVOpp5U2epHx8aHX/Ntemwg0BOVRSlRuRRb28l1JRBTSVcOzqu3ahyWBdPYmB6teI6BHXdVcwx70KY6xHiwnBJ0cvaN3afe21Jrjw=
c8WMs1H26BpIdoo8U13sMfaEJ1eNrSoBhh6IHc/VDwesVF1eWt65kPkuSkoYFZvhkQm2gJ9cU/lIlmdcdNDki7mXkHk3LESdVtL4E/xOs0DY3t0wiPgH775HQ8jD0Qlzm2RvSK4/
Wxz2p4vbETmja4DWPPhWWhd+YCxRRiViWuLBrAkSMvb4qeNdYbXOPF9gK8W4qh9glOycN0kr6MW3kDwhpm6ALxxyy3wo4qUMSER/U077O3QjbXFPa1gXdK4D
mgQs8cwV/1TXJx5VcAa67Cppy9cvmVEZQ08tZlrmybgZBhoS2M3LiTHhBvgfpOOR6H63BDQINKPZv2BBNxS0tTb6KMu8FmOoeLZtyAiAtwceLxMQA4lZW3tMH3CuBw==
Oq7pcOrnTnUbnOr6OdCSAwNa5PIeq3ADdE8tZlrmybgZBhoS2M3LiTHhBvgfpOOR6H63BDQINKPZv2BBNxS0tTb6KMu8FmOoeLZtyAiAtwceLxMQA4lZW3tMH3CuBw==
qRDbfs6U5s4hbhWGmd6ukHM1mRjFp93noeDaZE02kZyGhEg/f/eJC6qevwaHPwDEy7LEWmB9AfUsh/dWcHt+oPQd7CSXlgCcge5oYpNpNtUvZjObTUVjRhN2rgU=
CKKEVH3RnLAiuwCDJEbI9o1ZJSxj31pC5NoHNLGFyF/ZbZxRNnLU8uc07CJbfE5jJ9jVpOneuaNHWm6+z9l7N/4oiaHusLRgQXpsS2mGlZD9JBzw14VQHlz5KYEE2ctoBTezRtR2EjpAzh96isDwUlN20tI5Ll27zeCRZWYEjXnPmtR1B9Pse3M2kCHOcwZt11Z6bYwU33lHhLO7azhBBSBKom17m9Bz5LdZ+YOu9g==
Jh8DM+C8zRGBBuXIMqsaex5hpJQnE6jvXt87ajVlP4YeKiey9ikh7+/oJFluRv0NpHTbATv037MPeGWNDPoeVf+7FKv4J7UxZ64S
oKG2qPq6xwOKHoz2T6oAYT0yKF+CEo71CFcZQd+q8mwyNevWMBJuaTljQq4Pp/u9WneTHuyeowNVgczHwQwj0bW7PKUPwjW2Chx8Fs1a4ScFWqBC8RgwnEZZ3JUtoARCQp4EbWXuXEs7rsSFXOBQh/EjkMME/Hnk3ntolPP08EEDTOw73p0tVxhepz/QuD21BpIa4R8t4rktxLPvtYpCxgRWplYpdsxAtl5l7jS+L57Ld8s4J8mAZGvV+YKS+VHjOheVbqbtSLMAoWEOnAFapIl1ARwFl41YpykWkiShbatGHwKv73XFrrA=
Gafs+Gi5HDkw18utCK/1bx6xsbMxk8X0llc8/2MlUXl3fXP9THkp7egC7kp9dG9cOznVK8yPX5l6b5jR7tgLXY3RMOF3Xdar/t+yqPwGz7wwO+4Mtq/s98tPIVg2k7rLBI/R6HDTy7osRwHZZtcPaKnrT5lyxnRPyZsAZoJH2er2h6dzY4L3efxE23Xemh3/OEGNosM9CVyWYBsA3BV+zYztKmSoA4D3HKYq8fho1hK98HR6B3+0OqfKVkfPJrsT7b4yy9OnUyHDQip5Jz3MsJ8aMHi5kqiWOwWm0bd6008FCZPia8qusQ==
1NHbFksNUrqeUVUeQ75umy50e4CMDQdKIBEjEWTHTdwN+8YNj8eatjeE0YFmmsgs6z3UgwpVbYZuGTAXn2EVfCFSd/W5+3NNG+4kBTwgcIfR4zdH47wZ5P47yBSTtBBBY4xMu35dTVf4Hge/cPjdtWZS+mG/7cK5zQTTbxXKYsYkFkbWSbbsQJaeBW7U/g+e6zdruEcJYGRLFVkCcjkx49pXNe4GraizYGHBjjzBOqRpNWGcpderWMdp9hKEYU2rZt9iLw815a6Q
ySQkuABid0Pzr7zi/GtUOoaz72uldUfwtbBJ8foStx5ApPrEmjFPg88H3/DyLH65Y/MfM5DjojTbNrcs+v1HIbnf6b5VVrR2kddtEdNrYim4jAPSNR6nliHHVyVMkWed2ZZy6eod+K35lmTZy7wgNRn2lgIhHvUoh0fGrBTpJQm46Ab9SXxK5c/Nt0g3P7B2A5v6gG3JJEOFvLcXKbq6MmNOGO+um/BPgpo8iQBxkFSyX5wyZuRhsjwkM5VUHMvYbknLHKsF0Vza9YftE+cP8HIXg6c8BgOYuOZNPgjwl9deH/MAg5n5K7ucf8Cutw==
1hqUKzgj3Ecm5cVjbb3u6oaz72uldUfwtbBJ8foStx5ApPrEmjFPg88H3/DyLH65Y/MfM5DjojTbNrcs+v1HIbnf6L5VVrR2kddtEdNrYim4jAPSNR6nliHHVyVMkWed2ZZy6eod+K35lmTZy7wgNRn2lgIhHvUoh0fGrBTpJQm46Ab9SXxK5c/Nt0g3P7B2A5v6gG3JJEOFvLcXKbq6MmNOGO+um/BPgpo8iQBxkFSyX5wyZuRhsjwkM5VUHMvYbknLHKsF0Vza9YftE+cP8HIXg6c8BgOYuOZNPgjwl9deH/MAg5n5K7ucf8Cutw==
c073ZGboaSuJXyxgpUuva4az72uldUfwtbBJ8foStx5ApPrEmjFPg88H3/DyLH65Y/MfM5DjojTbNrcs+v1HIbnf575VVrR2kddtEdNrYim4jAPSNR6nliHHVyVMkWed2ZZy6eod+K35lmTZy7wgNRn2lgIhHvUoh0fGrBTpJQm46Ab9SXxK5c/Nt0g3P7B2A5v6gG3JJEOFvLcXKbq6MmNOGO+um/BPgpo8iQBxkFSyX5wyZuRhsjwkM5VUHMvYbknLHKsF0Vza9YftE+cP8HIXg6c8BgOYuOZNPgjwl9deH/MAg5n5K7ucf8Cutw==
5H0yzosI8zsXYyvlWBetvIaz72uldUfwtbBJ8foStx5ApPrEmjFPg88H3/DyLH65Y/MfM5DjojTbNrcs+v1HIbnf5r5VVrR2kddtEdNrYim4jAPSNR6nliHHVyVMkWed2ZZy6eod+K35lmTZy7wgNRn2lgIhHvUoh0fGrBTpJQm46Ab9SXxK5c/Nt0g3P7B2A5v6gG3JJEOFvLcXKbq6MmNOGO+um/BPgpo8iQBxkFSyX5wyZuRhsjwkM5VUHMvYbknLHKsF0Vza9YftE+cP8HIXg6c8BgOYuOZNPgjwl9deH/MAg5n5K7ucf8Cutw==
VV0kiJKalvyWY/n2yq3FSYaz72uldUfwtbBJ8foStx5ApPrEmjFPg88H3/DyLH65Y/MfM5DjojTbNrcs+v1HIbnf5b5VVrR2kddtEdNrYim4jAPSNR6nliHHVyVMkWed2ZZy6eod+K35lmTZy7wgNRn2lgIhHvUoh0fGrBTpJQm46Ab9SXxK5c/Nt0g3P7B2A5v6gG3JJEOFvLcXKbq6MmNOGO+um/BPgpo8iQBxkFSyX5wyZuRhsjwkM5VUHMvYbknLHKsF0Vza9YftE+cP8HIXg6c8BgOYuOZNPgjwl9deH/MAg5n5K7ucf8Cutw==
Y3Mr4+1e8u3gLrOxjcTZP4az72uldUfwtbBJ8foStx5ApPrEmjFPg88H3/DyLH65Y/MfM5DjojTbNrcs+v1HIbnf5L5VVrR2kddtEdNrYim4jAPSNR6nliHHVyVMkWed2ZZy6eod+K35lmTZy7wgNRn2lgIhHvUoh0fGrBTpJQm46Ab9SXxK5c/Nt0g3P7B2A5v6gG3JJEOFvLcXKbq6MmNOGO+um/BPgpo8iQBxkFSyX5wyZuRhsjwkM5VUHMvYbknLHKsF0Vza9YftE+cP8HIXg6c8BgOYuOZNPgjwl9deH/MAg5n5K7ucf8Cutw==
OyEtiK4HqUkfDxw/mZA+kYaz72uldUfwtbBJ8foStx5ApPrEmjFPg88H3/DyLH65Y/MfM5DjojTbNrcs+v1HIbnf475VVrR2kddtEdNrYim4jAPSNR6nliHHVyVMkWed2ZZy6eod+K35lmTZy7wgNRn2lgIhHvUoh0fGrBTpJQm46Ab9SXxK5c/Nt0g3P7B2A5v6gG3JJEOFvLcXKbq6MmNOGO+um/BPgpo8iQBxkFSyX5wyZuRhsjwkM5VUHMvYbknLHKsF0Vza9YftE+cP8HIXg6c8BgOYuOZNPgjwl9deH/MAg5n5K7ucf8Cutw==
BI9ttubwS8eSGQrc7g/SZX5x2AdY1YmoInzBn8SUzyHTyl2mA1jxjZ6m0/YDoQXrvqXr0T/B6ScWYSVK9g3odbEvTanPRzf20FmUcY9Hqmdjs1I91/jzSpt/ePYKzeZ5SjzcrV4dX8S+krhaNgUH2kZLIZqm7W4kqldLR+JLhgjjRIQPKlwBEMpReUje0zypdxdC6kXXYjxHJbx26CldWbiZNzCx58fueBb+khQ+S8JWwCzqB4aGetVO8RO5MCU9mkQxobtKYB3rc0CTJ4ZEWRLzWpWD5q4FILSzkfPUR+PR+D3dlBpWxdd7vNswx41B366q
BI9ttubwS8eSGQrc7g/SZX5x2AdY1YmoInzBn8SUzyHTyl2mA1jxjZ6m0/YDoQXrvqXr0T/B6ScWYSVK9g3odbEvTanPRzf20FmUcY9Hqmdjs1I91/jzSpt/ePYKzeZ5SjzcrV4dX8S+krhaNgUH2kZLIZqm7W4kqldLR+JLhgjjRIQPKlwBEMpReUje0zypdxdC6kXXYjxHJbx26CldWbiZNzCx58fueBb+khQ+S8JWwCzqB4aGetVO8RO5MCU9mkQxobtKYB3rc0CTJ4ZEWRLzWpWD5q4FILSzkfPUR+PR+D3dlBpWxdd7vNswx41B366q
BI9ttubwS8eSGQrc7g/SZX5x2AdY1YmoInzBn8SUzyHTyl2mA1jxjZ6m0/YDoQXrvqXr0T/B6ScWYSVK9g3odbEvTanPRzf20FmUcY9Hqmdjs1I91/jzSpt/ePYKzeZ5SjzcrV4dX8S+krhaNgUH2kZLIZqm7W4kqldLR+JLhgjjRIQPKlwBEMpReUje0zypdxdC6kXXYjxHJbx26CldWbiZNzCx58fueBb+khQ+S8JWwCzqB4aGetVO8RO5MCU9mkQxobtKYB3rc0CTJ4ZEWRLzWpWD5q4FILSzkfPUR+PR+D3dlBpWxdd7vNswx41B366q
BI9ttubwS8eSGQrc7g/SZX5x2AdY1YmoInzBn8SUzyHTyl2mA1jxjZ6m0/YDoQXrvqXr0T/B6ScWYSVK9g3odbEvTanPRzf20FmUcY9Hqmdjs1I91/jzSpt/ePYKzeZ5SjzcrV4dX8S+krhaNgUH2kZLIZqm7W4kqldLR+JLhgjjRIQPKlwBEMpReUje0zypdxdC6kXXYjxHJbx26CldWbiZNzCx58fueBb+khQ+S8JWwCzqB4aGetVO8RO5MCU9mkQxobtKYB3rc0CTJ4ZEWRLzWpWD5q4FILSzkfPUR+PR+D3dlBpWxdd7vNswx41B366q
BI9ttubwS8eSGQrc7g/SZX5x2AdY1YmoInzBn8SUzyHTyl2mA1jxjZ6m0/YDoQXrvqXr0T/B6ScWYSVK9g3odbEvTanPRzf20FmUcY9Hqmdjs1I91/jzSpt/ePYKzeZ5SjzcrV4dX8S+krhaNgUH2kZLIZqm7W4kqldLR+JLhgjjRIQPKlwBEMpReUje0zypdxdC6kXXYjxHJbx26CldWbiZNzCx58fueBb+khQ+S8JWwCzqB4aGetVO8RO5MCU9mkQxobtKYB3rc0CTJ4ZEWRLzWpWD5q4FILSzkfPUR+PR+D3dlBpWxdd7vNswx41B366q
BI9ttubwS8eSGQrc7g/SZX5x2AdY1YmoInzBn8SUzyHTyl2mA1jxjZ6m0/YDoQXrvqXr0T/B6ScWYSVK9g3odbEvTanPRzf20FmUcY9Hqmdjs1I91/jzSpt/ePYKzeZ5SjzcrV4dX8S+krhaNgUH2kZLIZqm7W4kqldLR+JLhgjjRIQPKlwBEMpReUje0zypdxdC6kXXYjxHJbx26CldWbiZNzCx58fueBb+khQ+S8JWwCzqB4aGetVO8RO5MCU9mkQxobtKYB3rc0CTJ4ZEWRLzWpWD5q4FILSzkfPUR+PR+D3dlBpWxdd7vNswx41B366q
BI9ttubwS8eSGQrc7g/SZX5x2AdY1YmoInzBn8SUzyHTyl2mA1jxjZ6m0/YDoQXrvqXr0T/B6ScWYSVK9g3odbEvTanPRzf20FmUcY9Hqmdjs1I91/jzSpt/ePYKzeZ5SjzcrV4dX8S+krhaNgUH2kZLIZqm7W4kqldLR+JLhgjjRIQPKlwBEMpReUje0zypdxdC6kXXYjxHJbx26CldWbiZNzCx58fueBb+khQ+S8JWwCzqB4aGetVO8RO5MCU9mkQxobtKYB3rc0CTJ4ZEWRLzWpWD5q4FILSzkfPUR+PR+D3dlBpWxdd7vNswx41B366q
SdYGfdwlqtTQr8xvQSNVYnR0yHLlZzqo/jEIlSXTUdjS2+RpjNcubAjKLADcTetqF92NSS2EBIRlLZCneDksXKhQIRf5//rnuMFZrgyzj/Cx2lAVPBEE4T7TWC4sdhFVwTSRVXC1dt0MBoixHj4wZKkSTY1OykfnBS88YhkyaL8C6HFxhfdKZREujI2Jxckp+rgW9IGmdTKnMMuhPXQFescFio/pvvdDZysDPtdgHp2cFA1HmkjnsXNJ0gsfDKrfR8CvsNm05rh/HzV4jQ9dPzhgctnZ+xkW6ZIdhyMBTC7pYtCSqSJTuVyVHlvfP2r7DLjR6WPn/wraWj0KwUHfQUtOc/trx1fJsTwQFKEEheJLb8VBgMoPq9JKAGmhGnZn+2vDMueqxBB4dOlstZTN4pzvYSAiUNFwWYLkpWIO9Jf5s+AeUk+ZcoZvh8vzyvchTOy7jY4S3efIKS2a0/WJhKZI+3gMHT5V/AUK3DhLgK+sDkoJqOAWCk2Y1EIXtzTil+K2Px8u+4udVhJzQ+9TeXPqSoF3tQyob3KQQKlbKk4ELUapZ3KT13Xhs1r7gq7p
FvNChL65jPaa1hpmSdtG3JJBHHqarhAyjZiw5DHHAQtRPvsTX6frm1ql1QnVfvn7E2mZkkp8ENy2Z16xqFfsc03d/FIdkABWpbUaq1TlUW+njK5m6FxW6KaMnX6HQRoPeV2eOnw+mspDTHJc/3A7V09xVjQTf7Dzegixa+NY0OzFXZrv3mIC9wuobuvk6VbkhQoPm59tRbEF31IvRRV1yQiGhOO3/0RhLgc91WEegqIJcVygUR+mRVymGC0dWvBpLcOb890On1n6UVuvbr0AZp0u4gOCwSG/Z0m08XCc4aevnNlja5t+GlBaGB1+qiRyZW2ymb5H3ayPiVkzEG+uJePfkIFu/y7XmbR3Q6UlHdXSWToac5dcRP+UGjOr5uh15k+5bSNMl/7xbe83FU19InKdu5jJqefvFxA20J+EOFfeDLX4pvHVIApjaFErl56SkWc21OuFUB5c+SmBBNnLaAU3s0bUdhI6QM4feorA8FJTdtLSOS5du83gkWVmBI15z5rUdQfT7HtzNpAhznMGbddWem2MFN95R4Szu2o6QQogSqJte5vQc+S3WfmDrvY=
5iscNviOab9ymTBdg10WM0bbwrn5tuXcuWTnEBhOdGGjRmTSnQaN3FlR9uNBzMz6s3GaoIZ8VLGwUF9ROdY6uRdVhQYcO9WkhIN3f9Ew4Wm44dZRtGJYbXYKMEjx1v3xxl4nq/0LLH4xRqhTmmyBzc0jamkpytzRYXFJhSL8JgiJspX+35RbPZWARRbfAfqzIepXz99P0+K/VB6xxNC9OxLch/2LbcIXN3hqM99EXwyRYMa0R/tlJGW73ZPgJEIl0e/52pE2jRuL9QxC8WagrmF28zXk8c6Htwtq11R8YZXrc59GIn4tFuk1H63TyoNHIxN3xYnYQEhJsAVOkyv1vYje72eq7pD1Ce42C+Nvsw4v/mScwBA5sN2gzc7EK9FcqsSxPKGm9LlKejR7YTcQohqbuX6+i9eXG353jZSoi3GGBj0rsI29BnsByei+TItExEme2URh2gBQf4CD9Mr6dSB0dka1vMReP8P0Dg9mRoNX+tuHpbJCL6tb09Wrrnp9f6HsZBfWANwBr2oiHCk2la8mM1vNhWOGk7auxQ==
6g8goXQF55rypGva1s65Gg9OlSRCJvswzpOH5hMaq8oHpaxkdRsCK1j3m9M7Nkf77QKyKpyasX0TQfi+vWhEmNBEcM63eaoHasvfxQiWOg58xlWUtDBJ8I07ialAOPVP9l/skBen1Tjm4OMFTENY0uS7XbBoh9Ip4IgDklnXeV1DndOH9KPzdcMFLp6Sz/FPou243/u5Vx60zs+pyiy3r+BpSr4+4as6RuWLm03f2z55FazJ3cPYfTYKmza0T2RxpxOxEZL9RvzXawkET88tq5gWRoLeccgqkh6jtaSVWHebABkR//8mD5gpxYdGLehPyJvPrHEvk+WruVTBbFaVp1poKcy8vx2GXrnAV69BZfxxcme1KVsjTUtOtEUtFC8ZocMBCBAcKeSO23hUY9SgwTNsXPvuPZ1XqP6Xf2CYDTXWsoqhD40yuf2ko68l6pJG9DZWFtkWPEBGPpWuxN7fHhsXW3g3qVBku3XpwgLZgWMKNyUulk34s7ABUc4sIWok2VWR3BU33Fr3xgZStEE9Kzb/cm+flbWuwA==
I2btfBYTdtZpbCbnNzsqhbdYHG2maDVWLZ/aXD+O3IplyiwYMmOEC7XmhRcovUGrRcNcd0i1NG7K/9Eb19I1G9xYGWk7qxbDNXSmWRwISaui7Vieu2vPDeNbhApkh9Au7YxadRgXbVC4uirUN8fE96Wf/CawoJkkz39xuXubzSvpBsKOk3Jg006niPNyJkS1AE3o6ELj5A6G2BmOzJhLKZQgs+Se9bOgS7mpYCrJ/1GTW3fMgiv7G9y6eyRI2jUDzkzobq4iizxjpYGXSyAH/K6L
QvyBcV+B0COomFpA2vU/V2IaPKz68U6+s7uPQiaMhHKxbcWgqfs1rTwRZRjZ5zSsguoQLFbe14n3HK5p6Gc60Qzz4HL1AwO1YtElArpjFAZNqaLrVJSjVdt/0034EEzpNAyNanZf4ElZguiM9q7/CYA1ZdkwbOhezZY/Kc1jEzVpSUmgrmQr7JRB3lEUSfqowDeAy2Ri2l1w/DZO5RRkdi+LdEYfTuYrB/KbD/WaYoc7E9OdOwZaVS8prGxHfqD0EeHuagQEljz/LnPTna1DLgP+ro0=
VnQM84hLeBZaWL37nSH/pMrmgzagdknn82RFyFPR0nlDamTtXZXa9uENv3+wlUppGbO3/vFDXMH8JAsx9klCo2NzxWv2jz6YSK2NPN6Qhc8oImzaET/uUfZr0g6d2BqmvX39yMqM4sP7QCOQM1tqYpQFPp7JFAVnf2eWGw6n5huYmddw0WcnLhgWHlK0vusCdsAMKqcGJro1TpHTWbBFfXpEEeEbysBdy3Ng00cGpBly87pV42ZOxQC0k1FTVOcj8P5dGnGaN4U3e9ybkEctAf+uig==
2X2sEUt69fuJeUZj6PqjsMrmgzagdknn82RFyFPR0nlDamTtXZXa8OENv3+2lUppGbO3/vFDXMH8JAsx2l5Cqn990mv2jz6YSK2NPN6Qhc8oImzaET/uUfZr0g6d2BqmvX39yMqM4sP7QCOQM1tqYpQFPp7JFAVnf2eWGw6n5huYmddw0WcnLhgWHlK0vusCdsAMKqcGJro1TpHTWbBFfXpEEeEbysBdy3Ng00cGpBly87pV42ZOxQC0k1FTVOcj8P5dGnGaN4U3e9ybkEctAf+uig==
B3BpNn077/kC66IrJPI2UzK9RxRvrFaG7XR3n9Pu9lu9kKUG6whEW3GKfr2nohbG2HpYcOSbcXgtV75MyxDdhCSlTxjhR5CXCPRenZsw6IiDwy4iatYXJ9hd4FvEYqvAfIqbHdvkrFTUry1wdVwFA6wu0sV40g9Ms6sp10B3uH+Atz75cdy3/5FCjqaI3gImbY7wQIqmIZ6QNqP+B7/vKCPR3CS3TX0SdjEdwzYf8V5iVTQz/BklPngJVoRFPWWMgQ/Wnns2F4IB6SFLypemXysN+a6M
A8zWC9PAf7owo+1c6t4ZLsrmgzagdknn82RFyFPR0nlDamTtXZXa8OENv3+2lUppGbO3/vFDXMH8JAsx9klCvX5yz2v2jz6YSK2NPN6Qhc8oImzaET/uUfZr0g6d2BqmvX39yMqM4sP7QCOQM1tqYpQFPp7JFAVnf2eWGw6n5huYmddw0WcnLhgWHlK0vusCdsAMKqcGJro1TpHTWbBFfXpEEeEbysBdy3Ng00cGpBly87pV42ZOxQC0k1FTVOcj8P5dGnGaN4U3e9ybkEctAf+uig==
UnjESnk8HulrbHXEvp6/5jK9RxRvrFaG7XR3n9Pu9lu9kKUG6whEXXGKfr2hohbG2HpYcOSbcXgtV75M2hbfkSCxTxjhR5CXCPRenZsw6IiDwy4iatYXJ9hd4FvEYqvAfIqbHdvkrFTUry1wdVwFA6wu0sV40g9Ms6sp10B3uH+Atz75cdy3/5FCjqaI3gImbY7wQIqmIZ6QNqP+B7/vKCPR3CS3TX0SdjEdwzYf8V5iVTQz/BklPngJVoRFPWWMgQ/Wnns2F4IB6SFLypemXysN+a6M
nL8V7NuPMgo5jfTjzbwAnrdYHG2maDVWLZ/aXD+O3IplyiwYMmOEDaS+3Qc+thX0QsBJXg7Wcyzdp8Zb0+AyDclFGWk7qxbDNXSmWRwISaui7Vieu2vPDeNbhApkh9Au7YxadRgXbVC4uirUN8fE96Wf/CawoJkkz39xuXubzSvpBsKOk3Jg006niPNyJkS1AE3o6ELj5A6G2BmOzJhLKZQgs+Se9bOgS7mpYCrJ/1GTW3fMgiv7G9y6eyRI2jUDzkzobq4iizxjpYGXSyAH/K6L
6HN+IKvgDKyV8gL9pwpITbdYHG2maDVWLZ/aXD+O3IplyiwYMmOEDaS+3Qc+thX0QsBJXg7Wcyzdp8Zb2vM4EMlHGWk7qxbDNXSmWRwISaui7Vieu2vPDeNbhApkh9Au7YxadRgXbVC4uirUN8fE96Wf/CawoJkkz39xuXubzSvpBsKOk3Jg006niPNyJkS1AE3o6ELj5A6G2BmOzJhLKZQgs+Se9bOgS7mpYCrJ/1GTW3fMgiv7G9y6eyRI2jUDzkzobq4iizxjpYGXSyAH/K6L
pMKWoH2MWVBZUpw3QXr0802ep+gLeibegHJ+9kme/PYEjx0HkOxTsxNPEWGCPMW+9Syj0x9H1sOJ8HNVnOVFGVKcYGHAub65rTfz6Uo1BS5CdwT6Ra2i50xgk0kzW7OhwESc1XzITSau65CV8eZIII46b3UIseVVqBhYwqUy30V1t0OJoQ0JbPZQ27C8pf597F3qVMgzgMd8lupBmNhWot1AtEpnT7QKx/qW96+WO6ONDvL7s5dTEaNy6slHjUwA/6rwSNmlrqZcMGZg18pT/2W5U9IL+q6B
Ttp4UC4E4v/tE86n0+lSeSkFhbdm5hhiED4MWyvL4NAOT3mBjHjJ3trEDWZhzSvPnMIrDOgyxRlOVJgGDgpbxKMd0f8riDdkrhM=
0MfgCf5dxSmX+hVQv01eoZwFinpShUtEvq4hDSOE/4nRUkElUpK3nMVBh6C58gJnOILtBiBPQPjTQ6t6c0OPXc7Z4sQ9jb1sqX/cHnOGfyLZGRkLkkdef0Mdca4E
R8cDzMNl5Qfr4s5B40MQp+t/NMAPI4yNkm2Qz+2dheJm+TW80JiFfIRwC7/5FPipOCEFGhdAOx8d3//I3qXIohCVfCbhQpjYEvCEiMLf2Jibk0N6GxNUslJTmoTlfYUM4c80ntv2NwIhKUFLKtfG3wtNWa4s
7cjWrMnnsrYzOG/LecYngm3NjAUqHpXk6zUMB8odVLff4rRwxW+qGgBtqelsUPnG2tw9XY6h4ffcOnukSFo1gc7M6O6uoou8YyWBF0ugB3yuCw==
GboKChPiAYsb+HApIGmdIigFhbdm5hhiED4MWyvL4NAOT3mBjHjJ3trEDWZhzSvPnMIrDOgyxR5LVJsGDgpbxKMd0f8riDdkrhM=
/5w90K05iaV6RESBj393SW3NjAUqHpXk6zUMB8odVLff47RwxW+qGgBtqelsUPnG2tw9XY6h4ffcOnukSFo1hsvM6+6uoou8YyWBF0ugB3yuCw==
tuD5IYrlHbyKGGxVFptLBSkfg7d6/hliED4MWyvL4NAOT3mBjHjJ3trEDWZhzSvPnMIrDOgyxRlKVJsGDgpbxKMd0f8riDdkrhM=
hJXXXQIuUowxsS4iIh4RyVyDze1eIVDupGb0OhhPbyT9QfI0nJgYO1rwqWd5OqHn5tpQt0AUf7lnBJN7zjqhwcXKQ62bmzCzBDe5OWOuFg==
W6FNAnQraF485W6dHyasLw+ewy7QctQXm2e4PG6j4S089FFSWkiV6tFhsyP8LnOgWH4dVogYQ0o+JgMow/HJ0xuEL2iuHw==
m9V9otsDSxXJJ6kcfgX0FE09y4BfsXEuGi5DFjGezuFAVXmBjHjJ3trEDXVuyTHPnMIrDOgyxRpIVJsGDgpbxKMd0f8riDdkrhM=
kE8OBvYKCIfky2NTpaB1hQ6ewy7QctQXm2e4PG6j4S089FFSWkiV6tFhsyP8LnOgWH4dVIgYQ0o+JgMow/HJ0xuEL2iuHw==
N8xx0x115hwK4gHoF6pzz009y4BfsXEuGi5DFjGfzuFAVXmBjHjJ3trEDXVuyTHPnMIrDOgyxRhIVJsGDgpbxKMd0f8riDdkrhM=
tJYgo/ceJsv8TOhWPCrTWQ2ewy7QctQXm2e4PG6j4S089FFSWkiV6tFhsyP8LnOgWH4dU48YQ0o+JgMow/HJ0xuEL2iuHw==
FkKcP1Zl0HGC2uBy0PUSG009y4BfsXEuGi5DFjGczuFAVXmBjHjJ3trEDXVuyTHPnMIrDOgyxR9PVJsGDgpbxKMd0f8riDdkrhM=
yxCr8EZt1Qj5y1DET5ckAAyewy7QctQXm2e4PG6j4S089FFSWkiV6tFhsyP8LnOgWH4dW48YQ0o+JgMow/HJ0xuEL2iuHw==
c7UKpTWU0w3YGq1S77qePE09y4BfsXEuGi5DFjGdzuFAVXmBjHjJ3trEDXVuyTHPnMIrDOgyxRdPVJsGDgpbxKMd0f8riDdkrhM=
PV/9bYlT2XLd29vIgGY6zAuewy7QctQXm2e4PG6j4S089FFSWkiV6tFhsyP8LnOgWH4dUI4YQ0o+JgMow/HJ0xuEL2iuHw==
wNuoL0n8b4oyY+aBmgnAl009y4BfsXEuGi5DFjGazuFAVXmBjHjJ3trEDXVuyTHPnMIrDOgyxRxOVJsGDgpbxKMd0f8riDdkrhM=
1EaipkNH/raiNt8Hk9f/8Aqewy7QctQXm2e4PG6j4S089FFSWkiV6tFhsyP8LnOgWH4dV44YQ0o+JgMow/HJ0xuEL2iuHw==
BQ9phcK4uUYxlE3WhVSq0k09y4BfsXEuGi5DFjGbzuFAVXmBjHjJ3trEDXVuyTHPnMIrDOgyxRtOVJsGDgpbxKMd0f8riDdkrhM=
CioTKkljwkkZqGyGI7teD9J4EyYSiivTPHl2Ta36SiC+/wXvthtbVVrVoYi0hlxxOX1SBuFD7koL7xio8EjtoSNffDgBCxj7n/LLQeQiaqCc4musaJKF+0s0WqaOqpvko/0Rn6tod0SuMw==
5bN1SMur0ZyHVNZT1CJW7TT2+FW7pmre2fVRTaACL1wk9Cthy7Qv0xV7dag5uq/1TzuEC6jn5dEXrmI=
hot0KLl0jxO9hTeQ7kr6/YYgOMJxdxrhIlhu8h+NTGC/inBoGUirRp4Q5kCXqlOfJZnT8ssarmE=
B1QfPeNhO1jEPXf1Q9ofndJ4EyYSiijTPHl2Ta36SiC+/wXvthtbVVrVoYi0hlxxOX1SBuFD7koL7xio8EjtoCNffDgBCxj7n/LLQeQiaqCc4musaJKF+ko0WqaOqpvko/0Rn6tod0SuMw==
rBDocSyPvKQUASeKgnAD49J4EyYSiinTPHl2Ta36SiC+/wXvthtbVVrVoYi0hlxxOX1SBuFD7koL7xio8EjtoyNffDgBCxj7n/LLQeQiaqCc4musaJKF/kk0WqaOqpvko/0Rn6tod0SuMw==
dbLNZaiWBVIJO/21U6/isdJ4EyYSiivTPHl2Ta36SiC+/wXvthtaVVrVoYi0hlxxOX1SBuFD7koL7xio8EjtoiNffDgBCxj7n/LLQeQiaqCc4musaJKF+Ek0WqaOqpvko/0Rn6tod0SuMw==
fo0jDlZDw6wiUO8N8Xh4AdJ4EyYSiijTPHl2Ta36SiC+/wXvthtaVVrVoYi0hlxxOX1SBuFD7koL7xio8EjtpSNffDgBCxj7n/LLQeQiaqCc4musaJKF/Ug0WqaOqpvko/0Rn6tod0SuMw==
3r3Vi9ch4xgBI+Xw4ULiwdJ4EyYSiinTPHl2Ta36SiC+/wXvthtaVVrVoYi0hlxxOX1SBuFD7koL7xio8EjtpCNffDgBCxj7n/LLQeQiaqCc4musaJKF/k80WqaOqpvko/0Rn6tod0SuMw==
ZILPW77Ug0RujeM0PI7HTn0U2O1HE7PpEZ9YTnR/Po4LNmaj5mAl7/26JW95Reg1pHTbATv037MPe2WPCfofVf+7FKv4J7UxZ64S
pIM2Q74bSxVQiQkPCTFCsHJbx/vJDbM++iqOF+Q6ueYUV7yon6s/+ucrQ42ywdak6TXhnCXXJ1tHa3MSBWHNq+bf4i+PNWWuEA==
WmZe8dyGzizuVGoJ/YA3gDAC9qBMCSSLFUX3/b7i0qdIYl2GsO8QOOMju3pjo78dHnlyRI3tTSz5n+gag6Mv4mm56YsCpw4/sz1hrhQ=
PxufdYF8flPn7aHcOUwm4iYA6qRPASGLFUX3/L7i0qdIYl2GsO8QOOMju3pjo78dHnlyRI3tTSz5n+weg6Mv4mm56YsCpw4/sz1hrhQ=
NNxzYqypbf/s3q5Av/ynzzT2+FW7pmre2fVRTaACL1wk9Cthy7Qv0xR+da85uq/1TzuEC6jn5dEXrmI=
y4rXwARg43ajFYIYhwhr0oYgOMJxdxrhIlhu8h+NTGC/inBoGUmuRpkQ5kCXqlOfJZnT8ssarmE=
2R2NbXHhhlpBL1uE+BZj2yRg3pV3AFzn/8p3pgvNNO/7vwh0rusRdRzMQVpaQIXS8TlDazxmw3g4ho3eCZDUMt5+s+CDObkLO7w/YK4X
ptqNI2bVFv1HFmDgAHUHZiYT/bdQBTGLFUX3+r7i0qdIYl2GsO8QOOMju3pjo78dHnlyRI3tTSz5n+sYg6Iv4mm56YsCpw4/sz1hrhQ=
KOAKOf5w8chtCiwUDmxqKoi5Iw03ga37LxQJwKb5fie37A8gMQKqB+Aylcb4H3gY+1OjentTpz32CbqExT3ljAEPW5r7MZeCgemhS0qXJl+rDXmuDA==
a+Xz60SgIyDfqUlKHnvoDv8w3SEJ0DlR4+FyFTOC+ZaFEUACBomluIpjwrasvkspMZrBSDpPQPjTQ6t6c0OcUsrD4sQ9jb1sqX/TGnOBfyLZGRkLkkdef0Mdca4E
XOZVPEhpnXOhAHmzXJNmYYm5Iw03ga37LxQJwKb5fie37A8gMQKqB+Aylcb4H3gY+1OjentTpz32CbqExT3ljAEPUZn7MZeCgemhS0qXJl+rDXmuDA==
xWxGuO+so1ZiovkPQ+PSt/8w3SEJ0DlR4+FyFTOC+ZaFEEACBomluIpjwrasvkspMZrBSDpPQPjTQ6t6c0OcUsrD4sQ9jb1sqX/ZGXOBfyLZGRkLkkdef0Mdca4E
NAd/YuYZ2tauFUZxLuIXYTT2+FW7pmre2fVRTaACL1wk9Cthy7Qv0xh5da05uq/1TzuEC6jn5dEXrmI=
edUs6AWF0qxnohURGd+nj4YgOMJxdxrhIlhu8h+NTGC/inBoGUWpRpsQ5kCXqlOfJZnT8ssarmE=
fQOA92+39880uIggHRm+mOLzo8be2KvXTirJhc3cz0Xz0hh8TCRIrYzL0FAXJRBcZ6fd3tS7gsdbhet/YccJs1xvcQrA8sm1XL3WIwB7vGxecmzUN8ZATGHUaVJzvHaEj5az6+2VoxZzRq41
NZML9h4fuWTeJtgsGyT+6dJ4EyYSiijTPHl2Ta36SiC+/wXvthtbVVrVoYi0hlxxOX1SBuFD7koL7xio8EjtxSNGfDgBCxj/luXMQeQiaqCc4musaJKF9kk0X6aOqpvko/0Rn6tod0SuMw==
g877DPz+rN2YsIpw/cXZ719Cv01iAHmF0ia31j4ss6NK3zlRnU+u0oM7Ck5qha//16KvhFdbKz8rgDcVXqiEagL05LuJrZSMkX+QexZhRDV0loJEPIYDGLhmTbIJcJdSXp7zgIMZ+au7HH9Arjc=
A8HGqNZKFVYVC50LMt3UVAGidflAcFPo9idUyIe7N/rvO0ps1jy/ZLHlSTydZ6/ZzxmLcu0xFeve78oPlyVtrhg=
EfsOizzjMiQkbBA/IGuctV9Cv01iAHuF0ia31j4ss6NK3zlRnU+v0oM7Ck5qha//16KvhFdbKz8rgDcVXqiEfADo4LiBqJSMkX+QexZhRDV0loJEPIYDGLhmTbsIcJdSXp7zgIMZ+au7HH9Arjc=
IzMX9LmtC565BTUZfkqmB047Lhj+hsffxepiChnZkP3lL2X1jSMXvJbY49Kp2Yv27AMrcEQDNXwcxkTmNCmfxarwM9Xn6pK+Y31athh2QKbSULvsLxSf+QeEczuoOIGFZUrj7bubEPOktxl5Q642
UaI0K2A7JHwh9uKiUU6HUF9Cv01iAHmF0ia31j4ss6NK3zlRnU+v0oM7Ck5qha//16KvhFdbKz8rgDcVXqiEfBP/86eFuJSMkX+QexZhRDV0loJEPIYDGLhmTbsIcJdSXp7zgIMZ+au7HH9Arjc=
0EyUzK2B8rfgrG4sLwxRrwCidflAcFPo9idUyIe7N/rvO0ps1jy/ZLHlSTydZ6bYzxmLcu0xFeve78oPlyVtrhg=
Ksg9Vo86XViP0gab0U4LNaEahWA/2hkMJl9CnmQPVTToihyVlRwwcWuPJ5PQY5xhdC3O/JaVif/EvNPl0kV9CkJG8HHom3Rn1vVsbio5WW5bXTLGBH9PUTpwg7xnVNdJ32SbqxK/+RXN6jsdc1tYo9zXMUlbri4=
NqNqnU7stWsALzXRo5W/Qr4sbI5KS57MzXCB1P2Rn+JQ5AL95N3Ce7ckWKTPUOWhYXAMEApaKxYd3uSBmqTPpRCEZzvgFpncI7+A67GagZWIgkY/DRUAuFlIlYTlfYUM4c8xntvxNwIhKUFLKtfG3wtNWa4s
g7WK8xGNk+H5+glrCcnOp3fv7ipaqOIZ1ou9/RvJMG4WaHAnhwgNtI3xzzSzWJ9WGfnvnVhlGTRSQR5LGS0JLwSd9u9z7TBur/p7Lt82RkECMhXl/BrKv4GN9EjN4CkkuRXxXLV3+F4XCePSFQEdK1a/0u8/VVWuIA==
g4WYFXWf6setcdvpkNFlXnfv7ipaqOAZ1ou9/RvJMG4WaHAnhwgMtI3xzzSzWJ9WGfnvnVhlGTRSQR5LGS0JLwSd9u9z7TBur/ptLMMyRUkHMhXl/BrKv4GN9EjN4CkkuRXxXLV3+1sXCOPSFQEdK1a/0u8/VVWuIA==
cXu1JaEXJXqIcK8tMoIxxSvMQHrWsVQf5jE8E01TrlUnTDHPtFbLhG9pGgTMD7DBAlq6l8QHPmAZ3pyPl6L22+vYrqeKFZhTOZrfWRTq46iy79zIwds465/i65Ek0soQHJILHKhCZe5KJD72zhp7FCNNse/rOFdUriM=
pEzjDqOXf152h5OeF8aa33fv7ipaqOIZ1ou9/RvJMG4WaHAnhwgMtI3xzzSzWJ9WGfnvnVhlGTRSQR5LGS0JLwSd9u9z7TBur/ptP9QhWk0XMhXl/BrKv4GN9EjN4CkkuRXxXLV3+VoXCOPSFQEdK1a/0u8/VVWuIA==
7/SVJQQYDyNVpUpGHJXjhyxIOxh2K2R5GaHArFMfJMa5r+NKLq3CJhMvAYvruwBgjr/ZMUwo6c7a1C02oX2LPxxyy3wo4qUMTkR+Vk76O3QjbXFPa1gXdK4D
9Bp/Pm2zW74rziPNSB6Z+yxIOxh3K2R5GaDArFMfJMa5r+NKLq3CJhMvAYvruwBgjr/ZMUwo6c7a1C02oX2LPxxyy3wo4qUOS0RxVk76O3QjbXFPa1gXdK4D
6l4yMKi85MOgC24GFIumo6tGnZPKl7tngiVpbGQgwVl/iIElPelD284kKsyTOeroiavY1azjfxI2ZVlSLjasOSxbsK8KRcQgL17o1vfNzk6A/8vZRuAvBMO0M5Fz1MfjXfu90xEa18VXezzbsMcNQV+uKg==
EjGRSwv0BNcmaLvZmvTSD6tGnZPKl7pngiVpbGQgwVl/iIElPelD284kKsyTOeroiavY1azjfxI2ZVlSLjasOSxbsK8KRcQgL17p1vfNzk6A/8vZRuAvBMO0M5Fz1MfjUvm90xEa18VXezzbsMcNQV+uKg==
8u0m1+8JAY0eteWscT8G8zT2+FW7pmre2fVRTaACL1wk9Cthy7Qv0xp+das4uq/1TzuEC6jn5dEXrmI=
N4caHjjMUgHw1jyaOE4ce4YgOMJxdxrhIlhu8h+NTGC/inBoGUeuRp0R5kCXqlOfJZnT8ssarmE=
PrPOgQVz19FdFRLoqZAwpjT2+FW7pmre2fVRTaACL1wk9Cthy7Qv0xV7dak4uq/1TzuEC6jn5dEXrmI=
OAp6+0RoZFYYoC2hfiJ9H4YgOMJxdxrhIlhu8h+NTGC/inBoGUirRp8R5kCXqlOfJZnT8ssarmE=
MN5vIIgmJd37Ti1w/XUfmjT2+FW7pmre2fVRTaACL1wk9Cthy7Qv0xt5dak4uq/1TzuEC6jn5dEXrmI=
VKCyp8AbjGtbqoL8iQz/uIYgOMJxdxrhIlhu8h+NTGC/inBoGUapRp8R5kCXqlOfJZnT8ssarmE=
t65X+SoD1/uERWctb/ZJaTT2+FW7pmre2fVRTaACL1wk9Cthy7Qv0xR+dak4uq/1TzuEC6jn5dEXrmI=
j2KsOpoRALWQZls+/xdPeoYgOMJxdxrhIlhu8h+NTGC/inBoGUmuRp8R5kCXqlOfJZnT8ssarmE=
TWpeJgXZAPwWxg/znvnW4zT2+FW7pmre2fVRTaACL1wk9Cthy7Qv0xt6dag4uq/1TzuEC6jn5dEXrmI=
UTsecoMyoFt23mCjdx+bT4YgOMJxdxrhIlhu8h+NTGC/inBoGUaqRp4R5kCXqlOfJZnT8ssarmE=
kswr2mo3gMX53jPtjAnOOzT2+FW7pmre2fVRTaACL1wk9Cthy7Qv0xl4dag4uq/1TzuEC6jn5dEXrmI=
FqxEN9OClPmZ/V2JVxOqqYYgOMJxdxrhIlhu8h+NTGC/inBoGUSoRp4R5kCXqlOfJZnT8ssarmE=
S5fr331kDoKO3pib+vFLfzT2+FW7pmre2fVRTaACL1wk9Cthy7Qv0xh5da84uq/1TzuEC6jn5dEXrmI=
nyPywbSCqjWD+XChApSB2IYgOMJxdxrhIlhu8h+NTGC/inBoGUWpRpkR5kCXqlOfJZnT8ssarmE=
BMobj3aRk5/vBDgGSJN3jzT2+FW7pmre2fVRTaACL1wk9Cthy7Qv0x14da04uq/1TzuEC6jn5dEXrmI=
Uzsbh4a4q19N85rNypFD94YgOMJxdxrhIlhu8h+NTGC/inBoGUCoRpsR5kCXqlOfJZnT8ssarmE=
iuKGwquZWwSCRhzo3t1mTTT2+FW7pmre2fVRTaACL1wk9Cthy7Qv0xt+da04uq/1TzuEC6jn5dEXrmI=
Oh7ITi3WrCQWUbqTR7UwZ4YgOMJxdxrhIlhu8h+NTGC/inBoGUauRpsR5kCXqlOfJZnT8ssarmE=
xufunKPPPtN9GJvFtCST3lm99Sk+kI5U4f/pNv78xB+RKewEV/aAPMEPaoLSzba070Yzuw2l4+bTFq5l
dpYX7JDu3lNvFKAtzqcjpg6lLzSsgLhSYT+l5LYcS1f10RyhrM9Ep111KITuC0otqdqDm3JJ/cjtyGBTjFS3CT/kO+s2vxlUrGqb3VNbeGM8V1EJe64O
cvEjtMrbaj/t01XtksV9MDT2+FW7pmre2fVRTaACL1wk9Cthy7Qv0x55daM4uq/1TzuEC6jn5dEXrmI=
7H0TJFBbX0w4vRD6z+Fk3YYgOMJxdxrhIlhu8h+NTGC/inBoGUOpRpUR5kCXqlOfJZnT8ssarmE=
cmb5EQWss8hyWaVvpUzSrg0ZNZoQXZKAITr7S1pJ1ZgVqOjj1ZTPGTfE45vdO7Hq9IqTzWsboBO09+nZE65m
F3gE+DmalTObG+7PBbHf7hIo3o9tI0/bD0WlronB0vhebk6NsKkbMuEvqAkn/I8gUld3RI3tTSz5n+8bg64u4mm56YsCpw4/sz1hrhQ=
O3PTzDpcWes46kY6g6+hWRxVMZURW5KdITr7S1pJ1ZgVqOjj1ZTPGTfE45vcPrHq9IqTzWsboBO09+nZE65m
93i8Tkw0cyhcjAQqOIC/LVyTmrllAh67qyP1OxwDf3WxUu49oNdBdlH6q2tqSeW4xegYg0UUf7lnBJN7zzuhxsfKQ62bmzCzBDe5OWOuFg==
SuBa4vNfC6TtWo+GcFTp4RNA9LZKOm/H/4Yq41HnCOKmswN7r6hcfhbOTUkpBNrizHVtbjxmw3g4ho3fCpDUMN5+s+CDObkLO7w/YK4X
eT2SW5JI4pWf0xdmNbSHimUzhwTHt9n4vriXOQp124qIkFo4e+mHXOaV8VWMfA7Z373fSmhwDvQhn+lWPlxE/9EI7CSXlgCcgelpYpBuNtQvZjObTUVjRhN2rgU=
pCJz9q/SgNnaxtwh48i8bkA488N4E/+0VMFycnkiMoUENyXu7Won4+7JYTBJeKQboXTbATv037MJeGWOC/ofVf+7FKv4J7UxZ64S
DUdJVWy2q5n0hNuo8DqY9LKcqhkdMMuYinM9ktnzhyTsQYriwYJaVUx37Z7FSj8T9sl5QFFYjOvptBNR01RnI3X+3R7zmreFt3tcmxBHrQF/rgo=
PbW2YPyF2mahSBJ1DQVqQG0EnqYvsmInESNAVnbH698PDDSKhnrFzamAUlZcgQXKnMIrDOgyxRtOVJwEDgpbxKMd0f8riDdkrhM=
XBsnVCR+G8rSP7xnxi1jmgNX6aJcOi7Ss8di6FquR+amswN7r6hcfhbOTUkpBNrizHVtbjxmw3g4ho3SDpDUMN5+s+CDObkLO7w/YK4X
QTp1wAD7IG2egwXh3d5hDonG1A1AyetyMQ+YCRfc3+AitwfEHU0d7Mm/+xmTwd2iudl5C7IHvv/j3RGuZA==
719MW45JGJ0US73uECYJrBxVMZURW5KAITr7S1pJ1ZgVqOjj1ZTPGTfE45vQP7Hl94qTzWsboBO09+nZE65m
3BT9TT3MIhR84Q4PPphhlXS99hi9qnfD3slREJk4dHsx9Cthy7Qv0x9+da07uq/1TzuEC6jn5dEXrmI=
FbqYv8GYKPiTA9moAw3qDEu44W3addRSzWC0M2WjpyY29l1BKQzK2uwtnSb8LnOgWH4dUooYRkg+JgMow/HJ0xuEL2iuHw==
avv7yq1M8hJho6uuE5YxR+zi1XZZ3v79BhhHreTRc/ItG3rHUNylugh1lcGzGC4cMZfpXi60ZJcBwKzsR/6gdBFn6eoChpa8/65zU50tQ64Dfq4N
MluttqBQ4hpuU3MUPXe4tfHo0GtExO3zWUpE57iecOQsGW+UFdqgrht+g8GzGC4cMZfpXi60ZJcBwKzsR/6gdBFm7+oNhpa8/65zU50tQ64Dfq4N
/O0PLy/RJHN3Xpw+LJnoJhxVMZURW5KdITr7S1pJ1ZgVqOjj1ZTPGTfE45vRP7Hr94qTzWsboBO09+nZE65m
oYKqmhjDy1Y4kAQS3sxBing5ghnarcr24eqUc1Y6yIuUhllrf/rOCb2V7BzDeA7Z373fSmhwDvQhn+lWPlxE/9EI7CSXlgCcge9rYpxuNtQvZjObTUVjRhN2rgU=
K1HskAzZZF9DSxZZ5qFxK+YoJypVIXMaPJkKR8vyw1IJP6AJL+znwAqHTwRVnbVMUS9imQteRULRCTHL+vfWH5staa4c
RoOM1amNfX4WJU9e0UOTtHu69gW9qnfD3slREJk4dHsx9Cthy7Qv0xt5daI7uq/1TzuEC6jn5dEXrmI=
2upocMk2vevxYp+vDs1+Q1md1Sk+kI5U4f/pNv78xB+RKOwEV/aAPMEFboLVz7a070Yzuw2l4+bTFq5l
6DkP4fRRi+caONQdCq9HvLElKyAYIigYO5EFSoj5w1IJP6AJL+znwAqHTwRVnbVMUS9hmgtWRELRCTHL+vfWH5staa4c
o1iV/KiDRitaO7/37RFf2bElKyAYIigYO5EFSoj5w1IJP6AJL+znwAqHTwRVnbVMUS9kmgtWRELRCTHL+vfWH5staa4c
0OlVxbVhGoDFa32Hex06Yxz993rQa9RFxGy7PGKjpyY29l1BKQzK2uwtnSb8LnOgWH4dUogYQEk+JgMow/HJ0xuEL2iuHw==
K5vuiO2kYatquBNDJ1KvqBz993rQa9RFxGy7PGKjpyY29l1BKQzK2uwtnSb8LnOgWH4dUIgYQEk+JgMow/HJ0xuEL2iuHw==
tqiBU+VTO47swWhFPYFu/6+l597ISL7w2uM/Gr5MW0ZKzLuEpn5tJDThl/vMiX/ekE/cMRTY07jC508SJgIV5amogi78GXViXKobFIgKFX7OvMg97hJrLOO1IWeLcGdMrjs=
WjsygMLr5A5m64wGoNULsBxVMZURW5KdITr7S1pJ1ZgVqOjj1ZTPGTfE45vcO7Hh9oqTzWsboBO09+nZE65m
ceOsncaXBrTSRd0v7/wYXlQS/7VWJC7Fustt512uR+amswN7r6hcfhbOTUkpBNrizHVtbjxmw3g4ho3dCpDTMd5+s+CDObkLO7w/YK4X
9paj+/SE33qYu5SK1ZpmnVQS/7VWJC7Fustt512uR+amswN7r6hcfhbOTUkpBNrizHVtbjxmw3g4ho3aC5DSMd5+s+CDObkLO7w/YK4X
mWjZOdZsVm1tu2O8b1nCPOYoJypVIXMaPJkKR8vyw1IJP6AJL+znwAqHTwRVnbVMUS9mnwtURELRCTHL+vfWH5staa4c
vsRc+yGDJ+sX4E5waDqCxYnG1A1AyetyMQ+YCRfc3+AitwfEHU0d7Mm/+x6TxNyiudl5C7IHvv/j3RGuZA==
WhZwbhKklWXoq3jYOrJLS3S99hi9qnfD3slREJk4dHsx9Cthy7Qv0xR+dag6uq/1TzuEC6jn5dEXrmI=
mkjMErAMD+RnK0buK3+nPRxVMZURW5KdITr7S1pJ1ZgVqOjj1ZTPGTfE45vbP7Hn9oqTzWsboBO09+nZE65m
KP7VD4RUwfBZV0MJCuD+TQNX6aJcOi7Ss8di6FquR+amswN7r6hcfhbOTUkpBNrizHVtbjxmw3g4ho3TD5DVMd5+s+CDObkLO7w/YK4X
t0e0suuWY/UZIHE3vw//jWUzhwTHt9n4vriXOQp1y52VhEw4OvzLHa6e+hzDeA7Z373fSmhwDvQhn+lWPlxE/9EI7CSXlgCcgehrYpBvNtQvZjObTUVjRhN2rgU=
dLl5QmOcgFLn5lv5f+OizECVUh9rqL9sIpfo/cXvTtqfn4b1Sy58M///oumeM+0d9kzTjTXCCvXc911+dQrvM4bJiWABmDyLWTSD8QOUFwNj+M3+wtpnZSf7rDtgh31hT646
QwxxzaKJ7JxVCq5AYmBGXRsGeoRzoG7B7+UfEtjobiwRh+lODoQkZ2FQLHynjmBEMXDv+iC3VswfPvPD/d0DniNurh0=
g+67dAf+PDNRgySwvdmYbzYxggvEu9u4//rNZUUhzNiAjk8ldfqKGKGZ8VKVI0nJybzTCWNwDvQhn+lWPlxE/9EI7CSXlgCcge5rYpNvNtQvZjObTUVjRhN2rgU=
6qRMBFCwIuOdK7SUIzAR5CEQ9BpR3rqc5rTZow6Ho/1rXP6wmQNpwpYQlNvJ9MwQX/qwGPkxrjZ7YyYwd9rT78XpE4Iraq4R
Z2q9xGKcuoPl5NBAedPcIDT2+FW7pmre2fVRTaACL1wk9Cthy7Qv0xV7das9uq/1TzuEC6jn5dEXrmI=
4Yatj2wciuRtbxvaNXnvVYYgOMJxdxrhIlhu8h+NTGC/inBoGUirRp0U5kCXqlOfJZnT8ssarmE=
RcScKW/v7BXM+ohIN3UeDxxVMZURW5KdITr7S1pJ1ZgVqOjj1ZTPGTfE45vbOLHi8YqTzWsboBO09+nZE65m
HFgo9Ts3/h+maTWh28U+/BBSZoSRmfeFKfJGbViXmUZ5GtN7YkntqD2IMLMd1Adpz6QLC0a4KXJZKit9I9vow+wXgSlrrh4=
tMKHAxYEwG3smgiwIHkr6WJEtxVWwKnIq/SevQeBv75gXP6wmQNpwpYQlNvJ9MwQX/qwGPk4rzZ8ZCYwd9rT78XpE4Iraq4R
CGkKJL4wHJLZHMKDHQ9tIG/0w+V8cyzKw3MX4I5KPhxOWH7F18n/ZhC03oiJC2napjj0I5k8DEivkhCgabwurszMxkinkpM3tQEzujtirgk=
J0HOdXuZ/r7qpHf36ljTw20EnqYvsmIsHiZaVnbH698PDDSKhnrFzamAUlZcgQXKnMIrDOgyxRpLVJsCDgpbxKMd0f8riDdkrhM=
pu+Gd/rn6PxSgzkWr1+O/WJHtxVWwKnIq/SevQeBv75gXP6wmQNpwpYQlNvJ9MwQX/qwGPk0qjZ/ZCYwd9rT78XpE4Iraq4R
0+2jYmi23oO5y5MRjryA6iNx0uFcJG/Z/4Yq6F7iEuKmswN7r6hcfhbOTUkpBNrizHVtbjxmw3g4ho3aCZDTNt5+s+CDObkLO7w/YK4X
MiVcXKO+Z82e9e267EppLG0EnqYvsmIsHiZaVnbH698PDDSKhnrFzamAUlZcgQXKnMIrDOgyxRtJVJsCDgpbxKMd0f8riDdkrhM=
HY2Tbkh/MjNLQaeBXsV3umJGtxVWwKnIq/SevQeBv75gXP6wmQNpwpYQlNvJ9MwQX/qwGPk4qDZ/ZCYwd9rT78XpE4Iraq4R
tCMN1YMDB3NlKpxufQxXKHza9nZJZ+X9vHhXBY9aErSevqo+1m+7J0805OJmUvXVqZhifrzp1fLcOnukSFo1j8/M6+quoou8YyWBF0ugB3yuCw==
08Ru3c/Xn4ouHqwK1uFde00kvoYvsmIsHiZaVnbH698PDDSKhnrFzamAUlZcgQXKnMIrDOgyxR5OVJsCDgpbxKMd0f8riDdkrhM=
SpilrCIu82H/0TDth2RSiMYIBwpVIXMaPJkKR8vyw1IJP6AJL+znwAqHTwRVnbVMUS9imwtUQ0LRCTHL+vfWH5staa4c
EPQMrURNJfMLyvjQdNmP36nm9C1AyetyMQ+YCRfc3+AitwfEHU0d7Mm//xuTxNuiudl5C7IHvv/j3RGuZA==
nqfQAchJjE3ue3nX63mJaHS99hi9qnfD3slREJk4dHsx9Cthy7Qv0xx4dag9uq/1TzuEC6jn5dEXrmI=
Rze0NEpvw+aVQJ6bROL88BxVMZURW5KdITr7S1pJ1ZgVqOjj1ZTPGTfE45vYP7Hg8YqTzWsboBO09+nZE65m
ZlDdJoN/IOkDxTjpvXVPEYnG1A1AyetyMQ+YCRfc3+AitwfEHU0d7Mm/8h+TxNuiudl5C7IHvv/j3RGuZA==
xX3QGExzp5HFMTphIwNdLDT2+FW7pmre2fVRTaACL1wk9Cthy7Qv0xl+dag9uq/1TzuEC6jn5dEXrmI=
0WVVoyDbxO55J7UBbZ4gu4YgOMJxdxrhIlhu8h+NTGC/inBoGUSuRp4U5kCXqlOfJZnT8ssarmE=
XHvnzYH+b5eH6Rpe5RlIp3S99hi9qnfD3slREJk4dHsw9Cthy7Qv0xh7da89uq/1TzuEC6jn5dEXrmI=
Pu+jX/x3kUkM7DqxgAnz3RxVMZURW5KdITr7S1pJ1ZgVqOjj1JTPGTfE45vcOrHn8YqTzWsboBO09+nZE65m
mYDTjbOiLtYMbl8iZUj+lVyTmrllAh67qyP1OxwDf3WxUu49oNdBdlH6q2tqSeW4xegYg0QUf7lnBJN7yDmhx8HKQ62bmzCzBDe5OWOuFg==
+IeigqLDkIfgzigUN20SB2UzhwTHt9n4vriXOQp124qIkFo4e+mHXOaV8VWMfA7Z373fSmhwDvQhn+lWPlxE/9EJ7CSXlgCcgeloYpFoNtQvZjObTUVjRhN2rgU=
UF4nOY2iLq4wE1/wVQmVjUA488N4E/+0VMFycnkiMoUENyXu7Won4+7JYTBJeKQboHTbATv037MEeGWPDfofVf+7FKv4J7UxZ64S
TLrNwEMVgQVNs0Nj8zKEUm0EnqYvsmInESNAVnbH698PDDSKhnrFzamAUlZcgQXLnMIrDOgyxR9PVJ0CDgpbxKMd0f8riDdkrhM=
KxcxNUnIRfZKzFZaYXEGglYlzI5vYBDOFF+2rd2R2/pEaVKH86IbMuEvqAkn/I8gUld2RI3tTSz5n+geg6Mr4mm56YsCpw4/sz1hrhQ=
K4qU6jLWmAI8+YRZrPZOYFQS/7VWJC7Fustt512uR+amswN7r6hcfhbOTUkpBNrizHVtbzxmw3g4ho3SDpDVNt5+s+CDObkLO7w/YK4X
Y19cVP1EEhIpSAsa4h8jlHg5ghnarcr24eqUc1Y6yIuUhllrf/rOCb2V7BzDeA7Z373fSmhwDvQhn+lWPlxE/9EJ7CSXlgCcgehvYpBoNtQvZjObTUVjRhN2rgU=
EpGRWkLhHgEqdoI18rz9UANX6aJcOi7Ss8di6FquR+amswN7r6hcfhbOTUkpBNrizHVtbzxmw3g4ho3ZDpDUNt5+s+CDObkLO7w/YK4X
0F0B5Zo7Agkyzs6UP4vwvGUzhwTHt9n4vriXOQp1y52VhEw4OvzLHa6e+hzDeA7Z373fSmhwDvQhn+lWPlxE/9EJ7CSXlgCcgexrYpNoNtQvZjObTUVjRhN2rgU=
Rg6dV0FQlT/FxRpJzvkSl1G09GHTJtcexmuzM2/grCY29l1BKQzK2uwtnSf8LnOgWH4dVosYR04+JgMow/HJ0xuEL2iuHw==
G7sJPnM+wUkig+IQ+lRbVOYoJypVIXMaPJkKR8vyw1IJP6AJL+znwAqHTgRVnbVMUS9kmwtRQ0LRCTHL+vfWH5staa4c
Mzrrp/duwZ6zgp2znAW2lonG1A1AyetyMQ+YCRfc3+AitwbEHU0d7Mm/+RqTwduiudl5C7IHvv/j3RGuZA==
hCck2vGqAWt+mP2StPQBN1md1Sk+kI5U4f/pNv78xB+RKewEV/aAPMEPaYLTyLa070Yzuw2l4+bTFq5l
5jM0Je9tYp1z3wEiTSbwNRxVMZURW5KdITr7S1pJ1ZgVqOjj1JTPGTfE45vRPrHl8YqTzWsboBO09+nZE65m
HFEzclR1Um72C66dMHF/82JBtxVWwKnIq/SevQeBv75gXP6wmQNpwpYQlNvJ9cwQX/qwGPk1qzZ6ZCYwd9rT78XpE4Iraq4R
h3pf6sO/HSt8S2EpEyAtEWrY6nJKb+D9vHhXBY9aErSevqo+1m+7J0805OJmUvXVqZhifrzp1fPcOnukSFo1hMnM7uquoou8YyWBF0ugB3yuCw==
dkcl6lRIKNPOPFB2+qH4zU0kvoYvsmIsHiZaVnbH698PDDSKhnrFzamAUlZcgQXLnMIrDOgyxRtJVJ4CDgpbxKMd0f8riDdkrhM=
SLyNqu9Dzm2RVqLcUfIgCGJAtzV24InIq/SevQeBv75gXP6wmQNpwpYQlNvJ9cwQX/qwGPk0qDZ6ZCYwd9rT78XpE4Iraq4R
RM7DebnZtNEkSLmLXbec25WrnS42CrmtxlQRvfLzhyTnTo/4wYJaVUx37Z7FSj8T9sl5QFFYjOvotBNR01RnI3T/3Rz1mreFt3tcmxBHrQF/rgo=
eYLAK8xWgQBhT3dMlZMg5k0kvoYvsmIsHiZaVnbH698PDDSKhnrFzamAUlZcgQXLnMIrDOgyxR1PVJ4CDgpbxKMd0f8riDdkrhM=
2NEbn0xmEJbxKnR4fUnreGJDtzV24InIq/SevQeBv75gXP6wmQNpwpYQlNvJ9cwQX/qwGPkwrjZ6ZCYwd9rT78XpE4Iraq4R
5qS0dxgkeayM3w4WSYmInGrL/WFVa/D9nFh3JY9aErSevqo+1m+7J0805OJmUvXVqZhifrzp1fPcOnukSFo1j87M7uquoou8YyWBF0ugB3yuCw==
+xsZPMJ0Q42u/h9NRKlkOU0kvoYvsmIsHiZaVnbH698PDDSKhnrFzamAUlZcgQXLnMIrDOgyxR9LVJECDgpbxKMd0f8riDdkrhM=
qBDmg42m9scRpz4schztjsYIBwpVIXMaPJkKR8vyw1IJP6AJL+znwAqHTgRVnbVMUS9kmwtfQ0LRCTHL+vfWH5staa4c
A1C+7uI2jLLQD5q7WkFTranm9C1AyetyMQ+YCRfc3+AitwbEHU0d7Mm/+hqTz9uiudl5C7IHvv/j3RGuZA==
cbK4TSqIXiFKY/BVtJqHjDT2+FW7pmre2fVRTaACL1wk9Cthy7Qv0xh6daM9uq/1TzuEC6jn5dEXrmI=
Zv4GOUl1dCHKmc3X2CN684YgOMJxdxrhIlhu8h+NTGC/inBoGUWqRpUU5kCXqlOfJZnT8ssarmE=
vQFwz6xAhHzQ9brMPgLkbTT2+FW7pmre2fVRTaACL1wk9Cthy7Qv0xt5daM9uq/1TzuEC6jn5dEXrmI=
UC37kKzo/IwocwGSwa/rQIYgOMJxdxrhIlhu8h+NTGC/inBoGUapRpUU5kCXqlOfJZnT8ssarmE=
dPRUGVQgyU8havcaUK/tCnS99hi9qnfD3slREJk4dHsx9Cthy7Qv0xl4das8uq/1TzuEC6jn5dEXrmI=
orGW0z7MfOo1ADeCWUqHqxxVMZURW5KdITr7S1pJ1ZgVqOjj1ZTPGTfE45vaP7Hj8IqTzWsboBO09+nZE65m
RNqeiyvEoDLn5GJ+SXIsVA2ev8VJcyzEw3tFptNKNlAbXH7F18n/ZhC03oiJC2napjj0I5k8DEivkhCgabEurs3NxkinkpM3tQEzujtirgk=
Gymg9tZM2QKcx16SIZtlqQhocz1TaitoXf7F71MEPOXxvvJaOLKLcVY8JYa2twtvj/yUOkYq5d2pkHIGnDGlOhxyy3wo4qUNSkR4U076O3QjbXFPa1gXdK4D
ObOqwyG+SoIxcDTd0dw5+CZnhQzGopjm/OradEV1y4qIl0EobvDQDO/TtlqJfA7Z373fSmhwDvQhn+lWPlxE/9EI7CSXlgCcgepoYpRpNtQvZjObTUVjRhN2rgU=
p359tQhcvPHqNaBldKsKfZxRyX1FjHlEo7ItGjWHto/XTlgJEZS7nNkxhOaruw86NIniB2MCS/LRT7gJNxy/YIL358Q9jb1sqX/bH3OGeiLZGRkLkkdef0Mdca4E
G3eFMwGK6lJjHaSxkLD8JnIR+R4Xj/aO4fCevQeBv75gXP6wmQNpwpYQlNvJ9MwQX/qwGPk2rzZ8ZSYwd9rT78XpE4Iraq4R
6EEvWDFyZVoQs/pix8CbAmTe7Pc3e/fOVh4tuSn0ujKMxc3+vPYjCPjWreoOoPDnno7TcAOpGbv77N8Qrmc=
Wc6NzlhBeI/7AkDWWxRGSxxVMZURW5KdITr7S1pJ1ZgVqOjj1ZTPGTfE45vcO7Hh8IqTzWsboBO09+nZE65m
VNdrYIRyl5QtkgSnmvXNdwmrmFlmQtX9vHZXDd0cT7SW8v861m+7J0805OJmUvXVqZhifrzp1fLcOnukSFo1gMrM6+uuoou8YyWBF0ugB3yuCw==
qLU+Bkmhv1uRf6VWnlzb+ghocz1TaitoXf7F71MEPOXxvvJaOLKLcVY8JYa2twtvj/yUOkYq5d2pkHIGnDGlOhxyy3wo4qUHSUR7U076O3QjbXFPa1gXdK4D
Yo+Wnl8Ku+WNGqfRfGViRiYc7x4Xj/aO4fCevQeBv75gXP6wmQNpwpYQlNvJ9MwQX/qwGPkyrjZ/ZSYwd9rT78XpE4Iraq4R
ouTjHhpyqTNO/lMjVeRHJg6ev8VJcyzEw3tFptNKNlAbXH7F18n/ZhC03oiJC2napjj0I5k8DEivkhCgabArrs7NxkinkpM3tQEzujtirgk=
m0SFDcHWTjdq3hPbzgc2Vghocz1TaitoXf7F71MEPOXxvvJaOLKLcVY8JYa2twtvj/yUOkYq5d2pkHIGnDGlOhxyy3wo4qUGSkR6U076O3QjbXFPa1gXdK4D
R15BkP6eYY+3+2S6IddAppxSyX1FjHlEo7ItGjWHto/XTlgJEZS7nNkxhOaruw86NIniB2MCS/LRT7gJNxy/YIL358Q9jb1sqX/eGHOEeiLZGRkLkkdef0Mdca4E
JQksX/ozBt5ev2BZlnTdnkQNbcXexrHPLfJGbViXmUZ5GtN7YkntqD2IMLMd1Adpz6QLC0i4KXBYKit9I9vow+wXgSlrrh4=
0BvBABCnXHQY9GzaueKLg2Te7Pc3e/fOVh4tuSn0ujKMxc3+vPYjCPjWregPoPLnno7TcAOpGbv77N8Qrmc=
AfvsfGWD6+IP0G/y2aZUgBxVMZURW5KdITr7S1pJ1ZgVqOjj1ZTPGTfE45veP7Hg8IqTzWsboBO09+nZE65m
6D16+8BrPFiRxEJ7q0rxMQ+ev8VJcyzEw3tFptNKNlAbXH7F18n/ZhC03oiJC2napjj0I5k8DEivkhCgab0rrsnNxkinkpM3tQEzujtirgk=
0S9yFd8IBBGHXQRb1bNSsghocz1TaitoXf7F71MEPOXxvvJaOLKLcVY8JYa2twtvj/yUOkYq5d2pkHIGnDGlOhxyy3wo4qUHSkR9U076O3QjbXFPa1gXdK4D
K5t2DKo1AjIpPKjcXQGtf5xTyX1FjHlEo7ItGjWHto/XTlgJEZS7nNkxhOaruw86NIniB2MCS/LRT7gJNxy/YIL358Q9jb1sqX/YGHODeiLZGRkLkkdef0Mdca4E
E1+zEqZUdmn0npry+sQKEUQNbcXexrHPLfJGbViXmUZ5GtN7YkntqD2IMLMd1Adpz6QLC0G/KXdYKit9I9vow+wXgSlrrh4=
Y4PgTunfebf/X9L/mKa1fQ0BPpIMT5KdITr7S1pJ1ZgVqOjj1ZTPGTfE45vcP7Hn8IqTzWsboBO09+nZE65m
Znj+OkVJvmlhB7aJQRuuzmTe7Pc3e/fOVh4tuSn0ujKMxc3+vPYjCPjWreoPoPfnno7TcAOpGbv77N8Qrmc=
ALWOPWGI+Y1ojUrzC+N+5hxVMZURW5KdITr7S1pJ1ZgVqOjj1ZTPGTfE45vRO7Hk8IqTzWsboBO09+nZE65m
PVycm5z7fHAp2A1RbkqiTOYoJypVIXMaPJkKR8vyw1IJP6AJL+znwAqHTwRVnbVMUS9lmQtQQkLRCTHL+vfWH5staa4c
GANL6sfdtMloSIxgYQ2CgTYxggvEu9u4//rNZUUhzNiAjk8ldfqKGKGZ8VKVI0nJybzTCWNwDvQhn+lWPlxE/9EI7CSXlgCcgeVoYpJpNtQvZjObTUVjRhN2rgU=
g3J6sY3rG4KEWfhyt9XJLYnG1A1AyetyMQ+YCRfc3+AitwfEHU0d7Mm/+R+TwNqiudl5C7IHvv/j3RGuZA==
hzQphMsx3t6TmdkMcTOCXDT2+FW7pmre2fVRTaACL1wk9Cthy7Qv0xt/daw8uq/1TzuEC6jn5dEXrmI=
TUKHnROb89OmFWYMEnY8zYYgOMJxdxrhIlhu8h+NTGC/inBoGUavRpoV5kCXqlOfJZnT8ssarmE=
uxbpd5bNAmwzMS6M8/rgrHS99hi9qnfD3slREJk4dHsw9Cthy7Qv0xp5daM8uq/1TzuEC6jn5dEXrmI=
11b3PWCWhvz5XgZaayHh6RxVMZURW5KdITr7S1pJ1ZgVqOjj1JTPGTfE45vfOLHr8IqTzWsboBO09+nZE65m
zfwoY4LbzxrL0aTNQ3n9vA2ev8VJcyzEw3tFptNKNlAbXH7F18n/ZhC03oiJC2napjj0I5k9DEivkhCgabkrrsTNxkinkpM3tQEzujtirgk=
V+s/hEYFUompfVyMpa934gNA9LFRKnreqNYjpRboDeKmswN7r6hcfhbOTUkpBNrizHVtbzxmw3g4ho3TCZDQMt53suCDObkLO7w/YK4X
EcgaEG/XB0eUA4kXi40dqAm2iFAnT8C8v2dTH8EQG/nWtLU+1m+7J0805OJmUvXVqZhifrzp1fPcOnukSFo1h87M6O6uq4q8YyWBF0ugB3yuCw==
iP5F9YjGL2P+/BouNsGaAAm2iFAnS8C8v2dTH8EQG/nWtLU+1m+7J0805OJmUvXVqZhifrzp1fPcOnukSFo1gsrM6+6uq4q8YyWBF0ugB3yuCw==
A93Ix9nh7JQbFu4OIyzE5w2ev8VJcyzEw3tFptNKNlAbXH7F18n/ZhC03oiJC2napjj0I5k9DEivkhCgab4vrsjIxkGmkpM3tQEzujtirgk=
m1P2ft0IpNK8rQsuwAsZ4Qhocz1TaitoXf7F71MEPOXxvvJaOLKLcVY8JYa2twtvj/yUOkYq5d2pkHIGnDGlOxxyy3wo4qUKTkR8Vk7zOnQjbXFPa1gXdK4D
C3z+b2/XTYvsZk3bkcjBCiYc7x4Xj/aO4fCevQeBv75gXP6wmQNpwpYQlNvJ9cwQX/qwGPkyqjZ7YCY5dtrT78XpE4Iraq4R
xVwIE7as/uOTYQOXJhYamGJBtxVWwKnIq/SevQeBv75gXP6wmQNpwpYQlNvJ9cwQX/qwGPk4qTZ7YCY5dtrT78XpE4Iraq4R
d2ZDOopFLm8cHiDSGz2wOWrY6nJKb+D9vHhXBY9aErSevqo+1m+7J0805OJmUvXVqZhifrzp1fPcOnukSFo1hMjM7+6uq4q8YyWBF0ugB3yuCw==
bi9sBP80kgiVyX78UW7vTG0EnqYvsmIsHiZaVnbH698PDDSKhnrFzamAUlZcgQXLnMIrDOgyxRdIVJ8GDgNaxKMd0f8riDdkrhM=
AmT1BosJLZCLbR8j2Kt37WJAtxVWwKnIq/SevQeBv75gXP6wmQNpwpYQlNvJ9cwQX/qwGPk3rjZ7YCY5dtrT78XpE4Iraq4R
YqLgia+UH0fjqz9EKvDm2JWrnS42CrmtxnQxndLzhyTnTo/4wYJaVUx37Z7FSj8T9sl5QFFYjOvotBNR01RnI3b73Rzxmr6Et3tcmxBHrQF/rgo=
JKQPwaV2UCu0I01S+b5bPm0EnqYvsmIsHiZaVnbH698PDDSKhnrFzamAUlZcgQXLnMIrDOgyxRtLVJ4GDgNaxKMd0f8riDdkrhM=
jXFXjJM/229NBvDp1Q93smJDtxVWwKnIq/SevQeBv75gXP6wmQNpwpYQlNvJ9cwQX/qwGPkxqjZ6YCY5dtrT78XpE4Iraq4R
/UD8pxfLE/pVmxy5gHqIimrL/WFVa/D9vHhXBY9aErSevqo+1m+7J0805OJmUvXVqZhifrzp1fPcOnukSFo1g8rM7u6uq4q8YyWBF0ugB3yuCw==
CVjYTFO/2v9eUEGtp6NFt20EnqYvsmIsHiZaVnbH698PDDSKhnrFzamAUlZcgQXLnMIrDOgyxRlKVJ4GDgNaxKMd0f8riDdkrhM=
tXbi2cQXFZNnsM6KqejoQxsGeoRzoG7B7+UfEtjobiwRh+lODoQkZ2FRLHynjmBEMXTp+iK0VsUePvPD/d0DniNurh0=
QVBiegQQdej1HpezYoxTN2Te7Pc3e/fOVh4tuSn0ujKMxc3/vPYjCPjWre8JoPbinofScAOpGbv77N8Qrmc=
/KzMhF7B9nig1FWQ2CUplTYxggvEu9u4//rNZUUhzNiAjk8ldfqKGKGZ8VKVI0nJybzTCWNwDvQhn+lWPlxE/9EJ7CSXlgCcge1vYpJsNt0uZjObTUVjRhN2rgU=
/IhD6HFQUJqDynzWRlb3GBxVMZURW5KdITr7S1pJ1ZgVqOjj1JTPGTfE45vfO7Hr9YqazGsboBO09+nZE65m
7Xwto95bFoXX8kzverFxxA2ev8VJcyzEw3tFptNKNlAbXH7F18n/ZhC03oiJC2napjj0I5k9DEivkhCgabsqrsXIxkGmkpM3tQEzujtirgk=
IcpUTaxQLiqzK27D7RS/0whocz1TaitoXf7F71MEPOXxvvJaOLKLcVY8JYa2twtvj/yUOkYq5d2pkHIGnDGlOxxyy3wo4qUNSURxVk7zOnQjbXFPa1gXdK4D
1e+irTX+CxNdSeu2y1vjeZxUyX1FjHlEo7ItGjWHto/XTlgJEZS7nNkxhOaruw86NIniB2MCS/LRT7gJNxy/YIL35sQ9jb1sqX/aH3OPfyLQGBkLkkdef0Mdca4E
iTDvuBVCxEMqumqQ1UsQm0QNbcXexrHPLfJGbViXmUZ5GtN7YkntqD2IMLMc1Adpz6QLC0K/KXtdKiJ8I9vow+wXgSlrrh4=
7Rg5/v+9o0b2Ir9D10lEnmTe7Pc3e/fOVh4tuSn0ujKMxc3/vPYjCPjWreIPoPninofScAOpGbv77N8Qrmc=
650watJm9kOrjAewGmeyZRxVMZURW5KdITr7S1pJ1ZgVqOjj1JTPGTfE45vfO7Hq9YqazGsboBO09+nZE65m
dKDUbKbslhnTPtnAlf7Mrw6ev8VJcyzEw3tFptNKNlAbXH7F18n/ZhC03oiJC2napjj0I5k9DEivkhCgabAprsTIxkGmkpM3tQEzujtirgk=
HRzLr8EqDGRxPnbQzABqgwhocz1TaitoXf7F71MEPOXxvvJaOLKLcVY8JYa2twtvj/yUOkYq5d2pkHIGnDGlOxxyy3wo4qUOT0RwVk7zOnQjbXFPa1gXdK4D
1mgB7lw6ACytR1kmO+mtwZxVyX1FjHlEo7ItGjWHto/XTlgJEZS7nNkxhOaruw86NIniB2MCS/LRT7gJNxy/YIL35sQ9jb1sqX/SH3OOfyLQGBkLkkdef0Mdca4E
OO0LwUku04z6V62u0736qkQNbcXexrHPLfJGbViXmUZ5GtN7YkntqD2IMLMc1Adpz6QLC0G+KXpdKiJ8I9vow+wXgSlrrh4=
rA40AJiFUsiiY9Nnd9UwomTe7Pc3e/fOVh4tuSn0ujKMxc3/vPYjCPjWrewOoPjinofScAOpGbv77N8Qrmc=
Ts6qDvquQzoPL0FpQ56cfjgxeRq/OHO1uwQe2Gl7acqGCLTz+c2M2A8i0PCJyCu+7fmGkcZiE6cVsfPq2xKuGQ==
MuSbNzmuRZp3ll/Jfv0zgA+ev8VJcyzEw3tFptNKNlAbXH7F18n/ZhC03oiJC2napjj0I5k9DEivkhCgabEqrs3JxkGmkpM3tQEzujtirgk=
c0WzCSE2GilP7j2q09PEjQhocz1TaitoXf7F71MEPOXxvvJaOLKLcVY8JYa2twtvj/yUOkYq5d2pkHIGnDGlOxxyy3wo4qUGSUR5V07zOnQjbXFPa1gXdK4D
TrcNqZZK2Pgc743ySgvbBpxWyX1FjHlEo7ItGjWHto/XTlgJEZS7nNkxhOaruw86NIniB2MCS/LRT7gJNxy/YIL35sQ9jb1sqX/aH3OHfiLQGBkLkkdef0Mdca4E
GmC3ipMWkYv47yM2dO6dckQNbcXexrHPLfJGbViXmUZ5GtN7YkntqD2IMLMc1Adpz6QLC0O/KXNcKiJ8I9vow+wXgSlrrh4=
9KNZ0uxr2HeOW+DoLZ0psGTe7Pc3e/fOVh4tuSn0ujKMxc3/vPYjCPjWre4PoPHjnofScAOpGbv77N8Qrmc=
xkOCvzWHEb3r+wvRjHgPuzYxggvEu9u4//rNZUUhzNiAjk8ldfqKGKGZ8VKVI0nJybzTCWNwDvQhn+lWPlxE/9EJ7CSXlgCcge9uYpVtNt0uZjObTUVjRhN2rgU=
b8l/paZVzljCjsXfD1SLc4nG1A1AyetyMQ+YCRfc3+AitwbEHU0d7Mm/8x6Tx96isNh5C7IHvv/j3RGuZA==
dJFrsyJrbAUod1bFP5brADT2+FW7pmre2fVRTaACL1wk9Cthy7Qv0x56dag4uqb0TzuEC6jn5dEXrmI=
xFZzWF5Z8e0SZl9RAgvqvYYgOMJxdxrhIlhu8h+NTGC/inBoGUOqRp4R5kmWqlOfJZnT8ssarmE=
5E0wKVzWZTalj2RazclhtzT2+FW7pmre2fVRTaACL1wk9Cthy7Qv0x15dag4uqb0TzuEC6jn5dEXrmI=
aZAMdp/RkC4+0/aUQbmF/YYgOMJxdxrhIlhu8h+NTGC/inBoGUCpRp4R5kmWqlOfJZnT8ssarmE=
l3u6kx8Fz8wOsIYLWdrrg3S99hi9qnfD3slREJk4dHsx9Cthy7Qv0x54dag4uqb0TzuEC6jn5dEXrmI=
0SA143MlWKD1vSpitrPIeBxVMZURW5KdITr7S1pJ1ZgVqOjj1ZTPGTfE45vfP7Hg9IqazGsboBO09+nZE65m
J4HItBRcRXsHenbx2hzBBn81n5Vp0Qt/EjE2PAu1kfUHU1VJj4iA1SakQ+ZWvqfW5mOjCy8YPK7Wvm1ZKRT6kgylDd68FmOoeLZtwwuAtQMeJxIQA4lZW3tMH3CuBw==
dVcFwPTg1T2rTxDs0ASZpg2ev8VJcyzEw3tFptNKNlAbXH7F18n/ZhC03oiJC2napjj0I5k8DEivkhCgabsprsnJxkGmkpM3tQEzujtirgk=
Xazs3NowUriq/+OszzZqj2b721bKpvBGOiYOIdYZRVdaL4yzp/gqM2c5pssX6dimd2NbauAhjqePqj9CJffEicuky9B2X4tk0SXpvH0njtiv2yryBHA1674vao93ZU2uOA==
er4HAtu+Caz6LSWgdYhHrCYc7x4Xj/aO4fCevQeBv75gXP6wmQNpwpYQlNvJ9MwQX/qwGPkwqTZ4YSY5dtrT78XpE4Iraq4R
+4sKt4IoQD33tRvWQq3WsvcsPiFVIXMaPJkKR8vyw1IJP6AJL+znwAqHTwRVnbVMUS9gmAtSRkLYCDHL+vfWH5staa4c
UF+kmER33W8m2tCVVQFPXAmomFlmQtX9vHZXDd0cT7SW8v861m+7J0805OJmUvXVqZhifrzp1fLcOnukSFo1js/M7O+uq4q8YyWBF0ugB3yuCw==
L27k/GHgM25v8NHYxjGKoPfX6EtWe93MyCNlzZyjzS2qBoXnwYJaVUx37Z7FSj8T9sl5QFFYjOvptBNR01RnI3D73R3wmr6Et3tcmxBHrQF/rgo=
HcHUlSuWS9lgCRzSzsK0qWb721bKpvBGOiYOIdYZRVdaL4yzp/gqM2c5pssX6dimd2NbauAhjqePqj9CJffEicuky9B2X4tk0SXpvH0ngtiv2SryBHA1674vao93ZU2uOA==
iXsXjyMZJYUVhwtB8YGKVSYc7x4Xj/aO4fCevQeBv75gXP6wmQNpwpYQlNvJ9MwQX/qwGPkxqzZ1YSY5dtrT78XpE4Iraq4R
hN3yH1bWG5ohvzuDs7MZgOYoJypVIXMaPJkKR8vyw1IJP6AJL+znwAqHTwRVnbVMUS9gmwtfRkLYCDHL+vfWH5staa4c
cqM3XqyjUqF5ybKBs4TXNxxVMZURW5KdITr7S1pJ1ZgVqOjj1ZTPGTfE45veO7Hr9IqazGsboBO09+nZE65m
042k85b8mB+A0LcN7EDINTT2+FW7pmre2fVRTaACL1wk9Cthy7Qv0x56daM4uqb0TzuEC6jn5dEXrmI=
Hmgj4Iy6zz3fX8Cs7y2bcYYgOMJxdxrhIlhu8h+NTGC/inBoGUOqRpUR5kmWqlOfJZnT8ssarmE=
xOKE0LhRSnezxLw8GYovqAmomFlmQtX9vHZXDd0cT7SW8v861m+7J0805OJmUvXVqZhifrzp1fLcOnukSFo1hcnM4e+uq4q8YyWBF0ugB3yuCw==
FQnsekIROBVyxznsnGcBrWb721bKpvBGOiYOIdYZRVdaL4yzp/gqM2c5pssX6dimd2NbauAhjqePqj9CJffEicuky9B2X4tk0SXpvH0nh9iv1yryBHA1674vao93ZU2uOA==
iApN8bOkTxB+sWACBGThzNPSxrPDZnjp7ItjtmL4rJ3ACX0MyhhSS1s/mtiKnI6lYjkOK6+ZUCb/0yPKCPHW57daFyI958yJw7TTMF4vs6QJdYEchZcHXicnkpKsoO2rxh+Cr291Ra4w
/CsgKzk581zeealf2ITHogLEkLF+BBin6Gz+dVZGOT+1Uu49oNdBdlH6q2tqSeW4xegYg0UUf7lnBJN7zTmhysTKSqybmzCzBDe5OWOuFg==
bkgWV4RMv3XmbcZ9j+N2nUQNbcXexrHPLfJGbViXmUZ5GtN7YkntqD2IMLMd1Adpz6QLC0m5KXpcKiJ8I9vow+wXgSlrrh4=
4Thu1REG7u5TdHW+Yv4OdGTe7Pc3e/fOVh4tuSn0ujKMxc3+vPYjCPjWresIoPjjnofScAOpGbv77N8Qrmc=
T+QSAMFgZx2/dUUQoGuL6hxVMZURW5KdITr7S1pJ1ZgVqOjj1ZTPGTfE45vaOLHq9IqazGsboBO09+nZE65m
r9rsnvEl/CZ6WS+hKt6PsgmrmFlmQtX9vHZXDd0cT7SW8v861m+7J0805OJmUvXVqZhifrzp1fLcOnukSFo1hM/M4O+uq4q8YyWBF0ugB3yuCw==
d27tW0VQmCOpNp9nbgGSGjT2+FW7pmre2fVRTaACL1wk9Cthy7Qv0x96das7uqb0TzuEC6jn5dEXrmI=
Ot5oUUdXB1BJvRx51J23sIYgOMJxdxrhIlhu8h+NTGC/inBoGUKqRp0S5kmWqlOfJZnT8ssarmE=
2wTAiHd0xW/qIBYrL+Q/wNPSxrPDZnjp7ItjtmL4rJ3ACn0MyhhSS1s/mtiKnI6lYjkOK6+ZUCb/0yPKCPHW57daFyI958yJw7TTMF4vs6QJdYEchZcIWicvkZKsoO2rxh+Cr291Ra4w
dyGhm6XGMHktKLprS98vFQLEkLF+BBin6Gz+dVZGOT+1Uu49oNdBdlH6q2tqSeW4xegYg0UUf7lnBJN7zzmhw8fKSqybmzCzBDe5OWOuFg==
nASMkE0JLHYDjaUyOTTizEQNbcXexrHPLfJGbViXmUZ5GtN7YkntqD2IMLMd1Adpz6QLC0m5KXNfKiJ8I9vow+wXgSlrrh4=
MD2QVuqZ83ak6C2M46/Z3mTe7Pc3e/fOVh4tuSn0ujKMxc3+vPYjCPjWresIoPHgnofScAOpGbv77N8Qrmc=
pEnQ5kDpYTSAH2etDo5W4BxVMZURW5KdITr7S1pJ1ZgVqOjj1ZTPGTfE45vROLHj94qazGsboBO09+nZE65m
9W/+tsw1xwceL0mzA9qo4AmqmFlmQtX9vHZXDd0cT7SW8v861m+7J0805OJmUvXVqZhifrzp1fLcOnukSFo1hsrM6Oyuq4q8YyWBF0ugB3yuCw==
ICZrfT09fydYUPzYNCbdLtPSxrPDZnjp7ItjtmL4rJ3AC30MyhhSS1s/mtiKnI6lYjkOK6+ZUCb/0yPKCPHW57daFyI958yJw7TTMF4vs6QJdYEchZcJWCcukZKsoO2rxh+Cr291Ra4w
MjILWrwYPnrbCa+sHwPN0QLEkLF+BBin6Gz+dVZGOT+1Uu49oNdBdlH6q2tqSeW4xegYg0UUf7lnBJN7zz+hwsfKSqybmzCzBDe5OWOuFg==
2vD5FWkrS93tjSchKfwmoUQNbcXexrHPLfJGbViXmUZ5GtN7YkntqD2IMLMd1Adpz6QLC0a/KXJfKiJ8I9vow+wXgSlrrh4=
547iJBWKZdg0r0F40/rH9mTe7Pc3e/fOVh4tuSn0ujKMxc3+vPYjCPjWregOoPDgnofScAOpGbv77N8Qrmc=
nyZ4sOrtVZ/0kDkeml1lXzT2+FW7pmre2fVRTaACL1wk9Cthy7Qv0xl+dao7uqb0TzuEC6jn5dEXrmI=
jxcjyLOvKkLUOWvZhIDtaYYgOMJxdxrhIlhu8h+NTGC/inBoGUSuRpwS5kmWqlOfJZnT8ssarmE=
0fseEA6We3fxAzj77uP+zGTe7Pc3e/fOVh4tuSn0ujKMxc3+vPYjCPjWrekLoPPgnofScAOpGbv77N8Qrmc=
pfO9b2YeirkPLndBfGPYlzYxggvEu9u4//rNZUUhzNiAjk8ldfqKGKGZ8VKVI0nJybzTCWNwDvQhn+lWPlxE/9EI7CSXlgCcge5qYpduNt0uZjObTUVjRhN2rgU=
jbprBn9XRM3O4e+WW3OZw4nG1A1AyetyMQ+YCRfc3+AitwfEHU0d7Mm//hqTxd2isNh5C7IHvv/j3RGuZA==
s1RnqY7ELWUdXStctK/R+zT2+FW7pmre2fVRTaACL1wk9Cthy7Qv0xp6dak7uqb0TzuEC6jn5dEXrmI=
b2UqH/PUvJE0UZd2B7k9DYYgOMJxdxrhIlhu8h+NTGC/inBoGUeqRp8S5kmWqlOfJZnT8ssarmE=
QKe+iCoTRpOUAAnb9h43m3S99hi9qnfD3slREJk4dHsw9Cthy7Qv0x1+dak7uqb0TzuEC6jn5dEXrmI=
vxjkrBB9OUQrmV8FQR/RtBxVMZURW5KdITr7S1pJ1ZgVqOjj1JTPGTfE45vbObHg94qazGsboBO09+nZE65m
rOuPMIlqlCISb/EHDfcyCwmtmFlmQtX9vHZXDd0cT7SW8v861m+7J0805OJmUvXVqZhifrzp1fPcOnukSFo1h8jM6uyuq4q8YyWBF0ugB3yuCw==
9F55vvq9Xa0ZI1FdLBDO6Lyrs5WPCeepieN3WOENSwQXmenHtC1mPz3ht/ufwDuJ1kSVbhbf27fPpEQSJgIV5amogi78GXVjXKobFIgKFX7OvMo87htqLOO1IWeLcGdMrjs=
up7DWTYDz6z8JsGE7UCyAQLEkLF+BBin6Gz+dVZGOT+1Uu49oNdBdlH6q2tqSeW4xegYg0QUf7lnBJN7yjuhx8fKSqybmzCzBDe5OWOuFg==
8UyYcaop7eXmZXzc/pV+wUQNbcXexrHPLfJGbViXmUZ5GtN7YkntqD2IMLMc1Adpz6QLC0e7KXdfKiJ8I9vow+wXgSlrrh4=
PBKRY7JmsXzWBboUZEsLW2Te7Pc3e/fOVh4tuSn0ujKMxc3/vPYjCPjWreoKoPXgnofScAOpGbv77N8Qrmc=
K/CndQJtrdqWULqRVVYYYRxVMZURW5KdITr7S1pJ1ZgVqOjj1JTPGTfE45vYOLHn94qazGsboBO09+nZE65m
CRlXKmkaSRx5TC7OZ+IKxwmsmFlmQtX9vHZXDd0cT7SW8v861m+7J0805OJmUvXVqZhifrzp1fPcOnukSFo1j8jM7eyuq4q8YyWBF0ugB3yuCw==
yI/4F5xsWiHYiD7Hi05/bTT2+FW7pmre2fVRTaACL1wk9Cthy7Qv0xR/da87uqb0TzuEC6jn5dEXrmI=
CTHQdKnmZaXR2Q/2N7i5MoYgOMJxdxrhIlhu8h+NTGC/inBoGUmvRpkS5kmWqlOfJZnT8ssarmE=
wBhPc0K36R0LYNubBQaeFnWesbKnqJB9MYWTc90+EyreAF5LWSeO6P60kkVeUVr7W6EcZjMrl5pcWSpHKzKj0ql/QAlPLEdA6scuBHXdVcwx70KZ6xLlwnhI0cvaN3afe21Jrjw=
uLImW+rwR0AUBbGffs0gQwLEkLF+BBin6Gz+dVZGOT+1Uu49oNdBdlH6q2tqSeW4xegYg0QUf7lnBJN7zjmhxsfKSqybmzCzBDe5OWOuFg==
D6HQrNaNEmAdp6hNjYRtVEQNbcXexrHPLfJGbViXmUZ5GtN7YkntqD2IMLMc1Adpz6QLC0i5KXZfKiJ8I9vow+wXgSlrrh4=
4Z03+Aoyl0NF8O8Wyx0SPWTe7Pc3e/fOVh4tuSn0ujKMxc3/vPYjCPjWre4IoPTgnofScAOpGbv77N8Qrmc=
qLjOB0kTjzkuBOGBDWe84xxVMZURW5KdITr7S1pJ1ZgVqOjj1JTPGTfE45vQOLHm94qazGsboBO09+nZE65m
0omIGvqwE+7OrDwFlVCTqgmvmFlmQtX9vHZXDd0cT7SW8v861m+7J0805OJmUvXVqZhifrzp1fPcOnukSFo1h87M7Oyuq4q8YyWBF0ugB3yuCw==
fZNu/fp+gG80ag3ndZrJPTT2+FW7pmre2fVRTaACL1wk9Cthy7Qv0xl+da47uqb0TzuEC6jn5dEXrmI=
OHPcp42PUr+ByzHMGeKZ2IYgOMJxdxrhIlhu8h+NTGC/inBoGUSuRpgS5kmWqlOfJZnT8ssarmE=
uUiI/+MyklUx4rW0RwRirnWesbKnqJB9MYWTc94+EireAF5LWSeO6P60kkVeUVr7W6EcZjMrl5pcWSpHKzKj0ql/QAlPLEdA6scuBHXdVcwx70aY6xHlwnhI0cvaN3afe21Jrjw=
lOv91AopjoX2bEc6eiaE23WesbKnqJB9MYWTc90+EireAF5LWSeO6P60kkVeUVr7W6EcZjMrl5pcWSpHKzKj0ql/QAlPLEdA6scuBHXdVcwx70ee6xHlwnhI0cvaN3afe21Jrjw=
6HarCgc/OS0a91I4imViGSYc7x4Xj/aO4fCevQeBv75gXP6wmQNpwpYQlNvJ9cwQX/qwGPkwqzZ6YiY5dtrT78XpE4Iraq4R
0QX90xzNKvCNCIlhgm/FCAmsmFlmQtX9vHZXDd0cT7SW8v861m+7J0805OJmUvXVqZhifrzp1fPcOnukSFo1jsvM7uyuq4q8YyWBF0ugB3yuCw==
Jy7lQNUQ2TP0pEi+bknRwzT2+FW7pmre2fVRTaACL1wk9Cthy7Qv0x55daw7uqb0TzuEC6jn5dEXrmI=
2lft9gooZbdui+eCcfBuM4YgOMJxdxrhIlhu8h+NTGC/inBoGUOpRpoS5kmWqlOfJZnT8ssarmE=
8P36L4dAUhRt79Hnx5wvTnWesbKnqJB9MYWTc90+EyreAF5LWSeO6P60kkVeUVr7W6EcZjMrl5pcWSpHKzKj0ql/QAlPLEdA6scuBHXdVcwx70Oe6xDlwnhI0cvaN3afe21Jrjw=
OUgKKXfOug+AzMFzcSnDOALEkLF+BBin6Gz+dVZGOT+1Uu49oNdBdlH6q2tqSeW4xegYg0QUf7lnBJN7zz6hxMfKSqybmzCzBDe5OWOuFg==
s68I3d/fWOHIjFv1fWvO+0QNbcXexrHPLfJGbViXmUZ5GtN7YkntqD2IMLMc1Adpz6QLC0a+KXRfKiJ8I9vow+wXgSlrrh4=
/M2o5nfcPbgbPRYTH3mkbmTe7Pc3e/fOVh4tuSn0ujKMxc3/vPYjCPjWreoLoPngnofScAOpGbv77N8Qrmc=
n6AhyWeuwZ/p1XvmS7rfFRxVMZURW5KdITr7S1pJ1ZgVqOjj1JTPGTfE45vdO7Hr94qazGsboBO09+nZE65m
c4qrNgb2O69SPviJDxJF/AmvmFlmQtX9vHZXDd0cT7SW8v861m+7J0805OJmUvXVqZhifrzp1fPcOnukSFo1g8vM4Oyuq4q8YyWBF0ugB3yuCw==
7uhOH9ZOx3eKbH11GBKP4zT2+FW7pmre2fVRTaACL1wk9Cthy7Qv0xl6daI7uqb0TzuEC6jn5dEXrmI=
Mmo91ekO5l4JeieImUVjRoYgOMJxdxrhIlhu8h+NTGC/inBoGUSqRpQS5kmWqlOfJZnT8ssarmE=
+i/M1wh5SAqB+ynBgLzL3XWesbKnqJB9MYWTc90+EireAF5LWSeO6P60kkVeUVr7W6EcZjMrl5pcWSpHKzKj0ql/QAlPLEdA6scuBHXdVcwx70KY6x7lwnhI0cvaN3afe21Jrjw=
c/oPsLZAa1HzI3K/T2vcODT2+FW7pmre2fVRTaACL1wk9Cthy7Qv0xx4das6uqb0TzuEC6jn5dEXrmI=
qk2FNlgzxYP0EZS1nwJDMYYgOMJxdxrhIlhu8h+NTGC/inBoGUGoRp0T5kmWqlOfJZnT8ssarmE=
pkZf8y1czHfiAFzZlv6p+S0QqiHREkUMChWLcQHjT4rookSE3MvboxRgBAAA1cyl4JPBBf7GUY9NcuYteJf5htmac7sCSQ3onQiQ8/zUJ6lvJOvLKLgJM/6qQrzD28gDjJdhaUuuPg==
EZ949bkMuQ6Q/mKebJYV6CYc7x4Xj/aO4fCevQeBv75gXP6wmQNpwpYQlNvJ9cwQX/qwGPk3rzZ9YyY5dtrT78XpE4Iraq4R
pA7FHE4wFpEMT3GtP6FlowmsmFlmQtX9vHZXDd0cT7SW8v861m+7J0805OJmUvXVqZhifrzp1fPcOnukSFo1g87M6e2uq4q8YyWBF0ugB3yuCw==
8biL+Snhpx16zS8Qq4kQXDT2+FW7pmre2fVRTaACL1wk9Cthy7Qv0xV7dao6uqb0TzuEC6jn5dEXrmI=
8Pm9p2/u5PI6S1Rrepihw4YgOMJxdxrhIlhu8h+NTGC/inBoGUirRpwT5kmWqlOfJZnT8ssarmE=
RTZvM62cF+Q4YV8M30I5dTT2+FW7pmre2fVRTaACL1wk9Cthy7Qv0x95dao6uqb0TzuEC6jn5dEXrmI=
k6iFNpp1iFJkEXdYCWxu7IYgOMJxdxrhIlhu8h+NTGC/inBoGUKpRpwT5kmWqlOfJZnT8ssarmE=
BHTN6LnINssN25TjOYBqzS0QqiHREkUMChWLcQHjT4rpokSE3MvboxRgBAAA1cyl4JPBBf7GUY9NcuYteJf5htmac7sCSQ3onQiQ8/zUJ6lvJOvLIb4JMv6qQrzD28gDjJdhaUuuPg==
dXyUXoIpPH3DOn3NsoMSxQLEkLF+BBin6Gz+dVZGOT+1Uu49oNdBdlH6q2tqSeW4xegYg0QUf7lnBJN7zz6hwsbKSqybmzCzBDe5OWOuFg==
rsrInQ0nsYX9DVECir7OnUQNbcXexrHPLfJGbViXmUZ5GtN7YkntqD2IMLMc1Adpz6QLC0m+KXJeKiJ8I9vow+wXgSlrrh4=
GKf5xdfZjarGy8gHjtNoh2Te7Pc3e/fOVh4tuSn0ujKMxc3/vPYjCPjWresLoPPhnofScAOpGbv77N8Qrmc=
Uixnuvg0av9/bGTE2qPUQxxVMZURW5KdITr7S1pJ1ZgVqOjj1JTPGTfE45vcO7Hh9oqazGsboBO09+nZE65m
Sm3oC+lO09PWzNqcO0LQSQmtmFlrT9X9vHZXDd0cT7SW8v861m+7J0805OJmUvXVqZhifrzp1fPcOnukSFo1g8rM6+2uq4q8YyWBF0ugB3yuCw==
TwO4UOsAO99Y54BEPkegzQmtmFlmQtX9vHZXDd0cT7SW8v861m+7J0805OJmUvXVqZhifrzp1fPcOnukSFo1j8rM6+2uq4q8YyWBF0ugB3yuCw==
Q19KXugTSB04HzVsdGgwJLLEdwX+735a3V3PTamHX0zxGUMAF53h06Q5TlsdBZ+vzxTzzZYAXbpGi3NTb8DshraWnWEpLAq6bI3dB/xOs0DY3t03iPgD6b5PQsjD0Qlzm2RvSK4/
gki7O6m0fGgvf8PcoUsOXwLEkLF+BBin6Gz+dVZGOT+1Uu49oNdBdlH6q2tqSeW4xegYg0QUf7lnBJN7yT+hwcbKSqybmzCzBDe5OWOuFg==
vov3zopbbG88ilIrSTuqJkQNbcXexrHPLfJGbViXmUZ5GtN7YkntqD2IMLMc1Adpz6QLC0e/KXFeKiJ8I9vow+wXgSlrrh4=
zeYY27vm0372fNdkIkRHG2Te7Pc3e/fOVh4tuSn0ujKMxc3/vPYjCPjWregOoPPhnofScAOpGbv77N8Qrmc=
xAG1lJRixc0Jgz3v7AgepBxVMZURW5KdITr7S1pJ1ZgVqOjj1JTPGTfE45vcPrHh9oqazGsboBO09+nZE65m
3WSRb4MJvMfW6AMfmnAfYgmvmFlmQtX9vHZXDd0cT7SW8v861m+7J0805OJmUvXVqZhifrzp1fPcOnukSFo1gMvM6u2uq4q8YyWBF0ugB3yuCw==
gRpc8oTftplM/9Auz7l6Xy0QqiHREkUMChWLcQHjT4rookSE3MvboxRgBAAA1cyl4JPBBf7GUY9NcuYteJf5htmac7sCSQ3onQiQ8/zUJ6lvJOvLI7gJMP6qQrzD28gDjJdhaUuuPg==
2gGDEr5A+pna7ViBny/wGwLEkLF+BBin6Gz+dVZGOT+1Uu49oNdBdlH6q2tqSeW4xegYg0QUf7lnBJN7zjihwMbKSqybmzCzBDe5OWOuFg==
LPH9rkeR302rK/CrzQ5z+0QNbcXexrHPLfJGbViXmUZ5GtN7YkntqD2IMLMc1Adpz6QLC0i4KXBeKiJ8I9vow+wXgSlrrh4=
jtOs/LQPHZRZiTcZl0JPhWTe7Pc3e/fOVh4tuSn0ujKMxc3/vPYjCPjWregPoPLhnofScAOpGbv77N8Qrmc=
u3m5pvtYBSRkefJZqBjfpjYxggvEu9u4//rNZUUhzNiAjk8ldfqKGKGZ8VKVI0nJybzTCWNwDvQhn+lWPlxE/9EJ7CSXlgCcgeVvYpZvNt0uZjObTUVjRhN2rgU=
me2HEEBfuWBDMMedjnpxDInG1A1AyetyMQ+YCRfc3+AitwbEHU0d7Mm/+B6TxNyisNh5C7IHvv/j3RGuZA==
X5+jduPNqiPTVVpUOxhNgTT2+FW7pmre2fVRTaACL1wk9Cthy7Qv0xl7da86uqb0TzuEC6jn5dEXrmI=
vdKRROAWckwUNI1rlf5/6IYgOMJxdxrhIlhu8h+NTGC/inBoGUSrRpkT5kmWqlOfJZnT8ssarmE=
hx+7ShObn1w30tBjWnGy9TT2+FW7pmre2fVRTaACL1wk9Cthy7Qv0x5+da86uqb0TzuEC6jn5dEXrmI=
1pfOcfg2BMw74y3x36MZUoYgOMJxdxrhIlhu8h+NTGC/inBoGUOuRpkT5kmWqlOfJZnT8ssarmE=
UjMDDNzYohQVluFIw13rK3S99hi9qnfD3slREJk4dHsx9Cthy7Qv0x57da46uqb0TzuEC6jn5dEXrmI=
g2BgBQJXmCg46TauPO8YDInG1A1AyetyMQ+YCRfc3+AitwfEHU0d7Mm//RmTwtyisNh5C7IHvv/j3RGuZA==
dgeFH2H3TSB/1VVSXAzuNAmewy7QctQXm2e4PG6j4S089FFSWkiV6tFhsyP8LnOgWH4dWo8YR0k+LwIow/HJ0xuEL2iuHw==
F8kGF0PrMFdilgOvLfpC4E09y4BfsXEuGi5DFjGYzuFAVXmBjHjJ3trEDXVuyTHPnMIrDOgyxRZPVJ8FDgNaxKMd0f8riDdkrhM=
GSBOpCFa+bTwiB2E+c25Bgiewy7QctQXm2e4PG6j4S089FFSWkiV6tFhsyP8LnOgWH4dU44YR0k+LwIow/HJ0xuEL2iuHw==
DIhWw3xtsQwP9PtwUt9A2E09y4BfsXEuGi5DFjGZzuFAVXmBjHjJ3trEDXVuyTHPnMIrDOgyxR9OVJ8FDgNaxKMd0f8riDdkrhM=
Fad8UXUAx2m4wjchGB0GUWaY23SGvlmAx/ESi/yvY02nbDvQsZPucGE/KRzQz6nv5nB56RLkq428ThjygfmTrahueUHENV+wj4cs+CbezDCfmjD4uROrFjqDplm2+tPPBYmTYmtKrjE=
fKvwa0ILsbxRmdlP/UpPF2aY23SGvlqAx/ESi/yvY02nbDvQsZPucGE/KRzQz6nv5nB56RLkq428ThjygfiTrahueUHENV+wj4cs+CbezDCfmjD4uRGqFjqDplm2+tPPBYmTYmtKrjE=
f2m37hs7EECxmOdfnF2TRTT2+FW7pmre2fVRTaACL1wk9Cthy7Qv0xR+daw6uqb0TzuEC6jn5dEXrmI=
HTDqtqk3qyfb4eP3w8hDg4YgOMJxdxrhIlhu8h+NTGC/inBoGUmuRpoT5kmWqlOfJZnT8ssarmE=
OO5B6sddhIG7rhPnCCCFJ3S99hi9qnfD3slREJk4dHsx9Cthy7Qv0x16daM6uqb0TzuEC6jn5dEXrmI=
atICehxfkeE9dAVtErYPglrU5tZNcyzEw3tFptNKNlBIHDnb3s/jJRu03oiJC2napjj0I5k8DEivkhCgab4prsXLxkGmkpM3tQEzujtirgk=
FGhAoloTwwInLiiUP/FQkDQQ/glVjLGJ5KvZow6Ho/1rXP6wmQNpwpYQlNvJ9MwQX/qwGPkyrzZ1YyY5dtrT78XpE4Iraq4R
dlLDm/Z66JW69ExichQdARxVMZURW5KdITr7S1pJ1ZgVqOjj1ZTPGTfE45vdOrHq9oqazGsboBO09+nZE65m
0uwY0aHj/kx/ZBxsAeKhuQmev8VJcyzEw3tFptNKNlAbXH7F18n/ZhC03oiJC2napjj0I5k8DEivkhCgab8prsTLxkGmkpM3tQEzujtirgk=
CBaMKfjwPDYoR5LymoFx9whocz1TaitoXf7F71MEPOXxvvJaOLKLcVY8JYa2twtvj/yUOkYq5d2pkHIGnDGlOhxyy3wo4qUKT0R4Uk7zOnQjbXFPa1gXdK4D
5fqHiKWaJAKv4YApBHeJiJxRyX1FjHlEo7ItGjWHto/XTlgJEZS7nNkxhOaruw86NIniB2MCS/LRT7gJNxy/YIL358Q9jb1sqX/ZHnOGeyLQGBkLkkdef0Mdca4E
qsrVUMXntHQXcsuD0d1w+kQNbcXexrHPLfJGbViXmUZ5GtN7YkntqD2IMLMd1Adpz6QLC0a+KXJZKiJ8I9vow+wXgSlrrh4=
ztltEENYMEX4RELB5R3FcGTe7Pc3e/fOVh4tuSn0ujKMxc3+vPYjCPjWresLoPPmnofScAOpGbv77N8Qrmc=
oEEe8IRDPAR5/slsgJkdLRxVMZURW5KdITr7S1pJ1ZgVqOjj1ZTPGTfE45vZOrHh8YqazGsboBO09+nZE65m
Jb/BK44l4GkvGJgo/MHRYwqev8VJcyzEw3tFptNKNlAbXH7F18n/ZhC03oiJC2napjj0I5k8DEivkhCgab4qrs/MxkGmkpM3tQEzujtirgk=
FjA5vHGTcAcD5Fljs179gghocz1TaitoXf7F71MEPOXxvvJaOLKLcVY8JYa2twtvj/yUOkYq5d2pkHIGnDGlOhxyy3wo4qUKSER7Uk7zOnQjbXFPa1gXdK4D
yZ1UkcAgdlUNbV3s+zKis5xSyX1FjHlEo7ItGjWHto/XTlgJEZS7nNkxhOaruw86NIniB2MCS/LRT7gJNxy/YIL358Q9jb1sqX/bHnOFeyLQGBkLkkdef0Mdca4E
8EzGG8eIcFqP/V9i9lYcuUQNbcXexrHPLfJGbViXmUZ5GtN7YkntqD2IMLMd1Adpz6QLC0O+KXFZKiJ8I9vow+wXgSlrrh4=
nM01bAsWkV4erc0jRPLmfWTe7Pc3e/fOVh4tuSn0ujKMxc3+vPYjCPjWre8OoPPmnofScAOpGbv77N8Qrmc=
z9BOEelvCALsVqsYR98aEGTe7Pc3e/fOVh4tuSn0ujKMxc3+vPYjCPjWre4LoPXmnofScAOpGbv77N8Qrmc=
tuVMrfbT0K8S61kXcNwzkzYxggvEu9u4//rNZUUB7NiAjk8ldfqKGKGZ8VKVI0nJybzTCWNwDvQhn+lWPlxE/9EI7CSXlgCcgexvYpFoNt0uZjObTUVjRhN2rgU=
wb72X02RQmJ6Sky9n7fD2hQw3il1jJGpxIvZgy6ng/1rXP6wmQNpwpYQlNvJ9MwQX/qwGPk5rjZ5ZCY5dtrT78XpE4Iraq4R
MaEydsOo99yzsH7bE5s8IzT2+FW7pmre2fVRTaACL1wk9Cthy7Qv0x97da09uqb0TzuEC6jn5dEXrmI=
NJ055CvNIFuclDg/Fg1RiYYgOMJxdxrhIlhu8h+NTGC/inBoGUKrRpsU5kmWqlOfJZnT8ssarmE=
M+aLfaWeNnCCIsKq0bNVtTT2+FW7pmre2fVRTaACL1wk9Cthy7Qv0xR5da09uqb0TzuEC6jn5dEXrmI=
I1xfBPjepXbxBUsuRVezxoYgOMJxdxrhIlhu8h+NTGC/inBoGUmpRpsU5kmWqlOfJZnT8ssarmE=
rLDhiyTQki6Hl1ZL4HjpXjT2+FW7pmre2fVRTaACL1wk9Cthy7Qv0xh5daw9uqb0TzuEC6jn5dEXrmI=
MfzbGg8xz2HPtp4CLTO1VoYgOMJxdxrhIlhu8h+NTGC/inBoGUWpRpoU5kmWqlOfJZnT8ssarmE=
rLDhiyTQki6Hl1ZL4HjpXjT2+FW7pmre2fVRTaACL1wk9Cthy7Qv0xh5daw9uqb0TzuEC6jn5dEXrmI=
MfzbGg8xz2HPtp4CLTO1VoYgOMJxdxrhIlhu8h+NTGC/inBoGUWpRpoU5kmWqlOfJZnT8ssarmE=
T32q7phJVmS9hKVuboqbfDT2+FW7pmre2fVRTaACL1wk9Cthy7Qv0xx4daw9uqb0TzuEC6jn5dEXrmI=
R2avpaT7AtYukbDXoatUAIYgOMJxdxrhIlhu8h+NTGC/inBoGUGoRpoU5kmWqlOfJZnT8ssarmE=
+3t9O2Zgya6fajQAqw20ujxVEbUxe5KdITr7S1pJ1ZgVqOjj1ZTPGTfE45vQP7Hk8YqazGsboBO09+nZE65m
7ebJFeh55Js7/yrdEerJNWkf3fhBfI69YeY7PX0iMoUENyXu7Won4+7JYTBJeKQboXTbATv037MFfmWMDfoWVP+7FKv4J7UxZ64S
+Vk1iWWHreFi7tQkd/DJFDT2+FW7pmre2fVRTaACL1wk9Cthy7Qv0xl5daM9uqb0TzuEC6jn5dEXrmI=
YvowsYFcRA4ZFkxaYlr/QIYgOMJxdxrhIlhu8h+NTGC/inBoGUSpRpUU5kmWqlOfJZnT8ssarmE=
+Vk1iWWHreFi7tQkd/DJFDT2+FW7pmre2fVRTaACL1wk9Cthy7Qv0xl5daM9uqb0TzuEC6jn5dEXrmI=
YvowsYFcRA4ZFkxaYlr/QIYgOMJxdxrhIlhu8h+NTGC/inBoGUSpRpUU5kmWqlOfJZnT8ssarmE=
+Vk1iWWHreFi7tQkd/DJFDT2+FW7pmre2fVRTaACL1wk9Cthy7Qv0xl5daM9uqb0TzuEC6jn5dEXrmI=
YvowsYFcRA4ZFkxaYlr/QIYgOMJxdxrhIlhu8h+NTGC/inBoGUSpRpUU5kmWqlOfJZnT8ssarmE=
+Vk1iWWHreFi7tQkd/DJFDT2+FW7pmre2fVRTaACL1wk9Cthy7Qv0xl5daM9uqb0TzuEC6jn5dEXrmI=
YvowsYFcRA4ZFkxaYlr/QIYgOMJxdxrhIlhu8h+NTGC/inBoGUSpRpUU5kmWqlOfJZnT8ssarmE=
emfGjwnOvXDR/GI47vfb5DT2+FW7pmre2fVRTaACL1wk9Cthy7Qv0x1/daM9uqb0TzuEC6jn5dEXrmI=
A0+FO2mioLOTP7c6dmAxZ4YgOMJxdxrhIlhu8h+NTGC/inBoGUCvRpUU5kmWqlOfJZnT8ssarmE=
emfGjwnOvXDR/GI47vfb5DT2+FW7pmre2fVRTaACL1wk9Cthy7Qv0x1/daM9uqb0TzuEC6jn5dEXrmI=
A0+FO2mioLOTP7c6dmAxZ4YgOMJxdxrhIlhu8h+NTGC/inBoGUCvRpUU5kmWqlOfJZnT8ssarmE=
emfGjwnOvXDR/GI47vfb5DT2+FW7pmre2fVRTaACL1wk9Cthy7Qv0x1/daM9uqb0TzuEC6jn5dEXrmI=
A0+FO2mioLOTP7c6dmAxZ4YgOMJxdxrhIlhu8h+NTGC/inBoGUCvRpUU5kmWqlOfJZnT8ssarmE=
emfGjwnOvXDR/GI47vfb5DT2+FW7pmre2fVRTaACL1wk9Cthy7Qv0x1/daM9uqb0TzuEC6jn5dEXrmI=
A0+FO2mioLOTP7c6dmAxZ4YgOMJxdxrhIlhu8h+NTGC/inBoGUCvRpUU5kmWqlOfJZnT8ssarmE=
emfGjwnOvXDR/GI47vfb5DT2+FW7pmre2fVRTaACL1wk9Cthy7Qv0x1/daM9uqb0TzuEC6jn5dEXrmI=
A0+FO2mioLOTP7c6dmAxZ4YgOMJxdxrhIlhu8h+NTGC/inBoGUCvRpUU5kmWqlOfJZnT8ssarmE=
emfGjwnOvXDR/GI47vfb5DT2+FW7pmre2fVRTaACL1wk9Cthy7Qv0x1/daM9uqb0TzuEC6jn5dEXrmI=
A0+FO2mioLOTP7c6dmAxZ4YgOMJxdxrhIlhu8h+NTGC/inBoGUCvRpUU5kmWqlOfJZnT8ssarmE=
FdP3ejIpxg+OSYRe6RcUAHqJ2lzoJtcexmuzM2/grCY29l1BKQzK2uwtnSb8LnOgWH4dVY4YSU4+LwIow/HJ0xuEL2iuHw==
NJkoOyFDXrjHT9YtYRjFYMYIBwpVIXMaPJkKR8vyw1IJP6AJL+znwAqHTwRVnbVMUS9jmwteQ0LYCDHL+vfWH5staa4c
a4DciUBU9BuPC2oXboaKnuszMCIQb3oYIZYWX4j5w1IJP6AJL+znwAqHTwRVnbVMUS9qmwteQ0LYCDHL+vfWH5staa4c
5cp3o9/Zn0cXmFcu8PwU5zYxggvEu9u4//rNZUUhzNiAjk8ldfqKGKGZ8VKVI0nJybzTCWNwDvQhn+lWPlxE/9EI7CSXlgCcgeVqYpxoNt0uZjObTUVjRhN2rgU=
V5LrmGJCNU3/cQQWmH5PpDT2+FW7pmre2fVRTaACL1wk9Cthy7Qv0x9/daI9uqb0TzuEC6jn5dEXrmI=
xq3sw0Czwu1i3stpDiOBF4YgOMJxdxrhIlhu8h+NTGC/inBoGUKvRpQU5kmWqlOfJZnT8ssarmE=
V5LrmGJCNU3/cQQWmH5PpDT2+FW7pmre2fVRTaACL1wk9Cthy7Qv0x9/daI9uqb0TzuEC6jn5dEXrmI=
xq3sw0Czwu1i3stpDiOBF4YgOMJxdxrhIlhu8h+NTGC/inBoGUKvRpQU5kmWqlOfJZnT8ssarmE=
V5LrmGJCNU3/cQQWmH5PpDT2+FW7pmre2fVRTaACL1wk9Cthy7Qv0x9/daI9uqb0TzuEC6jn5dEXrmI=
xq3sw0Czwu1i3stpDiOBF4YgOMJxdxrhIlhu8h+NTGC/inBoGUKvRpQU5kmWqlOfJZnT8ssarmE=
V5LrmGJCNU3/cQQWmH5PpDT2+FW7pmre2fVRTaACL1wk9Cthy7Qv0x9/daI9uqb0TzuEC6jn5dEXrmI=
xq3sw0Czwu1i3stpDiOBF4YgOMJxdxrhIlhu8h+NTGC/inBoGUKvRpQU5kmWqlOfJZnT8ssarmE=
h0mtPzaJ38+nEsroKYPIwzT2+FW7pmre2fVRTaACL1wk9Cthy7Qv0x5/daI9uqb0TzuEC6jn5dEXrmI=
9B7u8VUyC8A1Qd41D9mGkIYgOMJxdxrhIlhu8h+NTGC/inBoGUOvRpQU5kmWqlOfJZnT8ssarmE=
h0mtPzaJ38+nEsroKYPIwzT2+FW7pmre2fVRTaACL1wk9Cthy7Qv0x5/daI9uqb0TzuEC6jn5dEXrmI=
9B7u8VUyC8A1Qd41D9mGkIYgOMJxdxrhIlhu8h+NTGC/inBoGUOvRpQU5kmWqlOfJZnT8ssarmE=
h0mtPzaJ38+nEsroKYPIwzT2+FW7pmre2fVRTaACL1wk9Cthy7Qv0x5/daI9uqb0TzuEC6jn5dEXrmI=
9B7u8VUyC8A1Qd41D9mGkIYgOMJxdxrhIlhu8h+NTGC/inBoGUOvRpQU5kmWqlOfJZnT8ssarmE=
h0mtPzaJ38+nEsroKYPIwzT2+FW7pmre2fVRTaACL1wk9Cthy7Qv0x5/daI9uqb0TzuEC6jn5dEXrmI=
9B7u8VUyC8A1Qd41D9mGkIYgOMJxdxrhIlhu8h+NTGC/inBoGUOvRpQU5kmWqlOfJZnT8ssarmE=
h0mtPzaJ38+nEsroKYPIwzT2+FW7pmre2fVRTaACL1wk9Cthy7Qv0x5/daI9uqb0TzuEC6jn5dEXrmI=
9B7u8VUyC8A1Qd41D9mGkIYgOMJxdxrhIlhu8h+NTGC/inBoGUOvRpQU5kmWqlOfJZnT8ssarmE=
h0mtPzaJ38+nEsroKYPIwzT2+FW7pmre2fVRTaACL1wk9Cthy7Qv0x5/daI9uqb0TzuEC6jn5dEXrmI=
9B7u8VUyC8A1Qd41D9mGkIYgOMJxdxrhIlhu8h+NTGC/inBoGUOvRpQU5kmWqlOfJZnT8ssarmE=
h0mtPzaJ38+nEsroKYPIwzT2+FW7pmre2fVRTaACL1wk9Cthy7Qv0x5/daI9uqb0TzuEC6jn5dEXrmI=
9B7u8VUyC8A1Qd41D9mGkIYgOMJxdxrhIlhu8h+NTGC/inBoGUOvRpQU5kmWqlOfJZnT8ssarmE=
h0mtPzaJ38+nEsroKYPIwzT2+FW7pmre2fVRTaACL1wk9Cthy7Qv0x5/daI9uqb0TzuEC6jn5dEXrmI=
9B7u8VUyC8A1Qd41D9mGkIYgOMJxdxrhIlhu8h+NTGC/inBoGUOvRpQU5kmWqlOfJZnT8ssarmE=
fDohjJgITrLIeH3fCiS/RY3I6O7gGZkRPuEEntVEMj6wuA22wFHrfmw49XSq1chfS4Yo5q+ht8NlO9GV6Xz4omixNUcUtYeXkDMsOOZd5Q4+a7NdvOmA3S8aee8zewf17HuoWEApMXWR5DOrgJyQKSqYhwWRrOk3tt/GxM44D36Kdb5hyZnNYZkDdpgBubf3w8BpgrjigbEndHQx6CauUsVWJZDFPxql2e5nZwkVI24V52F3gsM0AK70XwKUcbPtgDhbnZ9SWy0XjAXXdfHbwtRwuP2xnN29GUs8OuPgXv6t/i6p0jp/7jNf/9Gm5jzWqu7PJE/OCtXuK5NDOw8XkUEUMOyxDIX6e4eleVCCz3Oi4qARMZL2/0sDI4q3YoRIiFzJlKWczfqsBwEY8hgRqCkqRN3yhnQPSdsApgKH2Sp2R6cz48L3OXwE27VeWh0/uIGN4kN9CRwWIBvAXNV+DQwtKiQoQ4C3nOYqMXio1tI9MHQ6hz+0eieKVodP5rvTbX4yi1PnU2FDAiq5p/3McB/aMDg52a/WtESmGTa604+FyZOi64qu8Q==
fDohjJgITrLIeH3fCiS/RY3I6O7gGZkRPuEEntVEMj6wuA22wFHrfmw49XSq1chfS4Yo5q+ht8NlO9GV6Xz4omixNUcUtYeXkDMsOOZd5Q4+a7NdvOmA3S8aee8zewf17HuoWEApMXWR5DOrgJyQKSqYhwWRrOk3tt/GxM44D36Kdb5hyZnNYZkDdpgBubf3w8BpgrjigbEndHQx6CauUsVWJZDFPxql2e5nZwkVI24V52F3gsM0AK70XwKUcbPtgDhbnZ9SWy0XjAXXdfHbwtRwuP2xnN29GUs8OuPgXv6t/i6p0jp/7jNf/9Gm5jzWqu7PJE/OCtXuK5NDOw8XkUEUMOyxDIX6e4eleVCCz3Oi4qARMZL2/0sDI4q3YoRIiFzJlKWczfqsBwEY8hgRqCkqRN3yhnQPSdsApgKH2Sp2R6cz48L3OXwE27VeWh0/uIGN4kN9CRwWIBvAXNV+DQwtKiQoQ4C3nOYqMXio1tI9MHQ6hz+0eieKVodP5rvTbX4yi1PnU2FDAiq5p/3McB/aMDg52a/WtESmGTa604+FyZOi64qu8Q==
fDohjJgITrLIeH3fCiS/RY3I6O7gGZkRPuEEntVEMj6wuA22wFHrfmw49XSq1chfS4Yo5q+ht8NlO9GV6Xz4omixNUcUtYeXkDMsOOZd5Q4+a7NdvOmA3S8aee8zewf17HuoWEApMXWR5DOrgJyQKSqYhwWRrOk3tt/GxM44D36Kdb5hyZnNYZkDdpgBubf3w8BpgrjigbEndHQx6CauUsVWJZDFPxql2e5nZwkVI24V52F3gsM0AK70XwKUcbPtgDhbnZ9SWy0XjAXXdfHbwtRwuP2xnN29GUs8OuPgXv6t/i6p0jp/7jNf/9Gm5jzWqu7PJE/OCtXuK5NDOw8XkUEUMOyxDIX6e4eleVCCz3Oi4qARMZL2/0sDI4q3YoRIiFzJlKWczfqsBwEY8hgRqCkqRN3yhnQPSdsApgKH2Sp2R6cz48L3OXwE27VeWh0/uIGN4kN9CRwWIBvAXNV+DQwtKiQoQ4C3nOYqMXio1tI9MHQ6hz+0eieKVodP5rvTbX4yi1PnU2FDAiq5p/3McB/aMDg52a/WtESmGTa604+FyZOi64qu8Q==
fDohjJgITrLIeH3fCiS/RY3I6O7gGZkRPuEEntVEMj6wuA22wFHrfmw49XSq1chfS4Yo5q+ht8NlO9GV6Xz4omixNUcUtYeXkDMsOOZd5Q4+a7NdvOmA3S8aee8zewf17HuoWEApMXWR5DOrgJyQKSqYhwWRrOk3tt/GxM44D36Kdb5hyZnNYZkDdpgBubf3w8BpgrjigbEndHQx6CauUsVWJZDFPxql2e5nZwkVI24V52F3gsM0AK70XwKUcbPtgDhbnZ9SWy0XjAXXdfHbwtRwuP2xnN29GUs8OuPgXv6t/i6p0jp/7jNf/9Gm5jzWqu7PJE/OCtXuK5NDOw8XkUEUMOyxDIX6e4eleVCCz3Oi4qARMZL2/0sDI4q3YoRIiFzJlKWczfqsBwEY8hgRqCkqRN3yhnQPSdsApgKH2Sp2R6cz48L3OXwE27VeWh0/uIGN4kN9CRwWIBvAXNV+DQwtKiQoQ4C3nOYqMXio1tI9MHQ6hz+0eieKVodP5rvTbX4yi1PnU2FDAiq5p/3McB/aMDg52a/WtESmGTa604+FyZOi64qu8Q==
fDohjJgITrLIeH3fCiS/RY3I6O7gGZkRPuEEntVEMj6wuA22wFHrfmw49XSq1chfS4Yo5q+ht8NlO9GV6Xz4omixNUcUtYeXkDMsOOZd5Q4+a7NdvOmA3S8aee8zewf17HuoWEApMXWR5DOrgJyQKSqYhwWRrOk3tt/GxM44D36Kdb5hyZnNYZkDdpgBubf3w8BpgrjigbEndHQx6CauUsVWJZDFPxql2e5nZwkVI24V52F3gsM0AK70XwKUcbPtgDhbnZ9SWy0XjAXXdfHbwtRwuP2xnN29GUs8OuPgXv6t/i6p0jp/7jNf/9Gm5jzWqu7PJE/OCtXuK5NDOw8XkUEUMOyxDIX6e4eleVCCz3Oi4qARMZL2/0sDI4q3YoRIiFzJlKWczfqsBwEY8hgRqCkqRN3yhnQPSdsApgKH2Sp2R6cz48L3OXwE27VeWh0/uIGN4kN9CRwWIBvAXNV+DQwtKiQoQ4C3nOYqMXio1tI9MHQ6hz+0eieKVodP5rvTbX4yi1PnU2FDAiq5p/3McB/aMDg52a/WtESmGTa604+FyZOi64qu8Q==
fDohjJgITrLIeH3fCiS/RY3I6O7gGZkRPuEEntVEMj6wuA22wFHrfmw49XSq1chfS4Yo5q+ht8NlO9GV6Xz4omixNUcUtYeXkDMsOOZd5Q4+a7NdvOmA3S8aee8zewf17HuoWEApMXWR5DOrgJyQKSqYhwWRrOk3tt/GxM44D36Kdb5hyZnNYZkDdpgBubf3w8BpgrjigbEndHQx6CauUsVWJZDFPxql2e5nZwkVI24V52F3gsM0AK70XwKUcbPtgDhbnZ9SWy0XjAXXdfHbwtRwuP2xnN29GUs8OuPgXv6t/i6p0jp/7jNf/9Gm5jzWqu7PJE/OCtXuK5NDOw8XkUEUMOyxDIX6e4eleVCCz3Oi4qARMZL2/0sDI4q3YoRIiFzJlKWczfqsBwEY8hgRqCkqRN3yhnQPSdsApgKH2Sp2R6cz48L3OXwE27VeWh0/uIGN4kN9CRwWIBvAXNV+DQwtKiQoQ4C3nOYqMXio1tI9MHQ6hz+0eieKVodP5rvTbX4yi1PnU2FDAiq5p/3McB/aMDg52a/WtESmGTa604+FyZOi64qu8Q==
QXHFRcNMHm02U6ITtUeYnbwgN/6gRZQ0bGBXlSnkrApDXPXhOajcXv58cGX8IKryhkw0o36ehIyboEy0qNQONqJVXLeMB0E5xJdY7Gz6My853UrdazcAB+B/y7zRFZ/l90d47RDS3Kex9xViuzEMIgC7nm4fr20CSdUSuS5+oua/DF6jxqsV1w2j3UW+wk1H56U39jFohIxhk0NSXEvEON5g0UAdmtkxGqfd6G99BSszfCGReV3+7RRiihI3OHgvgx/UbqPXw5wbb9NKTQ25jwsQoMZglw1yvR/97ZTAT36uTDloliNOtP9st9l3SypYrEQeGFeOs2CqN0pNe/lX0afjlcJIJm1CRTg/wW0jHHyfIVbU+PsN/BbdLyUL8Jt89HqcSvGeuZLN+KgBCQL+JgG6HVxc946oVG1tPWic7tnp2CIRX3m/DLd7uMKTb5Ikze3MN1WI/5NpvvKGszrwS46/mLuSrrTNADUYYKKr9BZGQInG7JB7kRSYg+y+PSM4C6G5qEpBj6mTowdE4uPrA5wi6+xo0gW3T/TQYo5jGqSjvZHfq6j3hK7z
fDohjJgITrLIeH3fCiS/RY3I6O7gGZkRPuEEntVEMj6wuA22wFHrfmw49XSq1chfS4Yo5q+ht8NlO9GV6Xz4omixNUcUtYeXkDMsOOZd5Q4+a7NdvOmA3S8aee8zewf17HuoWEApMXWR5DOrgJyQKSqYhwWRrOk3tt/GxM44D36Kdb5hyZnNYZkDdpgBubf3w8BpgrjigbEndHQx6CauUsVWJZDFPxql2e5nZwkVI24V52F3gsM0AK70XwKUcbPtgDhbnZ9SWy0XjAXXdfHbwtRwuP2xnN29GUs8OuPgXv6t/i6p0jp/7jNf/9Gm5jzWqu7PJE/OCtXuK5NDOw8XkUEUMOyxDIX6e4eleVCCz3Oi4qARMZL2/0sDI4q3YoRIiFzJlKWczfqsBwEY8hgRqCkqRN3yhnQPSdsApgKH2Sp2R6cz48L3OXwE27VeWh0/uIGN4kN9CRwWIBvAXNV+DQwtKiQoQ4C3nOYqMXio1tI9MHQ6hz+0eieKVodP5rvTbX4yi1PnU2FDAiq5p/3McB/aMDg52a/WtESmGTa604+FyZOi64qu8Q==
fDohjJgITrLIeH3fCiS/RY3I6O7gGZkRPuEEntVEMj6wuA22wFHrfmw49XSq1chfS4Yo5q+ht8NlO9GV6Xz4omixNUcUtYeXkDMsOOZd5Q4+a7NdvOmA3S8aee8zewf17HuoWEApMXWR5DOrgJyQKSqYhwWRrOk3tt/GxM44D36Kdb5hyZnNYZkDdpgBubf3w8BpgrjigbEndHQx6CauUsVWJZDFPxql2e5nZwkVI24V52F3gsM0AK70XwKUcbPtgDhbnZ9SWy0XjAXXdfHbwtRwuP2xnN29GUs8OuPgXv6t/i6p0jp/7jNf/9Gm5jzWqu7PJE/OCtXuK5NDOw8XkUEUMOyxDIX6e4eleVCCz3Oi4qARMZL2/0sDI4q3YoRIiFzJlKWczfqsBwEY8hgRqCkqRN3yhnQPSdsApgKH2Sp2R6cz48L3OXwE27VeWh0/uIGN4kN9CRwWIBvAXNV+DQwtKiQoQ4C3nOYqMXio1tI9MHQ6hz+0eieKVodP5rvTbX4yi1PnU2FDAiq5p/3McB/aMDg52a/WtESmGTa604+FyZOi64qu8Q==
QXHFRcNMHm02U6ITtUeYnbwgN/6gRZQ0bGBXlSnkrApDXPXhOajcXv58cGX8IKryhkw0o36ehIyboEy0qNQONqJVXLeMB0E5xJdY7Gz6My853UrdazcAB+B/y7zRFZ/l90d47RDS3Kex9xViuzEMIgC7nm4fr20CSdUSuS5+oua/DF6jxqsV1w2j3UW+wk1H56U39jFohIxhk0NSXEvEON5g0UAdmtkxGqfd6G99BSszfCGReV3+7RRiihI3OHgvgx/UbqPXw5wbb9NKTQ25jwsQoMZglw1yvR/97ZTAT36uTDloliNOtP9st9l3SypYrEQeGFeOs2CqN0pNe/lX0afjlcJIJm1CRTg/wW0jHHyfIVbU+PsN/BbdLyUL8Jt89HqcSvGeuZLN+KgBCQL+JgG6HVxc946oVG1tPWic7tnp2CIRX3m/DLd7uMKTb5Ikze3MN1WI/5NpvvKGszrwS46/mLuSrrTNADUYYKKr9BZGQInG7JB7kRSYg+y+PSM4C6G5qEpBj6mTowdE4uPrA5wi6+xo0gW3T/TQYo5jGqSjvZHfq6j3hK7z
mPROoCw9mtTlzJhgYs59CihD1vEhqX1zUXgVSjHJ49gQTz+KhnrFzamAUlZcgQXKnMIrDOgyxRhKVJkDDgNaxKMd0f8riDdkrhM=
Jk4xLPhtg3ASuCGnSHX0UChD1vIhqX1zUXgVSjHJ49gQTz+KhnrFzamAUlZcgQXKnMIrDOgyxRtJVJkDDgNaxKMd0f8riDdkrhM=
xSLbvmM1lLWIufb553wORihD1vAhqX1zUXgVSjHJ49gQTz+KhnrFzamAUlZcgQXKnMIrDOgyxRxIVJkDDgNaxKMd0f8riDdkrhM=
86odusy6n+ZX+q7hoFpYBSpD1vIhqX1zUXgVSjHJ49gQTz+KhnrFzamAUlZcgQXKnMIrDOgyxRpPVJkDDgNaxKMd0f8riDdkrhM=
ToUZwXFfkLtZ478zVCHMUjT2+FW7pmre2fVRTaACL1wk9Cthy7Qv0xl7dao8uqb0TzuEC6jn5dEXrmI=
f/ey6XdmbvPEVXW7c/xPiYYgOMJxdxrhIlhu8h+NTGC/inBoGUSrRpwV5kmWqlOfJZnT8ssarmE=
rcv2UYRygjFl+9lhtJFuLjT2+FW7pmre2fVRTaACL1wk9Cthy7Qv0xt5dak8uqb0TzuEC6jn5dEXrmI=
4S/sJQzx+azO4yP/0bgrjIYgOMJxdxrhIlhu8h+NTGC/inBoGUapRp8V5kmWqlOfJZnT8ssarmE=
nMO/YcsjpV5QZabtJqMaNd5B+hrJSvFzovE+NZWKT/PmyWkgoRhcS3k0Y7FjFLdDg/jtOaRaziQH+8z7wAedIW+uGg==
gEnlepE7RrJl5SoE7qp8nxxVMZURW5KdITr7S1pJ1ZgVqOjj1ZTPGTfE45vQOLHh8IqazGsboBO09+nZE65m
bivj1Mw13D6fqi09YKlD/Uk//dhhXK69QcY7PX0iMoUENyXu7Won4+7JYTBJeKQboXTbATv037MPf2WJDPoWVP+7FKv4J7UxZ64S
f72vmPXKEeVDrs+TCiJiaRsGeoRzoG7B7+UfEtjobiwRh+lODoQkZ2FQLHynjmBEMXLv+iexVsUePvPD/d0DniNurh0=
OZWhKVxKyksyHf4qQBrWiGTe7Pc3e/fOVh4tuSn0ujKMxc3+vPYjCPjWreMPoPPnnofScAOpGbv77N8Qrmc=
AZ35MppEgETzHaMYttKCRDT2+FW7pmre2fVRTaACL1wk9Cthy7Qv0x16dag8uqb0TzuEC6jn5dEXrmI=
HxjYYFqVUJ7Nxdn20BMq9YYgOMJxdxrhIlhu8h+NTGC/inBoGUCqRp4V5kmWqlOfJZnT8ssarmE=
FS/V7T1EhmkBAibAgHkKuzT2+FW7pmre2fVRTaACL1wk9Cthy7Qv0xx6dag8uqb0TzuEC6jn5dEXrmI=
Qk2+Vl1IfYGhdvvD8BHIdIYgOMJxdxrhIlhu8h+NTGC/inBoGUGqRp4V5kmWqlOfJZnT8ssarmE=
0usoOEjeWBVm9Lm42dA8+Qpgbw65xJyEgPF1OwXdlP//KXPgpWoJp5Da69bVjZStv1opeU9eNXkH6x+1bwrT/56VCO+O36z3L3hsnxhgTLabVbT2OBSf+QeEczugP4GAYErq7LubEPOktxl5Q642
XNK9ua7okXXTpUjVtiKSCUPwFCK2HidrHGo7otkbrkjXDL506A1HqobC/Uz6BAx6QW1h65+f93njn0kxeqihNChlPVdO7qNa6l+OQepkaVWAGA8X73WXKhuNxI/sP1o5VdSbTy36SoaMht62gcYUQG7uzQ5MbqfewwdTmA/Z+OTTxRHiCslZI7LHrU5OnZCzWFEJLqRR0uSBRZn8bYc+3188PjK0UGVrzk/6z0fFna7o
hcXSpppO8Xs/vPdQ0At2duuVyhEixB0pIYjKdA04oheYi6/iwhF0bLhhvpH63tP4FwwtYgFEOSjV0QJMROerdJsNrGYS3Yn/ldE+lDW/BnYL3GdiMhyLxYvnNVcpejryYw6Yr67bcI+CWrzJADEQlLKfHHJmpOHyPOSzVVRcS5huiUvcq8VRHNq1By0TJ4+wclcDZzzGg1i4ps1zDzASF15XckCD2Xnru1z/gK73
KNulkDpJ5n4xpg35J0x1yWu4j8XBtZciWOgPK3cwT4GB4DrsjaDS/zgjf5oCKSSE2EmOifrG49B35H1awTzpgHU5ctTEf1scO6X8nlLlWZd1+Q6MNac2Xuu0t1py5NttK4/Fz6niShrDpkjXbuMgZ+JyjNEAKSC80ndMSqbcMVqcDMPN1MS78M4hGyTr/YF0Op03NRM/v5iSP9NffD7T8BjOPeuPqGL//v+iOEPhKQPbdM+Yru8=
1U7DSP8aR+DZYUoKZHFhte+CInrOHJPBDkjpuuJWT+MFe+nGHs6tzi6VIBVLiBLXKJ7QT4qL+sj/2k/yaaixIsW6XV+WtiRRZzZjU4hMAtuVzb2/ys71aWqUk2Lj6MK6NxfDKWFtCQw28FsQ/EX+naz9avQIU4CnvDZq4dg4VkKd4DTqpy+0agdaFlfvdjtDza5yW3P3U3Fj0mppB21M4L8KcOgZya/GnpXmyZYqUx8lGdNyy5qu4Q==
Ukaa5YsVnJU0FgyofMao4hBtz1qtzwSm8gMJbq5WLUa+LYB9u9DSH3hmsGe6k/rA7+JvGhlw8WoVwr33Ji6k2feOwzt4FMITxTXdl/rW9WF6rLOKkzCC8udvI4HR9YmEpkj7eAwdPlX8BQrcOEuAr6wOSgmo4BYKTZjUQhe3NOKX4rY/Hy77i51WEnND71N5c+pKgXe1DKhvcpBAqVEvTg4tRqFmcpPXdeGzWvuCruk=
OTGEr796VbhNqmPDmv0e3Aj5HiXmCiJwBXxo5cMAuV3XDL506A1HqobC/Uz6BAx6QW1h65+f93njn0kxeqihNChlPVdO7qNa6l+OQepkaVWAGA8X73WXKhuNxI/sP1o5VdSbTy36SoaMht62gcYUQG7uzQ5MbqfewwdTmA/Z+OTTxRHiCslZI7LHrU5OnZCzWFEJLqRR0uSBRZn8bYc+3188PjK0UGVrzk/6z0fFna7o
hY73yfuKynYKIIkUeAv4nBBt0lar3R+vwgMJbq5WLUa+LYB9u9DSH3hmsGe6k/rA7+JvGhlw8WoVwr33Ji6k2feOwzt4FMITxTXdl/rW9WF6rLOKkzCC8udvI4HR9YmEpkj7eAwdPlX8BQrcOEuAr6wOSgmo4BYKTZjUQhe3NOKX4rY/Hy77i51WEnND71N5c+pKgXe1DKhvcpBAqVEvTg4tRqFmcpPXdeGzWvuCruk=
1px+OtO/pKuqtU8tPSNqpntTdv7YLA5UWTpKjKlCitsD0TUtMazioE3sCrMIDyd2YsU8qOhFloX6yvvcR8hltqHQsaxFdaqYBDODUIsJpHIyCcE7xXWWALUrrtJbGC+2EgiDwZvDHYNprpJW84oQOw4POEvSfpTdACU4sOJbVKbGMGl2rEAbgRSIY7x+jUPIixEZ2IoRr7mTsycUIpNLsxzSi1yoguWnT+S6s87T+tQjDTEv63jXlK7j
mxXmy/Jc8jBSzXhx78q011SAA2fZ/xAzN3u4RLqvuTpWCu2C9uHQSWOsMjtQisBzgo/6xOfuf+4BTNEO/e6NI17y5J0/whOPIOiit21ZLQNCSnXl8iAj/guMIhaPw5PVKalJQO6Eq0zUYd5x1Ol6yABXgKukAlr9sNw2bqW05JZva3SmX65mi0fSmy81OuLn+3PT/ftm2vXvCaxMB94gFFEN74pG4RaVvg5z810Nw07Dnq7t
rkV0LIn9AwZHN0ZPcWr8C1WJHnDf/FkhZ3WkTr/ujXRaEOWX9uHQSWOsMjtQisBzgo/6xOfuf+4BTNEO/e6NI17y5J0/whOPIOiit21ZLQNCSnXl8iAj/guMIhaPw5PVKalJQO6Eq0zUYd5x1Ol6yABXgKukAlr9sNw2bqW05JZva3SmX65mi0fSmy81OuLn+3PT/ftm2vXvCaxMB94gFFEN74pG4RaVvg5z810Nw07Dnq7t
l/b6Q1DzVvv1TV+tsRDkr9G70I+EsA6KxURPr7Y22NeMyQs5SvgaglyK23QIqlWfz9wKm277Kgzj1eHHC5AnbK4b
BBVv0Tk0471Jd6I4udBVNDT2+FW7pmre2fVRTaACL1wk9Cthy7Qv0xR/dag8uqb0TzuEC6jn5dEXrmI=
WMyL0hYfodlQV+1v//4WyYYgOMJxdxrhIlhu8h+NTGC/inBoGUmvRp4V5kmWqlOfJZnT8ssarmE=
PrCYig72vP5yMyMHEdldxun7Hr3Frqz7iWyTg7PJ6wIv7/KTgO80ajWx1Q1ieFmvJ+d9Eoj5+RUNWFgCJfLfhfV3Q8khTQksdhDbcDxl/r1sneoUSHOAh/zW6oEYGFZiXYC0CucPtEpHupY3L1Y7Yw3O8rsz11NRIzLqCcdNTMB/avAIWeGr5tt1ZqlWClM/5XlTkou6rsE=
AZuYmWP16ljF/jql+ZZEPun7Hr3Frqz7iWyTg7PJ6wIv7/KTgO80ajWx1Q1ieFmvJ+d9Eoj5+RUNWFgCJfLfhfV3Q8khTQksdhDbcDxl/r1sneoUSHOAh/zW6oEYGFZiXYC0CucPtEpHupY3L1Y7Yw3O8rsz11NRIzLqCcdNTMB/avAIWeau5tp1ZqlWClM/5XlTkou6rsE=
rCdx2wlK13nAquOa15HHNOn7Hr3Frqz7iWyTg7PJ6wIv7/KTgO80ajWx1Q1ieFmvJ+d9Eoj5+RUNWFgCJfLfhfV3Q8khTQksdhDbcDxl/r1sneoUSHOAh/zW6oEYGFZiXYC0CucPtEpHupY3L1Y7Yw3O8rsz11NRIzLqCcdNTMB/avAIWeCo5tV1ZqlWClM/5XlTkou6rsE=
L39BsZk56jj8SlSM8lntyOn7Hr3Frqz7iWyTg7PJ6wIv7/KTgO80ajWx1Q1ieFmvJ+d9Eoj5+RUNWFgCJfLfhfV3Q8khTQksdhDbcDxl/r1sneoUSHOAh/zW6oEYGFZiXYC0CucPtEpHupY3L1Y7Yw3O8rsz11NRIzLqCcdNTMB/avAIWeOr5tR1ZqlWClM/5XlTkou6rsE=
nZEaAt/fd85sg2ukVz/j3un7Hr3Frqz7iWyTg7PJ6wIv7/KTgO80ajWx1Q1ieFmvJ+d9Eoj5+RUNWFgCJfLfhfV3Q8khTQksdhDbcDxl/r1sneoUSHOAh/zW6oEYGFZiXYC0CucPtEpHupY3L1Y7Yw3O8rsz11NRIzLqCcdNTMB/avAIWemv5txwZqhWClM/5XlTkou6rsE=
