FvV1r8zAxTeRHdPVAgdWNh9GJHh2F5kmV8k8R6ClqaxTYTUbZwMXW5VqKDtrx8hMXLka0SVraQ/0AseVito+cds1fvkxXHf/UcJOpsheQiYtDjBASiZhntC24/7HPy8o41GcJPfNPRK2sd3D9p+xXiLVdDM8meU+uIkWhAW9JYxBjxWbu7NTgkhpYUsKF2Zf6425rsw=
NCtAuTkz4R0HMsQscldCwmywosA5spTupLWepvyLBrVFr/jzHIGNCwwFXIFlf2QzFpoik8aJ0N84p8Z5SczPH7kSBuaAbmrGNT4oQFIWeX74hqu+j+/HyFvB5KRPXcWyHuGVgz5vWX46pWwzJGn9HtD5XkTNbY0sOR+tG0Mj6+IgOamLwidOP/O9oa7U
vlRNyIYevnsuriEdtjSEInz2i6wX3pP5OBPeACfmhs6+Q+gNPC6vZESQjOrQO8M/R2tMUz+5hJGEJMKddRaQ0rJDRoFRaW7TRgOi/bPzsnnjQlkDWsuo5hxj+PVuJ4bb+Jn3sHHnh244Fj4SVD4LQpbA7GpHhsb6FU6xk/kw5b1aRHEhe0qgnatzABPnhgTZUvOaFUPm7oXgtHMRs9QHYxP7fV/VGp5FF3v8W/DHTcGfruo=
h9iePDP++sHRgdYXlQKiZPqWmuTT9mkpU7qcfoHrixGDigcd87ikQFU7R1/EYVsbeycDmQFdCTxWQJsgnPV+LczNqkRoY4CX3Iaq0biI1vL90PRaxx+0Wmfq1mePxrvzrZ6y6xPHU0EDYqpZZ93MUN86sFh59qv2+SQm+fea069FKRPCq6qu0Q==
WZI7ZAVtivt1cec3yNY3Gpjw07PMFvHARb/JKCwcAJbS56n5q0OgU4mfqy1bTtexWy0k3O2ft5MMVTtnYyMTdemJSWAuJCusFAHekZSJ+mhAd4CL5KLanfA8Ng5lVGQ2r0t0hp8O5muHspvPdVpiR7tT0927xlqVr+msLMc+oLSRIuuqgUCWdX9ucxMdbUPug76uzQ==
c0etB/BV/4s0HmlRXsk/hpjw07PMFvHARb/JKCwcAJbS9qH3rUyhAYmfqy1bTtexWyIk3O2ft5MMVTtnYyMTdemJSWAuJCusFAHekZSJ+mhAd4CL5KLanfA8Ng5lVGQ2r0t0hp8O5muHspvPdVpiR7tT0927xlqVr+msLMc+oLSRIuuqgUCWdX9ucxMdbUPug76uzQ==
CHIGiIJWvnxjgIYKPdP4Tkpsm8k0MnPJcaIVEOoT2BPEWFZyRVMAKt+951Oy3wXi6a/rKRNU86kU6RbrUmOWJc8jHhF2xM/r9ptUviiD7M1yV6rzjFlD2J1XG5astspKaO5naoLA+EIrVvqi4e4la2WACdXuhAUJVzq8pb+TNEsb1qgxxnMOfe82kl3U1GcpryQrS+e7ybe5qgI9g9uIg8yXoemLrv4=
u+GsVavYs6QbXEFdFdejGT95bBOHbXvHNGeljpyd+xJWXydBmJmqE2YDgj3Tc1K5i0W7QzpLSKY8Y9i1zqcmm9iZl/CRZ+eu2BZe0vS+q4K2wMyq5wZmOnVOUVOZsAX9OkRRYdvKAN2LcyBTBwZkmbLz+tWjZo5FwLRT0RNUp6Mz+52ftZp+BXd7HBtQR+2Bv67K
rOl7AkPGNjXXQ8Ov+4GE/WyHJpfKFiHxjv+ivcox0SiW6o91+vC6rg5vKmoqLlXpWdfrZYum99lLIyXU/feXe9wdey+zy7MdeQHJ6L5Mi0TESZ7ZRGHaAFB/gIP0yvp1IHR2RrW8xF4/w/QOD2ZGg1f624elskIvq1vT1auuen1/oexkF9YA3AGqayIRKDadryYzW82FY4aTtq7F
Gdnb5rhbX3a9Q0S1H6DxtOTgigXp/llP7ywEFCsoNoCE1tMnDd+9zfsbh7Qf/x9q5RohVe/tWOfLsd95e9tNa+nGQk6TMuCTTucIM3LmxPUADWgoQiNkToaYmc7MWMvplGAzpJ41M2BLeSkgKol/kZOb94yCa3vb3Hr75EiatUDLjG2qrmsLfGPlAVdL4Ie8rss=
lvMA+d56ElT3lZqnO/Zlu19VLmJvGJh1TcA9R7Swo5ZTP3p0AW1+QZx/MDNU8eUrFPVOhX0PfBP+aurTjtl4f8A3fvkxXHf/UcJOpsheQiYtDjBASiZhntC24/7HPy8o41GcJPfNPRK2sd3D9p+xXiLVdDM8meU+uIkWhAW9JYxBjxWbu7NTgkhpYUsKF2Zf6425rsw=
9C9t+G+lZ73Tw+eri9rRFbaxfxARuJ6E5dGShGdro0Muw0rN+1NKyZpHo7Mia2DWdCMQZSYHngugGS9gaYdP/pBWFuIcXrOyrsDUmv/mjgo9DhkDMVD9bYLEKfFjaugNQzNoIy8mfGmq8+Klu0amtQh0G4F79B8zy3slD8361tW/u9QrOCf1saeu0g==
Y3AqgpNPs2zTXYkADSzxmD9jYB6FLDKPK3D8g9DCpEBURmZBmJmqE2YDgj3Tc1K5ikS7QzpLSKY8Y9i1zqcmm9iZl/CRZ+eu2BZe0vS+q4K2wMyq5wZmOnVOUVOZsAX9OkRRYdvKAN2LcyBTBwZkmbLz+tWjZo5FwLRT0RNUp6Mz+52ftZp+BXd7HBtQR+2Bv67K
6rE2UlQMYHZ4HMPm4RUkkjrYiZjU2JM5P43TyykYda+hG8u5SgF9geJvs558MI1c/ekntgosx1PFUd/ZGW/Zua2ekFDpKo944nLez1M+OSpTns8zmHoYgwtVPPlSqumSbgduDXWTJuMi4HJryC7gwRMQqilx80u5k3JnFUPhpSeFA+eXtPkbM+tf4xExhYnUBvi7aGztvoXcNcpM2DuA/wy+ChnIEJbabagU0vfHNLI3UvYvf957W71m0uOjn1Mp01oKkRdFjHhPQlDQSS4rHqmcBrEHghMHVdFzyhvyrrk=
J74DmMtFpj3lqz+OpHv6TiHb59MvV2iTwRoq4AbqoLVNgyRBt6IQ4w1BR27aZIer9Tn/wQln2YHdtnAIueJPAFKaflfDtrmSozav60gyWHs7PRzhQqLpqh4vjlUlW+abkgjS81imYHnjuMrxobsLQaMaRw1T7qMf9SsHz+Qx20tbt0OJoQ0JbPZQ27C8pf597F3qVMgzgMd8lupBmNhWot1AtEpnT7QKx/qW96+WO6ONDvL7s5dTEaNy6slHjUwA/6rwSNmmq6ZZNGZp18pT/2W5U9IL+q6B
ZGO8KNXcknaZz3ubt4ZxCacsX9Ti+wWnX/QmLwr+hW/0d5Rt55Grlc+U+1hHI8pIbKAOGwqvwPhAaycuYrutlbvDFzx/N+9S4y3RnY9lyD+L6c9xW5P9k2m+8oazOvBLjr+Yu5KutM0ANRhgoqv0FkZAicbskHuRFJiD7L49IzgLobmoSkGPqZOjB0Ti4+sDnCLr7GjSBbhL9N1ijmMbpKO9kd+rqPeErvM=
icFr6o+DhJtowotE0W1xIMWA0RUuxCNoNb3HbgMp7lvayu2L1BN8Wfdlo5HPkPOsVxciLExEZi/a2wg8AK/vWrIPxXEbp/+I78Nn1mOpWWkf0SBbKw2nxYvnNVcpejryYw6Yr67bcI+CWrzJADEQlLKfHHJmpOHyPOSzVVRcS5huiUvcq8VRHNq1By0TJ4+wclcDZzzGg1i4ps18CzAVFl5Xc0CD2Xnru1z/gK73
Hui2WHKMSuR6svic/OyH7P5ZMixjm1pW5aEHPfa11nzsTrdzMEya9tZ74CUSTxFxK9OarKfE/fxQRm6ez5A+Hc0Gkrvqo84VJ0MmAXXDyPvOezyO8MNUHRr3MoME2ctoBTezRtR2EjpAzh96isDwUlN20tI5Ll27zeCRZWYEjXnPmtR1B9Pse3M2kCHOcwZt11Z6bYwU33lHhLO7bztBByFKqm17m9Bz5LdZ+YOu9g==
KxwUydcdm0Xy5rwz1A75vWN72lqrxwSi0ngDda5EKVjyYcI8+bnEHXBT/2Onk8+Oz7YvARY+vGpKxbL9LF7gkbOg6jkRA8tps0KnhaOUo3cls6eH1Amb48tvI4HR9YmEpkj7eAwdPlX8BQrcOEuAr6wOSgmo4BYKTZjUQhe3NOKX4rY/Hy77i51WEnND71N5c+pKgXe1DKhvcpBAqV4rTgksRqFncpPXdeGzWvuCruk=
H9pNZcQ8UHHMtDS86RR75D95bBOHbXvPNnG32pGU5UBWWW4V1szYE2YDgj3Tc1K5iE+0QzpLSKY8Y9i1zqcmm9iZl/CRZ+eu2BZe0vS+q4K2wMyq5wZmOnVOUVOZsAX9OkRRYdvKAN2LcyBTBwZkmbLz+tWjZo5FwLRT0RNUp6Mz+52ftZp+BXd7HBtQR+2Bv67K
E7/xr/+VZNtxsmoHihYvD7b6gAu7lBxS8yxXHhcocsXQlZZzSLu9zfsbh7Qf/x9t4hQhVe/tWOfLsd95e9tNa+nGQk6TMuCTTucIM3LmxPUADWgoQiNkToaYmc7MWMvplGAzpJ41M2BLeSkgKol/kZOb94yCa3vb3Hr75EiatUDLjG2qrmsLfGPlAVdL4Ie8rss=
7Gkkz6uMEi4OTU9VhTLTdOaMhJGU248DHdu12dtPz/BPW7f6YoCJ8b+pELPrpdd9a/9lP6mS6uoDtmgH7rNAdyLC7OEAGUAMEmcsGiYMEUpc/GO91DQbgI4xO3RrLWFkei3XBRMPXyjSLzOP/G7z4Fi+nRSL2MUOPu+D6MOxSRMbxK+ort8=
ROMrI+475o7Mf4wNCsBFwgMWESd+Ja6BTN+gsyRRVevkFVqCY28MU07KGlMeeSg/kBdO+cG8p78Bot4meL6y5h0uIEBaBlFeIFZTfldff2gzsWwkx+1tUuYRTUMGPwEeUrVkMyx5Ff4IKWYElR31TJGvJZvL0wNCmInxy7p3Fh/bramu3A==
28J7HILji4u67w8Z00Xs+eSMhICWzYsDHdu12dtPz/BPW7f0YoCJ8b+pELPrpdd9a/9lP6mS6uoDtmgH7rNAdyLC7OEAGUAMEmcsGiYMEUpc/GO91DQbgI4xO3RrLWFkei3XBRMPXyjSLzOP/G7z4Fi+nRSL2MUOPu+D6MOxSRMbxK+ort8=
X52agY6ijfb+wNkUz7Ct4gMWFzFiOK6BTN+gsyRRVevkFVSCY28MU07KGlMeeSg/kBdO+cG8p78Bot4meL6y5h0uIEBaBlFeIFZTfldff2gzsWwkx+1tUuYRTUMGPwEeUrVkMyx5Ff4IKWYElR31TJGvJZvL0wNCmInxy7p3Fh/bramu3A==
iZVeE9wCPapXrXBEHxpIXQMWFidwPa6BTN+gsyRRVevkFV2DY28MU07KGlMeeSg/kBdO+cG8p78Bot4meL6y5h0uIEBaBlFeIFZTfldff2gzsWwkx+1tUuYRTUMGPwEeUrVkMyx5Ff4IKWYElR31TJGvJZvL0wNCmInxy7p3Fh/bramu3A==
shJKBtBVd1SCM5ssh+9jJen7Hr3Frqz7iWyTg7PJ6wIv7/KTgO80ajWx1Q1ieFmvJ+d9Eoj5+RUNWFgCJfLfhfV3Q8khTQksdhDbcDxl/r1sneoUSHOAh/zW6oEYGFZiXYC0CucPtEpHupY3L1Y7Yw3O8rsz11NRIzLqCcdNTMB/avAIWeer5tl0ZqlXClM/5XlTkou6rsE=
2MCrv4qToqPWG+Twf4Zyw+r3UKzBuOXljXOVj66A5lABy5ypyaN2O2jr1V0sdmSIK900XsimplZ1awcPZPHbi9t3Q8khTQksdhDbcDxl/r1sneoUSHOAh/zW6oEYGFZiXYC0CucPtEpHupY3L1Y7Yw3O8rsz11NRIzLqCcdNTMB/avAIWeir5tl0ZqlXClM/5XlTkou6rsE=
9MgZI9DHmRmJSZi5/yw/0C9dtPHYjB7nAyv3tbw/wZaY1vjQ/11weqjSRc2RbgxRfNuw0l6JxlEkYkRU85lk8ioSJuqNz3dDrCW7l8NzU6UJuUlQzvRr/LTxXuE0WTo4IEeAu4TyGk1QTLb+xQQk5k97dLZ/3qY7J0Ibv9WKohfbY9Pt25aaRQ+ZLNxnbuBkcRzrmmGQ1iXfnvNjvb2DvuOOrv0=
tO32hdKq2M97+TqnaDEXRo1ZJSxj31pC5NoHNLGFyF/ZbZxRNnLU8uc07CJbfE5jJ9jVpOneuaNHWm6+z9l7N/4oiaHusLRgQXpsS2mGlZD9JBzw14VQHlz5KYEE2ctoBTezRtR2EjpAzh96isDwUlN20tI5Ll27zeCRZWYEjXnPmtR1B9Pse3M2kCHOcwZt11Z6bYwU33lHhLO7YTtBByFKqm17m9Bz5LdZ+YOu9g==
tO32hdKq2M97+TqnaDEXRo1ZJSxj31pC5NoHNLGFyF/ZbZxRNnLU8uc07CJbfE5jJ9jVpOneuaNHWm6+z9l7N/4oiaHusLRgQXpsS2mGlZD9JBzw14VQHlz5KYEE2ctoBTezRtR2EjpAzh96isDwUlN20tI5Ll27zeCRZWYEjXnPmtR1B9Pse3M2kCHOcwZt11Z6bYwU33lHhLO7YTtBByFKqm17m9Bz5LdZ+YOu9g==
1aB6p9kQNzGbWu+n0us3+7s1cE0qT0llR3KNbuBq16IecL01whH++VYzerz55fw2htkdw5i3t5H4cNFBirTDwF0tVeTppHCtuY+y5X+2BZXiXRbElAF1EVhQdlWJFHodb1VnYDcXYO6jY8rorWFU+2Wk5/+p0moqA/boR+5zwDciAmyhAFnAzBInrNomTJEKXDzj/dT0m8CO8bu0a23hpHptV8UTz99o0u+zz/yucyBY/h3SiphFzj6vA6jDcclTGwQv6K6f
rmtY1PUU3qhYUfQboTSp+2O4IuLNcZ2fj3zBcXqNKJirrekqqFZPOhUxiypzt8DiJjC4qljYAWFqiq8iaseGSJCJgPSLw2yi6wWJiY7/cWkz3gxlxHC4R5kTaudOLOFkRqug9MsE2AGr3HSbFq1VV+Bu759IKJV1LuIiAVd9ejm1lHvPzbqqhmzGPjZhhvRAjq4tjqwuR94jR7MY75kY5POFsWKqiXkjkocNzu7dsLN4kamuBJHy5KGFOXzNRxfaP/tfstSRBWuuj5pPJwX9rog=
8xMBZD2YRon6UnjXR16MWTI1PeJlXyNlbwD8RQYuGm78hFtKTlg4/ZmcZHgomuH8IVF2qLN8wQT3l8hjasIWc9KxzK8UjzK5/aSjryXqkkb0NlYW2RY8QEY+la7E3t8eGxdbeDepUGS7denCAtmBYwo3JS6WTfizsAFRziwhaiTZVZHcFTfeWvfLB1K8QT0rNv9yb5+Vta7A
z1YZRXCDvpUArWGNRMsRv1jgju6s7oV3+ZW8r5ZbIjrulbKFjcZSnbRr2KQ09mcH/JiN7WSYqSF/WbADa9W3zasvhS+pgoq6QwaI924D4AdikszxAAlgXFIXjKqm/PH6HKwDrdQk+1BOgVsE653BlLr99xUTH3/4Et+TP3wek1CYbn0DisilXn5fYxhDAeljW5SPuK7P
4g4XwfCquSZ92gGG7gDPOt/4242Yog+Y1FQMv6lj2N23iAxpRuYQl1yK23QIqlWUytwNmm77Kwzj1eHHC5AnbK4b
SzqeH7soc1aRLAnXX2CL69qVjmQcPReX3h5wo93qrJy8fFN/x5sv7enwNDJaLaqBm0ShSpzqG98nH30sxfH4NllD/sZ5pF13aFntSrPFiZSGuLso7K2+xVx1ygxYe4C/jP4KWUhQlprt6BSSd4c08rcS9m//nnsbPSbSoyPfU2lTGgrRlwWMOM8CUJDJaipeKdwG8YfCE0fVkXOKm7Ku+Q==
a2i4o+1G/hPddpe1d4JAE+9G837/Zok4M5eOMbM5DmC2n3mD1RfQOQ+axhnDtZmDuI8L3sfbYYM0McE1SyEObSmzbJBRTX5O5JgyNuaGBC0fSGieO2FYgEqvD6sW2YXfLCL8c0tJxtFqN2KjNNk7CNV3A+ZE9mLaEA4vWprA4HJjtoIySa7NG32gQQWWBL1Zn1qklZdTXNujdmBB3nMWjaeWKs08lE8Zt8Rjm1o6MedxihrN6xsgEzT3admTruY=
VjYIQ7GcS6mmsEVUmrHJHh5hpJUnE6jvXt87ajVlP4YeKiey9ikh7+/oJFluRv0NpHTbATv037MOemWPDfoWVf+7FKv4J7UxZ64S
02+A6Huroxw1kh0uMIWO8zfV4vL36NM2V8nVOpp5U2epHx8aHX/Ntemwg0BOVRSlRuRRb28l1JRBTSVcOzqu3ahyWBdPYmB6teI6BHXdVcwx70Ca6xPjwnhJ0cvaN3afe21Jrjw=
BuWLS3d1hhPt45V8w5DHYPaEJ1eNrSoBhh6IHc/VDwesVF1eWt65kPkuSkoYFZvhkQm2gJ9cU/lIlmdcdNDki7mXkHk3LESdVtL4E/xOs0DY3t0xivgF7r5PQ8jD0Qlzm2RvSK4/
QwidJaiaiBDEFhgEsodHLBd+YCxRRiViWuLBrAkSMvb4qeNdYbXOPF9gK8W4qh9glOycN0kr6MW3kDwhpm6ALxxyy3wo4qUNSkR9Uk7zO3QjbXFPa1gXdK4D
TGMHrZLxGU9bOTpGAIq7tSppy9cvmVEZQ08tZlrmybgZBhoS2M3LiTHhBvgfpOOR6H63BDQINKPZv2BBNxS0tTb6KMu8FmOoeLZtyQqAtQYeJxMQA4lZW3tMH3CuBw==
65zmfp7pJHNIB+GXItLuXwNa5PIeq3ADdE8tZlrmybgZBhoS2M3LiTHhBvgfpOOR6H63BDQINKPZv2BBNxS0tTb6KMu8FmOoeLZtyQqAtQYeJxMQA4lZW3tMH3CuBw==
vkmPK+qA7oCS1qyFXbzqPnM1mRjFp93noeDaZE02kZyGhEg/f/eJC6qevwaHPwDEy7LEWmB9AfUsh/dWcHt+oPQd7CSXlgCcge9qYpFoNt0vZjObTUVjRhN2rgU=
4PiQWyIiwoSrm4TBFEFAX41ZJSxj31pC5NoHNLGFyF/ZbZxRNnLU8uc07CJbfE5jJ9jVpOneuaNHWm6+z9l7N/4oiaHusLRgQXpsS2mGlZD9JBzw14VQHlz5KYEE2ctoBTezRtR2EjpAzh96isDwUlN20tI5Ll27zeCRZWYEjXnPmtR1B9Pse3M2kCHOcwZt11Z6bYwU33lHhLO7ajpBByFKqm17m9Bz5LdZ+YOu9g==
BuP8XDPR0GtpO++xaTGuJx5hpJQnE6jvXt87ajVlP4YeKiey9ikh7+/oJFluRv0NpHTbATv037MOemWPDfoWVf+7FKv4J7UxZ64S
7eEsj85kPwD5eBiLK8/KXyjr4CumNK+WfeeNTxfN0wjebBY7w+s2i3zzNyrL9rNxj3CMX/rXwMXRctcOtntqzwwA26dmAurb5I9AOeOuTSj26pRDBZbGYqGis3nZ8qY9IE+tMlteF3jzyPU+A26upCrsh0XyTFE+xRvLk3uhdJHWFcNv44vR3ueg67zAXPpGRUjS+vSpXokYRyn1Jar0EwZ5yMfg/Tm+1YW8CeXm8E9P24weCjsHll0pyEu1LYALPVaENROVyqyQSekKBK/kMZohEMpks4Xuu/xEBofHNgJkA5I3tH4C7pPYF/8bEw2bNLFvgJpbSeDYnGHB0z6KeHz2msjd/UUJOzuFZdbYkg2PJJcE8UYbSyL1XZXkz8D1LU6W5R1v4jcV0weWX9zvZVoVkT2X6sUXkfP0E/l5HdEEkVPBimFGEKPwEelqP3Rnm9dZvCfFqOa/Nojaw6890bmrUCPhorlMUacy9MzoxvRnwuusavsSB8sVj/3Hzw0u+Cr1TsU0p83dz4RQ/w2OOEi3VTDWEXdpOxxD0JTWhKbBEqEezXSwjTnu5ophFsWwbLvWZJShNXHYcDb1ifS6/e91JwA3dyDOI4MKCK3BFNvlxKdfqXKqyoPWKOfuE4BXoiKsQQC5AOySR+y6JuxRKtzcI13UVNugDtH7FGuNIUT6TRelE6+fSFIPcy/8DjMA2J5dcYo4hS6+j8MIwxGJM5sk7wiufw==
1EvcKcfxX8WbNMZWiHD5hoiG3f5zqpYYwoVBUM2/Cp9hFlOq5nDTeKUKZsHv1C31P9tHmiOz4NR9vDJbS14dI27qGgh2C6PWpYFX3gRsKyWAuH/OwpX5wt11r6CVRCpoxWg2jZxYLSERkenFIuQaieQBg4T9tLX9zna7wkQiNgPKo9kJ5Gc5YbkiGv/wRIfV9zPYZG6YU+bttzSvel+IhrUaX3547nNAS1TVeyt8rb8LR4K6QPZskeomoo7VHjrJ/iRJ526uSmnwt7DszVTin977MmY1VfUFXAoAFgFCgrJFyvLyPMc02Zz12legmuMdLCrdIThu3wjUUzP7QkVNVoAqveoYYWcx/I5CJuHNZtpHte/rGEdDXMBCneeEvfIlD83pFSunKxLWfddGz/ZVKBCdLKcZ83qN5J4qEVIDNCDucSDqQqAtz9fLgFLEWjJP+CuN95b+K4NBQgOL5MOU/XSSYiFh/xGdYEg9FLOIAdONOX0aSOSql8IlhG8kU4sclZfvZVcBMHGoHvmHtmCt3FjnQUaC4eTHq8lJHF06I0WNI59N9zYQtWlcA/mNSwWYNET1JNKDnETn3EzhXySYS4qFYdfURnPPJFDhFbq6DrFrVe75oXyHPyFivibY/pJmfe6AQPrGMd4AFvN+N59f6BNxDCRnrY3ShtHtQ+b/YZ5y9YQzTLk1fuhpBgQ1XRXM8W+AmiuTI8K4yRHLGrc2nzvtCa58
rbEW32lFwBjy5w3KuAU6jcTaT5y/Ab0UKlNBUZo6PTz4NDhwAEEJrM0eXmWLAI0Y7arcjSh9AErYCNlDaz1b6ki5I2Hnz3nFXoAvja1SlEQIfT95Y3U/QOjOOtgEvXIp4P2oyFV8HiMQjjEkeFikiG16uJYXGP/99qt2Y4HGa06FmOGaV22rCaXbP6XHaPXr4p0Hr0kwZywQDDAsXtotcBSK/Q6fTVXqilzfue0T7crIfaW5BP/wK3FDLgFc8LQvd9Y49KOfjfdu6eqktEf+BeVKcP5Datf537zDqzT61a+Y5OEyFLrwYKANzK7E+7BnTAx9AsmNnBTwO296BOV+vLE95XollYpnS8ULEf1E89tSGY50yy7H6bwsPA4WEEIcnV8+lBCgPODJDRQ11NU7dQrVLlRzFBmdSsu8AwtTsQhn8UDir1JALmPbtTVp7zgX4ZbRCIFDuoBsHA6Qd8YDmCpP+oNbcUcJ57sFyihunfpFgM+JDSuMJN/5RlzYM72EliWfbSt4iyQ0ogxCEVbJKs1A2MnpCm7+weIN1Hy/PlDUFd31SBT+AamAshk/MU+0t8NIivNnAnyNNdy/dUBP6+lGQs6TsuATTmcIs3JmxHUAjWioQqNkzoYYmU7M2MtplOAzJJ61M+BL+SmgKgl/EZMb9wyC63tb3Pr7ZEgatcXKDG0qrusL/GNlAddLYIc8rks=
9OTxm719u94bX1LUL0n2f6At0iptqCFuYfYXnnYcBZbydJEKuk6Z+oq+7dV/XeHYO2A3/tJI3j723LCw72Wg3aKVLV1yCP5xtFzL2MPr8R+LkiG9qklG1MtCOCundz6WmQV6JxOIm+XG1XX/Z1aIVzu7+TwhXUgCtePshnNwDM1fvPS9CeSjlzGwNPEsq89w+gRIhUCXDNzNUoDE7U5CYHi3L0lJHWMMBxNWikCBE/UPYuK5XooRviLS9g0l/5x/tnWV7Hh9QFBwMlo+wqro9yNKcWInN+M4MFWfuRmGouc51jjKg+ykBieq1gXBecy1/ibVoHd7jRDm2deIRfBtfZrr+IdAB+hORwSk64dtsaGRxQpuPm/ozCDm7DldnOAdaP0rCMw1cm/sxqMeQW2h6k18oOh9Zol39puosGL5pGrGKKFfS1MksmAijr+0Y0k30rbnsz1656uA24jteJpmIWX3HY18UFk0V7B940FxOdqMrOZnfl0gj4DLF4wZH2vl04m84TSGXecSmBGslC8FBkYpqPdX8S08uSI/VYErm03zPhyldUTn2elz+ah4jDFklktQNFsk6IH7vATbBg3lV1DO/1+4yEX1HsKyQScdKjnlNEsPXVpaBrzmjnZx5oRA/s49zhwOl17TpyPY3zlI5KPlwSI6qUmjQmf9Dv59ALPIMbnudPGiZJGlqbw9p8Ta71tv8kTxdev+ryqPN+UNrng=
83OY9DiDWlrkbX/iKYUDXz0yKF+CEo71CFcZQd+q8mwyNevWMBJuaTljQq4Pp/u9WneTHuyeowNVgczHwQwj0bW7PKUPwjW2Chx8Fs1a4ScFWqBC8RgwnEZZ3JUtoARCQp4EbWXuXEs7rsSFXOBQh/EjkMME/Hnk3ntolPP08EEDTOw73p0tVxhepz/QuD21BpIa4R8t4rktxLPvtYpCxgRWplYpdsxAtl5l7jS+L57Ld8s4J8mAZGvV+YKS+VHjOheVbqbtSLMAoWEOnAFapIl1ARwFl4tapysXkiyhbatGHwKv73XFrrA=
jwSmLhrEcucWNYWbpHE2IB6xsbMxk8X0llc8/2MlUXl3fXP9THkp7egC7kp9dG9cOznVK8yPX5l6b5jR7tgLXY3RMOF3Xdar/t+yqPwGz7wwO+4Mtq/s98tPIVg2k7rLBI/R6HDTy7osRwHZZtcPaKnrT5lyxnRPyZsAZoJH2er2h6dzY4L3efxE23Xemh3/OEGNosM9CVyWYBsA3BV+zYztKmSoA4D3HKYq8fho1hK98HR6B3+0OqfKVkfPJrsT7b4yy9OnUyHDQip5Jz3MsJ8aMHi5lKqWOQSm2bd6008FCZPia8qusQ==
Ngen/OH6n3nzWQQPD0Oj2S50e4CMDQdKIBEjEWTHTdwN+8YNj8eatjeE0YFmmsgs6z3UgwpVbYZuGTAXn2EVfCFSd/W5+3NNG+4kBTwgcIfR4zdH47wZ5P47yBSTtBBBY4xMu35dTVf4Hge/cPjdtWZS+mG/7cK5zQTTbxXKYsYkFkbWSbbsQJaeBW7U/g+e6zdruEcJYGRLFVkCcjkx49pXNe4GraizYGHBjjzBOqRpNWGcpderWsdr9xKMYU2rZt9iLw815a6Q
NJI8J44o68C3VSo3gOQ1P4az72uldUfwtbBJ8foStx5ApPrEmjFPg88H3/DyLH65Y/MfM5DjojTcNLcs+v1HIbnf6b5VVrR2kddtEdNrYim4jAPSNR6nliHHVyVMkWed2ZZy6eod+K35lmTZy7wgNRn2lgIhHvUoh0fGrBTpJQm46Ab9SXxK5c/Nt0g3P7B2A5v6gG3JJEOFvLcXKbq6MmNOGO+um/BPgpo8iQBxkFSyX5wyZuRhsjwkM5VUHMvYbknLHKsF0Vza9YftE+cP8HIXg6c8BgOYuOZNPgrwldZeF/MAg5n5K7ucf8Cutw==
XJFdYl8hSLTSgjPxRkMIdYaz72uldUfwtbBJ8foStx5ApPrEmjFPg88H3/DyLH65Y/MfM5DjojTbNrcs+v1HIbnf6L5VVrR2kddtEdNrYim4jAPSNR6nliHHVyVMkWed2ZZy6eod+K35lmTZy7wgNRn2lgIhHvUoh0fGrBTpJQm46Ab9SXxK5c/Nt0g3P7B2A5v6gG3JJEOFvLcXKbq6MmNOGO+um/BPgpo8iQBxkFSyX5wyZuRhsjwkM5VUHMvYbknLHKsF0Vza9YftE+cP8HIXg6c8BgOYuOZNPgrwldZeF/MAg5n5K7ucf8Cutw==
DC2+P8lsY6/ObeFOlTUbu4az72uldUfwtbBJ8foStx5ApPrEmjFPg88H3/DyLH65Y/MfM5DjojTcNLcs+v1HIbnf575VVrR2kddtEdNrYim4jAPSNR6nliHHVyVMkWed2ZZy6eod+K35lmTZy7wgNRn2lgIhHvUoh0fGrBTpJQm46Ab9SXxK5c/Nt0g3P7B2A5v6gG3JJEOFvLcXKbq6MmNOGO+um/BPgpo8iQBxkFSyX5wyZuRhsjwkM5VUHMvYbknLHKsF0Vza9YftE+cP8HIXg6c8BgOYuOZNPgrwldZeF/MAg5n5K7ucf8Cutw==
VE8iLigPy4HPyenZ/RS9h4az72uldUfwtbBJ8foStx5ApPrEmjFPg88H3/DyLH65Y/MfM5DjojTbNrcs+v1HIbnf5r5VVrR2kddtEdNrYim4jAPSNR6nliHHVyVMkWed2ZZy6eod+K35lmTZy7wgNRn2lgIhHvUoh0fGrBTpJQm46Ab9SXxK5c/Nt0g3P7B2A5v6gG3JJEOFvLcXKbq6MmNOGO+um/BPgpo8iQBxkFSyX5wyZuRhsjwkM5VUHMvYbknLHKsF0Vza9YftE+cP8HIXg6c8BgOYuOZNPgrwldZeF/MAg5n5K7ucf8Cutw==
FkxVEFvYjoWDXGxxbfUZEoaz72uldUfwtbBJ8foStx5ApPrEmjFPg88H3/DyLH65Y/MfM5DjojTcNLcs+v1HIbnf5b5VVrR2kddtEdNrYim4jAPSNR6nliHHVyVMkWed2ZZy6eod+K35lmTZy7wgNRn2lgIhHvUoh0fGrBTpJQm46Ab9SXxK5c/Nt0g3P7B2A5v6gG3JJEOFvLcXKbq6MmNOGO+um/BPgpo8iQBxkFSyX5wyZuRhsjwkM5VUHMvYbknLHKsF0Vza9YftE+cP8HIXg6c8BgOYuOZNPgrwldZeF/MAg5n5K7ucf8Cutw==
ZF+dTbk225qLhsYJgxM2foaz72uldUfwtbBJ8foStx5ApPrEmjFPg88H3/DyLH65Y/MfM5DjojTbNrcs+v1HIbnf5L5VVrR2kddtEdNrYim4jAPSNR6nliHHVyVMkWed2ZZy6eod+K35lmTZy7wgNRn2lgIhHvUoh0fGrBTpJQm46Ab9SXxK5c/Nt0g3P7B2A5v6gG3JJEOFvLcXKbq6MmNOGO+um/BPgpo8iQBxkFSyX5wyZuRhsjwkM5VUHMvYbknLHKsF0Vza9YftE+cP8HIXg6c8BgOYuOZNPgrwldZeF/MAg5n5K7ucf8Cutw==
L9C1Hv8f2OWCb1O0RK8a0Yaz72uldUfwtbBJ8foStx5ApPrEmjFPg88H3/DyLH65Y/MfM5DjojTcNLcs+v1HIbnf475VVrR2kddtEdNrYim4jAPSNR6nliHHVyVMkWed2ZZy6eod+K35lmTZy7wgNRn2lgIhHvUoh0fGrBTpJQm46Ab9SXxK5c/Nt0g3P7B2A5v6gG3JJEOFvLcXKbq6MmNOGO+um/BPgpo8iQBxkFSyX5wyZuRhsjwkM5VUHMvYbknLHKsF0Vza9YftE+cP8HIXg6c8BgOYuOZNPgrwldZeF/MAg5n5K7ucf8Cutw==
GfG+tkECth/7J9dIeM6pFYaz72uldUfwtbBJ8foStx5ApPrEmjFPg88H3/DyLH65Y/MfM5DjojTbNrcs+v1HIbnf4r5VVrR2kddtEdNrYim4jAPSNR6nliHHVyVMkWed2ZZy6eod+K35lmTZy7wgNRn2lgIhHvUoh0fGrBTpJQm46Ab9SXxK5c/Nt0g3P7B2A5v6gG3JJEOFvLcXKbq6MmNOGO+um/BPgpo8iQBxkFSyX5wyZuRhsjwkM5VUHMvYbknLHKsF0Vza9YftE+cP8HIXg6c8BgOYuOZNPgrwldZeF/MAg5n5K7ucf8Cutw==
0u0uvq/pKBMvKg58XY4Ps4az72uldUfwtbBJ8foStx5ApPrEmjFPg88H3/DyLH65Y/MfM5DjojTcNLcs+v1HIbnf4b5VVrR2kddtEdNrYim4jAPSNR6nliHHVyVMkWed2ZZy6eod+K35lmTZy7wgNRn2lgIhHvUoh0fGrBTpJQm46Ab9SXxK5c/Nt0g3P7B2A5v6gG3JJEOFvLcXKbq6MmNOGO+um/BPgpo8iQBxkFSyX5wyZuRhsjwkM5VUHMvYbknLHKsF0Vza9YftE+cP8HIXg6c8BgOYuOZNPgrwldZeF/MAg5n5K7ucf8Cutw==
RPCa51jo8FfOguxcXcvI8oaz72uldUfwtbBJ8foStx5ApPrEmjFPg88H3/DyLH65Y/MfM5DjojTbNrcs+v1HIbnf4L5VVrR2kddtEdNrYim4jAPSNR6nliHHVyVMkWed2ZZy6eod+K35lmTZy7wgNRn2lgIhHvUoh0fGrBTpJQm46Ab9SXxK5c/Nt0g3P7B2A5v6gG3JJEOFvLcXKbq6MmNOGO+um/BPgpo8iQBxkFSyX5wyZuRhsjwkM5VUHMvYbknLHKsF0Vza9YftE+cP8HIXg6c8BgOYuOZNPgrwldZeF/MAg5n5K7ucf8Cutw==
u921PqJzvIAFG+FAxIchNYaz72uldUfwtbBJ8foStx5ApPrEmjFPg88H3/DyLH65Y/MfM5DjojTcNLcs+v1HIbnf6b9VVrR2kddtEdNrYim4jAPSNR6nliHHVyVMkWed2ZZy6eod+K35lmTZy7wgNRn2lgIhHvUoh0fGrBTpJQm46Ab9SXxK5c/Nt0g3P7B2A5v6gG3JJEOFvLcXKbq6MmNOGO+um/BPgpo8iQBxkFSyX5wyZuRhsjwkM5VUHMvYbknLHKsF0Vza9YftE+cP8HIXg6c8BgOYuOZNPgrwldZeF/MAg5n5K7ucf8Cutw==
2J3UBoeOEMPXRjUEN6om0Iaz72uldUfwtbBJ8foStx5ApPrEmjFPg88H3/DyLH65Y/MfM5DjojTbNrcs+v1HIbnf6L9VVrR2kddtEdNrYim4jAPSNR6nliHHVyVMkWed2ZZy6eod+K35lmTZy7wgNRn2lgIhHvUoh0fGrBTpJQm46Ab9SXxK5c/Nt0g3P7B2A5v6gG3JJEOFvLcXKbq6MmNOGO+um/BPgpo8iQBxkFSyX5wyZuRhsjwkM5VUHMvYbknLHKsF0Vza9YftE+cP8HIXg6c8BgOYuOZNPgrwldZeF/MAg5n5K7ucf8Cutw==
W9ABMa1fYt76UkcYXXwGyYaz72uldUfwtbBJ8foStx5ApPrEmjFPg88H3/DyLH65Y/MfM5DjojTcNLcs+v1HIbnf579VVrR2kddtEdNrYim4jAPSNR6nliHHVyVMkWed2ZZy6eod+K35lmTZy7wgNRn2lgIhHvUoh0fGrBTpJQm46Ab9SXxK5c/Nt0g3P7B2A5v6gG3JJEOFvLcXKbq6MmNOGO+um/BPgpo8iQBxkFSyX5wyZuRhsjwkM5VUHMvYbknLHKsF0Vza9YftE+cP8HIXg6c8BgOYuOZNPgrwldZeF/MAg5n5K7ucf8Cutw==
nMHz8iAdVIB7qAddOk59Joaz72uldUfwtbBJ8foStx5ApPrEmjFPg88H3/DyLH65Y/MfM5DjojTbNrcs+v1HIbnf5r9VVrR2kddtEdNrYim4jAPSNR6nliHHVyVMkWed2ZZy6eod+K35lmTZy7wgNRn2lgIhHvUoh0fGrBTpJQm46Ab9SXxK5c/Nt0g3P7B2A5v6gG3JJEOFvLcXKbq6MmNOGO+um/BPgpo8iQBxkFSyX5wyZuRhsjwkM5VUHMvYbknLHKsF0Vza9YftE+cP8HIXg6c8BgOYuOZNPgrwldZeF/MAg5n5K7ucf8Cutw==
UadRpuK5RDVGmHXuXz0gcLdYHG2maDVWLZ/aXD+O3IplyiwYMmOEC7XmhRcovUGrRcNcd0i1NG7K/9Eb19I1G9xYGWk7qxbDNXSmWRwISaui7Vieu2vPDeNbhApkh9Au7YxadRgXbVC4uirUN8fE96Wf/CawoJkkz39xuXubzSvpBsKOk3Jg006niPNyJkS1AE3o6ELj5A6G2BmOzJhLKZQgs+Se9bOgS7mpYCrJ/1GTW3fMgiv7G9y6eyRI2jUByUztaq4rizxjpYGXSyAH/K6L
+GNES51Wp7LFeoNZVpQZJmIaPKz68U6+s7uPQiaMhHKxbcWgqfs1rTwRZRjZ5zSsguoQLFbe14n3HK5p6Gc60Qzz4HL1AwO1YtElArpjFAZNqaLrVJSjVdt/0034EEzpNAyNanZf4ElZguiM9q7/CYA1ZdkwbOhezZY/Kc1jEzVpSUmgrmQr7JRB3lEUSfqowDeAy2Ri2l1w/DZO5RRkdi+LdEYfTuYrB/KbD/WaYoc7E9OdOwZaVS8prGxHfqD0EePpagEAljX/LnPTna1DLgP+ro0=
qrKXfZVltqbvJZAvKwt9zMrmgzagdknn82RFyFPR0nlDamTtXZXa9uENv3+wlUppGbO3/vFDXMH8JAsx9klCo2NzxWv2jz6YSK2NPN6Qhc8oImzaET/uUfZr0g6d2BqmvX39yMqM4sP7QCOQM1tqYpQFPp7JFAVnf2eWGw6n5huYmddw0WcnLhgWHlK0vusCdsAMKqcGJro1TpHTWbBFfXpEEeEbysBdy3Ng00cGpBly87pV42ZOxQC0k1FTVOcj8vldH3WaPoU3e9ybkEctAf+uig==
+nOpzFFbTLP+g8VO3LJcbsrmgzagdknn82RFyFPR0nlDamTtXZXa8OENv3+2lUppGbO3/vFDXMH8JAsx2l5Cqn990mv2jz6YSK2NPN6Qhc8oImzaET/uUfZr0g6d2BqmvX39yMqM4sP7QCOQM1tqYpQFPp7JFAVnf2eWGw6n5huYmddw0WcnLhgWHlK0vusCdsAMKqcGJro1TpHTWbBFfXpEEeEbysBdy3Ng00cGpBly87pV42ZOxQC0k1FTVOcj8vldH3WaPoU3e9ybkEctAf+uig==
TFmeE7FqAjQ0dYiIIeZ8RjK9RxRvrFaG7XR3n9Pu9lu9kKUG6whEW3GKfr2nohbG2HpYcOSbcXgtV75MyxDdhCSlTxjhR5CXCPRenZsw6IiDwy4iatYXJ9hd4FvEYqvAfIqbHdvkrFTUry1wdVwFA6wu0sV40g9Ms6sp10B3uH+Atz75cdy3/5FCjqaI3gImbY7wQIqmIZ6QNqP+B7/vKCPR3CS3TX0SdjEdwzYf8V5iVTQz/BklPngJVoRFPWWMgQ/UmXszE4II6SFLypemXysN+a6M
599RSmoqnBymHIr9m2gVpMrmgzagdknn82RFyFPR0nlDamTtXZXa8OENv3+2lUppGbO3/vFDXMH8JAsx9klCvX5yz2v2jz6YSK2NPN6Qhc8oImzaET/uUfZr0g6d2BqmvX39yMqM4sP7QCOQM1tqYpQFPp7JFAVnf2eWGw6n5huYmddw0WcnLhgWHlK0vusCdsAMKqcGJro1TpHTWbBFfXpEEeEbysBdy3Ng00cGpBly87pV42ZOxQC0k1FTVOcj8vldH3WaPoU3e9ybkEctAf+uig==
YuhrhTbNyK8XUR0Us9hefTK9RxRvrFaG7XR3n9Pu9lu9kKUG6whEXXGKfr2hohbG2HpYcOSbcXgtV75M2hbfkSCxTxjhR5CXCPRenZsw6IiDwy4iatYXJ9hd4FvEYqvAfIqbHdvkrFTUry1wdVwFA6wu0sV40g9Ms6sp10B3uH+Atz75cdy3/5FCjqaI3gImbY7wQIqmIZ6QNqP+B7/vKCPR3CS3TX0SdjEdwzYf8V5iVTQz/BklPngJVoRFPWWMgQ/UmXszE4II6SFLypemXysN+a6M
jNBb9fxBMPzS3iyGZO0i1LdYHG2maDVWLZ/aXD+O3IplyiwYMmOEDaS+3Qc+thX0QsBJXg7Wcyzdp8Zb0+AyDclFGWk7qxbDNXSmWRwISaui7Vieu2vPDeNbhApkh9Au7YxadRgXbVC4uirUN8fE96Wf/CawoJkkz39xuXubzSvpBsKOk3Jg006niPNyJkS1AE3o6ELj5A6G2BmOzJhLKZQgs+Se9bOgS7mpYCrJ/1GTW3fMgiv7G9y6eyRI2jUByUztaq4rizxjpYGXSyAH/K6L
h7uIL9flgHsV0mITZ5sm97dYHG2maDVWLZ/aXD+O3IplyiwYMmOEDaS+3Qc+thX0QsBJXg7Wcyzdp8Zb2vM4EMlHGWk7qxbDNXSmWRwISaui7Vieu2vPDeNbhApkh9Au7YxadRgXbVC4uirUN8fE96Wf/CawoJkkz39xuXubzSvpBsKOk3Jg006niPNyJkS1AE3o6ELj5A6G2BmOzJhLKZQgs+Se9bOgS7mpYCrJ/1GTW3fMgiv7G9y6eyRI2jUByUztaq4rizxjpYGXSyAH/K6L
WwNb+olBQkpN08mJThF+ck2ep+gLeibegHJ+9kme/PYEjx0HkOxTsxNPEWGCPMW+9Syj0x9H1sOJ8HNVnOVFGVKcYGHAub65rTfz6Uo1BS5CdwT6Ra2i50xgk0kzW7OhwESc1XzITSau65CV8eZIII46b3UIseVVqBhYwqUy30V1t0OJoQ0JbPZQ27C8pf597F3qVMgzgMd8lupBmNhWot1AtEpnT7QKx/qW96+WO6ONDvL7s5dTEaNy6slHjUwA/6rwSNmnqaZZNGZp18pT/2W5U9IL+q6B
tNSE8VvZF+OMVzpQLFdYESkFhbdm5hhiED4MWyvL4NAOT3mBjHjJ3trEDWZhzSvPnMIrDOgyxR9IVJ0CDgNbxKMd0f8riDdkrhM=
v1VxtLb6EKWkWrE6amkCNJwFinpShUtEvq4hDSOE/4nRUkElUpK3nMVBh6C58gJnOILtBiBPQPjTQ6t6c0OPXc7Z4sQ9jb1sqX/aGHODeyLQGRkLkkdef0Mdca4E
v5zaTC0dXT9V38+jDyO3Pet/NMAPI4yNkm2Qz+2dheJm+TW80JiFfIRwC7/5FPipOCEFGhdAOx8d3//I3qXIohCVfCbhQpjYEvCEiMLf2Jibk0N6GxNUslJTmoTlfYUM4c8ymNvzMwIoKUFLKtfG3wtNWa4s
rHtLVyvdQdfAupbrd37rQ23NjAUqHpXk6zUMB8odVLff4rRwxW+qGgBtqelsUPnG2tw9XY6h4ffcOnukSFo1h8jM7equq4u8YyWBF0ugB3yuCw==
J1rOCqNakvhAfoOk6p0y1ygFhbdm5hhiED4MWyvL4NAOT3mBjHjJ3trEDWZhzSvPnMIrDOgyxRlIVJ0CDgNbxKMd0f8riDdkrhM=
ZXwFnl6djg52RPUBWpr98m3NjAUqHpXk6zUMB8odVLff47RwxW+qGgBtqelsUPnG2tw9XY6h4ffcOnukSFo1gcjM7equq4u8YyWBF0ugB3yuCw==
WEm8juasBDo7Zgorv3vHEJJBHHqarhAyjZiw5DHHAQtRPvsTX6frm1ql1QnVfvn7E2mZkkp8ENy2Z16xqFfsc03d/FIdkABWrLkQtl/reEm/lbph631XmLbHln6QUApRP1WcKXoP6toWTGMS4HEyX1FvSCoNaKasZROuc/VZwOiaCpf02WdBnHi6eruw7Qa31gpby8hvWKVd3Qk6WxEmmRGYgrLn5g0zewFr1zYaotcbe0TjRBuhU1q1HCBaRLcwcdOR7tAbklb1H0atO7sKeZk51H/Awy3yLUy282WN6ufukMl5YdZhGxNKEgBzvyl9aiOyjPdE2ayT2w8tFzqiMOjfkIFu/y7XmbR3Q6UlHdXSWToac5dcRP+UGjOr5uh15k+5bSNMl/7xbe83FU19InKdu5jJqefvFxA20J+EOFfeDLX4pvHVIApjaFErl56SkWc21OuFUB5c+SmBBNnLaAU3s0bUdhI6QM4feorA8FJTdtLSOS5du83gkWVmBI15z5rUdQfT7HtzNpAhznMGbddWem2MFN95R4Szu20/QQchSqpte5vQc+S3WfmDrvY=
pFnl6JLafT8n6GFeLJgstL6kgfRChQdILSFE8ST2z7Gt0JTxPmMRwDxd2QHnbXXGvgxXxKOpRcb16E0gx3aerxlxbIcja/xLFP3H+U0T9RjxV89AlQ4iabtDyMOguwPIASH3AdcjkNkAJtSjsfMdlqsF5EYgX/Zaz9ulxgkR2s3+ysoCH2i2F1ZfnVONJ1WxLnalI0dBX0LhHExIIVeLJox/rNz+BDl0DW7RNRqj1Rx/Se1PE5hJpakpNilUpkJm54wQyyN7PNozI0sYm+tbvt25Ueur9MhysOPFtv3bNZlE9CeajijRXIbXRrD/aL8tZ3/CPIygdiyH+nuk6vOCP6tNPzUHh3122NLlxsW8tzX9l/QYP8U+YCiPxThWGedR28TzmNQedH7harGWzfyg9Rk2FkIhXnVojINGbBSppUm4KIY9SbzKpc+NN4g3/zA2A9t6QG0JpIOF/DdXKXo68mMOmK+u23CPglq8yQAxEJSynxxyZqTh8jzks1VUXEuYbolL3KvFURzatQctEyePsHJXA2c8xoNYuKbNfg8wFRZeV3NAg9l567tc/4Cu9w==
xSt8SaOfPTvVL28hTKQrNwlfU3p/bRBh7GPBxZjuvH64ikQemhhvPvULIohAdQ1bSyp0ZYYwEV3/PFzsM43MyfxN4muAO3fAxJH4fwulsHGur55i+hw/+tRxBrcNP6SSechy9EnjkhshmZRAZrr7LA0HdWRU6qYTxG3yH4rad7P8jwz9sW11ko9RcnEt6K5qs0b5ixfRt78CGpa/x6soW7C79Yt2xSDIDgRjmA1jfbaE+6Yu2c8aBc87ftFFafiH9KP5KkH8SlsxTT6P0mDlIbV2FaP/Gk7oR78dlTZzXjSD5A30vyszRcP69pgUb/xZup8aL7Xkq+vRpel9jokWYkd3CBwTJGabf6a8ndo/lbV37GNGnb0zXyFNSUquTdcgPQmzNztgCjjLxOz/orxZoPIR4VgmszT53xfqOk03Gizf5YTGMEnVKVAZHwA5x58eANZmgqyeQ5K+wMS6DyY+ak2OiePhEK0NssTZ0TMquK3Ts9iDX2ZMibrz8sWLhlYVuPSLIas0zxO5fxXvHTqGtS87JMuIZ4WRt67C
5adrKXAaueG9/FyD/eP7Fo8Ljcr8eP8VGAA0xc8qFOkoYfGdlJy7/BAFERmZxW8WKwH9dHPe3r2tWLCjzqgv/F7bc3fQ0pvLCSK5X1PLh0WMy2hoIBkxRfHU8xvgLBCZSihHNfGc6QfW7wZ0roiPzurFflGpqc1R+TO2KGEJN0ejcKmy2NKBgUdEtIGIli7ipebloKUPGpW53qfXaaWj3nVXoUfi8zQwzsSfsvTBM13giJut/2JbHXe8xWcVQVtytMB4zdGs3Y15e/yKg1DeTs1O7pmyCn/eU28/YcZWvGbKXg8UL/4K5Y4dU/Nbv5chIaTw3NE8hcobt2XJMDJPw8JSYCFRovbPKzPjOtfSBPjo7AmkxazNysw3waiSqJEYSZqE7ZK2dD8p68AWYjdZmhb3ZwOD8vcJHDQbBT7qnY/YMU3SI00JLHYQ23A8Zf69bJ3qFEhzgIf81uqBGBhWYl2AtArnD7RKR7qWNy9WO2MNzvK7M9dTUSMy6gnHTUzAf2rwCFnkr+bZdGapVwpTP+V5U5KLuq7B
h6QlF/wR5MavKQYn55y+7Q+ewy7QctQXm2e4PG6j4S089FFSWkiV6tFhsyP8LnOgWH4dU44YRU4+LwMow/HJ0xuEL2iuHw==
frbcbJ24O4GJJhGOzGizbU09y4BfsXEuGi5DFjGezuFAVXmBjHjJ3trEDXVuyTHPnMIrDOgyxR9OVJ0CDgNbxKMd0f8riDdkrhM=
0YnLZc6pLJIod0puNb7UPw6ewy7QctQXm2e4PG6j4S089FFSWkiV6tFhsyP8LnOgWH4dVI4YRU4+LwMow/HJ0xuEL2iuHw==
c7GEdampeE+dlLuXzRZ10U09y4BfsXEuGi5DFjGfzuFAVXmBjHjJ3trEDXVuyTHPnMIrDOgyxRhOVJ0CDgNbxKMd0f8riDdkrhM=
bcqor78Dzhwy/H++6FA3xA2ewy7QctQXm2e4PG6j4S089FFSWkiV6tFhsyP8LnOgWH4dU4sYRE4+LwMow/HJ0xuEL2iuHw==
LmEQQBGXyD1C9s6Amd13/U09y4BfsXEuGi5DFjGczuFAVXmBjHjJ3trEDXVuyTHPnMIrDOgyxR9LVJwCDgNbxKMd0f8riDdkrhM=
CT8ftX0CtdacKhGE///Nswyewy7QctQXm2e4PG6j4S089FFSWkiV6tFhsyP8LnOgWH4dV4sYRE4+LwMow/HJ0xuEL2iuHw==
4bopBh1vFREspXQxh0KqLU09y4BfsXEuGi5DFjGdzuFAVXmBjHjJ3trEDXVuyTHPnMIrDOgyxRtLVJwCDgNbxKMd0f8riDdkrhM=
5/XdakRCzb8wK9dSmPzGRguewy7QctQXm2e4PG6j4S089FFSWkiV6tFhsyP8LnOgWH4dWosYRE4+LwMow/HJ0xuEL2iuHw==
QLsNlleZOxShYFJDvZndXk09y4BfsXEuGi5DFjGazuFAVXmBjHjJ3trEDXVuyTHPnMIrDOgyxRZLVJwCDgNbxKMd0f8riDdkrhM=
4UZ7cWlwZ3guI28a9eW5ogqewy7QctQXm2e4PG6j4S089FFSWkiV6tFhsyP8LnOgWH4dUYoYRE4+LwMow/HJ0xuEL2iuHw==
Vg9ShAWMhZhZloP97MzoMU09y4BfsXEuGi5DFjGbzuFAVXmBjHjJ3trEDXVuyTHPnMIrDOgyxR1KVJwCDgNbxKMd0f8riDdkrhM=
lRAvktjybbRzDFvYKo+EMlct5rUeHq4d3bPG9sSriEM/FSaj3OOmY2IoG1z0WjADeJWxv2VeZ+b4tplptA1fuJ+fDBAWpoz4T8JQUEmuKJ6oHAYxBwITh1VRc0obcq45
QCgjKsjEXFHVKlLHDo14UNJ4EyYSiivTPHl2Ta36SiC+/wXvthtbVVrVoYi0hlxxOX1SBuFD7koL7xio8EjtpCNffDgBCxj7n/LLQeQiaqCc4musaJKF+k80XKKOo5vko/0Rn6tod0SuMw==
jWUzmJFbmp5xOIS7VuU38tJ4EyYSiijTPHl2Ta36SiC+/wXvthtbVVrVoYi0hlxxOX1SBuFD7koL7xio8EjtoiNffDgBCxj7n/LLQeQiaqCc4musaJKF/E40XKKOo5vko/0Rn6tod0SuMw==
Po7kJikTzO2sEqEQL1/OltJ4EyYSiinTPHl2Ta36SiC+/wXvthtbVVrVoYi0hlxxOX1SBuFD7koL7xio8EjtpSNffDgBCxj7n/LLQeQiaqCc4musaJKF/Es0X6KOo5vko/0Rn6tod0SuMw==
h5QlR69V91XQRbHi/OyZR9J4EyYSiiqIaWNhRrfrZyCI6jCuwHg7HVbV6M7Ilkdgdz9DC/t0/1Ee7Ezq+W25+BdcfDgBCxj7n/LLQeQiaqCc4musaJKF+ko0X6KOo5vko/0Rn6tod0SuMw==
a+1/L8eq0EkSWFq6g0cCvtJ4EyYSiiqIaWNhRrfrZyCI6jCuwHg7HVbV6M7Ilkdgdz9DC/t0/1Ee7Ezq+W25+BdcfDgBCxj/luXMQeQiaqCc4musaJKF/Uk0X6KOo5vko/0Rn6tod0SuMw==
NrvLPvYKxHyDpwLLFOVTRtJ4EyYSiiqIaWNhRrfrZyCI6jCuwHg7HVbV6M7Ilkdgdz9DC/t0/1Ee7Ezq+W25+BdcfDgBCxj7n/LLQeQiaqCc4musaJKF/Eg0X6KOo5vko/0Rn6tod0SuMw==
CcIYuIvFXGB9XQpm3vSlDdJ4EyYSiiqIaWNhRrfrZyCI6jCuwXg7HVbV6M3Ilkdgdz9DC/t0/1Ee7Ezq+W25+BdcfDgBCxj7n/LLQeQiaqCc4musaJKF/k80X6KOo5vko/0Rn6tod0SuMw==
28bFLSXx3hHhApTQU4sbK9J4EyYSiiqIaWNhRrfrZyCI6jCuwng7HVbV6MzIlkdgdz9DC/t0/1Ee7Ezq+W25+BdcfDgBCxj7n/LLQeQiaqCc4musaJKF9080X6KOo5vko/0Rn6tod0SuMw==
PcKESmjGbZ5tFmo2dkjjOkcW68FtNEKbElKjporh0qdIYl2GsO8QOOMju3pjo78dHnlyRI3tTSz5n+oZg6Ar4mC56YsCpw4/sz1hrhQ=
V3RGo2aSxXAQhTaHGzjjnkQW68FtNEKaElKjporh0qdIYl2GsO8QOOMju3pjo78dHnlyRI3tTSz5n+oYg6Ar4mC56YsCpw4/sz1hrhQ=
ybOnU4DopzujLUK5c7rRT7KYubm3r9x/QzrB45wrODihhbjfN9mzl9tj1kfhTQceyN65caQBVpfot+xIRm5MgP8q8MjZJK4mWrRm6ddKU39lOVNSC3quAQ==
WOhypRrXffxE4IJXME88rCkfg7d6/hliED4MWyvL4NAOT3mBjHjJ3trEDWZhzSvPnMIrDOgyxR5KVJECDgNbxKMd0f8riDdkrhM=
0/X2wd5hryh1LauqVEpFTlyDze1eIVDupGb0OhhPbyT9QfI0nJgYO1rwqWd5OqHn5tpQt0AUf7lnBJN7yTqhy8HKSq2bmzCzBDe5OWOuFg==
xV+9wm16Mryr7y7jt21mZGIH8h5njLCcqP3DsQyOvv0tV/SylRAahskgqZfn8cwQX/qwGPk1qDZ1ZCY5d9rT78XpE4Iraq4R
PhORxIz+I4XADLoPrPZ3fDT2+FW7pmre2fVRTaACL1wk9Cthy7Qv0x5/daM9uqb1TzuEC6jn5dEXrmI=
c7YFqSrWyjoEWn2uOBrpvoYgOMJxdxrhIlhu8h+NTGC/inBoGUOvRpUU5kmXqlOfJZnT8ssarmE=
kSoFLBu1BWBOa1JFuv/8RzT2+FW7pmre2fVRTaACL1wk9Cthy7Qv0xx+daM9uqb1TzuEC6jn5dEXrmI=
v+g5xt2kTtCz1RtBw3V4voYgOMJxdxrhIlhu8h+NTGC/inBoGUGuRpUU5kmXqlOfJZnT8ssarmE=
mKa+C2uK17+ND6++/7VOCDT2+FW7pmre2fVRTaACL1wk9Cthy7Qv0xt+daM9uqb1TzuEC6jn5dEXrmI=
+3lnnnZq4/csUtoLfLAOQYYgOMJxdxrhIlhu8h+NTGC/inBoGUauRpUU5kmXqlOfJZnT8ssarmE=
z6PHqkwycAh8Q2zXnbCkGd7fEUthsDB1G2Obkjy2xzkOQXtX4Uo0lNEvS+RmfBAMFWxyJLWJgK7+3JOV3Eyj+yRe1ax/B0IfTwI9BQQKwr+JnYwo5dDx5EHFWfwtB3bbn7Z/MvTRpWsOz7rPB0Vdrig=
DtqhH7g8OMcrOc0xxTj2nt7fEUthsDB1G2Obkjy2xzkOQXtX4Uo0lNEvS+RmfBAMFWxyJLWJgK7+3JOV3Eyj+yRe1ax/B0IfTwI9BQQKxraemowo5dDx5EHFWfwtB3/Yn7Z/MvTRpWsOz7rPB0Vdrig=
qtL6xrJ8P1+XhpfuT5bnvDT2+FW7pmre2fVRTaACL1wk9Cthy7Qv0xh6das8uqb1TzuEC6jn5dEXrmI=
VLsPxBmHphPV/7v9G5y464YgOMJxdxrhIlhu8h+NTGC/inBoGUWqRp0V5kmXqlOfJZnT8ssarmE=
Hd12KBenmGwu5Y+5eqEt6AG4c/lcaFLo9idUyIe7N/rvO0ps1jy/ZLHlSTydZ6/azx+OcuQxFeve78oPlyVtrhg=
piJBmJaLnavxDlTkzWfo3dokSs/wsh+lScEkIQvigEyna5BH6Z6olfjX/WEJYYwoEM59VU35luoMfjMsI5ni0e/vNBxZTrYNokW6wq9LsgHN7cw3VYj/k2m+8oazOvBLjr+Yu5KutM0ANRhgoqv0FkZAicbskHuRFJiD7L49IzgLobmoSkGPqZOjB0Ti4+sDnCLr7GjSBb5J9NljjmMbpKO9kd+rqPeErvM=
NwW5wXfvlfcKut8u5XLdumaY23SGvliAx/ESi/yvY02nbDvQsZOIdB9ZAEifj6bv5nB56RLkq428Thjygf2HrqhueUHENV+wj4cs+CbezDCfmjD4uROoFj2Fplm3+tPPBYmTYmtKrjE=
lwHCXL8apkXSrejzA3t+m2aY23SGvliAx/ESi/yvY02nbDvQsZOIdB9ZAEifj6bv5nB56RLkq428Thjygf2HrqhueUHEMVaniIcs+CbezDCfmjD4uRKqFjyFplm3+tPPBYmTYmtKrjE=
L41lJIHR3dKurgO5WSr5ZGeY23SGvliAx/ESi/yvY02nbDvQsZOIdB9ZAEifj6bv5nB56RLkq428Thjygf2HrqhueUHENV+wj4cs+CbezDCfmjD4uReqFjyFplm3+tPPBYmTYmtKrjE=
Jq/ihqGjC+8tyPMvKVd7LjT2+FW7pmre2fVRTaACL1wk9Cthy7Qv0xl+dao8uqb1TzuEC6jn5dEXrmI=
MHNcgTSmqHD08Vj8snDHwYYgOMJxdxrhIlhu8h+NTGC/inBoGUSuRpwV5kmXqlOfJZnT8ssarmE=
Os3QTgxTQk+WD6YvrDsRpTT2+FW7pmre2fVRTaACL1wk9Cthy7Qv0x17dak8uqb1TzuEC6jn5dEXrmI=
UH1klFuDKGR1UESywErQAoYgOMJxdxrhIlhu8h+NTGC/inBoGUCrRp8V5kmXqlOfJZnT8ssarmE=
29CKqyW8HVaeQn1PlcDH2zT2+FW7pmre2fVRTaACL1wk9Cthy7Qv0xl5dak8uqb1TzuEC6jn5dEXrmI=
6kSVLPF/ZDADfh4roIXoIYYgOMJxdxrhIlhu8h+NTGC/inBoGUSpRp8V5kmXqlOfJZnT8ssarmE=
EQLJgFo0T6jEtOSJwqm1MDT2+FW7pmre2fVRTaACL1wk9Cthy7Qv0xh+dak8uqb1TzuEC6jn5dEXrmI=
tUs/44RmRnyljkHy/0mC7IYgOMJxdxrhIlhu8h+NTGC/inBoGUWuRp8V5kmXqlOfJZnT8ssarmE=
TDxuxPMxwZn9ppmzPDPu9zT2+FW7pmre2fVRTaACL1wk9Cthy7Qv0x97dag8uqb1TzuEC6jn5dEXrmI=
J0DaqoBYeQq7i/1nRvyc4IYgOMJxdxrhIlhu8h+NTGC/inBoGUKrRp4V5kmXqlOfJZnT8ssarmE=
RSxZRV/UVS2KjuD2t1Wm3jT2+FW7pmre2fVRTaACL1wk9Cthy7Qv0xp6dag8uqb1TzuEC6jn5dEXrmI=
RukA2877hbloW41eoqDZIIYgOMJxdxrhIlhu8h+NTGC/inBoGUeqRp4V5kmXqlOfJZnT8ssarmE=
aSOp6fhWeWhdLI2M+tmQYzT2+FW7pmre2fVRTaACL1wk9Cthy7Qv0xh+dag8uqb1TzuEC6jn5dEXrmI=
k3MRbzX0t87PNQek1DlBsIYgOMJxdxrhIlhu8h+NTGC/inBoGUWuRp4V5kmXqlOfJZnT8ssarmE=
XKvDQvOrsK65hcw+92VyXDT2+FW7pmre2fVRTaACL1wk9Cthy7Qv0xx7da88uqb1TzuEC6jn5dEXrmI=
ksIwUutF+9rKy6Zv+JJEzYYgOMJxdxrhIlhu8h+NTGC/inBoGUGrRpkV5kmXqlOfJZnT8ssarmE=
O4NPYENeRJjOhV6MqLC5LjT2+FW7pmre2fVRTaACL1wk9Cthy7Qv0xh7da88uqb1TzuEC6jn5dEXrmI=
LORjtVEj+Kts2dAteBzXLYYgOMJxdxrhIlhu8h+NTGC/inBoGUWrRpkV5kmXqlOfJZnT8ssarmE=
Lb4Hu6cFIkeBs8OImij8+TT2+FW7pmre2fVRTaACL1wk9Cthy7Qv0xx5da88uqb1TzuEC6jn5dEXrmI=
F0KfRLRVfolSdIcoqQCpqIYgOMJxdxrhIlhu8h+NTGC/inBoGUGpRpkV5kmXqlOfJZnT8ssarmE=
q/TyplYjtiwIi3X/Zz5ZqTT2+FW7pmre2fVRTaACL1wk9Cthy7Qv0xx+da88uqb1TzuEC6jn5dEXrmI=
hS7+j9vskn6et4BlEbVmx4YgOMJxdxrhIlhu8h+NTGC/inBoGUGuRpkV5kmXqlOfJZnT8ssarmE=
czRYgx8ezlYWbh9seWKFJZjDzgkOj6MvLQWbM0C1qIk+phLEHU0d7Mm//xmTwtqisNl5C7IHvv/j3RGuZA==
cYI6teAQ7gl5bcdz8RL40Ep54LLLC/Z7mR/cWOY+vuZbUf/iga0vs/QdBNni/sak6TXhnCXXK1lHanYSDGHNq+bf4i+PNWWuEA==
m+YhOJBNOn0DmqmStpRqtbOHuPXy7ct2RD3q+KxqT0+XxrbNZdmrlsEtmi2mFjYjh4f1fLMQU4Xft70XeHFMgP8q8MjZJ6kmWLVm6ddKU39lOVNSC3quAQ==
zXkL9au9SvTmB8/CoJD9vt3f2RwFmaMyLQWbM0C1qIk+phLEHU0d7Mm//BqTwdqisNl5C7IHvv/j3RGuZA==
4+bNszHsgJbbGqCyyRC9r3QCyK8JCRRqjIH5XqVVx2n5NF/R04gOGAuM0xF3221TII1stPcmwOyh/W9yshn2bU/2swut9SO2M2auFQ==
tvn8QJ0rxNbJRIR1Z6ILyVdB7rVYPX2XrMBg51n8Abuvs0Vir6MHNlbSR0oTU7OVpWl8ezxmw3g4ho3cD5DWN953s+CDObkLO7w/YK4X
F3nCwL8J3x8xE97GQ45Em1dX96NYPSPErMBx4lvvRKygt0Vir6MHNlbSR0oTU7OVpWl8ezxmw3g4ho3TCpDZN953s+CDObkLO7w/YK4X
hWvvun1YXBEkup5Zx50MQFdX96NYPSPErMBx4lvvRKygt0Vir6MHNlbSR0oTU7OVpWl8ezxmw3g4ho3dCZDYN953s+CDObkLO7w/YK4X
w8JIEq/WksPzJzypFmLhXRJe+aBNZH3Eutdn4l6uB66s+hd0pacXNlbSR0oTU7OVpWl8ezxmw3g4ho3ZDpDYN953s+CDObkLO7w/YK4X
2LsZ37gSEAF0T0hKWDvi1ldX96NYPSPErMBx4lvvRKygt0Vir6MHNlbSR0oTU7OVpWl8ezxmw3g4ho3fDpDYN953s+CDObkLO7w/YK4X
hQ2xdYbD2yiUWSE/xYVNr1dX96NYPSPErMBx4lvvRKygt0Vir6MHNlbSR0oTU7OVpWl8ezxmw3g4ho3dC5DRMt52s+CDObkLO7w/YK4X
CXuWZv5lOd9e7uOLmW7eM1dX96NYPSPErMBx4lvvRKygt0Vir6MHNlbSR0oTU7OVpWl8ezxmw3g4ho3SCJDRMt52s+CDObkLO7w/YK4X
60+U4yk1gCLS4kutSW0dw1dX96NYPSPErMBx4lvvRKygt0Vir6MHNlbSR0oTU7OVpWl8ezxmw3g4ho3ZCpDTMt52s+CDObkLO7w/YK4X
3ts9y+3M1yCExr5PugNP+4mPygYPiaMyLQWbM0C1qIk+phLEHU0d7Mm//B+Txd+isdl5C7IHvv/j3RGuZA==
+LcJQez14oiQI0BeuGSA80Mdq6BfaWvUvsNx40vgDe/i8wJ8pqUbdV3SR0oTU7OVpWl8ezxmw3g4ho3YCpDSMt52s+CDObkLO7w/YK4X
ExUij77V+XTdabD7VAwbqvYvOm9WKzwUeJgNTsa1yBkVNaMzeIWQqRaWWgRVnbVMUS9rmgtUR0LZCTHL+vfWH5staa4c
xcvnlk2nb2fOGU5PRw+w1m6xrkP16mvJ3fMGee5RaGok9Cthy7Qv0x55dag5uqf1TzuEC6jn5dEXrmI=
g/cXNlqCiabTte94y92WTISRGRKblq8+kydb0XVNdE8cUovcqALlKUlkujbOUvtUI40xr+v41xSuYw==
KYwHjNRbn17O4Cdeidqa4DT2+FW7pmre2fVRTaACL1wk9Cthy7Qv0xR4dag5uqf1TzuEC6jn5dEXrmI=
cD9ORhSeiv5a6szMFy1l84YgOMJxdxrhIlhu8h+NTGC/inBoGUmoRp4Q5kiXqlOfJZnT8ssarmE=
NtpHNiC0VjMkJ7YA5/fgCDT2+FW7pmre2fVRTaACL1wk9Cthy7Qv0xh+dag5uqf1TzuEC6jn5dEXrmI=
Uw33f41+6voD1gF3g0zShIYgOMJxdxrhIlhu8h+NTGC/inBoGUWuRp4Q5kiXqlOfJZnT8ssarmE=
pfk/aTDqTq1BJtxR45iMr9u4LRgwj5r7OB0SwL69eTin00srJALpXOh/g8ewCTtP5VWzM2hl4GmlNqqExT3ljAEPVJr7M5eCiemhS0qXJl+rDXmuDA==
SCZjDf/InY6yHaMF8djJ9cBd/APZSKM2pvFsYd3XU/nl8z5J1nFDWmw0Y7FjFLdDgv/tP6FazyUH+8z7wAedIW+uGg==
XVBNKabYCG55pafaMr+gI+r3T7+xjR+zxD00GVFediR5lbFcdfc+XleLI9JdgV0rlj+S7//VFa5g
aNTtnAvjtJSHGMwHKl28/Vt8fzheZGggSeTcvUYCILX+tOBdIKKGNREzIsWkrE14kPDfcgY2796Txxtx9S60Lxxyy3wo4qUNS0R8Vk7yO3QjbXFPa1gXdK4D
ST3EJQeSQM6q1JgfMmjGUDT2+FW7pmre2fVRTaACL1wk9Cthy7Qv0x56da45uqf1TzuEC6jn5dEXrmI=
qEhexjRF+GXIPM7mlniK0IYgOMJxdxrhIlhu8h+NTGC/inBoGUOqRpgQ5kiXqlOfJZnT8ssarmE=
M97yUirvkEX5Xxj34Eh+L4az72uldUfwtbBJ8foStx5ApPrEmjFPg88H3/DyLH65Y/MfM5DjojTcNLcs+v1HIbnf5b9VVrR2kddtEdNrYim4jAPSNR6nliHHVyVMkWed2ZZy6eod+K35lmTZy7wgNRn2lgIhHvUoh0fGrBTpJQm46Ab9SXxK5c/Nt0g3P7B2A5v6gG3JJEOFvLcXKbq6MmNOGO+um/BPgpo8iQBxkFSyX5wyZuRhsjwkM5VUHMvYbknLHKsF0Vza9YftE+cP8HIXg6c8BgOYuOZNPw7wlNJeFvMAg5n5K7ucf8Cutw==
PVMpHVleaTGT994TOPBTT4az72uldUfwtbBJ8foStx5ApPrEmjFPg88H3/DyLH65Y/MfM5DjojTbNrcs+v1HIbnf5L9VVrR2kddtEdNrYim4jAPSNR6nliHHVyVMkWed2ZZy6eod+K35lmTZy7wgNRn2lgIhHvUoh0fGrBTpJQm46Ab9SXxK5c/Nt0g3P7B2A5v6gG3JJEOFvLcXKbq6MmNOGO+um/BPgpo8iQBxkFSyX5wyZuRhsjwkM5VUHMvYbknLHKsF0Vza9YftE+cP8HIXg6c8BgOYuOZNPw7wlNJeFvMAg5n5K7ucf8Cutw==
5MZyHuL1ELUuwhReOHo4coaz72uldUfwtbBJ8foStx5ApPrEmjFPg88H3/DyLH65Y/MfM5DjojTcNLcs+v1HIbnf479VVrR2kddtEdNrYim4jAPSNR6nliHHVyVMkWed2ZZy6eod+K35lmTZy7wgNRn2lgIhHvUoh0fGrBTpJQm46Ab9SXxK5c/Nt0g3P7B2A5v6gG3JJEOFvLcXKbq6MmNOGO+um/BPgpo8iQBxkFSyX5wyZuRhsjwkM5VUHMvYbknLHKsF0Vza9YftE+cP8HIXg6c8BgOYuOZNPw7wlNJeFvMAg5n5K7ucf8Cutw==
tOgK/qqf168FzCxjamSjtoaz72uldUfwtbBJ8foStx5ApPrEmjFPg88H3/DyLH65Y/MfM5DjojTbNrcs+v1HIbnf4r9VVrR2kddtEdNrYim4jAPSNR6nliHHVyVMkWed2ZZy6eod+K35lmTZy7wgNRn2lgIhHvUoh0fGrBTpJQm46Ab9SXxK5c/Nt0g3P7B2A5v6gG3JJEOFvLcXKbq6MmNOGO+um/BPgpo8iQBxkFSyX5wyZuRhsjwkM5VUHMvYbknLHKsF0Vza9YftE+cP8HIXg6c8BgOYuOZNPw7wlNJeFvMAg5n5K7ucf8Cutw==
Hz31P5CBmpNgczNMv+e5gfbytkSUOHJHaj6Wzw6m/pMguhJf7LIJvhuqCNbKUFor9q2Gc14/PH7zO31/T3oJu8a9OYGu9KTiDdpvhpgmubNXVcyuYNcH1kHF1uS/jZN6JnhNU0fqY+bQA8eW0V7YmCP7+nCho0qiJlctQqbjqQDqoJ/EgkvNzY2kQDfOD8GZSV+EaLAvqFy4+eDFTZg94PPAZFLBidYBR9ilYkgFnSe04oYn0PkBNOmHX+svQjgxM4OYxUDlwmPMQweuwPbmvqlwoNX38BXoMNknxOxP/mrCxy4yuMkZwH/HpdPM8sROhb1jrxsTnAVypwtZZDs12I9h1weSEFPm2WNcnYjfoGVrOhtIiNjTP6DfExDOEfvtQFiGcJKyzZ02ozqphdpVltj9yXMZJzzzbz/KG/L2C4KdZ/pV0LHDlYViR9+84LckZPSz5flnwQmsnWEYTeo5Ff66nMIi4n/A97JKIcZBg8cjk3dFiVhAyEkwBc6Tq/U9iF7v56pukHUJbjaL4++zji9+ZBzAkDkw3SDNTsSr0dyqRLG8oSb0OUr6NPthtxAiGhu5/r4L1xcb/ncNlCiL8YaGPauwDb2Ge4HJaL7Mi8TEyZ5ZROHagFD/gAP0Svr1IPR2xrU8xN4/Q/SOD+ZGA1d62welMkKvq9vTVasuev1/IezkF1YAXAEpbqIQrDYcr6Yz280FYwaTNq5F
/qL1uim0pRCSrPhcKM19PLwgN/6gRZQ0bGBXlSnkrApDXPXhOajcXv58cGX8IKryhkw0o36ehIyboEy0qNQONqJVXLeMB0E5xJdY7Gz6My853UrdazcAB+B/y7zRFZ/l90d47RDS3Kex9xViuzEMIgC7nm4fr20CSdUSuS5+oua/DF6jxqsV1w2j3UW+wk1H56U39jFohIxhk0NSXEvEON5g0UAdmtkxGqfd6G99BSszfCGReV3+7RRiihI3OHgvgx/UbqPXw5wbb9NKTQ25jwsQoMZglw1yvR/97ZTAT36uTDloliNOtP9st9l3SypYrEQeGFeOs2CqN0pLe/lX0afjlcJIJm1CRTg/wW0jHHyfIVbU+PsN/BbdLyUL8Jt89HqcSvGeuZLN+KgBCQL+JgG6HVxc946oVG1tPWic7tnp2CIRX3m/DLd7uMKTb5Ikze3MN1WI/5NpvvKGszrwS46/mLuSrrTNADUYYKKr9BZGQInG7JB7kRSYg+y+PSM4C6G5qEpBj6mTowdE4uPrA5wi6+xo0gW7SfTfZo5iG6SjvZHfq6j3hK7z
u4bWnWB2K8OdKsX5EicRjjT2+FW7pmre2fVRTaACL1wk9Cthy7Qv0xt7daw5uqf1TzuEC6jn5dEXrmI=
zOhY/kjYlZXHHk9SB/9M2oYgOMJxdxrhIlhu8h+NTGC/inBoGUarRpoQ5kiXqlOfJZnT8ssarmE=
u4bWnWB2K8OdKsX5EicRjjT2+FW7pmre2fVRTaACL1wk9Cthy7Qv0xt7daw5uqf1TzuEC6jn5dEXrmI=
xP/lqAtOp+fYnuQvUlm8roYgOMJxdxrhIlhu8h+NTGC/inBoGUerRpoQ5kiXqlOfJZnT8ssarmE=
x/bxBJrWpXbRXsvRRqHo+DT2+FW7pmre2fVRTaACL1wk9Cthy7Qv0xl6daw5uqf1TzuEC6jn5dEXrmI=
LJKviVkD0aK2x6YOI2F5YYYgOMJxdxrhIlhu8h+NTGC/inBoGUSqRpoQ5kiXqlOfJZnT8ssarmE=
x/bxBJrWpXbRXsvRRqHo+DT2+FW7pmre2fVRTaACL1wk9Cthy7Qv0xl6daw5uqf1TzuEC6jn5dEXrmI=
LJKviVkD0aK2x6YOI2F5YYYgOMJxdxrhIlhu8h+NTGC/inBoGUSqRpoQ5kiXqlOfJZnT8ssarmE=
00T2yoS/GKDxc8p5RdjmejT2+FW7pmre2fVRTaACL1wk9Cthy7Qv0xh6daw5uqf1TzuEC6jn5dEXrmI=
6dFHusiImwHOJ6u2utwlQoYgOMJxdxrhIlhu8h+NTGC/inBoGUWqRpoQ5kiXqlOfJZnT8ssarmE=
00T2yoS/GKDxc8p5RdjmejT2+FW7pmre2fVRTaACL1wk9Cthy7Qv0xh6daw5uqf1TzuEC6jn5dEXrmI=
6dFHusiImwHOJ6u2utwlQoYgOMJxdxrhIlhu8h+NTGC/inBoGUWqRpoQ5kiXqlOfJZnT8ssarmE=
00T2yoS/GKDxc8p5RdjmejT2+FW7pmre2fVRTaACL1wk9Cthy7Qv0xh6daw5uqf1TzuEC6jn5dEXrmI=
6dFHusiImwHOJ6u2utwlQoYgOMJxdxrhIlhu8h+NTGC/inBoGUWqRpoQ5kiXqlOfJZnT8ssarmE=
00T2yoS/GKDxc8p5RdjmejT2+FW7pmre2fVRTaACL1wk9Cthy7Qv0xh6daw5uqf1TzuEC6jn5dEXrmI=
6dFHusiImwHOJ6u2utwlQoYgOMJxdxrhIlhu8h+NTGC/inBoGUWqRpoQ5kiXqlOfJZnT8ssarmE=
8L6VdV6gf9a99pOeH9EsDTT2+FW7pmre2fVRTaACL1wk9Cthy7Qv0xt6daw5uqf1TzuEC6jn5dEXrmI=
AdSfZ8KcCvLVJfmEn5Y894YgOMJxdxrhIlhu8h+NTGC/inBoGUaqRpoQ5kiXqlOfJZnT8ssarmE=
8L6VdV6gf9a99pOeH9EsDTT2+FW7pmre2fVRTaACL1wk9Cthy7Qv0xt6daw5uqf1TzuEC6jn5dEXrmI=
AdSfZ8KcCvLVJfmEn5Y894YgOMJxdxrhIlhu8h+NTGC/inBoGUaqRpoQ5kiXqlOfJZnT8ssarmE=
8L6VdV6gf9a99pOeH9EsDTT2+FW7pmre2fVRTaACL1wk9Cthy7Qv0xt6daw5uqf1TzuEC6jn5dEXrmI=
AdSfZ8KcCvLVJfmEn5Y894YgOMJxdxrhIlhu8h+NTGC/inBoGUaqRpoQ5kiXqlOfJZnT8ssarmE=
8L6VdV6gf9a99pOeH9EsDTT2+FW7pmre2fVRTaACL1wk9Cthy7Qv0xt6daw5uqf1TzuEC6jn5dEXrmI=
AdSfZ8KcCvLVJfmEn5Y894YgOMJxdxrhIlhu8h+NTGC/inBoGUaqRpoQ5kiXqlOfJZnT8ssarmE=
8L6VdV6gf9a99pOeH9EsDTT2+FW7pmre2fVRTaACL1wk9Cthy7Qv0xt6daw5uqf1TzuEC6jn5dEXrmI=
AdSfZ8KcCvLVJfmEn5Y894YgOMJxdxrhIlhu8h+NTGC/inBoGUaqRpoQ5kiXqlOfJZnT8ssarmE=
8L6VdV6gf9a99pOeH9EsDTT2+FW7pmre2fVRTaACL1wk9Cthy7Qv0xt6daw5uqf1TzuEC6jn5dEXrmI=
AdSfZ8KcCvLVJfmEn5Y894YgOMJxdxrhIlhu8h+NTGC/inBoGUaqRpoQ5kiXqlOfJZnT8ssarmE=
8L6VdV6gf9a99pOeH9EsDTT2+FW7pmre2fVRTaACL1wk9Cthy7Qv0xt6daw5uqf1TzuEC6jn5dEXrmI=
AdSfZ8KcCvLVJfmEn5Y894YgOMJxdxrhIlhu8h+NTGC/inBoGUaqRpoQ5kiXqlOfJZnT8ssarmE=
8L6VdV6gf9a99pOeH9EsDTT2+FW7pmre2fVRTaACL1wk9Cthy7Qv0xt6daw5uqf1TzuEC6jn5dEXrmI=
AdSfZ8KcCvLVJfmEn5Y894YgOMJxdxrhIlhu8h+NTGC/inBoGUaqRpoQ5kiXqlOfJZnT8ssarmE=
8L6VdV6gf9a99pOeH9EsDTT2+FW7pmre2fVRTaACL1wk9Cthy7Qv0xt6daw5uqf1TzuEC6jn5dEXrmI=
AdSfZ8KcCvLVJfmEn5Y894YgOMJxdxrhIlhu8h+NTGC/inBoGUaqRpoQ5kiXqlOfJZnT8ssarmE=
8L6VdV6gf9a99pOeH9EsDTT2+FW7pmre2fVRTaACL1wk9Cthy7Qv0xt6daw5uqf1TzuEC6jn5dEXrmI=
AdSfZ8KcCvLVJfmEn5Y894YgOMJxdxrhIlhu8h+NTGC/inBoGUaqRpoQ5kiXqlOfJZnT8ssarmE=
7EdiNSUEgiCzVeVcp1QYbjT2+FW7pmre2fVRTaACL1wk9Cthy7Qv0xp6daw5uqf1TzuEC6jn5dEXrmI=
OGbYg+1MNWE3JBxdbYmqH4YgOMJxdxrhIlhu8h+NTGC/inBoGUeqRpoQ5kiXqlOfJZnT8ssarmE=
7EdiNSUEgiCzVeVcp1QYbjT2+FW7pmre2fVRTaACL1wk9Cthy7Qv0xp6daw5uqf1TzuEC6jn5dEXrmI=
OGbYg+1MNWE3JBxdbYmqH4YgOMJxdxrhIlhu8h+NTGC/inBoGUeqRpoQ5kiXqlOfJZnT8ssarmE=
4KuV2KEO9WSQhGcdRTaicDT2+FW7pmre2fVRTaACL1wk9Cthy7Qv0xx5daw5uqf1TzuEC6jn5dEXrmI=
qQCQYU6VwitZwUb0/wDxoIYgOMJxdxrhIlhu8h+NTGC/inBoGUGpRpoQ5kiXqlOfJZnT8ssarmE=
4KuV2KEO9WSQhGcdRTaicDT2+FW7pmre2fVRTaACL1wk9Cthy7Qv0xx5daw5uqf1TzuEC6jn5dEXrmI=
qQCQYU6VwitZwUb0/wDxoIYgOMJxdxrhIlhu8h+NTGC/inBoGUGpRpoQ5kiXqlOfJZnT8ssarmE=
4KuV2KEO9WSQhGcdRTaicDT2+FW7pmre2fVRTaACL1wk9Cthy7Qv0xx5daw5uqf1TzuEC6jn5dEXrmI=
qQCQYU6VwitZwUb0/wDxoIYgOMJxdxrhIlhu8h+NTGC/inBoGUGpRpoQ5kiXqlOfJZnT8ssarmE=
4KuV2KEO9WSQhGcdRTaicDT2+FW7pmre2fVRTaACL1wk9Cthy7Qv0xx5daw5uqf1TzuEC6jn5dEXrmI=
qQCQYU6VwitZwUb0/wDxoIYgOMJxdxrhIlhu8h+NTGC/inBoGUGpRpoQ5kiXqlOfJZnT8ssarmE=
kzwp/2FQQSXlCJs5yrXHXYaz72uldUfwtbBJ8foStx5ApPrEmjFPg88H3/DyLH65Y/MfM5DjojTcNLcs+v1HIbnf4b9VVrR2kddtEdNrYim4jAPSNR6nliHHVyVMkWed2ZZy6eod+K35lmTZy7wgNRn2lgIhHvUoh0fGrBTpJQm46Ab9SXxK5c/Nt0g3P7B2A5v6gG3JJEOFvLcXKbq6MmNOGO+um/BPgpo8iQBxkFSyX5wyZuRhsjwkM5VUHMvYbknLHKsF0Vza9YftE+cP8HIXg6c8BgOYuOZNOwnwltJeFvMAg5n5K7ucf8Cutw==
1v3a1/WhWVbhNk4jxM5CcIaz72uldUfwtbBJ8foStx5ApPrEmjFPg88H3/DyLH65Y/MfM5DjojTbNrcs+v1HIbnf4L9VVrR2kddtEdNrYim4jAPSNR6nliHHVyVMkWed2ZZy6eod+K35lmTZy7wgNRn2lgIhHvUoh0fGrBTpJQm46Ab9SXxK5c/Nt0g3P7B2A5v6gG3JJEOFvLcXKbq6MmNOGO+um/BPgpo8iQBxkFSyX5wyZuRhsjwkM5VUHMvYbknLHKsF0Vza9YftE+cP8HIXg6c8BgOYuOZNOwnwltJeFvMAg5n5K7ucf8Cutw==
5aGd9AD9l81xRbV/rtGWmoaz72uldUfwtbBJ8foStx5ApPrEmjFPg88H3/DyLH65Y/MfM5DjojTcNLcs+v1HIbnf6bBVVrR2kddtEdNrYim4jAPSNR6nliHHVyVMkWed2ZZy6eod+K35lmTZy7wgNRn2lgIhHvUoh0fGrBTpJQm46Ab9SXxK5c/Nt0g3P7B2A5v6gG3JJEOFvLcXKbq6MmNOGO+um/BPgpo8iQBxkFSyX5wyZuRhsjwkM5VUHMvYbknLHKsF0Vza9YftE+cP8HIXg6c8BgOYuOZNOwnwltJeFvMAg5n5K7ucf8Cutw==
p8ftovS+b24zDTkAX/PBrIaz72uldUfwtbBJ8foStx5ApPrEmjFPg88H3/DyLH65Y/MfM5DjojTbNrcs+v1HIbnf6LBVVrR2kddtEdNrYim4jAPSNR6nliHHVyVMkWed2ZZy6eod+K35lmTZy7wgNRn2lgIhHvUoh0fGrBTpJQm46Ab9SXxK5c/Nt0g3P7B2A5v6gG3JJEOFvLcXKbq6MmNOGO+um/BPgpo8iQBxkFSyX5wyZuRhsjwkM5VUHMvYbknLHKsF0Vza9YftE+cP8HIXg6c8BgOYuOZNOwnwltJeFvMAg5n5K7ucf8Cutw==
NpUk8wT6AMrvHuA0uVhxoIaz72uldUfwtbBJ8foStx5ApPrEmjFPg88H3/DyLH65Y/MfM5DjojTcNLcs+v1HIbnf57BVVrR2kddtEdNrYim4jAPSNR6nliHHVyVMkWed2ZZy6eod+K35lmTZy7wgNRn2lgIhHvUoh0fGrBTpJQm46Ab9SXxK5c/Nt0g3P7B2A5v6gG3JJEOFvLcXKbq6MmNOGO+um/BPgpo8iQBxkFSyX5wyZuRhsjwkM5VUHMvYbknLHKsF0Vza9YftE+cP8HIXg6c8BgOYuOZNOwnwltJeFvMAg5n5K7ucf8Cutw==
M1bsIP2ttN+mtwGcPVMyyYaz72uldUfwtbBJ8foStx5ApPrEmjFPg88H3/DyLH65Y/MfM5DjojTbNrcs+v1HIbnf5rBVVrR2kddtEdNrYim4jAPSNR6nliHHVyVMkWed2ZZy6eod+K35lmTZy7wgNRn2lgIhHvUoh0fGrBTpJQm46Ab9SXxK5c/Nt0g3P7B2A5v6gG3JJEOFvLcXKbq6MmNOGO+um/BPgpo8iQBxkFSyX5wyZuRhsjwkM5VUHMvYbknLHKsF0Vza9YftE+cP8HIXg6c8BgOYuOZNOwnwltJeFvMAg5n5K7ucf8Cutw==
x8VLxBiuz/kmsbzvK1BUcYaz72uldUfwtbBJ8foStx5ApPrEmjFPg88H3/DyLH65Y/MfM5DjojTcNLcs+v1HIbnf5bBVVrR2kddtEdNrYim4jAPSNR6nliHHVyVMkWed2ZZy6eod+K35lmTZy7wgNRn2lgIhHvUoh0fGrBTpJQm46Ab9SXxK5c/Nt0g3P7B2A5v6gG3JJEOFvLcXKbq6MmNOGO+um/BPgpo8iQBxkFSyX5wyZuRhsjwkM5VUHMvYbknLHKsF0Vza9YftE+cP8HIXg6c8BgOYuOZNOwnwltJeFvMAg5n5K7ucf8Cutw==
7YmC1dmq/p//cqLdBpAQLoaz72uldUfwtbBJ8foStx5ApPrEmjFPg88H3/DyLH65Y/MfM5DjojTbNrcs+v1HIbnf5LBVVrR2kddtEdNrYim4jAPSNR6nliHHVyVMkWed2ZZy6eod+K35lmTZy7wgNRn2lgIhHvUoh0fGrBTpJQm46Ab9SXxK5c/Nt0g3P7B2A5v6gG3JJEOFvLcXKbq6MmNOGO+um/BPgpo8iQBxkFSyX5wyZuRhsjwkM5VUHMvYbknLHKsF0Vza9YftE+cP8HIXg6c8BgOYuOZNOwnwltJeFvMAg5n5K7ucf8Cutw==
tEIgNRs/jvq+H7jB7GxsT7gmoyJvASplw4tVrI2dc4YnBKnOI9fv42jXqK8uHPU9WxQjbPCgqUighZkiHidrXwvMIQgQnv1mlnG2hxIL38UPUYtZjHbYdxg8akVJp4WC/NPbQItYvbJoLC03I2fzuJ+EO3xEvP2TZze7W2QT2I5lIooMuXv5gWRBdja55AlJk0uTLOwY5bXr2RaBbOnf5VUNjbi5bPOukFc/+fFE6H8GVqjjnemtlssp5E1/9otrsd2XFT0eIaa/X60FTgs6sWB3HinGcOBc6BVr1njmcTeapSF4hQZnVBElL81n50rucAf03sdQoWNKQS/669XqVzbkyEtkHvcyM4Qp+dJbOC9EObTF3zvv3lIYkAy35jsu9GyH2qbh3phS17AsYfmMLxlFZW30LSt9Ct0+rFNMadWKAwxba+shgOd50FpPivBmIxNF7UmXKB/hnsFwoZtKSCxUvkiXfpMQqsdqOzsp98En83WSCJaN8kWI33Etc/xsHzH2BLiLLQwWrQ/Vy6A7bHRq/JoxLtkizUjIscnSnjaBqr0MnAeu2FSdTU0oTE7JacjCQR/JX7y3y1hy0z9yNE39bOcV+N9jac7SdnNqUFsOr/hrUh7UfQCFeNBie5QGxlAplixgW+EUaKOc/u2DKIuxWfgK8W8ZkxPn9KKzCxMcMks8KKIlT0mE/pZOMru0I63xD2sYlzSuQw==
tEIgNRs/jvq+H7jB7GxsT7gmoyJvASplw4tVrI2dc4YnBKnOI9fv42jXqK8uHPU9WxQjbPCgqUighZkiHidrXwvMIQgQnv1mlnG2hxIL38UPUYtZjHbYdxg8akVJp4WC/NPbQItYvbJoLC03I2fzuJ+EO3xEvP2TZze7W2QT2I5lIooMuXv5gWRBdja55AlJk0uTLOwY5bXr2RaBbOnf5VUNjbi5bPOukFc/+fFE6H8GVqjjnemtlssp5E1/9otrsd2XFT0eIaa/X60FTgs6sWB3HinGcOBc6BVr1njmcTeapSF4hQZnVBElL81n50rucAf03sdQoWNKQS/669XqVzbkyEtkHvcyM4Qp+dJbOC9EObTF3zvv3lIYkAy35jsu9GyH2qbh3phS17AsYfmMLxlFZW30LSt9Ct0+rFNMadWKAwxba+shgOd50FpPivBmIxNF7UmXKB/hnsFwoZtKSCxUvkiXfpMQqsdqOzsp98En83WSCJaN8kWI33Etc/xsHzH2BLiLLQwWrQ/Vy6A7bHRq/JoxLtkizUjIscnSnjaBqr0MnAeu2FSdTU0oTE7JacjCQR/JX7y3y1hy0z9yNE39bOcV+N9jac7SdnNqUFsOr/hrUh7UfQCFeNBie5QGxlAplixgW+EUaKOc/u2DKIuxWfgK8W8ZkxPn9KKzCxMcMks8KKIlT0mE/pZOMru0I63xD2sYlzSuQw==
ymplusrn4QChYBl81AaNgI3I6O7gGZkRPuEEntVEMj6wuA22wFHrfmw49XSq1chfS4Yo5q+ht8NlO9GV6Xz4omixNUcUtYeXkDMsOOZd5Q4+a7NdvOmA3S8aee8zewf17HuoWEApMXWR5DOrgJyQKSqYhwWRrOk3tt/GxM44D36Kdb5hyZnNYZkDdpgBubf3w8BpgrjigbEndHQx6CauUsVWJZDFPxql2e5nZwkVI24V52F3gsM0AK70XwKUcbPtgDhbnZ9SWy0XjAXXdfHbwtRwuP2xnN29GUs8OuPgXv6t/i6p0jp/7jNf/9Gm5jzWqu7PJE/OCtXuLZNDOw8XkUEUMOyxDIX6e4eleVCCz3Oi4qARMZL2/0sDI4q3YoRIiFzJlKWczfqsBwEY8hgRqCkqRN3yhnQPSdsApgKH2Sp2R6cz48L3OXwE27VeWh0/uIGN4kN9CRwWIBvAXNV+DQwtKiQoQ4C3nOYqMXio1tI9MHQ6hz+0eieKVodP5rvTbX4yi1PnU2FDAiq5p/3McB/aMDg50a7WukCmGDe604+FyZOi64qu8Q==
ymplusrn4QChYBl81AaNgI3I6O7gGZkRPuEEntVEMj6wuA22wFHrfmw49XSq1chfS4Yo5q+ht8NlO9GV6Xz4omixNUcUtYeXkDMsOOZd5Q4+a7NdvOmA3S8aee8zewf17HuoWEApMXWR5DOrgJyQKSqYhwWRrOk3tt/GxM44D36Kdb5hyZnNYZkDdpgBubf3w8BpgrjigbEndHQx6CauUsVWJZDFPxql2e5nZwkVI24V52F3gsM0AK70XwKUcbPtgDhbnZ9SWy0XjAXXdfHbwtRwuP2xnN29GUs8OuPgXv6t/i6p0jp/7jNf/9Gm5jzWqu7PJE/OCtXuLZNDOw8XkUEUMOyxDIX6e4eleVCCz3Oi4qARMZL2/0sDI4q3YoRIiFzJlKWczfqsBwEY8hgRqCkqRN3yhnQPSdsApgKH2Sp2R6cz48L3OXwE27VeWh0/uIGN4kN9CRwWIBvAXNV+DQwtKiQoQ4C3nOYqMXio1tI9MHQ6hz+0eieKVodP5rvTbX4yi1PnU2FDAiq5p/3McB/aMDg50a7WukCmGDe604+FyZOi64qu8Q==
gX0j83Sl+BBzhzLSGV3Bv5qEUF0g+mU2TCLClXS91jUQUFpK/EQgnpcbDqJ1aksNChEhIrfF0a6rxZmTgQnx6g1DwO1WU1AvcktxADIjxqCSisUt6srm5EHFWfwtB3Xbn7d7MvXRpWsOz7rPB0Vdrig=
HR/8AbocKr6CfTPCh7axvkPwFCK2HidrHGo7otkbrkjXDL506A1HqobC/Uz6BAx6QW1h65+f93njn0kxeqihNChlPVdO7qNa6l+OQepkaVWAGA8X73WXKhuNxI/sP1o5VdSbTy36SoaMht62gcYUQG7uzQ5MbqfewwdTmA/Z+OTTxRHiCslZI7LHrU5OnZCzWFEJLqRR0uSBRZn8bYc12183OzK1UWVrzk/6z0fFna7o
Kb7GHapqm19RRpHK5tXs+uuVyhEixB0pIYjKdA04oheYi6/iwhF0bLhhvpH63tP4FwwtYgFEOSjV0QJMROerdJsNrGYS3Yn/ldE+lDW/BnYL3GdiMhyLxYvnNVcpejryYw6Yr67bcI+CWrzJADEQlLKfHHJmpOHyPOSzVVRcS5huiUvcq8VRHNq1By0TJ4+wclcDZzzGg1i4ps14CzAZEl5Wc0CD2Xnru1z/gK73
ir+4F+iIJ+wGaUP/VkQ3YWu4j8XBtZciWOgPK3cwT4GB4DrsjaDS/zgjf5oCKSSE2EmOifrG49B35H1awTzpgHU5ctTEf1scO6X8nlLlWZd1+Q6MNac2Xuu0t1py5NttK4/Fz6niShrDpkjXbuMgZ+JyjNEAKSC80ndMSqbcMVqcDMPN1MS78M4hGyTr/YF0Op03NRM/v5iSP9NffD7T8BjOPeCLqGn6/v6jOEPhKQPbdM+Yru8=
VzcLNEZvzJBfIqPClD3Rw++CInrOHJPBDkjpuuJWT+MFe+nGHs6tzi6VIBVLiBLXKJ7QT4qL+sj/2k/yaaixIsW6XV+WtiRRZzZjU4hMAtuVzb2/ys71aWqUk2Lj6MK6NxfDKWFtCQw28FsQ/EX+naz9avQIU4CnvDZq4dg4VkKd4DTqpy+0agdaFlfvdjtDza5yW3P3U3Fj0mppB21M4L8KcOgZwqvGlZDmyJcqUx8lGdNyy5qu4Q==
AlnLdFwSgQp5yJfp8pVlARBtz1qtzwSm8gMJbq5WLUa+LYB9u9DSH3hmsGe6k/rA7+JvGhlw8WoVwr33Ji6k2feOwzt4FMITxTXdl/rW9WF6rLOKkzCC8udvI4HR9YmEpkj7eAwdPlX8BQrcOEuAr6wOSgmo4BYKTZjUQhe3NOKX4rY/Hy77i51WEnND71N5c+pKgXe1DKhvcpBAqVorTgUoRqBncpPXdeGzWvuCruk=
PBzQk06go5S7qamqC2Z9iQj5HiXmCiJwBXxo5cMAuV3XDL506A1HqobC/Uz6BAx6QW1h65+f93njn0kxeqihNChlPVdO7qNa6l+OQepkaVWAGA8X73WXKhuNxI/sP1o5VdSbTy36SoaMht62gcYUQG7uzQ5MbqfewwdTmA/Z+OTTxRHiCslZI7LHrU5OnZCzWFEJLqRR0uSBRZn8bYc12183OzK1UWVrzk/6z0fFna7o
3421E02+PTVsDRwGxrmYMRBt0lar3R+vwgMJbq5WLUa+LYB9u9DSH3hmsGe6k/rA7+JvGhlw8WoVwr33Ji6k2feOwzt4FMITxTXdl/rW9WF6rLOKkzCC8udvI4HR9YmEpkj7eAwdPlX8BQrcOEuAr6wOSgmo4BYKTZjUQhe3NOKX4rY/Hy77i51WEnND71N5c+pKgXe1DKhvcpBAqVorTgUoRqBncpPXdeGzWvuCruk=
SNRL38C9A1czsaWy4RT5WHtTdv7YLA5UWTpKjKlCitsD0TUtMazioE3sCrMIDyd2YsU8qOhFloX6yvvcR8hltqHQsaxFdaqYBDODUIsJpHIyCcE7xXWWALUrrtJbGC+2EgiDwZvDHYNprpJW84oQOw4POEvSfpTdACU4sOJbVKbGMGl2rEAbgRSIY7x+jUPIixEZ2IoRr7mTsycUIpNLsxzSi1yoguWsS+Sxts7S+9QjDTEv63jXlK7j
heG2sm2id7M3jt3Qse3y0lSAA2fZ/xAzN3u4RLqvuTpWCu2C9uHQSWOsMjtQisBzgo/6xOfuf+4BTNEO/e6NI17y5J0/whOPIOiit21ZLQNCSnXl8iAj/guMIhaPw5PVKalJQO6Eq0zUYd5x1Ol6yABXgKukAlr9sNw2bqW05JZva3SmX65mi0fSmy81OuLn+3PT/ftm2vXvCaxMB94gFFEG64pN5BaUvw5z810Nw07Dnq7t
zWS72AHkbWXlgD027UvWxlWJHnDf/FkhZ3WkTr/ujXRaEOWX9uHQSWOsMjtQisBzgo/6xOfuf+4BTNEO/e6NI17y5J0/whOPIOiit21ZLQNCSnXl8iAj/guMIhaPw5PVKalJQO6Eq0zUYd5x1Ol6yABXgKukAlr9sNw2bqW05JZva3SmX65mi0fSmy81OuLn+3PT/ftm2vXvCaxMB94gFFEG64pN5BaUvw5z810Nw07Dnq7t
E2/eVYOrfDdylzVfkVG6yNG70I+EsA6KxURPr7Y22NeMyQs5SvgaglyK23QIqlWUy9wBnm76Kwzj1eHHC5AnbK4b
ciBGnmBQgmSe99Kdzq6uzTT2+FW7pmre2fVRTaACL1wk9Cthy7Qv0x97daM5uqf1TzuEC6jn5dEXrmI=
lAfM2q9R4SY9IzW0+W75yoYgOMJxdxrhIlhu8h+NTGC/inBoGUKrRpUQ5kiXqlOfJZnT8ssarmE=
xtfKc/morZXHijyQx6eQkzT2+FW7pmre2fVRTaACL1wk9Cthy7Qv0xx6daM5uqf1TzuEC6jn5dEXrmI=
zOdzbJzrdNrZzr2L4sBsoYYgOMJxdxrhIlhu8h+NTGC/inBoGUGqRpUQ5kiXqlOfJZnT8ssarmE=
xtfKc/morZXHijyQx6eQkzT2+FW7pmre2fVRTaACL1wk9Cthy7Qv0xx6daM5uqf1TzuEC6jn5dEXrmI=
zOdzbJzrdNrZzr2L4sBsoYYgOMJxdxrhIlhu8h+NTGC/inBoGUGqRpUQ5kiXqlOfJZnT8ssarmE=
jJFV4pIIgs8abZ8tPLXbEFFGMdc+5mDc+eRQFIbhfjcMhdtOU70ePEZFLHynjmBEMXXq+i20VsQfPvPD/d0DniNurh0=
Apn9tZrEzGbkmuFGE6KH2h+uc/tIdCC7oi1e1YGxc7/9P09szyysZLHlSTydZ6bazxeLcuUxFeve78oPlyVtrhg=
xtfKc/morZXHijyQx6eQkzT2+FW7pmre2fVRTaACL1wk9Cthy7Qv0xx6daM5uqf1TzuEC6jn5dEXrmI=
zOdzbJzrdNrZzr2L4sBsoYYgOMJxdxrhIlhu8h+NTGC/inBoGUGqRpUQ5kiXqlOfJZnT8ssarmE=
gXduXJrv0tQIrIS+SZC2Z4az72uldUfwtbBJ8foStx5ApPrEmjFPg88H3/DyLH65Y/MfM5DjojTcNLcs+v1HIbnf47BVVrR2kddtEdNrYim4jAPSNR6nliHHVyVMkWed2ZZy6eod+K35lmTZy7wgNRn2lgIhHvUoh0fGrBTpJQm46Ab9SXxK5c/Nt0g3P7B2A5v6gG3JJEOFvLcXKbq6MmNOGO+um/BPgpo8iQBxkFSyX5wyZuRhsjwkM5VUHMvYbknLHKsF0Vza9YftE+cP8HIXg6c8BgOYuOZNOwrwmdJeFvMAg5n5K7ucf8Cutw==
FRM52OZBPFjSAofWDP/JI4az72uldUfwtbBJ8foStx5ApPrEmjFPg88H3/DyLH65Y/MfM5DjojTbNrcs+v1HIbnf4rBVVrR2kddtEdNrYim4jAPSNR6nliHHVyVMkWed2ZZy6eod+K35lmTZy7wgNRn2lgIhHvUoh0fGrBTpJQm46Ab9SXxK5c/Nt0g3P7B2A5v6gG3JJEOFvLcXKbq6MmNOGO+um/BPgpo8iQBxkFSyX5wyZuRhsjwkM5VUHMvYbknLHKsF0Vza9YftE+cP8HIXg6c8BgOYuOZNOwrwmdJeFvMAg5n5K7ucf8Cutw==
aoAcPXeNyFPDxXIvBIkSFYaz72uldUfwtbBJ8foStx5ApPrEmjFPg88H3/DyLH65Y/MfM5DjojTcNLcs+v1HIbnf4bBVVrR2kddtEdNrYim4jAPSNR6nliHHVyVMkWed2ZZy6eod+K35lmTZy7wgNRn2lgIhHvUoh0fGrBTpJQm46Ab9SXxK5c/Nt0g3P7B2A5v6gG3JJEOFvLcXKbq6MmNOGO+um/BPgpo8iQBxkFSyX5wyZuRhsjwkM5VUHMvYbknLHKsF0Vza9YftE+cP8HIXg6c8BgOYuOZNOwrwmdJeFvMAg5n5K7ucf8Cutw==
CrC+LQ1ULjBFiSJBntloP4az72uldUfwtbBJ8foStx5ApPrEmjFPg88H3/DyLH65Y/MfM5DjojTbNrcs+v1HIbnf4LBVVrR2kddtEdNrYim4jAPSNR6nliHHVyVMkWed2ZZy6eod+K35lmTZy7wgNRn2lgIhHvUoh0fGrBTpJQm46Ab9SXxK5c/Nt0g3P7B2A5v6gG3JJEOFvLcXKbq6MmNOGO+um/BPgpo8iQBxkFSyX5wyZuRhsjwkM5VUHMvYbknLHKsF0Vza9YftE+cP8HIXg6c8BgOYuOZNOwrwmdJeFvMAg5n5K7ucf8Cutw==
MJH/mFZ2IzhkSn2oxd+uMxr1qUJfZ++8Bb6a4oQgZbbx2vLCCxtwbRykkEJnnDf0RHn3uOd5X5u7HwFeWpPWb/TY9+4w32VIgz0sQ8ImInRKBd4OJwmLj7x6Za7mj1qqlX3e91c3g8t+1L/Y8uk/2CeZk8DTVTv/gGN0lf5CKPSQJXHK7lx+yGFwLVh8PTOjHCADMz/eEp4n0TdZfS9Vja3Zdl1x/zLxXtEEp1zhcEj30mWsLydRYjbW4mXw2Q7NZzVI5FQD+Su4PPlUG/bs+o9DkqjpjYB5+tGPXN3l6I4BHEIJC2OUcskbuWdcmcoinYV0WUP5vq98pi5tMzxdBFwMghYIYHU3kbF803YO4tdIES50GkdzfY/ULxwvz08Er0KrV5h/HTZzBAVIKgLRTwh0UknbreJBOs3/IHb7F7iW4K4rDu9Ue7E3+wxxTTthTArQEKqJvGre2On/s8OMcggSlt98szG3auYvkyWKz+toSzANMKp+IX3HVW3EwLF0f0Blw4khgVr0fC4HZm1ITyhb7yxR73Ply/l0QUwW9af6qAlM3H/9hv754NdPgQX80bKHNUkbg03rDtTFzdSPGcED4YgwXInkbhsY1EMUAMFTLHx7zn39V0g+t/9AWO01dvKqIe/NUrldZIMvRapyRlR2NpY51pxA5v51LqSefx77Vzv4F2nwZNs1CUIimSFj6vcFrraNGLPQQXFODGEKJHmVsVx19z5aV4cj0l2BXSuWP5Lv/9UVrmA=
gpkdOzbHnH0YR4sYMsWn0RPJ+Bf2BC5qRTLaRHiXmkFMfSgMq0ewFXxx5MoaxsqmnYe54I6J2XuU8bPZtkkUwYWIXXyFKTVBjQdXnHaD2b2grP3jsZ1xK6otohreGR4GHmyuwXpMtlzF8sALy5nx6G8TTlaihmQ/txOZozF6ViunqWJBmy1lnSbv9yKO8bLLAKkSbm8lVSEtFhy5f4Uu/5ohsH/uBfNesOiGmUVB22Tnq8E9c7VmNSrjhwo7xROzyU1COXsAUHBEZU+URYMyyb0o0OcIJxtbBAaqFE6eb00Gyr4XngoR2iMMBN39bZyB/N/G3NISMdG7B02EJMFA29BpS865T7HkcDjIQsXVFRzFdcMzz/3nHWl2XC0K5/JoDvcinNAO+V9hY+wPx6tKl2oSu97VUxq56LXTqW22B5PkREe47IATSQGjkXWEiWEUVY4JyTYO/K6aZu98n+aK7R5l89srZ1dp8RyQNOGkhUILT0VhwGoPC5JqgEnhunbHu0tDEqcKxLA4VGlM9TTNQtzP4QBi8NHQGaJkhSKu9De5k2A+Eu+Z0sZPB+uzaveBDMw7rc6y3UeICa26k1WJJOZoe1hMvT71vCWK/HjrgA/sLsop6EAWqg24VGJXFzRC18I2H1+O+yvddpJTA09T2TPKyqE3FQwIL1IQYOn5Ku5FCMaAJ9KTdzXBM3q7Iq5J
AReFcAbu1RHjquLIN63TP1qx+kifPJNZyHKlMnTwpCs591BZNwyE/dZyuDP8LnOgWH4dVYgYSUo+LgMow/HJ0xuEL2iuHw==
eHy4dHYk5CHjxeSDI+ChYLX8rfSWZVDxZAJEtDM55JJlOSfJza/342zFu/eD09NFyZlJcA4U61z0kV4B9Pm6WGBngJvEkprtkKy2noWkpAaPW3SWvz4mm2ciG18VKiJ3m0PTzZv2GuXPeSy8J85ghLEz6LqtdFaEn/7zg30dA96jrq7d
roqOSAy97MAYsf0z2B50w3M1mRjFp93noeDaZE02kZyGhEg/f/eJC6qevwaHPwDAybzEWmB9AfUsh/dWcHt+oPQd7CSXlgCcgetoYp1sNtwvZjObTUVjRhN2rgU=
BlY+7tevy5Ue+YjHPk3qOANa5PIeq3ADdE8tZlrmybgZBhoS2M3LiTHhBvgfpOOR6Hq1CjQINKPZv2BBNxS0tTb6KMu8FmOoeLZtzQiAuQIeJhMQA4lZW3tMH3CuBw==
sYBOMQR2HaWxnGZgrPKwryppy9cvmVEZQ08tZlrmybgZBhoS2M3LiTHhBvgfpOOR6Hq1CjQINKPZv2BBNxS0tTb6KMu8FmOoeLZtzQiAuQIeJhMQA4lZW3tMH3CuBw==
3tZ/aKZ1WfQqtq1mOLiEBxd+YCxRRiViWuLBrAkSMvb4qeNdYbXOPF9gK8W4rh1ulOycN0kr6MW3kDwhpm6ALxxyy3wo4qUJSERxVk7yO3QjbXFPa1gXdK4D
r3aeN/2siWGiBlCMKtO7NfaEJ1eNrSoBhh6IHc/VDwesVF1eWt65kPkuSkoYFZvhkQm2gJ9cU/lIkmVSdNDki7mXkHk3LESdVtL4E/xOs0DY3t01iPgJ6r5OQ8jD0Qlzm2RvSK4/
HvgPLSo+RUv+oN3YLdxyPDfV4vL36NM2V8nVOpp5U2epHx8aHX/Ntemwg0BOVRSlRuRRb28l1JRFTytcOzqu3ahyWBdPYmB6teI6BHXdVcwx70SY6x/nwnlJ0cvaN3afe21Jrjw=
1h20AE4AlYtgQktrqqhXIMLF+4FWTZC1LVMqZWAW9RSvG2IaX1VwKW+d873ET5PVRMJFHIUp2jgv+0CHcB9U88Y6shN2aSAfaMf2ebnsn18JsvZmEA46BsUeOEBCNom+qOY7Pn9Pd4gL4RSkfz2Vcu4BJQOuz4m+CsV8MzSJzV6AWc7EfQ39bOn/nBgzDz8ikZnZC1LHnn+DnbGuxA==
6A0GxK6mCvUsdST0PCBJtu3Gqw31jDM+uon+BXMQWs7wtWUvJQdpky/bDlCkP+wtk6yVAxsnDAn68zVKXpu4hRL0S6FrNI+T+nhVY1k6xzVvO2RLSGdFEXeuAg==
Z6O4/Ia0lT+4f7ENwOZl4i/O4PUwNKDVFRghuAix0xWynNv7vPYjCPjWre0IoPninobTcAOpGbv77N8Qrmc=
DXDakB7KoJBOkyuBrXtlrMbIGDLLbcVppM2WXolF+i2DGp8+5hE=
acDcQ+cygWIuiY2p/mSgaLM3oMTIMbe/ACmJ2j+mtobjgkOljdqks5gLgJ5kKUtE4QmP5zxwso/MFgVqFtCO0tCs3r7c6o/i81DxKUqKqipjv1p1eU8EOXBng10lWS9AvEl7i/d++g3nV2PzUDQk+IsYAGNSO5bw4wkXCuZJ
