xQcOszzGnas4I+bRFL1R9R9GJHh2F5kmV8k8R6ClqaxTYTUbZwMXW5VqKDtrx8hMXLka0SVraQ/0AseVito+cds1fvkxXHf/UcJOpsheQiYtDjBASiZhntC24/7HPy8o41GcJPfNPRK2sd3D9p+xXiLVdDM8meU+uIkWhAW9JYxBjxKau7dVgk9pYUAJF2Zf642ps8w=
5tWhEdqO4K5c68dt9NFIuGywosA5spTupLWepvyLBrVFr/jzHIGNCwwFXIFlf2QzFpoik8aJ0N84p8Z5SczPH7kSBuaAbmrGNT4oQFIWeX74hqu+j+/HyFvB5KRPXcWyHuGVgz5vWX46pWwzJGn9HtD5XkTNbY0sOR+qGkMn7eInOamAwSdOP/O9sbPU
I6IPq5iMpGUz0SDOPncPlXz2i6wX3pP5OBPeACfmhs6+Q+gNPC6vZESQjOrQO8M/R2tMUz+5hJGEJMKddRaQ0rJDRoFRaW7TRgOi/bPzsnnjQlkDWsuo5hxj+PVuJ4bb+Jn3sHHnh244Fj4SVD4LQpbA7GpHhsb6FU6xk/kw5b1aRHEhe0qgnatzABPnhgTZUvOaFUPm7oXgtHMRs9QHYxT6fVvTGplFF3D/W/DHTcGPs+o=
WtryOR+501MWbmAdtcZEWfqWmuTT9mkpU7qcfoHrixGDigcd87ikQFU7R1/EYVsbeycDmQFdCTxWQJsgnPV+LczNqkRoY4CX3Iaq0biI1vL90PRaxx+0Wmfq1mePxrvzrZ6y6xPHU0EDYqpZZ93MUN86sFh58ar2/SIm/vea2KxFKRPCq7qz0Q==
YL3UhSyukBQJ/zfBOavD35jw07PMFvHARb/JKCwcAJbS56n5q0OgU4mfqy1bTtexWy0k3O2ft5MMVTtnYyMTdemJSWAuJCusFAHekZSJ+mhAd4CL5KLanfA8Ng5lVGQ2r0t0hp8O5muHspvPdVpiR7tT0927xlqVr+msLMc+oLSRJeqqhUaWcn9ueBAdbUPug66zzQ==
zNWpEEarWOJJXtYd4YmahJjw07PMFvHARb/JKCwcAJbS9qH3rUyhAYmfqy1bTtexWyIk3O2ft5MMVTtnYyMTdemJSWAuJCusFAHekZSJ+mhAd4CL5KLanfA8Ng5lVGQ2r0t0hp8O5muHspvPdVpiR7tT0927xlqVr+msLMc+oLSRJeqqhUaWcn9ueBAdbUPug66zzQ==
bUvrgC1pPqzqOLAB0V3KZEpsm8k0MnPJcaIVEOoT2BPEWFZyRVMAKt+951Oy3wXi6a/rKRNU86kU6RbrUmOWJc8jHhF2xM/r9ptUviiD7M1yV6rzjFlD2J1XG5astspKaO5naoLA+EIrVvqi4e4la2WACdXuhAUJVzq8pb+TNEsb1qgxxnMOfe82kl3U1GcpryQrS+C6ybO/qgU9g9CLg8yXoembs/4=
65b7H3LCaSDs1WTSWk9tSD95bBOHbXvHNGeljpyd+xJWXydBmJmqE2YDgj3Tc1K5i0W7QzpLSKY8Y9i1zqcmm9iZl/CRZ+eu2BZe0vS+q4K2wMyq5wZmOnVOUVOZsAX9OkRRYdvKAN2LcyBTBwZkmbLz+tWjZo5FwLRT0RNUp6M0+p2bs5p5BXdwHxtQR+2Br7PK
4+9nlLJgrRPxMSsx7d1KRWyHJpfKFiHxjv+ivcox0SiW6o91+vC6rg5vKmoqLlXpWdfrZYum99lLIyXU/feXe9wdey+zy7MdeQHJ6L5Mi0TESZ7ZRGHaAFB/gIP0yvp1IHR2RrW8xF4/w/QOD2ZGg1f624elskIvq1vT1auuen1/oexkF9YA3AGtaiIVLjaaryY4WM2FY4aTprPF
TdKLfKmgJNv7F0GtF/yq1OTgigXp/llP7ywEFCsoNoCE1tMnDd+9zfsbh7Qf/x9q5RohVe/tWOfLsd95e9tNa+nGQk6TMuCTTucIM3LmxPUADWgoQiNkToaYmc7MWMvplGAzpJ41M2BLeSkgKol/kZOb94yCa3vb3Hr75EiatUfKjGmsrmwLfGjmAVdL4Iess8s=
ihJL4/N/0gjKeJqrO23sHl9VLmJvGJh1TcA9R7Swo5ZTP3p0AW1+QZx/MDNU8eUrFPVOhX0PfBP+aurTjtl4f8A3fvkxXHf/UcJOpsheQiYtDjBASiZhntC24/7HPy8o41GcJPfNPRK2sd3D9p+xXiLVdDM8meU+uIkWhAW9JYxBjxKau7dVgk9pYUAJF2Zf642ps8w=
sgK3AEhEUeEn8eJosmJMxraxfxARuJ6E5dGShGdro0Muw0rN+1NKyZpHo7Mia2DWdCMQZSYHngugGS9gaYdP/pBWFuIcXrOyrsDUmv/mjgo9DhkDMVD9bYLEKfFjaugNQzNoIy8mfGmq8+Klu0amtQh0G4F79B8zzHolC8v60dW/sNcrOCf1sbez0g==
w4S6ePU3WYiUCT6LaX1tbT9jYB6FLDKPK3D8g9DCpEBURmZBmJmqE2YDgj3Tc1K5ikS7QzpLSKY8Y9i1zqcmm9iZl/CRZ+eu2BZe0vS+q4K2wMyq5wZmOnVOUVOZsAX9OkRRYdvKAN2LcyBTBwZkmbLz+tWjZo5FwLRT0RNUp6M0+p2bs5p5BXdwHxtQR+2Br7PK
yIPsg8KfSw13Sw2NpiVFVzrYiZjU2JM5P43TyykYda+hG8u5SgF9geJvs558MI1c/ekntgosx1PFUd/ZGW/Zr6rkmlrqKo944nLez1M+OSpTns8zmHoYgwtVPPlSqumSbgduDXWTJuMi4HJryC7gwRMQqilx80u5k3JnFUPhpSeFA+eXtPkbM+tf4xExhYnUBvi7aGztvoXcNcpM2DuA/wy+ChnIEJbabagU0vfHNLI3UvYvf957W71m0uOjn1Mp01oKkRdFjHhPQlDQSSkqHq2aBrYHghgEVdFzyhvis7k=
bRtU8rQxyPZhMDRJxePabyHb59MvV2iTwRoq4AbqoLVNgyRBt6IQ4w1BR27aZIer9Tn/wQln2ZfazHoCuuJPAFKaflfDtrmSozav60gyWHs7PRzhQqLpqh4vjlUlW+abkgjS81imYHnjuMrxobsLQaMaRw1T7qMf9SsHz+Qx20tbt0OJoQ0JbPZQ27C8pf597F3qVMgzgMd8lupBmNhWot1AtEpnT7QKx/qW96+WO6ONDvL7s5dTEaNy6slHjUwA/6rwSNmhqqZdMmZu18pY/GW5U9IL6rOB
0TrDMJT8w8QN0fJJ1fYXoKcsX9Ti+wWnX/QmLwr+hW/0d5Rt55Grlc+U+1hHI8pIbKAOGwqvwPhAaycuYrutlbvDFzx/N+9S4y3RnY9lyD+L6c9xW5P9k2m+8oazOvBLjr+Yu5KutM0ANRhgoqv0FkZAicbskHuRFJiD7L49IzgLobmoSkGPqZOjB0Ti4+sDnCLr7GjSBb9K9NlkjmQbpKi+kd+rqPeUs/M=
srHyoElHx/sGAK8cFgtSkcWA0RUuxCNoNb3HbgMp7lvayu2L1BN8Wfdlo5HPkPOsVxciLExEZi/a2wg8AK/vWrIPxXEbp/+I78Nn1mOpWWkf0SBbKw2nxYvnNVcpejryYw6Yr67bcI+CWrzJADEQlLKfHHJmpOHyPOSzVVRcS5huiUvcq8VRHNq1By0TJ4+wclcDZzzGg1i4ps17CjAREF5Qc0CI2nnru1z/kLP3
az4KUpMUrUJ36O39KCcsGv5ZMixjm1pW5aEHPfa11nzsTrdzMEya9tZ74CUSTxFxK9OarKfE/fxQRm6ez5A+Hc0Gkrvqo84VJ0MmAXXDyPvOezyO8MNUHRr3MoME2ctoBTezRtR2EjpAzh96isDwUlN20tI5Ll27zeCRZWYEjXnPmtR1B9Pse3M2kCHOcwZt11Z6bYwU33lHhLO7aDpBAydKrW17kNNz5LdZ+ZOz9g==
Dj+hvUSZnhpiWaXl6XQB3GN72lqrxwSi0ngDda5EKVjyYcI8+bnEHXBT/2Onk8+Oz7YvARY+vGpKxbL9LF7gkbOg6jkRA8tps0KnhaOUo3cls6eH1Amb48tvI4HR9YmEpkj7eAwdPlX8BQrcOEuAr6wOSgmo4BYKTZjUQhe3NOKX4rY/Hy77i51WEnND71N5c+pKgXe1DKhvcpBAqVkqTg0qRqZncpjUdeGzWvuSs+k=
RTcdfk1driB4RvW6xbgt1z95bBOHbXvPNnG32pGU5UBWWW4V1szYE2YDgj3Tc1K5iE+0QzpLSKY8Y9i1zqcmm9iZl/CRZ+eu2BZe0vS+q4K2wMyq5wZmOnVOUVOZsAX9OkRRYdvKAN2LcyBTBwZkmbLz+tWjZo5FwLRT0RNUp6M0+p2bs5p5BXdwHxtQR+2Br7PK
sm+V4lPWawWbTkxwsWxTPrb6gAu7lBxS8yxXHhcocsXQlZZzSLu9zfsbh7Qf/x9t4hQhVe/tWOfLsd95e9tNa+nGQk6TMuCTTucIM3LmxPUADWgoQiNkToaYmc7MWMvplGAzpJ41M2BLeSkgKol/kZOb94yCa3vb3Hr75EiatUfKjGmsrmwLfGjmAVdL4Iess8s=
9lG/Uwc2MwT8358OrQcsieaMhJGU248DHdu12dtPz/BPW7f6YoCJ8b+pELPrpdd9a/9lP6mS6uoDtmgH7rNAdyLC7OEAGUAMEmcsGiYMEUpc/GO91DQbgI4xO3RrLWFkei3XBRMPXyjSLzOP/G7z4Fi+nROK2MEIPuiD6MiySRMbxK+4s98=
/dbG7caHQQeQEYnFzxkywwMWESd+Ja6BTN+gsyRRVevkFVqCY28MU07KGlMeeSg/kBdO+cG8p78Bot4meL6y5h0uIEBaBlFeIFZTfldff2gzsWwkx+1tUuYRTUMGPwEeUrVkMyx5Ff4IKWYElR31TJGvIprL1wVCn4nxwLl3Fh/brbmz3A==
kd6ZTyx3gGWZxZczy72XAOSMhICWzYsDHdu12dtPz/BPW7f0YoCJ8b+pELPrpdd9a/9lP6mS6uoDtmgH7rNAdyLC7OEAGUAMEmcsGiYMEUpc/GO91DQbgI4xO3RrLWFkei3XBRMPXyjSLzOP/G7z4Fi+nROK2MEIPuiD6MiySRMbxK+4s98=
Kr+DfP6sx4/0rVIiTb7MrAMWFzFiOK6BTN+gsyRRVevkFVSCY28MU07KGlMeeSg/kBdO+cG8p78Bot4meL6y5h0uIEBaBlFeIFZTfldff2gzsWwkx+1tUuYRTUMGPwEeUrVkMyx5Ff4IKWYElR31TJGvIprL1wVCn4nxwLl3Fh/brbmz3A==
qgvdXFSncW9iyJ4tCdEyBQMWFidwPa6BTN+gsyRRVevkFV2DY28MU07KGlMeeSg/kBdO+cG8p78Bot4meL6y5h0uIEBaBlFeIFZTfldff2gzsWwkx+1tUuYRTUMGPwEeUrVkMyx5Ff4IKWYElR31TJGvIprL1wVCn4nxwLl3Fh/brbmz3A==
os5je/N3KoQL2QM0nOoI7un7Hr3Frqz7iWyTg7PJ6wIv7/KTgO80ajWx1Q1ieFmvJ+d9Eoj5+RUNWFgCJfLfhfV3Q8khTQksdhDbcDxl/r1sneoUSHOAh/zW6oEYGFZiXYC0CucPtEpHupY3L1Y7Yw3O8rsz11NRIzLqCcdNTMB/avAIWeKq5t1yZq5XClg85XlTkouqs8E=
9ufGb5CsGUOjW8ngJDj+ser3UKzBuOXljXOVj66A5lABy5ypyaN2O2jr1V0sdmSIK900XsimplZ1awcPZPHbi9t3Q8khTQksdhDbcDxl/r1sneoUSHOAh/zW6oEYGFZiXYC0CucPtEpHupY3L1Y7Yw3O8rsz11NRIzLqCcdNTMB/avAIWeKq5t1yZq5XClg85XlTkouqs8E=
NsrAWsLKHvZ6q/vywe8nUC9dtPHYjB7nAyv3tbw/wZaY1vjQ/11weqjSRc2RbgxRfNuw0l6JxlEkYkRU85lk8ioSJuqNz3dDrCW7l8NzU6UJuUlQzvRr/LTxXuE0WTo4IEeAu4TyGk1QTLb+xQQk5k97dLZ/3qY7J0Ibv9WKohfbY9Pt25aaRQ+ZLNxnbuBkcRbqmmWW1iLfnvhgvb2DvuOes/0=
wZsXjTJGdZPdZEP5m4P8Io1ZJSxj31pC5NoHNLGFyF/ZbZxRNnLU8uc07CJbfE5jJ9jVpOneuaNHWm6+z9l7N/4oiaHusLRgQXpsS2mGlZD9JBzw14VQHlz5KYEE2ctoBTezRtR2EjpAzh96isDwUlN20tI5Ll27zeCRZWYEjXnPmtR1B9Pse3M2kCHOcwZt11Z6bYwU33lHhLO7ajpBAydKrW17kNNz5LdZ+ZOz9g==
wZsXjTJGdZPdZEP5m4P8Io1ZJSxj31pC5NoHNLGFyF/ZbZxRNnLU8uc07CJbfE5jJ9jVpOneuaNHWm6+z9l7N/4oiaHusLRgQXpsS2mGlZD9JBzw14VQHlz5KYEE2ctoBTezRtR2EjpAzh96isDwUlN20tI5Ll27zeCRZWYEjXnPmtR1B9Pse3M2kCHOcwZt11Z6bYwU33lHhLO7ajpBAydKrW17kNNz5LdZ+ZOz9g==
AmXL3oWDicyNSzOPsQ8vars1cE0qT0llR3KNbuBq16IecL01whH++VYzerz55fw2htkdw5i3t5H4cNFBirTDwF0tVeTppHCtuY+y5X+2BZXiXRbElAF1EVhQdlWJFHodb1VnYDcXYO6jY8rorWFU+2Wk5/+p0moqA/boR+5zwDciAmyhAFnAzBInrNomTJEKXDzj/dT0m8CO8bu0a23hpHptV8UTz99o0u+zz/yucyBY/h3XiphByD6oA6jIcslTGwQv+LOf
AvOLtFSGAP8Oc+d12+YbBmO4IuLNcZ2fj3zBcXqNKJirrekqqFZPOhUxiypzt8DiJjC4qljYAWFqiq8iaseGSJCJgPSLw2yi6wWJiY7/cWkz3gxlxHC4R5kTaudOLOFkRqug9MsE2AGr3HSbFq1VV+Bu759IKJV1LuIiAVd9ejm1lHvPzbqqhmzGPjZhhvRAjq4tjqwuR94jR7MY75kY5POFsWKqiXkjkocNzu7dsLN4kamuBJHy5KGFOXzNRxLaP/9ZstORBWCtj5pPJwXts4g=
MoDb1yxf8S2dY36abqQ1nzI1PeJlXyNlbwD8RQYuGm78hFtKTlg4/ZmcZHgomuH8IVF2qLN8wQT3l8hjasIWc9KxzK8UjzK5/aSjryXqkkb0NlYW2RY8QEY+la7E3t8eGxdbeDepUGS7denCAtmBYwo3JS6WTfizsAFRziwhaiTZVZHcFTfZWvfPAVK7QT0gNf9yb5+VpbPA
US2DNNBaDqJ6l8iXEI2I9Vjgju6s7oV3+ZW8r5ZbIjrulbKFjcZSnbRr2KQ09mcH/JiN7WSYqSF/WbADa9W3zasvhS+pgoq6QwaI924D4AdikszxAAlgXFIXjKqm/PH6HKwDrdQk+1BOgVsE653BlLr99xUTH3/4Et+TP3wek1CYbn0EisihWH5YYxhIAuljW5SPqLPP
XxZJ56YtFh7VN0u18nPwZd/4242Yog+Y1FQMv6lj2N23iAxpRuYQl1yK23QIqlWeytwJnG78Kwzo1uHHC5AnfLMb
6RMOEs7/DrFIBukyeGVM2NqVjmQcPReX3h5wo93qrJy8fFN/x5sv7enwNDJaLaqBm0ShSpzqG98nH30sxfH4NllD/sZ5pF13aFntSrPFiZSGuLso7K2+xVx1ygxYe4C/jP4KWUhQlprt6BSSd4c08rcS9m//nnsbPSbSoyPfU2lTGgrRlwWMOM8CUJDJYCpeLdoG9ofCGETVkXOKm6Kz+Q==
hVrkP6Tdc1sBjewAgPgX5e9G837/Zok4M5eOMbM5DmC2n3mD1RfQOQ+axhnDtZmDuI8L3sfbYYM0McE1SyEObSmzbJBRTX5O5JgyNuaGBC0fSGieO2FYgEqvD6sW2YXfLCL8c0tJxtFqN2KjNNk7CNV3A+ZE9mLaEA4vWprA4HJjtoIySa7NG32gQQWWBL1Zn1qklZdTXNujdmBB3nMWjaeWKs08lE8Zt8Rjm1E6MeN3ih3N6xAjEzT3admDs+Y=
SZgmjtjYD7StiOANyeMyDR5hpJUnE6jvXt87ajVlP4YeKiey9ikh7+/oJFluRv0NpHTbATv037MFemWLC/oRVf+wF6v4J7Uxd7MS
vFwje7VFM5spz5JXDcwtjTfV4vL36NM2V8nVOpp5U2epHx8aHX/Ntemwg0BOVRSlRuRRb28l1JRBTSVcOzqu3ahyWBdPYmB6teI6BHXdVcwx70ua6xflwn9J0cDZN3afe21Zszw=
/L4OTR8JFpMJ8YQv9xxLNfaEJ1eNrSoBhh6IHc/VDwesVF1eWt65kPkuSkoYFZvhkQm2gJ9cU/lIlmdcdNDki7mXkHk3LESdVtL4E/xOs0DY3t06ivgB6L5IQ8jI0glzm2RvWLM/
duzOlCTj5/A5mhS8lmdmDhd+YCxRRiViWuLBrAkSMvb4qeNdYbXOPF9gK8W4qh9glOycN0kr6MW3kDwhpm6ALxxyy3wo4qUGSkR5VE70O3QobnFPa1gXZLMD
Z8V/WBvbeCKcmo4EfzA0Qyppy9cvmVEZQ08tZlrmybgZBhoS2M3LiTHhBvgfpOOR6H63BDQINKPZv2BBNxS0tTb6KMu8FmOoeLZtwgqAsQAeIBMQCIpZW3tMH2CzBw==
G55ctfaZVqGYfNivjncRwgNa5PIeq3ADdE8tZlrmybgZBhoS2M3LiTHhBvgfpOOR6H63BDQINKPZv2BBNxS0tTb6KMu8FmOoeLZtwgqAsQAeIBMQCIpZW3tMH2CzBw==
mUGJdqwGu1iciAPWLmc7+nM1mRjFp93noeDaZE02kZyGhEg/f/eJC6qevwaHPwDEy7LEWmB9AfUsh/dWcHt+oPQd7CSXlgCcgeVqYpVuNtovZjiYTUVjRhNmswU=
3jpY0j6VuSwXKIHw2MZdsY1ZJSxj31pC5NoHNLGFyF/ZbZxRNnLU8uc07CJbfE5jJ9jVpOneuaNHWm6+z9l7N/4oiaHusLRgQXpsS2mGlZD9JBzw14VQHlz5KYEE2ctoBTezRtR2EjpAzh96isDwUlN20tI5Ll27zeCRZWYEjXnPmtR1B9Pse3M2kCHOcwZt11Z6bYwU33lHhLO7YDpBAydKrW17kNNz5LdZ+ZOz9g==
+PYc8vUEqLRTvPS1acKNGR5hpJQnE6jvXt87ajVlP4YeKiey9ikh7+/oJFluRv0NpHTbATv037MEemWLC/oRVf+wF6v4J7Uxd7MS
KZTBwmeNwY8LJ6IQuBjDSD0yKF+CEo71CFcZQd+q8mwyNevWMBJuaTljQq4Pp/u9WneTHuyeowNVgczHwQwj0bW7PKUPwjW2Chx8Fs1a4ScFWqBC8RgwnEZZ3JUtoARCQp4EbWXuXEs7rsSFXOBQh/EjkMME/Hnk3ntolPP08EEDTOw73p0tVxhepz/QuD21BpIa4R8t4rktxLPvtYpCxgRWplYpdsxAtl5l7jS+L57Ld8s4J8mAZGvV+YKS+VHjOheVbqbtSLMAoWEOnAFapIl1ARwFl4Zapy8RkiuhbaBFHwKv73XVs7A=
j4WlWzBnjPNE2AOBqiASnh6xsbMxk8X0llc8/2MlUXl3fXP9THkp7egC7kp9dG9cOznVK8yPX5l6b5jR7tgLXY3RMOF3Xdar/t+yqPwGz7wwO+4Mtq/s98tPIVg2k7rLBI/R6HDTy7osRwHZZtcPaKnrT5lyxnRPyZsAZoJH2er2h6dzY4L3efxE23Xemh3/OEGNosM9CVyWYBsA3BV+zYztKmSoA4D3HKYq8fho1hK98HR6B3+0OqfKVkfPJrsT7b4yy9OnUyHDQip5Jz3MsJ8aMHi5maqWPQKm3rd62EwFCZPia9qzsQ==
iLU1ay31jmAKdZb0cVhYfC50e4CMDQdKIBEjEWTHTdwN+8YNj8eatjeE0YFmmsgs6z3UgwpVbYZuGTAXn2EVfCFSd/W5+3NNG+4kBTwgcIfR4zdH47wZ5P47yBSTtBBBY4xMu35dTVf4Hge/cPjdtWZS+mG/7cK5zQTTbxXKYsYkFkbWSbbsQJaeBW7U/g+e6zdruEcJYGRLFVkCcjkx49pXNe4GraizYGHBjjzBOqRpNWGcpdevWcdv8RKLYU2gZd9iLw819bOQ
TEnGGqaKw+46e2RDLZYBFIaz72uldUfwtbBJ8foStx5ApPrEmjFPg88H3/DyLH65Y/MfM5DjojTbNrcs+v1HIbnf6b5VVrR2kddtEdNrYim4jAPSNR6nliHHVyVMkWed2ZZy6eod+K35lmTZy7wgNRn2lgIhHvUoh0fGrBTpJQm46Ab9SXxK5c/Nt0g3P7B2A5v6gG3JJEOFvLcXKbq6MmNOGO+um/BPgpo8iQBxkFSyX5wyZuRhsjwkM5VUHMvYbknLHKsF0Vza9YftE+cP8HIXg6c8BgOYuOZNOgnwkdBeEPMAiJr5K7ucf9Cztw==
VaGK7khrfa4jJH+OWuETIoaz72uldUfwtbBJ8foStx5ApPrEmjFPg88H3/DyLH65Y/MfM5DjojTbNrcs+v1HIbnf6L5VVrR2kddtEdNrYim4jAPSNR6nliHHVyVMkWed2ZZy6eod+K35lmTZy7wgNRn2lgIhHvUoh0fGrBTpJQm46Ab9SXxK5c/Nt0g3P7B2A5v6gG3JJEOFvLcXKbq6MmNOGO+um/BPgpo8iQBxkFSyX5wyZuRhsjwkM5VUHMvYbknLHKsF0Vza9YftE+cP8HIXg6c8BgOYuOZNOgnwkdBeEPMAiJr5K7ucf9Cztw==
QlftgHoyKdwLTWuZValTU4az72uldUfwtbBJ8foStx5ApPrEmjFPg88H3/DyLH65Y/MfM5DjojTbNrcs+v1HIbnf575VVrR2kddtEdNrYim4jAPSNR6nliHHVyVMkWed2ZZy6eod+K35lmTZy7wgNRn2lgIhHvUoh0fGrBTpJQm46Ab9SXxK5c/Nt0g3P7B2A5v6gG3JJEOFvLcXKbq6MmNOGO+um/BPgpo8iQBxkFSyX5wyZuRhsjwkM5VUHMvYbknLHKsF0Vza9YftE+cP8HIXg6c8BgOYuOZNOgnwkdBeEPMAiJr5K7ucf9Cztw==
qpBBgvYpuEVxwexzl4m3Foaz72uldUfwtbBJ8foStx5ApPrEmjFPg88H3/DyLH65Y/MfM5DjojTbNrcs+v1HIbnf5r5VVrR2kddtEdNrYim4jAPSNR6nliHHVyVMkWed2ZZy6eod+K35lmTZy7wgNRn2lgIhHvUoh0fGrBTpJQm46Ab9SXxK5c/Nt0g3P7B2A5v6gG3JJEOFvLcXKbq6MmNOGO+um/BPgpo8iQBxkFSyX5wyZuRhsjwkM5VUHMvYbknLHKsF0Vza9YftE+cP8HIXg6c8BgOYuOZNOgnwkdBeEPMAiJr5K7ucf9Cztw==
G8Y+oY1OuNbFL1m5rCziYIaz72uldUfwtbBJ8foStx5ApPrEmjFPg88H3/DyLH65Y/MfM5DjojTbNrcs+v1HIbnf5b5VVrR2kddtEdNrYim4jAPSNR6nliHHVyVMkWed2ZZy6eod+K35lmTZy7wgNRn2lgIhHvUoh0fGrBTpJQm46Ab9SXxK5c/Nt0g3P7B2A5v6gG3JJEOFvLcXKbq6MmNOGO+um/BPgpo8iQBxkFSyX5wyZuRhsjwkM5VUHMvYbknLHKsF0Vza9YftE+cP8HIXg6c8BgOYuOZNOgnwkdBeEPMAiJr5K7ucf9Cztw==
y0mtCYdW9ExVc621vsyC5oaz72uldUfwtbBJ8foStx5ApPrEmjFPg88H3/DyLH65Y/MfM5DjojTbNrcs+v1HIbnf5L5VVrR2kddtEdNrYim4jAPSNR6nliHHVyVMkWed2ZZy6eod+K35lmTZy7wgNRn2lgIhHvUoh0fGrBTpJQm46Ab9SXxK5c/Nt0g3P7B2A5v6gG3JJEOFvLcXKbq6MmNOGO+um/BPgpo8iQBxkFSyX5wyZuRhsjwkM5VUHMvYbknLHKsF0Vza9YftE+cP8HIXg6c8BgOYuOZNOgnwkdBeEPMAiJr5K7ucf9Cztw==
yga60AAHw72mP6Jt7IwV54az72uldUfwtbBJ8foStx5ApPrEmjFPg88H3/DyLH65Y/MfM5DjojTbNrcs+v1HIbnf475VVrR2kddtEdNrYim4jAPSNR6nliHHVyVMkWed2ZZy6eod+K35lmTZy7wgNRn2lgIhHvUoh0fGrBTpJQm46Ab9SXxK5c/Nt0g3P7B2A5v6gG3JJEOFvLcXKbq6MmNOGO+um/BPgpo8iQBxkFSyX5wyZuRhsjwkM5VUHMvYbknLHKsF0Vza9YftE+cP8HIXg6c8BgOYuOZNOgnwkdBeEPMAiJr5K7ucf9Cztw==
5uQiabuPM08oiAVDT00bqH5x2AdY1YmoInzBn8SUzyHTyl2mA1jxjZ6m0/YDoQXrvqXr0T/B6ScWYSVK9g3odbEvTanPRzf20FmUcY9Hqmdjs1I91/jzSpt/ePYKzeZ5SjzcrV4dX8S+krhaNgUH2kZLIZqm7W4kqldLR+JLhgjjRIQPKlwBEMpReUje0zypdxdC6kXXYjxHJbx26CldWbiZNzCx58fueBb+khQ+S8JWwCzqB4aGetVO8RO5MCU9mkQxobtKYB3rc0CTJ4ZEWRLzWpWD5q4FILSzkfPUR+PV+T3bkxpZxddwv9swx41Bz7Oq
AjeFEjqIzy0Fz7yWD1msX35x2AdY1YmoInzBn8SUzyHTyl2mA1jxjZ6m0/YDoQXrvqXr0T/B6ScWYSVK9g3odbEvTanPRzf20FmUcY9Hqmdjs1I91/jzSpt/ePYKzeZ5SjzcrV4dX8S+krhaNgUH2kZLIZqm7W4kqldLR+JLhgjjRIQPKlwBEMpReUje0zypdxdC6kXXYjxHJbx26CldWbiZNzCx58fueBb+khQ+S8JWwCzqB4aGetVO8RO5MCU9mkQxobtKYB3rc0CTJ4ZEWRLzWpWD5q4FILSzkfPUR+PU+T3bkxpZxddwv9swx41Bz7Oq
AjeFEjqIzy0Fz7yWD1msX35x2AdY1YmoInzBn8SUzyHTyl2mA1jxjZ6m0/YDoQXrvqXr0T/B6ScWYSVK9g3odbEvTanPRzf20FmUcY9Hqmdjs1I91/jzSpt/ePYKzeZ5SjzcrV4dX8S+krhaNgUH2kZLIZqm7W4kqldLR+JLhgjjRIQPKlwBEMpReUje0zypdxdC6kXXYjxHJbx26CldWbiZNzCx58fueBb+khQ+S8JWwCzqB4aGetVO8RO5MCU9mkQxobtKYB3rc0CTJ4ZEWRLzWpWD5q4FILSzkfPUR+PU+T3bkxpZxddwv9swx41Bz7Oq
AjeFEjqIzy0Fz7yWD1msX35x2AdY1YmoInzBn8SUzyHTyl2mA1jxjZ6m0/YDoQXrvqXr0T/B6ScWYSVK9g3odbEvTanPRzf20FmUcY9Hqmdjs1I91/jzSpt/ePYKzeZ5SjzcrV4dX8S+krhaNgUH2kZLIZqm7W4kqldLR+JLhgjjRIQPKlwBEMpReUje0zypdxdC6kXXYjxHJbx26CldWbiZNzCx58fueBb+khQ+S8JWwCzqB4aGetVO8RO5MCU9mkQxobtKYB3rc0CTJ4ZEWRLzWpWD5q4FILSzkfPUR+PU+T3bkxpZxddwv9swx41Bz7Oq
AjeFEjqIzy0Fz7yWD1msX35x2AdY1YmoInzBn8SUzyHTyl2mA1jxjZ6m0/YDoQXrvqXr0T/B6ScWYSVK9g3odbEvTanPRzf20FmUcY9Hqmdjs1I91/jzSpt/ePYKzeZ5SjzcrV4dX8S+krhaNgUH2kZLIZqm7W4kqldLR+JLhgjjRIQPKlwBEMpReUje0zypdxdC6kXXYjxHJbx26CldWbiZNzCx58fueBb+khQ+S8JWwCzqB4aGetVO8RO5MCU9mkQxobtKYB3rc0CTJ4ZEWRLzWpWD5q4FILSzkfPUR+PU+T3bkxpZxddwv9swx41Bz7Oq
AjeFEjqIzy0Fz7yWD1msX35x2AdY1YmoInzBn8SUzyHTyl2mA1jxjZ6m0/YDoQXrvqXr0T/B6ScWYSVK9g3odbEvTanPRzf20FmUcY9Hqmdjs1I91/jzSpt/ePYKzeZ5SjzcrV4dX8S+krhaNgUH2kZLIZqm7W4kqldLR+JLhgjjRIQPKlwBEMpReUje0zypdxdC6kXXYjxHJbx26CldWbiZNzCx58fueBb+khQ+S8JWwCzqB4aGetVO8RO5MCU9mkQxobtKYB3rc0CTJ4ZEWRLzWpWD5q4FILSzkfPUR+PU+T3bkxpZxddwv9swx41Bz7Oq
AjeFEjqIzy0Fz7yWD1msX35x2AdY1YmoInzBn8SUzyHTyl2mA1jxjZ6m0/YDoQXrvqXr0T/B6ScWYSVK9g3odbEvTanPRzf20FmUcY9Hqmdjs1I91/jzSpt/ePYKzeZ5SjzcrV4dX8S+krhaNgUH2kZLIZqm7W4kqldLR+JLhgjjRIQPKlwBEMpReUje0zypdxdC6kXXYjxHJbx26CldWbiZNzCx58fueBb+khQ+S8JWwCzqB4aGetVO8RO5MCU9mkQxobtKYB3rc0CTJ4ZEWRLzWpWD5q4FILSzkfPUR+PU+T3bkxpZxddwv9swx41Bz7Oq
qLICqrObHN7PBTSM+S9YZCLDmmLB/AXHlPEekv3nZ1WDNzvUgdLKDDgJQE/WzeW6vXB69B+j//KtURDSgai+lOYxbWvtMUCrmM4p9zzJzDCfmjD4uRavFj+Cpl63+tjMBYmTYmtaszE=
pbKGKluiZyHhnQjbOSNlOmUSiCNr0dhnjd/qn5+p8TRIJd3XLq5DWoofbsGKJIlV4Njvl4+1dyp7TSQPjP+6OXUUO8+NOmqGrEZ+NiEGNEBOLm2O7K6H3uPH8xivGdjkMwVxYuoJOSNSB83Orl3ws7gRaa5EEbLkYQX5fI3HUd9/fZmyExFFYO0PWk/nha2zyA==
E2JZ5cEeMI5rGbPL2rtyzx9JM2NzAogbV8k8R6OjqaxTYTV0DG0RJ/IWJzouh5JRBqwN1WRQYwfzLdPKn/V4f8A3fvkxXHf/UcJOpsheQiYtDjBASiZhntC24/7HPy8o41GcJPfNPRK2sd3D9p+xXiLVdDM8meU+uIkWhAW9JYxBjxWfu7VVgk9pYUAJF2Zf642ps8w=
/XGDKd2UlFcN+Fsw3PqlZ+9G837/Zok4M5eOMbM5DmC2n3mD1RfQOQ+axhnDtZmDuI8L3sfbYYM0McE1SyEObSmzbJBRTX5O5JgyNuaGBC0fSGieO2FYgEqvD6sW2YXfLCL8c0tJxtFqN2KjNNk7CNV3A+ZE9mLaEA4vWprA4HJjtoIySa7NG32gQQWWBL1Zn1qklZdTXNujdmBB3nMWjaeWKs08lE8Zt8Rjm18/MeF3ih3N6xAjEzT3admDs+Y=
379jUTQwRJIdhN2vQfpc5IK16eKVA7jaT6PPKjkSIMbfouS9/2KTb+CIolctOa2jAmp1xbKAo55LbCJ2TyMTdemJSWAuJCusFAHekZSJ+mhAd4CL5KLanfA8Ng5lVGQ2r0t0hp8O5muHspvPdVpiR7tT0927xlqVr+msLMc+oLSRIu+qh0aWcn9ueBAdbUPug66zzQ==
nL2G1YfKMRAZQ4novPdm8Y1ZKyRngV9F+Y1TO/786XfjRa9+BVvU8+t1oyUeb1d0OtnVreaXuadLZCHVz9R2WeMvkNL9qrRjUDk0WDeV3qTRbzHJydpFMRr3MoME2ctoBTezRtR2EjpAzh96isDwUlN20tI5Ll27zeCRZWYEjXnPmtR1B9Pse3M2kCHOcwZt11Z6bYwU33lHhLO7bz9BASdKrW17kNNz5LdZ+ZOz9g==
6wwNqgQaqahfT0iAnu8aPxgP6Y+01BZYgvQ/VyhlfRvnDaUNdhcJRxsk0fXf1GY50+/Acg0qJIPgeeR4R5UuhIGvgalZWjWRyrcCYxTZ20h192MmZPaCmrCOT5q6wMCyAzYicqmu7dsdIOFFdgSdmf/aBNV3U3wbw/bAAT5zdk0HFsqNHJQv2RdEg9t/P1Eh1wr9jcsQQ9OUd4mZo7PG
XmXMImQRTsjktqYJw2ssqsyYsMwfVZq4eVk7Y3sS4BuvGWQHG1NxDDvRvfSEHbnHKqZfevZXqjEuvAXVbEBL58t9iwpnRSAfaMf2ebnsn18JsvZmEA46BsUeOEBCNom+qOY7Pn9Pd4gL4RSkfz2Vcu4BJQOuz4m+CsV8MzSJzV6AWc7EfQ39bOn/nB8zBT0il5nZAFHHnn+DnaGzxA==
xEIdIG7UI/Rxemj70bPJXaMTfyABInpHMJIFRoi/yFgLM7N6a7PX/UapSgRVnbVMUS9knwtVRULfCTHA+ffWH5stebMc
6IlqI3ugEWz6/F8VpS1m6pwFinpShUtEvq4hDSOE/4nRUkElUpK3nMVBh6C58gJnOILtBiBPQPjTQ6t6c0OPXc7Z4sQ9jb1sqX/cH3OFfSLXGRkAkUdef0MdYbME
cpJ12gaInZbyMZH4gAM9kAyKwC7QctQXm2e4PG6j4S089FFSWkiV6tFhsyP8LnOgWH4dVY8YQ0g+KAMoyPLJ0xuEL3izHw==
qN7LaRoz4WLBy7KYhVERiw2KwC7QctQXm2e4PG6j4S089FFSWkiV6tFhsyP8LnOgWH4dVY8YQ0g+KAMoyPLJ0xuEL3izHw==
DxR6j2JshFXDkgAoMHNLmA6KwC7QctQXm2e4PG6j4S089FFSWkiV6tFhsyP8LnOgWH4dVY8YQ0g+KAMoyPLJ0xuEL3izHw==
6JpTQ8d8vIiA5vNLOrJJWQ+ewy7QctQXm2e4PG6j4S089FFSWkiV6tFhsyP8LnOgWH4dVY8YQ0g+KAMoyPLJ0xuEL3izHw==
2JkdMLZwhQxlXpXImArF9g6ewy7QctQXm2e4PG6j4S089FFSWkiV6tFhsyP8LnOgWH4dVY8YQ0g+KAMoyPLJ0xuEL3izHw==
rNm/Jy0xhe+b0MB7H2S6PQ2ewy7QctQXm2e4PG6j4S089FFSWkiV6tFhsyP8LnOgWH4dVY8YQ0g+KAMoyPLJ0xuEL3izHw==
CkdcMHeWZKA82cJ+fkeZaAyewy7QctQXm2e4PG6j4S089FFSWkiV6tFhsyP8LnOgWH4dVY8YQ0g+KAMoyPLJ0xuEL3izHw==
D0LeHnT82Cx82QtIr7jgqwuewy7QctQXm2e4PG6j4S089FFSWkiV6tFhsyP8LnOgWH4dVY8YQ0g+KAMoyPLJ0xuEL3izHw==
KixaYrSZhVG6us0kgen6Awqewy7QctQXm2e4PG6j4S089FFSWkiV6tFhsyP8LnOgWH4dVY8YQ0g+KAMoyPLJ0xuEL3izHw==
HwgxXDTtofodrgV6OgnNTwmewy7QctQXm2e4PG6j4S089FFSWkiV6tFhsyP8LnOgWH4dVY8YQ0g+KAMoyPLJ0xuEL3izHw==
02MfDu/2LliV1gZKhqzx3giewy7QctQXm2e4PG6j4S089FFSWkiV6tFhsyP8LnOgWH4dVY8YQ0g+KAMoyPLJ0xuEL3izHw==
TTBzc/DhSeSIuS5O4k2YCzOHJE8xbWgX9C5NPQ5X0ZezRGkFV1TuiStPqCLV6hzzyJn8aE+VJpSZz6lZYRptQSIXetOcWVM4zRfLdjw2eqrYrleKssDIohsWSkJRbrWLtcBZNf6EFSmHeuwFLxNE6+uW2BE2c35dH/bi/SRU94l/5Htr9r/Z0W9qVV0TUDvjfFeRiauzzg==
1Q+9vxqKFMU9zruPAx+ejzx1fKUxSiR+ax38AUMhACf/i118Bxl5tMDVRXdG/vuaUi8GobI0gVXoyNd3Z4UvasOdzK8UjzK5/aSjryXqkkb0NlYW2RY8QEY+la7E3t8eGxdbeDepUGS7denCAtmBYwo3JS6WTfizsAFRziwhaiTZVZHcFTfYX/fNAVK7QT0gNf9yb5+VpbPA
yKGgpDcD+02m+FAGjYWIE3PZcpPcAC+RnLr85JZlojKf649i6fqArk8qZDVvCjOHMMDiH/3RjcsSYnXNouiDdpskYj6fy7MdeQHJ6L5Mi0TESZ7ZRGHaAFB/gIP0yvp1IHR2RrW8xF4/w/QOD2ZGg1f624elskIvq1vT1auuen1/oexkF9YA3AGrbyIXLjaaryY4WM2FY4aTprPF
52gx45hAp7Ol8esRtziQiynu+wc8sd2YrO6Mc6o8q5m/dPXQ6JCrCARTQ/AL6WQSMimBm0UVViC1C26y27hvlhJoQyEbY93jaU7S9nPqUNsOL/jrUp7U/QAFeFBi+5SGxtApFizgW2EU6KMc/m2DqIsxWXgKcW+Zk5PndKIzC5Mcsku8KCIlyU8E+xROtLs0KC7xj2uYl6Szww==
Ujaqu4mE2GHGN4cbpx1Tper3T7+xjR+zxD00GVBediR5lbFcdfc4X1eNIdJbgV0glT+S7//VBbNg
gTOtDW3k2dPINXoGAvKSromPygYPiaMyLQWbM0C1qIk8phLEHU0d7Mm//B+Txd2it9l5ALEHvv/j3QGzZA==
ZEOyQu5XwQ56uQzR/02mbA/ss2DeaoIXgiuyNGbt6y196ldCE1ujrYUzjDP8LnOgWH4dVY8YQ0g+KAMoyPLJ0xuEL3izHw==
E+om7AP/j6zMYduiyNAXPnwZtMl5UrK9EoZ1fzgzdoQDPiip5iE76e3zNlk+EboKtHTbATv037MKf2WJC/oRVf+wF6v4J7Uxd7MS
AHaIk11HcGOGGbxKlU7yMyYc7x4Xj/aG6bGP+QaGtrMnV7WskwBTlf9n/cXY4cwQX/qwGPk3rzZ/YiY+d9rY7MXpE4IrerMR
lvXSvcTEarsF2va613VOTA/us2DeaoIXgiuyNGbt6y196ldCE1ujrYUzjDP8LnOgWH4dVY8YQ0g+KAMoyPLJ0xuEL3izHw==
lISYDNtpyJ4eCLM+03Ndh3nyweVhGg+Hx3BWrYcHdh5ZGW+B1s72a1e/lZSDCFONz0+dPYgpDEivkhCgab8vrs/Kxkankpg0tQEzujtyswk=
AHaIk11HcGOGGbxKlU7yMyYc7x4Xj/aG6bGP+QaGtrMnV7WskwBTlf9n/cXY4cwQX/qwGPk3rzZ/YiY+d9rY7MXpE4IrerMR
eVESDKShI+94orY1iX/bjhFX8rNbaWDWs9Mj8VDmF+/i8wJ8pqUbdV3SR0oTU7OVpWt8ezxmw3g4ho3dD5DTMN5ws+CIOrkLO7w/cLMX
SAHxDXcT1IQpjds2BIMzD81G6wucBqo0u/5weZ7BU/nl8z5J1nFCWmw0Y7FjFLdDgv/tOaNaySUH8M/7wAedIX+zGg==
II4p6QM++LPHcbrfMW8yElm4+nzdJppWzXT1Km/r92526ldCE1ujrYUzjDP8LnOgWH4dVY8YQ0g+KAMoyPLJ0xuEL3izHw==
gTOtDW3k2dPINXoGAvKSromPygYPiaMyLQWbM0C1qIk8phLEHU0d7Mm//B+Txd2it9l5ALEHvv/j3QGzZA==
hP+t+mmxLSCVfta5/wqzUQyAr8pOPz+Hx35WpdVBKx5RVTqF1s72a1e/lZSDCFONz0+dPYgpDEivkhCgab8vrs/Kxkankpg0tQEzujtyswk=
vSyQaJJSpPpbdXpUb+wvm0u062ufJd1RyC+yNGbt6y196ldCE1ujrYUzjDP8LnOgWH4dVY8YQ0g+KAMoyPLJ0xuEL3izHw==
qv8z8sJuig1eJqQhdgvrWTgqIi4J/Nbjcn0l2IvROzwea4F7y3h9R0Kb0sTmXUtdvbp3UhNLg/1FQyyDfN4TEJgu/UWPCCOYfpjjWEhCaSNbVA9osw8=
+kfQ6XGg58prV5O4fTAEbTxoz8M4nh4vRHBuKU3nz6tfAQ8YzsqOxDbwBPhe7KmZ6CeiDCYVe6WdomdaE0OT5WW7HMu8FmOoeLZtzQ+AswAeIBMQCIpZW3tMH2CzBw==
MSWTfbcJkXN/8wckEfU1MWbkzg2Z5LNTe3ted4dYVA0YcdLj8r1tdi0opZIbrpXuYycQZKQgia6C7TQJOf3Hs5zNvLloTp5k0SXpvH0ngN+v3SnyA3E14L0vao93ZV2zOA==
W6sVM5oOQV20TMuL743GS6iOtx4MNoOOxn4y3J/6wWrnTpGjioweVEt+4NnOASMZ9fMuKSYxkvr8tBNR01RnI3L/3RnzmrmFt3BfmxBHrQFvswo=
Rdhrp9p6HXOukXPr82vvQXMe0b5aCk5qiI7+Xu1HwC2+KlbXz8sFGAuM0xF3221RII1stPcmwOyh+29ytx72ak/2uAit9SO2M3azFQ==
uUB5oxTmL6ixTqWlIQGBJ1v9b2ztyb0UJDag66NDGEHzwh63qJtJrxB2dozvHgRhopGfkXFzqqGaoX5CmFS3CT/kO+s2vxlRr2qV3VNQe2M8V1EJa7MO
+kfQ6XGg58prV5O4fTAEbTxoz8M4nh4vRHBuKU3nz6tfAQ8YzsqOxDbwBPhe7KmZ6CeiDCYVe6WdomdaE0OT5WW7HMu8FmOoeLZtzQ+AswAeIBMQCIpZW3tMH2CzBw==
ikus9vpWrJ1TaCu+4xQ7uWbmzg2Z5LNTe3ted4dYVA0YcdLj8r1tdi0opZIbrpXuYycQZKQgia6C7TQJOf3Hs5zNvLloTp5k0SXpvH0ngN+v3SnyA3E14L0vao93ZV2zOA==
W6sVM5oOQV20TMuL743GS6iOtx4MNoOOxn4y3J/6wWrnTpGjioweVEt+4NnOASMZ9fMuKSYxkvr8tBNR01RnI3L/3RnzmrmFt3BfmxBHrQFvswo=
Rdhrp9p6HXOukXPr82vvQXMe0b5aCk5qiI7+Xu1HwC2+KlbXz8sFGAuM0xF3221RII1stPcmwOyh+29ytx72ak/2uAit9SO2M3azFQ==
SAHxDXcT1IQpjds2BIMzD81G6wucBqo0u/5weZ7BU/nl8z5J1nFCWmw0Y7FjFLdDgv/tOaNaySUH8M/7wAedIX+zGg==
II4p6QM++LPHcbrfMW8yElm4+nzdJppWzXT1Km/r92526ldCE1ujrYUzjDP8LnOgWH4dVY8YQ0g+KAMoyPLJ0xuEL3izHw==
8ZuJYNW3bsuemG5/9XIp/nL10lv8riUectq4xn4oY3H33t5+8TcCfan/vYxXRU18yruvIlHNP7Pk/VSZMJ5WJJnVUdzVtxhfN01BUvvBfSB1fzJvXxVlswA=
vGz0UigZD4AVIYXVnqMEjgiDopMefHnGxD1SpMlFLVBdFnjKw8Lka1H8npSDCFONz0+dPYgpDEivkhCgab8vrs/Kxkankpg0tQEzujtyswk=
gTOtDW3k2dPINXoGAvKSromPygYPiaMyLQWbM0C1qIk8phLEHU0d7Mm//B+Txd2it9l5ALEHvv/j3QGzZA==
c3BG5V+NVrCQgU8jTx/0hGT430zI76wUKDwJOdMIW0kLeILu9qdlc35t5doYu577f2NWLqAgia6C7TQJOf3Hs5zNvLloTp5k0SXpvH0ngN+v3SnyA3E14L0vao93ZV2zOA==
M/3JmRqDf+zYOBSnCtgT2LaapbamrIlySmnK67Fqe0+XxrbNZdmrlsEtmi2mFjYjh4f1fLMQU4Xft70VeHFMgP8q8MjZJ68mX7Jm7tdKWHxlOVNSC2qzAQ==
xjh+gwvpy5p/iqDavrKJsFLG4MBbJiHUgj4epsBKPgIVE3CB1s72a1e/lZSDCFONz0+dPYgpDEivkhCgab8vrs/Kxkankpg0tQEzujtyswk=
Rdhrp9p6HXOukXPr82vvQXMe0b5aCk5qiI7+Xu1HwC2+KlbXz8sFGAuM0xF3221RII1stPcmwOyh+29ytx72ak/2uAit9SO2M3azFQ==
AJBlUffhC6lLzEK3PjgHy1/hc3rynrUVJDag66NDGEHzwh63qJtJrxB2dozvHgRhopGfkXFzqqGaoX5CmFS3CT/kO+s2vxlRr2qV3VNQe2M8V1EJa7MO
xjh+gwvpy5p/iqDavrKJsFLG4MBbJiHUgj4epsBKPgIVE3CB1s72a1e/lZSDCFONz0+dPYgpDEivkhCgab8vrs/Kxkankpg0tQEzujtyswk=
Rdhrp9p6HXOukXPr82vvQXMe0b5aCk5qiI7+Xu1HwC2+KlbXz8sFGAuM0xF3221RII1stPcmwOyh+29ytx72ak/2uAit9SO2M3azFQ==
SAHxDXcT1IQpjds2BIMzD81G6wucBqo0u/5weZ7BU/nl8z5J1nFCWmw0Y7FjFLdDgv/tOaNaySUH8M/7wAedIX+zGg==
II4p6QM++LPHcbrfMW8yElm4+nzdJppWzXT1Km/r92526ldCE1ujrYUzjDP8LnOgWH4dVY8YQ0g+KAMoyPLJ0xuEL3izHw==
1rq3LlbRAV36MCf5RvxfY0y48G/ZdJFDz2v1Km/r92526ldCE1ujrYUzjDP8LnOgWH4dVY8YQ0g+KAMoyPLJ0xuEL3izHw==
13VpOyqZrrISVnglEM8icgrWlqdoUQOxq2L2JxAbMT+4Re57uddKLRm6t2Fpc7LRsoEGklAUf7lnBJN7zj+hwcfKTa2bkDOzBDe5OXOzFg==
M5XmX89CE16oM+gpecDTXxFX8rNbaWvUvsNx40vgDe+xs0Vir6MHNlbSR0oTU7OVpWt8ezxmw3g4ho3dD5DTMN5ws+CIOrkLO7w/cLMX
KZETSgbovKLQ92qA9qV1VfblT6KxjR+zxD00GVBediR5lbFcdfc4X1eNIdJbgV0glT+S7//VBbNg
yPzNTk5E7fTeyS/2uHXNbur3T7+xjR+zxD00GVFediR5lbFcdfc4X1eNIdJbgV0glT+S7//VBbNg
bU9hYKz1pyeBVGg69yPOfYmPygYPiaMyLQWbM0C1qIk9phLEHU0d7Mm//B+Txd2it9l5ALEHvv/j3QGzZA==
Af1tcTW49vG2Tyo89nNPOg/ss2DeaoIXgiuyNGbt6y196ldCE1ujrYUyjDP8LnOgWH4dVY8YQ0g+KAMoyPLJ0xuEL3izHw==
bQBXiMZlSX9KfEO6kp1Y1nwZtMl5UrK9EoZ1fzgzdoQDPiip5iE76e3zNlk+EbsKtHTbATv037MKf2WJC/oRVf+wF6v4J7Uxd7MS
tKtYBR/5wI4yMMr2fJp/IiYc7x4Xj/aG6bGP+QaGtrMnV7WskwBTlf9n/cTY4cwQX/qwGPk3rzZ/YiY+d9rY7MXpE4IrerMR
Qtye4Q15BaANI3St3G9Lqg/vs2DeaoIXgiuyNGbt6y196ldCE1ujrYUyjDP8LnOgWH4dVY8YQ0g+KAMoyPLJ0xuEL3izHw==
c1aYrBZV7BU3B2Lp6sK353oYtMl5UrK9EoZ1fzgzdoQDPiip5iE76e3zNlk+EbsKtHTbATv037MKf2WJC/oRVf+wF6v4J7Uxd7MS
tKtYBR/5wI4yMMr2fJp/IiYc7x4Xj/aG6bGP+QaGtrMnV7WskwBTlf9n/cTY4cwQX/qwGPk3rzZ/YiY+d9rY7MXpE4IrerMR
tLyqtGNeanaR/oJSQdu8PzgqIi4J/Nbjcn0l2IvROzwea4F7y3h9R0Kb0sTmXUtdvbp3UhNLg/1FQiyDfN4TEJgu/UWPCCOYfpjjWEhCaSNbVA9osw8=
R2NO1h8T/WlTsWahKryjrjxoz8M4nh4vRHBuKU3nz6tfAQ8YzsqOxDbwBPhe7KmZ6CeiDCYVe6WdomdaE0OT5WW6HMu8FmOoeLZtzQ+AswAeIBMQCIpZW3tMH2CzBw==
CU9ve5LOltWbX3ycxfL0pWbkzg2Z5LNTe3ted4dYVA0YcdLj8r1tdi0opZIbrpXuYycQZKQgia6C7TQJOf3Hs5zNvLlpTp5k0SXpvH0ngN+v3SnyA3E14L0vao93ZV2zOA==
gogoRwC5LXt/wl0HAyQ57aiOtx4MNoOOxn4y3J/6wWrnTpGjioweVEt+4NnOASMZ9fMuKSYxk/r8tBNR01RnI3L/3RnzmrmFt3BfmxBHrQFvswo=
pJCzLrxnl9Q+lvDrVg/hmXMe0b5aCk5qiI7+Xu1HwC2+KlbXz8sFGAuM0xF3221QII1stPcmwOyh+29ytx72ak/2uAit9SO2M3azFQ==
ZokqFBrp5H4INsqcByXKIFv9b2ztyb0UJDag66NDGEHzwh63qJtJrxB2dozvHgRhopGfkXFzqqGaoX9CmFS3CT/kO+s2vxlRr2qV3VNQe2M8V1EJa7MO
R2NO1h8T/WlTsWahKryjrjxoz8M4nh4vRHBuKU3nz6tfAQ8YzsqOxDbwBPhe7KmZ6CeiDCYVe6WdomdaE0OT5WW6HMu8FmOoeLZtzQ+AswAeIBMQCIpZW3tMH2CzBw==
KyfiLVHJXZ6sci+z/djnImbnzg2Z5LNTe3ted4dYVA0YcdLj8r1tdi0opZIbrpXuYycQZKQgia6C7TQJOf3Hs5zNvLlpTp5k0SXpvH0ngN+v3SnyA3E14L0vao93ZV2zOA==
gogoRwC5LXt/wl0HAyQ57aiOtx4MNoOOxn4y3J/6wWrnTpGjioweVEt+4NnOASMZ9fMuKSYxk/r8tBNR01RnI3L/3RnzmrmFt3BfmxBHrQFvswo=
pJCzLrxnl9Q+lvDrVg/hmXMe0b5aCk5qiI7+Xu1HwC2+KlbXz8sFGAuM0xF3221QII1stPcmwOyh+29ytx72ak/2uAit9SO2M3azFQ==
vRoqRoi8cGu4v3vNENUsF7CapbamrIlySmnK67Fqe0+XxrbNZdmrlsEtmi2mFjYjh4f1fLMQU4Xft70UeHFMgP8q8MjZJ68mX7Jm7tdKWHxlOVNSC2qzAQ==
vdtOPpR82HpMUyYkA+bj7lLG4MBbJiHUgj4epsBKPgIVE3CB1s72a1e/lZSDCFONz0+dPIgpDEivkhCgab8vrs/Kxkankpg0tQEzujtyswk=
pJCzLrxnl9Q+lvDrVg/hmXMe0b5aCk5qiI7+Xu1HwC2+KlbXz8sFGAuM0xF3221QII1stPcmwOyh+29ytx72ak/2uAit9SO2M3azFQ==
yQtiAeuIGh0HxxJTPafxt16cz7JjFlCxq2L2JxAbMT+4Fq48p95MMVqxt2Fpc7LRsoEHklAUf7lnBJN7zj+hwcfKTa2bkDOzBDe5OXOzFg==
Ue36oBbFhtmhHBE60qDi/3caiad75CMxX2kFHXiD6tgGAXOBzWbPzpPXOyE1nhTfnMIrDOgyxRlPVJsEDgRbxKge0f8riDd0sxM=
1ksqbw3Zkl/GP84XCD80wEu062ufJd1RyC+yNGbt6y196ldCE1ujrYUyjDP8LnOgWH4dVY8YQ0g+KAMoyPLJ0xuEL3izHw==
Wr5JB5DOXbLGWorA45nKrkO9Nq4AYGmuoi1UiZm9J7P8DRw5iQ6+ZLHlSTydZ6Dfzx2JcuMxFeDd78oPlyV9sxg=
AkFZujLEITQqBkr7NClkj81G6wucBqo0u/5weZ7BU/nl8z5J1nFDWmw0Y7FjFLdDgv/tOaNaySUH8M/7wAedIX+zGg==
uYCMf7qrVYP+xKGJBCmvifblT6KxjR+zxD00GVFediR5lbFcdfc4X1eNIdJbgV0glT+S7//VBbNg
GEp2DmZ63MmRHVc9TTJX6Fm4+nzdJppWzXT1Km/r92526ldCE1ujrYUyjDP8LnOgWH4dVY8YQ0g+KAMoyPLJ0xuEL3izHw==
NnNl+VG/mAtpF6Cc2PNXOxFX8rNbaWvUvsNx40vgDe+xs0Vir6MHNlbSR0oTU7OVpWp8ezxmw3g4ho3dD5DTMN5ws+CIOrkLO7w/cLMX
FPWtpJe/r1cmhghMcdBNhG6xrkP16mvJ3fMGee5Ra2ok9Cthy7Qv0xp/dak7uqH1TzCHC6jn5dEHs2I=
aF6ufzih93RmJpjnUS4oWiHP6echNbGGCwInuhOj00Xl2tzrvPYjCPjWre0PoPPgnoDTcAiqGbv77N8As2c=
seLe+u1MwMXdeGf+oYWvCDkBh61m/DknC2pJCWTJ5NcOAH/CxmbPzpPXOyE1nhTfnMIrDOgyxRlPVJsEDgRbxKge0f8riDd0sxM=
aJgilJXlbHUQJV/xljDoE1v9b2Ttyb0UJDag66NDGEHzwh63qJtJrxB2dozvHgRhopGfkXFzqqGaoX9CmFS3CT/kO+s2vxlRr2qV3VNQe2M8V1EJa7MO
l6XxBzHEkWzmrfot5EF74ypvy8kvkFkvTnBtKU3nz6tfAQ8YzsqOxDbwBPhe7KmZ6CeiDCYVe6WdomdaE0OT5WW6HMu8FmOoeLZtzQ+AswAeIBMQCIpZW3tMH2CzBw==
KdTXTg/TZJ07wBl42K9lUUo/8Yw3Grn6X85pMzIsdoQDPiip5iE76e3zNlk+EbsKtHTbATv037MKf2WJC/oRVf+wF6v4J7Uxd7MS
FPWtpJe/r1cmhghMcdBNhG6xrkP16mvJ3fMGee5Ra2ok9Cthy7Qv0xp/dak7uqH1TzCHC6jn5dEHs2I=
yPzNTk5E7fTeyS/2uHXNbur3T7+xjR+zxD00GVFediR5lbFcdfc4X1eNIdJbgV0glT+S7//VBbNg
uYCMf7qrVYP+xKGJBCmvifblT6KxjR+zxD00GVFediR5lbFcdfc4X1eNIdJbgV0glT+S7//VBbNg
gTOtDW3k2dPINXoGAvKSromPygYPiaMyLQWbM0C1qIk8phLEHU0d7Mm//B+Txd2it9l5ALEHvv/j3QGzZA==
ZS2Kq0sHzGRg3SahB8QanFv9b2Ttyb0UJDag66NDGEHzwh63qJtJrxB2dozvHgRhopGfkXFzqqGaoX5CmFS3CT/kO+s2vxlRr2qV3VNQe2M8V1EJa7MO
XivbHX+zyiQ33XwBUMTYpipvy8kvkFkvTnBtKU3nz6tfAQ8YzsqOxDbwBPhe7KmZ6CeiDCYVe6WdomdaE0OT5WW7HMu8FmOoeLZtzQ+AswAeIBMQCIpZW3tMH2CzBw==
ufuh04ojQCr0aLyJrF8UtUo/8Yw3Grn6X85pMzIsdoQDPiip5iE76e3zNlk+EboKtHTbATv037MKf2WJC/oRVf+wF6v4J7Uxd7MS
UKI0rIK6BsxUbRQUXcsyx26xrkP16mvJ3fMGee5Ramok9Cthy7Qv0xp/dak7uqH1TzCHC6jn5dEHs2I=
eyONRayOiG/6APXWnbfVhsCRGRKblq8+kydb0XVPdE8cUovcqALlKU9kuzTOVPtUKI4xr+v41wSzYw==
gTOtDW3k2dPINXoGAvKSromPygYPiaMyLQWbM0C1qIk8phLEHU0d7Mm//B+Txd2it9l5ALEHvv/j3QGzZA==
NLePFzeIy3O8eAQUpduqUV2cz7JjFlCxq2L2JxAbMT+4Fq48p95MMVqxt2Fpc7LRsoEGklAUf7lnBJN7zj+hwcfKTa2bkDOzBDe5OXOzFg==
l9w3Y3squwlaPSPTnhZbLAaiNye22bkWaz7n8bBeSEzz1xGyvs8E71Y8cozvHgRhopGfkXFzqqGaoX5CmFS3CT/kO+s2vxlRr2qV3VNQe2M8V1EJa7MO
AQWch4Q64A9n4x4PQAVlJfPbNl+o4SUAhgebFO7UHgOjWRYRUsOlgaNqX1sWEZbsyxSknZ9FHfFIz3JUZs2rjf2Kl2ITe2PNBZPME/xOs0DY3t01j/gD6L5IQ8jI0glzm2RvWLM/
v9bTz3uS0r4FFKCtSJ4qXHWDrayjvcwyaMaBN4lnSGiEUFASAGPc762lkk5KWBn/W/ZMb3Zr3JQYWC1OJnWombV1QzMYRTAp9NY6BHXdVcwx70Sf6xXlwn9J0cDZN3afe21Zszw=
N2poXh9HmB1m2WmIclXXZhs214V2NQrYWl65796blPQAaFWO/uUQef0lqzNwlfhJTEZiRI3tTSz5n+wfg6Ut4me56YABpw4/sz1xsxQ=
h6zYc3beb5suNRb1Ofj4R/YvOm9WKzwUeJgNTsa1yBkVNaMzeIWQqRSWWgRVnbVMUS9knwtVRULfCTHA+ffWH5stebMc
UKI0rIK6BsxUbRQUXcsyx26xrkP16mvJ3fMGee5Ramok9Cthy7Qv0xp/dak7uqH1TzCHC6jn5dEHs2I=
Y8y5AUNMkVutq9zOwcymIWxlPxK+NDD7/UxDxGN4U53vf93v6NmM2A8i0PCJzy++7/qGlsdiGKQVsfPq2wKzGQ==
gO7DYWYuigTNSX3ZI1yMf4mPygYPiaMvLQWbM0C1qIk+phLEHU0d7Mm//B+Txd2it9l5ALEHvv/j3QGzZA==
evp50D0hU3g+SFGA6k/yV8CRGRKblq8+kydb0XVNdE8cUovcqALlKU9kuzTOVPtUKI4xr+v41wSzYw==
aAM+obzhprZaMj8dzhNbnYmPygYPiaMyLQWbM0C1qIk+phLEHU0d7Mm//B+Txd2it9l5ALEHvv/j3QGzZA==
8vcu8JNDpYGMfKcEs0+920Ydq6BfaWvUvsNx40vgDe/i8wJ8pqUbdV3SR0oTU7OVpWl8ezxmw3g4ho3dD5DTMN5ws+CIOrkLO7w/cLMX
bswAj/r+f4ySvndBQe8upAaiNye22bkWaz7n8bBeSEzz1xGyvs8E71Y8cozvHgRhopGfkXFzqqGaoXxCmFS3CT/kO+s2vxlRr2qV3VNQe2M8V1EJa7MO
2GYRO7itCnZU7rgv69HNwfPbNl+o4SUAhgebFO7UHgOjWRYRUsOlgaNqX1sWEZbsyxSknZ9FHfFIz3JUZs2rjf2Kl2ITe2PNBZHME/xOs0DY3t01j/gD6L5IQ8jI0glzm2RvWLM/
bswAj/r+f4ySvndBQe8upAaiNye22bkWaz7n8bBeSEzz1xGyvs8E71Y8cozvHgRhopGfkXFzqqGaoXxCmFS3CT/kO+s2vxlRr2qV3VNQe2M8V1EJa7MO
DrWaCcUQGOM+VkLQAvphXBs214V2NQrYWl65796blPQAaFWO/uUQef0lqzNwlfhJTkZiRI3tTSz5n+wfg6Ut4me56YABpw4/sz1xsxQ=
tLdPVdHf8te0oL0aWuXlGRENP4d572CF7uIWH5/jJTAbhNMZZ/NNe3BFLHynjmBEMXPv+ie2VsIfPvjA/d0DniN+sx0=
RMUtuzIrAT3IjNNsbHowNpus2cPS/xqQxklDue1+38aT3ys5FaUkl1yK23QIqlWRz9wLnG78Kwzo1uHHC5AnfLMb
aAM+obzhprZaMj8dzhNbnYmPygYPiaMyLQWbM0C1qIk+phLEHU0d7Mm//B+Txd2it9l5ALEHvv/j3QGzZA==
7aUEztRkaEIROZ2RmlLgFl6cz7JjFlCxq2L2JxAbMT+4Fq48p95MMVqxt2Fpc7LRsoEEklAUf7lnBJN7zj+hwcfKTa2bkDOzBDe5OXOzFg==
2GYRO7itCnZU7rgv69HNwfPbNl+o4SUAhgebFO7UHgOjWRYRUsOlgaNqX1sWEZbsyxSknZ9FHfFIz3JUZs2rjf2Kl2ITe2PNBZHME/xOs0DY3t01j/gD6L5IQ8jI0glzm2RvWLM/
bswAj/r+f4ySvndBQe8upAaiNye22bkWaz7n8bBeSEzz1xGyvs8E71Y8cozvHgRhopGfkXFzqqGaoXxCmFS3CT/kO+s2vxlRr2qV3VNQe2M8V1EJa7MO
DrWaCcUQGOM+VkLQAvphXBs214V2NQrYWl65796blPQAaFWO/uUQef0lqzNwlfhJTkZiRI3tTSz5n+wfg6Ut4me56YABpw4/sz1xsxQ=
hQRBkE3K6AjuEDgP9Ld2aUu062ufJd1RyC+yNGbt6y196ldCE1ujrYUxjDP8LnOgWH4dVY8YQ0g+KAMoyPLJ0xuEL3izHw==
ZaqUOyHraaN/GWB91iGvwc1G6wucBqo0u/5weZ7BU/nl8z5J1nFAWmw0Y7FjFLdDgv/tOaNaySUH8M/7wAedIX+zGg==
0GuRquS5ry8Vp20LSuWXVUYGYZefz7zIdedbK0GXkh0xWs9xYXO6wUrhLKII1Adpz6QLC0a/KXFfKiV9I9Drw+wXgSl7sx4=
1i6J/aaiINbxanFjo8+NRDQQ/glVjKyD5qiLoEGYv7U7FL6skwBTlf9n/cfY4cwQX/qwGPk3rzZ/YiY+d9rY7MXpE4IrerMR
eNnBnVLgvbPmLS18JQpwuV/80UVlDsizrGdCS9wcWLuZoLln32/9Pk8/v6omTv/Wk88LCdX1xOfcOnukSFo1gc/M6+yurIu8aCaBF0ugB2yzCw==
AYPBslQBMVEptBjLzqRJQzybm7kDSf/vmxoiW2uKiulzjzIjMMfnJxSRx8Jp3Tez7O1s+dquDuQhhbl8TUeQ37/92bJTkYVgLY8aT6cFbbMI
6fOYF2nYcL6Xyuz/OkIgIGwZ3KkOCRRqjIH5XqVVx2n5NF/R04gOGAuM0xF3221TII1stPcmwOyh+29ytx72ak/2uAit9SO2M3azFQ==
aAM+obzhprZaMj8dzhNbnYmPygYPiaMyLQWbM0C1qIk+phLEHU0d7Mm//B+Txd2it9l5ALEHvv/j3QGzZA==
ZJCKg5+oZjoATJx1+xTJzV2cz7JjFlCxq2L2JxAbMT+4Fq48p95MMVqxt2Fpc7LRsoEEklAUf7lnBJN7zj+hwcfKTa2bkDOzBDe5OXOzFg==
dt609YOBKlBDr1xIyTYQc7W8upvRRr7qm6YwH6RCFRVSx62Vs353Pzb1vribwGzZ3wHVJRib2rDGqQMZbR4f5pP/61mVBWR3XKobFIgKFXHPvMs87hxrLOi2IWeLcGdcszs=
DrWaCcUQGOM+VkLQAvphXBs214V2NQrYWl65796blPQAaFWO/uUQef0lqzNwlfhJTkZiRI3tTSz5n+wfg6Ut4me56YABpw4/sz1xsxQ=
vS3IEhjsds010/HNU6MlmfYvOm9WKzwUeJgNTsa1yBkVNaMzeIWQqRaWWgRVnbVMUS9knwtVRULfCTHA+ffWH5stebMc
BECf9axZqqQi1eeMlexyN26xrkP16mvJ3fMGee5RaGok9Cthy7Qv0xp/dak7uqH1TzCHC6jn5dEHs2I=
evp50D0hU3g+SFGA6k/yV8CRGRKblq8+kydb0XVNdE8cUovcqALlKU9kuzTOVPtUKI4xr+v41wSzYw==
aAM+obzhprZaMj8dzhNbnYmPygYPiaMyLQWbM0C1qIk+phLEHU0d7Mm//B+Txd2it9l5ALEHvv/j3QGzZA==
7aUEztRkaEIROZ2RmlLgFl6cz7JjFlCxq2L2JxAbMT+4Fq48p95MMVqxt2Fpc7LRsoEEklAUf7lnBJN7zj+hwcfKTa2bkDOzBDe5OXOzFg==
dt609YOBKlBDr1xIyTYQc7W8upvRRr7qm6YwH6RCFRVSx62Vs353Pzb1vribwGzZ3wHVJRib2rDGqQMZbR4f5pP/61mVBWR3XKobFIgKFXHPvMs87hxrLOi2IWeLcGdcszs=
DrWaCcUQGOM+VkLQAvphXBs214V2NQrYWl65796blPQAaFWO/uUQef0lqzNwlfhJTkZiRI3tTSz5n+wfg6Ut4me56YABpw4/sz1xsxQ=
hQRBkE3K6AjuEDgP9Ld2aUu062ufJd1RyC+yNGbt6y196ldCE1ujrYUxjDP8LnOgWH4dVY8YQ0g+KAMoyPLJ0xuEL3izHw==
ZaqUOyHraaN/GWB91iGvwc1G6wucBqo0u/5weZ7BU/nl8z5J1nFAWmw0Y7FjFLdDgv/tOaNaySUH8M/7wAedIX+zGg==
ROC1MDhUVXMKG56XbjhPdfblT6KxjR+zxD00GVJediR5lbFcdfc4X1eNIdJbgV0glT+S7//VBbNg
BECf9axZqqQi1eeMlexyN26xrkP16mvJ3fMGee5RaGok9Cthy7Qv0xp/dak7uqH1TzCHC6jn5dEHs2I=
Ujaqu4mE2GHGN4cbpx1Tper3T7+xjR+zxD00GVBediR5lbFcdfc4X1eNIdJbgV0glT+S7//VBbNg
gTOtDW3k2dPINXoGAvKSromPygYPiaMyLQWbM0C1qIk8phLEHU0d7Mm//B+Txd2it9l5ALEHvv/j3QGzZA==
NLePFzeIy3O8eAQUpduqUV2cz7JjFlCxq2L2JxAbMT+4Fq48p95MMVqxt2Fpc7LRsoEGklAUf7lnBJN7zj+hwcfKTa2bkDOzBDe5OXOzFg==
R7n8YakeJBoRDIJp61vEk7W8upvRRr7qm6YwH6RCFRVSx62Vs353Pzb1vribwGzZ3wHVJRib2rDGqQMZbR4f5pP/61mVB2R3XKobFIgKFXHPvMs87hxrLOi2IWeLcGdcszs=
N2poXh9HmB1m2WmIclXXZhs214V2NQrYWl65796blPQAaFWO/uUQef0lqzNwlfhJTEZiRI3tTSz5n+wfg6Ut4me56YABpw4/sz1xsxQ=
h6zYc3beb5suNRb1Ofj4R/YvOm9WKzwUeJgNTsa1yBkVNaMzeIWQqRSWWgRVnbVMUS9knwtVRULfCTHA+ffWH5stebMc
UKI0rIK6BsxUbRQUXcsyx26xrkP16mvJ3fMGee5Ramok9Cthy7Qv0xp/dak7uqH1TzCHC6jn5dEHs2I=
yPzNTk5E7fTeyS/2uHXNbur3T7+xjR+zxD00GVFediR5lbFcdfc4X1eNIdJbgV0glT+S7//VBbNg
bU9hYKz1pyeBVGg69yPOfYmPygYPiaMyLQWbM0C1qIk9phLEHU0d7Mm//B+Txd2it9l5ALEHvv/j3QGzZA==
xUPvOo6bbqiAk0OknCe4y12cz7JjFlCxq2L2JxAbMT+4Fq48p95MMVqxt2Fpc7LRsoEHklAUf7lnBJN7zj+hwcfKTa2bkDOzBDe5OXOzFg==
g8s0IZTUDOhd0+29tLS6krW8upvRRr7qm6YwH6RCFRVSx62Vs353Pzb1vribwGzZ3wHVJRib2rDGqQMZbR4f5pP/61mVBmR3XKobFIgKFXHPvMs87hxrLOi2IWeLcGdcszs=
9gwxm6QLLp9hBn7La4mfhxs214V2NQrYWl65796blPQAaFWO/uUQef0lqzNwlfhJTUZiRI3tTSz5n+wfg6Ut4me56YABpw4/sz1xsxQ=
KpEBxFEgRGjxGIdHkZbDnvYvOm9WKzwUeJgNTsa1yBkVNaMzeIWQqRWWWgRVnbVMUS9knwtVRULfCTHA+ffWH5stebMc
uYCMf7qrVYP+xKGJBCmvifblT6KxjR+zxD00GVFediR5lbFcdfc4X1eNIdJbgV0glT+S7//VBbNg
FPWtpJe/r1cmhghMcdBNhG6xrkP16mvJ3fMGee5Ra2ok9Cthy7Qv0xp/dak7uqH1TzCHC6jn5dEHs2I=
yPzNTk5E7fTeyS/2uHXNbur3T7+xjR+zxD00GVFediR5lbFcdfc4X1eNIdJbgV0glT+S7//VBbNg
bU9hYKz1pyeBVGg69yPOfYmPygYPiaMyLQWbM0C1qIk9phLEHU0d7Mm//B+Txd2it9l5ALEHvv/j3QGzZA==
2KsSFFjtEzNOAJanyYH8kbaapbKlrIlySmnK67Fqe0+XxrbNZdmrlsEtmi2mFjYjh4f1fLMQU4Xft70UeHFMgP8q8MjZJ68mX7Jm7tdKWHxlOVNSC2qzAQ==
3BBH9DQ9i0WvtldHCjFmY8cOnGFQwGoAv6xoDSSJ5pPGVUEWAcDxws92ya6//0Q0cIjlDm5FQLnNRbszYHXICZ3m8sQ9jb1sqX/cH3OFfSLXGRkAkUdef0MdYbME
croIdwvr22o3vrAcaF7LsEp4PXiYziXNwwqcpYkcpQCDQmKnp8n02d6NkuWwSwB5JyYHzJeaGbp/zglz0qwWRCM+CGlGodspjfPWGV6RG0qUdPtB23S/c+p/RUmrerGVn7D365inFXFXszI=
gogoRwC5LXt/wl0HAyQ57aiOtx4MNoOOxn4y3J/6wWrnTpGjioweVEt+4NnOASMZ9fMuKSYxk/r8tBNR01RnI3L/3RnzmrmFt3BfmxBHrQFvswo=
KdTXTg/TZJ07wBl42K9lUUo/8Yw3Grn6X85pMzIsdoQDPiip5iE76e3zNlk+EbsKtHTbATv037MKf2WJC/oRVf+wF6v4J7Uxd7MS
bU9hYKz1pyeBVGg69yPOfYmPygYPiaMyLQWbM0C1qIk9phLEHU0d7Mm//B+Txd2it9l5ALEHvv/j3QGzZA==
GbBWn97jsAxT9DCFJNKWqOr3T7+xjR+zxD00GVJediR5lbFcdfc4X1eNIdJbgV0glT+S7//VBbNg
aAM+obzhprZaMj8dzhNbnYmPygYPiaMyLQWbM0C1qIk+phLEHU0d7Mm//B+Txd2it9l5ALEHvv/j3QGzZA==
1CwyCOdyJfOVwg7MGgrZtQ2rlQQ1AZO8vzVTCM4fSb+LvLUzki+6IEY5o+ktTv/Wk88LCdX1xOfcOnukSFo1gc/M6+yurIu8aCaBF0ugB2yzCw==
alXBFHOUUkyP0WjR3X/aBbaapbKlrIlySmnK67Fqe0+XxrbNZdmrlsEtmi2mFjYjh4f1fLMQU4Xft70XeHFMgP8q8MjZJ68mX7Jm7tdKWHxlOVNSC2qzAQ==
19VfVAh/yAhDAWzuWJ1wP6Py5pGa1PSXFyrNh8rK11DVyA49YWoNt5ufzVUrdRdLM/7eyJrqzspIrv5+LedAzX5KVjePq4W4S6zTMTd77TNgbWzUN8ZATGHbb1J3vnaKj5a46O2VoxZzVrM1
BzzcRmI0TQk1qihiVVYDkciPygYPiaMyLQWbM0C1qIk+phLEHU0d7Mm//B+Txd2it9l5ALEHvv/j3QGzZA==
aAM+obzhprZaMj8dzhNbnYmPygYPiaMyLQWbM0C1qIk+phLEHU0d7Mm//B+Txd2it9l5ALEHvv/j3QGzZA==
alXBFHOUUkyP0WjR3X/aBbaapbKlrIlySmnK67Fqe0+XxrbNZdmrlsEtmi2mFjYjh4f1fLMQU4Xft70XeHFMgP8q8MjZJ68mX7Jm7tdKWHxlOVNSC2qzAQ==
SGmulZ5mGC9zKMYgx/3VPccOnGFQwGoAv6xoDSSJ5pPGVUEWAcDxws92ya6//0Q0cIjlDm5FQLnNRbszYHXICZ7m8sQ9jb1sqX/cH3OFfSLXGRkAkUdef0MdYbME
wgG+/GbBgst1CTvVaAUBJaiOtx4MNoOOxn4y3J/6wWrnTpGjioweVEt+4NnOASMZ9fMuKSYxkPr8tBNR01RnI3L/3RnzmrmFt3BfmxBHrQFvswo=
CSQ8nz/3EVkebU6c5mAnUEo/8Yw3Grn6X85pMzIsdoQDPiip5iE76e3zNlk+EbgKtHTbATv037MKf2WJC/oRVf+wF6v4J7Uxd7MS
BECf9axZqqQi1eeMlexyN26xrkP16mvJ3fMGee5RaGok9Cthy7Qv0xp/dak7uqH1TzCHC6jn5dEHs2I=
GbBWn97jsAxT9DCFJNKWqOr3T7+xjR+zxD00GVJediR5lbFcdfc4X1eNIdJbgV0glT+S7//VBbNg
aAM+obzhprZaMj8dzhNbnYmPygYPiaMyLQWbM0C1qIk+phLEHU0d7Mm//B+Txd2it9l5ALEHvv/j3QGzZA==
raMJjq0EGIFE2TOD4JvqmUF256/TFuEvyROODqgwse5aXbzpga0vs/QdBNni/sak6TXhnCXXKF9HbXESC2HNoOXf4i+PNXWzEA==
RMUtuzIrAT3IjNNsbHowNpus2cPS/xqQxklDue1+38aT3ys5FaUkl1yK23QIqlWRz9wLnG78Kwzo1uHHC5AnfLMb
ROC1MDhUVXMKG56XbjhPdfblT6KxjR+zxD00GVJediR5lbFcdfc4X1eNIdJbgV0glT+S7//VBbNg
BECf9axZqqQi1eeMlexyN26xrkP16mvJ3fMGee5RaGok9Cthy7Qv0xp/dak7uqH1TzCHC6jn5dEHs2I=
GbBWn97jsAxT9DCFJNKWqOr3T7+xjR+zxD00GVJediR5lbFcdfc4X1eNIdJbgV0glT+S7//VBbNg
aAM+obzhprZaMj8dzhNbnYmPygYPiaMyLQWbM0C1qIk+phLEHU0d7Mm//B+Txd2it9l5ALEHvv/j3QGzZA==
F7jEfhy6L0sU5OfArM7ppDcW9h1FyauG4f3a/QaGtrMnV7WskwBTlf9n/cfY4cwQX/qwGPk3rzZ/YiY+d9rY7MXpE4IrerMR
yL9IDm2e2lz4LRwxM2l9awyAr8pOPz+Hx35WpdVBKx5RVTqF1s72a1e/lZSDCFONz0+dP4gpDEivkhCgab8vrs/Kxkankpg0tQEzujtyswk=
KQzIW2oKxU2LdSKj9sCJAC0QqiHREkUMChWLcQHjT4rtvVyNxMjCoA0iVxYB1NqgpIKIVbTPFM8GfKIsf570wdLRb7EBc1qB6mGM4ujUJ6lvJOvLJr8JMf+qRb3D0MsDjJdhaVuzPg==
DrWaCcUQGOM+VkLQAvphXBs214V2NQrYWl65796blPQAaFWO/uUQef0lqzNwlfhJTkZiRI3tTSz5n+wfg6Ut4me56YABpw4/sz1xsxQ=
vS3IEhjsds010/HNU6MlmfYvOm9WKzwUeJgNTsa1yBkVNaMzeIWQqRaWWgRVnbVMUS9knwtVRULfCTHA+ffWH5stebMc
9kMQbiTU3XR7YsLOVjYsdmJGtxVWwKnI7b6YshOKpLMhFL6skwBTlf9n/cfY4cwQX/qwGPk3rzZ/YiY+d9rY7MXpE4IrerMR
aAM+obzhprZaMj8dzhNbnYmPygYPiaMyLQWbM0C1qIk+phLEHU0d7Mm//B+Txd2it9l5ALEHvv/j3QGzZA==
aAM+obzhprZaMj8dzhNbnYmPygYPiaMyLQWbM0C1qIk+phLEHU0d7Mm//B+Txd2it9l5ALEHvv/j3QGzZA==
3eYxt9ol3DLn5O1idEXHtwyCr8pOPz+Hx35WpdVBKx5RVTqF1s72a1e/lZSDCFONz0+dP4gpDEivkhCgab8vrs/Kxkankpg0tQEzujtyswk=
M9GHYEHaktFTI2ZPh1sFKC0QqiHREkUMChWLcQHjT4rtv1yNxMjCoA0iVxYB1NqgpIKIVbTPFM8GfKIsf570wdLRb7EBc1qB6mGM4ujUJ6lvJOvLJr8JMf+qRb3D0MsDjJdhaVuzPg==
DrWaCcUQGOM+VkLQAvphXBs214V2NQrYWl65796blPQAaFWO/uUQef0lqzNwlfhJTkZiRI3tTSz5n+wfg6Ut4me56YABpw4/sz1xsxQ=
hQRBkE3K6AjuEDgP9Ld2aUu062ufJd1RyC+yNGbt6y196ldCE1ujrYUxjDP8LnOgWH4dVY8YQ0g+KAMoyPLJ0xuEL3izHw==
wB0zR+Jghxxx8B1dQiy34wyDr8pOPz+Hx35WpdVBKx5RVTqF1s72a1e/lZSDCFONz0+dP4gpDEivkhCgab8vrs/Kxkankpg0tQEzujtyswk=
aAM+obzhprZaMj8dzhNbnYmPygYPiaMyLQWbM0C1qIk+phLEHU0d7Mm//B+Txd2it9l5ALEHvv/j3QGzZA==
wB0zR+Jghxxx8B1dQiy34wyDr8pOPz+Hx35WpdVBKx5RVTqF1s72a1e/lZSDCFONz0+dP4gpDEivkhCgab8vrs/Kxkankpg0tQEzujtyswk=
I9TeAn9DkqQrNIYvA0TYPy0QqiHREkUMChWLcQHjT4rtvlyNxMjCoA0iVxYB1NqgpIKIVbTPFM8GfKIsf570wdLRb7EBc1qB6mGM4ujUJ6lvJOvLJr8JMf+qRb3D0MsDjJdhaVuzPg==
aAM+obzhprZaMj8dzhNbnYmPygYPiaMyLQWbM0C1qIk+phLEHU0d7Mm//B+Txd2it9l5ALEHvv/j3QGzZA==
BGgzbPkUzYIdALNdsOxpXlyB37trHQb0rWDxMxAbMT+4Fq48p95MMVqxt2Fpc7LRsoEEklAUf7lnBJN7zj+hwcfKTa2bkDOzBDe5OXOzFg==
wB0zR+Jghxxx8B1dQiy34wyDr8pOPz+Hx35WpdVBKx5RVTqF1s72a1e/lZSDCFONz0+dP4gpDEivkhCgab8vrs/Kxkankpg0tQEzujtyswk=
DrWaCcUQGOM+VkLQAvphXBs214V2NQrYWl65796blPQAaFWO/uUQef0lqzNwlfhJTkZiRI3tTSz5n+wfg6Ut4me56YABpw4/sz1xsxQ=
hQRBkE3K6AjuEDgP9Ld2aUu062ufJd1RyC+yNGbt6y196ldCE1ujrYUxjDP8LnOgWH4dVY8YQ0g+KAMoyPLJ0xuEL3izHw==
XdEQ629M1EckWqMFOWLfaEO9Nq4AYGmuoi1UiZm9J7P8DRw5ig6+ZLHlSTydZ6Dfzx2JcuMxFeDd78oPlyV9sxg=
aAM+obzhprZaMj8dzhNbnYmPygYPiaMyLQWbM0C1qIk+phLEHU0d7Mm//B+Txd2it9l5ALEHvv/j3QGzZA==
aAM+obzhprZaMj8dzhNbnYmPygYPiaMyLQWbM0C1qIk+phLEHU0d7Mm//B+Txd2it9l5ALEHvv/j3QGzZA==
ZJCKg5+oZjoATJx1+xTJzV2cz7JjFlCxq2L2JxAbMT+4Fq48p95MMVqxt2Fpc7LRsoEEklAUf7lnBJN7zj+hwcfKTa2bkDOzBDe5OXOzFg==
dt609YOBKlBDr1xIyTYQc7W8upvRRr7qm6YwH6RCFRVSx62Vs353Pzb1vribwGzZ3wHVJRib2rDGqQMZbR4f5pP/61mVBWR3XKobFIgKFXHPvMs87hxrLOi2IWeLcGdcszs=
gkI/jZGouf6Bv3XNSkb2hxsuz4V2NQrYWl65796blPQAaFWO/uUQef0lqzNwlfhJTkZiRI3tTSz5n+wfg6Ut4me56YABpw4/sz1xsxQ=
DrWaCcUQGOM+VkLQAvphXBs214V2NQrYWl65796blPQAaFWO/uUQef0lqzNwlfhJTkZiRI3tTSz5n+wfg6Ut4me56YABpw4/sz1xsxQ=
vS3IEhjsds010/HNU6MlmfYvOm9WKzwUeJgNTsa1yBkVNaMzeIWQqRaWWgRVnbVMUS9knwtVRULfCTHA+ffWH5stebMc
ROC1MDhUVXMKG56XbjhPdfblT6KxjR+zxD00GVJediR5lbFcdfc4X1eNIdJbgV0glT+S7//VBbNg
yPzNTk5E7fTeyS/2uHXNbur3T7+xjR+zxD00GVFediR5lbFcdfc4X1eNIdJbgV0glT+S7//VBbNg
bU9hYKz1pyeBVGg69yPOfYmPygYPiaMyLQWbM0C1qIk9phLEHU0d7Mm//B+Txd2it9l5ALEHvv/j3QGzZA==
2KsSFFjtEzNOAJanyYH8kbaapbKlrIlySmnK67Fqe0+XxrbNZdmrlsEtmi2mFjYjh4f1fLMQU4Xft70UeHFMgP8q8MjZJ68mX7Jm7tdKWHxlOVNSC2qzAQ==
K9be1usBSYWesMbxeW3Y8kKKXQVnqrJ5M4z3vIC8HsiZi4+3RGZ1M/f5r7zPOvEK906Bg3rMTvTb/lA5fkHzOYXz3gl28SOaTDSD8QOUFwNi/835w9ppZSfwrztgh31hX7M6
D7KxiMd16KySpBB/BjgRGL/pznBQyer4RA8G7erSLvI4Fn7GXd+g9Q5ylo//E2UAO5TTCUfDDYgQ1azsR/6gdBFj7+oHhpay/654UJ0tQ64DbrMN
pJCzLrxnl9Q+lvDrVg/hmXMe0b5aCk5qiI7+Xu1HwC2+KlbXz8sFGAuM0xF3221QII1stPcmwOyh+29ytx72ak/2uAit9SO2M3azFQ==
aAM+obzhprZaMj8dzhNbnYmPygYPiaMyLQWbM0C1qIk+phLEHU0d7Mm//B+Txd2it9l5ALEHvv/j3QGzZA==
alXBFHOUUkyP0WjR3X/aBbaapbKlrIlySmnK67Fqe0+XxrbNZdmrlsEtmi2mFjYjh4f1fLMQU4Xft70XeHFMgP8q8MjZJ68mX7Jm7tdKWHxlOVNSC2qzAQ==
iQqFShbTWDmOliOiodywgyHepeMuNLeGFgInuhOj00Xl2dzrvPYjCPjWre0PoPPgnoDTcAiqGbv77N8As2c=
alXBFHOUUkyP0WjR3X/aBbaapbKlrIlySmnK67Fqe0+XxrbNZdmrlsEtmi2mFjYjh4f1fLMQU4Xft70XeHFMgP8q8MjZJ68mX7Jm7tdKWHxlOVNSC2qzAQ==
NwX9f0PU7pK4qmqkESk6a6mP6iYvqaMyLQWbM0C1qIk+phLEHU0d7Mm//B+Txd2it9l5ALEHvv/j3QGzZA==
1XYMp6Chey7EDZmo4jDhHkYdq4B/aUv0nuNRw2vALe/i8wJ8pqUbdV3SR0oTU7OVpWl8ezxmw3g4ho3dD5DTMN5ws+CIOrkLO7w/cLMX
hQEsinRtB93LuGqwwA4fULW8upvxZp7Km4YQP4RiNRVy5421k35XHxbVnpi74Ez53wHVJRib2rDGqQMZbR4f5pP/61mVBWR3XKobFIgKFXHPvMs87hxrLOi2IWeLcGdcszs=
x3NENYWO5cJ2FKgUoQTGvTsW96VWFSr4Wn6Z796blPQAaFWO/uUQef0lqzNwlfhJTkZiRI3tTSz5n+wfg6Ut4me56YABpw4/sz1xsxQ=
qBcZeyBFHXtfGmB3n96rh2uUy0ufJd1RyC+yNGbt6y196ldCE1ujrYUxjDP8LnOgWH4dVY8YQ0g+KAMoyPLJ0xuEL3izHw==
alXBFHOUUkyP0WjR3X/aBbaapbKlrIlySmnK67Fqe0+XxrbNZdmrlsEtmi2mFjYjh4f1fLMQU4Xft70XeHFMgP8q8MjZJ68mX7Jm7tdKWHxlOVNSC2qzAQ==
NyBFWuQQUEd3wDM2lmennEKKXQVnqrJ5M4z3vIC8HsiZi4+3RGZ1M/f5r7zPOvEK906Bg3rMTvTb/lA5fkHzOYXz3gl28SCaTDSD8QOUFwNi/835w9ppZSfwrztgh31hX7M6
4BTq1yd6IcemE0JTtHqxC7/pznBQyer4RA8G7erSLvI4Fn7GXd+g9Q5ylo//E2UAO5TTCUfDDYsQ1azsR/6gdBFj7+oHhpay/654UJ0tQ64DbrMN
3zYvmlYBP2fnOU3Dc0ssYnMe0b5aCk5qiI7+Xu1HwC2+KlbXz8sFGAuM0xF3221TII1stPcmwOyh+29ytx72ak/2uAit9SO2M3azFQ==
cX/bYjURgMZWZFS3ryZYn1zsLjCsl70aZ36z961BGEHzwh63qJtJrxB2dozvHgRhopGfkXFzqqGaoXxCmFS3CT/kO+s2vxlRr2qV3VNQe2M8V1EJa7MO
dt609YOBKlBDr1xIyTYQc7W8upvRRr7qm6YwH6RCFRVSx62Vs353Pzb1vribwGzZ3wHVJRib2rDGqQMZbR4f5pP/61mVBWR3XKobFIgKFXHPvMs87hxrLOi2IWeLcGdcszs=
DrWaCcUQGOM+VkLQAvphXBs214V2NQrYWl65796blPQAaFWO/uUQef0lqzNwlfhJTkZiRI3tTSz5n+wfg6Ut4me56YABpw4/sz1xsxQ=
hQRBkE3K6AjuEDgP9Ld2aUu062ufJd1RyC+yNGbt6y196ldCE1ujrYUxjDP8LnOgWH4dVY8YQ0g+KAMoyPLJ0xuEL3izHw==
XdEQ629M1EckWqMFOWLfaEO9Nq4AYGmuoi1UiZm9J7P8DRw5ig6+ZLHlSTydZ6Dfzx2JcuMxFeDd78oPlyV9sxg=
ZaqUOyHraaN/GWB91iGvwc1G6wucBqo0u/5weZ7BU/nl8z5J1nFAWmw0Y7FjFLdDgv/tOaNaySUH8M/7wAedIX+zGg==
ROC1MDhUVXMKG56XbjhPdfblT6KxjR+zxD00GVJediR5lbFcdfc4X1eNIdJbgV0glT+S7//VBbNg
KxDe70v93Qn6tzIEF7koPXqHgKoMBOHyzgQzFWCIg+xzjy45PMfnJxSRx8Jp3Tez7O1s+dquDuQhhbl8TUeQ37/92bJTkYVgLY8aT6cFbbMI
BECf9axZqqQi1eeMlexyN26xrkP16mvJ3fMGee5RaGok9Cthy7Qv0xp/dak7uqH1TzCHC6jn5dEHs2I=
AkFZujLEITQqBkr7NClkj81G6wucBqo0u/5weZ7BU/nl8z5J1nFDWmw0Y7FjFLdDgv/tOaNaySUH8M/7wAedIX+zGg==
vYoA2bgYKSwhWF6OJ1kMtnqHgKoMBOHyzgQzFWCIg+xzjy45PMfnJxSRx8Jp3Tez7O1s+dmuDuQhhbl8TUeQ37/92bJTkYVgLY8aT6cFbbMI
YYYpcyETqAcXr7kceMnxLVR37LPBEPZhmQrNTO13r+dcQf/iga0vs/QdBNnh/sak6TXhnCXXKF9HbXESC2HNoOXf4i+PNXWzEA==
GbBWn97jsAxT9DCFJNKWqOr3T7+xjR+zxD00GVJediR5lbFcdfc4X1eNIdJbgV0glT+S7//VBbNg
aAM+obzhprZaMj8dzhNbnYmPygYPiaMyLQWbM0C1qIk+phLEHU0d7Mm//B+Txd2it9l5ALEHvv/j3QGzZA==
IwW+NOnRqlAcDsHcJZFREA0Na8o5qSqB7uIWH5/jJTAbhNMZZ/NNe3BFLHynjmBEMXPv+ie2VsIfPvjA/d0DniN+sx0=
cX/bYjURgMZWZFS3ryZYn1zsLjCsl70aZ36z961BGEHzwh63qJtJrxB2dozvHgRhopGfkXFzqqGaoXxCmFS3CT/kO+s2vxlRr2qV3VNQe2M8V1EJa7MO
dt609YOBKlBDr1xIyTYQc7W8upvRRr7qm6YwH6RCFRVSx62Vs353Pzb1vribwGzZ3wHVJRib2rDGqQMZbR4f5pP/61mVBWR3XKobFIgKFXHPvMs87hxrLOi2IWeLcGdcszs=
Dt34EfSiKaLB24BbIpOnHVdc7K5dPXvfrIVs6B+tTamo9wJ8pqUbdV3SR0oTU7OVpWl8ezxmw3g4ho3dD5DTMN5ws+CIOrkLO7w/cLMX
hQRBkE3K6AjuEDgP9Ld2aUu062ufJd1RyC+yNGbt6y196ldCE1ujrYUxjDP8LnOgWH4dVY8YQ0g+KAMoyPLJ0xuEL3izHw==
cX/bYjURgMZWZFS3ryZYn1zsLjCsl70aZ36z961BGEHzwh63qJtJrxB2dozvHgRhopGfkXFzqqGaoXxCmFS3CT/kO+s2vxlRr2qV3VNQe2M8V1EJa7MO
bU9hYKz1pyeBVGg69yPOfYmPygYPiaMyLQWbM0C1qIk9phLEHU0d7Mm//B+Txd2it9l5ALEHvv/j3QGzZA==
bU9hYKz1pyeBVGg69yPOfYmPygYPiaMyLQWbM0C1qIk9phLEHU0d7Mm//B+Txd2it9l5ALEHvv/j3QGzZA==
2KsSFFjtEzNOAJanyYH8kbaapbKlrIlySmnK67Fqe0+XxrbNZdmrlsEtmi2mFjYjh4f1fLMQU4Xft70UeHFMgP8q8MjZJ68mX7Jm7tdKWHxlOVNSC2qzAQ==
HlYKVohWgTY8pljdIO1ES2+R02zI8wDZ1+ABjPqrZRmJdj3Dg5PNUSMJB1/L0v6ssjY+/hDivrrlWxCZxqa2k+c3NUzTIFO1v4d9pBjBzDCfmjD4uRevFj+Cpl63+tjMBYmTYmtaszE=
gogoRwC5LXt/wl0HAyQ57aiOtx4MNoOOxn4y3J/6wWrnTpGjioweVEt+4NnOASMZ9fMuKSYxk/r8tBNR01RnI3L/3RnzmrmFt3BfmxBHrQFvswo=
pJCzLrxnl9Q+lvDrVg/hmXMe0b5aCk5qiI7+Xu1HwC2+KlbXz8sFGAuM0xF3221QII1stPcmwOyh+29ytx72ak/2uAit9SO2M3azFQ==
qZaltRZitpkUKW7+SkVVm1zsLjCsl70aZ36z961BGEHzwh63qJtJrxB2dozvHgRhopGfkXFzqqGaoX9CmFS3CT/kO+s2vxlRr2qV3VNQe2M8V1EJa7MO
g8s0IZTUDOhd0+29tLS6krW8upvRRr7qm6YwH6RCFRVSx62Vs353Pzb1vribwGzZ3wHVJRib2rDGqQMZbR4f5pP/61mVBmR3XKobFIgKFXHPvMs87hxrLOi2IWeLcGdcszs=
9gwxm6QLLp9hBn7La4mfhxs214V2NQrYWl65796blPQAaFWO/uUQef0lqzNwlfhJTUZiRI3tTSz5n+wfg6Ut4me56YABpw4/sz1xsxQ=
1ksqbw3Zkl/GP84XCD80wEu062ufJd1RyC+yNGbt6y196ldCE1ujrYUyjDP8LnOgWH4dVY8YQ0g+KAMoyPLJ0xuEL3izHw==
hDTUUSM1gUlC4+M8QjwXQAaiNye22a8XZzKh96dFVk2w1Betvs9IohB2dozvHgRhopGfkXFzqqGaoX9CmFS3CT/kO+s2vxlRr2qV3VNQe2M8V1EJa7MO
xUPvOo6bbqiAk0OknCe4y12cz7JjFlCxq2L2JxAbMT+4Fq48p95MMVqxt2Fpc7LRsoEHklAUf7lnBJN7zj+hwcfKTa2bkDOzBDe5OXOzFg==
L/XoUSiXMomhiQ99FvPyE2bnwlPJqKsSZH4bcIFOGxUGf4Lg/7x2dX5g5c8XvoivMiMQZKQgia6C7TQJOf3Hs5zNvLlpTp5k0SXpvH0ngN+v3SnyA3E14L0vao93ZV2zOA==
f5j1UM9jmI7A5WzlR5AUkCpc7K5dPXvfrIVs6B+tTamo9wJ8pqUbdV3SR0oTU7OVpWp8ezxmw3g4ho3dD5DTMN5ws+CIOrkLO7w/cLMX
9gwxm6QLLp9hBn7La4mfhxs214V2NQrYWl65796blPQAaFWO/uUQef0lqzNwlfhJTUZiRI3tTSz5n+wfg6Ut4me56YABpw4/sz1xsxQ=
1ksqbw3Zkl/GP84XCD80wEu062ufJd1RyC+yNGbt6y196ldCE1ujrYUyjDP8LnOgWH4dVY8YQ0g+KAMoyPLJ0xuEL3izHw==
hDTUUSM1gUlC4+M8QjwXQAaiNye22a8XZzKh96dFVk2w1Betvs9IohB2dozvHgRhopGfkXFzqqGaoX9CmFS3CT/kO+s2vxlRr2qV3VNQe2M8V1EJa7MO
fA8dSjCa820/5KGNH2H6TpqOkuKfJy65rYUi7D+qvYPDFGMG0BlNWQxv1t3ZnJmzcnVJNa/XHW7pyS6OSPDR7rodHGkh7c+zlN2kWUE+pqQJdYEchZcIXyctkZKroe2gxR+Cr291VbMw
h1q078TRp8LNwnb3RTM2n1+vNq4AYGmuoi1UiZm9J7P8DRw5iQ6+ZLHlSTydZ6Dfzx2JcuMxFeDd78oPlyV9sxg=
ABKmGOtk7OoW16EHJBdBypus2cPS/xqQxklDue1+38aT3ys5FaYkl1yK23QIqlWRz9wLnG78Kwzo1uHHC5AnfLMb
uYCMf7qrVYP+xKGJBCmvifblT6KxjR+zxD00GVFediR5lbFcdfc4X1eNIdJbgV0glT+S7//VBbNg
aAM+obzhprZaMj8dzhNbnYmPygYPiaMyLQWbM0C1qIk+phLEHU0d7Mm//B+Txd2it9l5ALEHvv/j3QGzZA==
GpV1X+Hq6w6/dhRY8n3RUGRM/nmKTgAZTFTRNhPzTYjtvl6Fw9mC81hlVwAXw9zpp43BS7OOR5VANqYsf570wdLRb7EBc1qB6mGM4ujUJ6lvJOvLJr8JMf+qRb3D0MsDjJdhaVuzPg==
ZaqUOyHraaN/GWB91iGvwc1G6wucBqo0u/5weZ7BU/nl8z5J1nFAWmw0Y7FjFLdDgv/tOaNaySUH8M/7wAedIX+zGg==
ROC1MDhUVXMKG56XbjhPdfblT6KxjR+zxD00GVJediR5lbFcdfc4X1eNIdJbgV0glT+S7//VBbNg
kQSPdn+s4KrZ5lajM0kHiVUq1pRwNELYH1K2qY/XhvNEL0uH+PlTcv0lqzNwlfhJTkZiRI3tTSz5n+wfg6Ut4me56YABpw4/sz1xsxQ=
/jBdF0TyKI7HZzSUnV8svWwZ3KkOCRRqjIH5XqVVx2n5NF/R04gOGAuM0xF3221QII1stPcmwOyh+29ytx72ak/2uAit9SO2M3azFQ==
wT8S7z0XB78xbA0p+cQ2mDT2+FW7pmre2fVRTaACL1wk9Cthy7Qv0xp/dak7uqH1TzCHC6jn5dEHs2I=
MLy6OZQls51sveNFG4eCq4YgOMJxdxrhIlhu8h+NTGC/inBoGUevRp8S5k6XqlicJZnT8ssKs2E=
wT8S7z0XB78xbA0p+cQ2mDT2+FW7pmre2fVRTaACL1wk9Cthy7Qv0xp/dak7uqH1TzCHC6jn5dEHs2I=
MLy6OZQls51sveNFG4eCq4YgOMJxdxrhIlhu8h+NTGC/inBoGUevRp8S5k6XqlicJZnT8ssKs2E=
A0qS0rs4t2EdTXU5jVmNO1qx+kifPJNZyHKlMnTwpCs591BZNwyE/dZyuDP8LnOgWH4dVY8YQ0g+KAMoyPLJ0xuEL3izHw==
R6/zpigNBGE2CIjjmz3szlqx+kifPJNZyHanPHTwpCs591BZNwyE/dZyuDP8LnOgWH4dVY8YQ0g+KAMoyPLJ0xuEL3izHw==
VAZbrjLvidj4ffELphRaRNqVjmQcPReX3h5wo93qrJy8fFN/x5sv7enwNDJaLaqBm0ShSpzqG98nH30sxfH4NllD/sZ5pF13aFntSrPFiZSGuLso7K2+xVx1ygxYe4C/jP4KWUhQlprt6BSSd4c08rcS9m//nnsbPSbSoyPfU2lTGgrRlwWMOM8CUJDJby9eL9oG9ofCGETVkXOKm6Kz+Q==
v6B+sqOE3b1FYB99un9eR5dW/wLJQ/Agt/t9Y47JX////zl11i4dZHk0Y7FjFLdDgv/tOaNaySUH8M/7wAedIX+zGg==
OEoQkn7vc5AvSpwBD8a5lHmRI1UqYm8UtzMIKi8e0Jq1TmkFV1TuiStPqCLV6hzzyJn8aE+VJpSZz6lZYRptQSIXetOcWVM4zRfLdjw2eqrYrleKssDIohsWSkJRbrWLtcBZNf6EFSmHeuwFLxNE6+uW2BE2c35dH/bi/SRU94l/5Htr9r/Z0W9qVV0TUDvjfFeRiauzzg==
wT8S7z0XB78xbA0p+cQ2mDT2+FW7pmre2fVRTaACL1wk9Cthy7Qv0xp/dak7uqH1TzCHC6jn5dEHs2I=
MLy6OZQls51sveNFG4eCq4YgOMJxdxrhIlhu8h+NTGC/inBoGUevRp8S5k6XqlicJZnT8ssKs2E=
xBY0NLFrvk9dnc2m5VDS5Or3T7+xjR+zxD00GVJediR5lbFcdfc9W1eMIdJbgV0glT+S7//VBbNg
4t94m9CdZQAkl5Ij+bwivYmPygYPiaMyLQWbM0C1qIk+phLEHU0d7Mm//xuTxN2it9l5ALEHvv/j3QGzZA==
DQjPnTSwRsH+V4ouGZ77rl2cz7JjFlCxq2L2JxAbMT+4Fq48p95MMVqxt2Fpc7LRsoEEklAUf7lnBJN7yzqhwMfKTa2bkDOzBDe5OXOzFg==
WLEVY1qMQLyuAQCDe1+GXHwzHmTrjZq3ZKq5rKgFQYdnHN9+8+KvTMsIVnv6YiTtj09Ltcqj/pczJSawQ1v0zF4j3L68v4k2M+1p7Qk2FJ8fu/Ryo1F+X4MJkmSgHkTkgYZq8bjLs8ca7kc4TIh3G6xnH3mqPFhCRVCz98sY6hIYb3qtzGO0IknPwn8ygY+Vy+4xscwNkxAQFg22R/cpKYnDPBqow/lTFicOS0v3yD2etLDk3eSzm0PKuguYUuc3JHnx+8Ct+5FG+0pTR1b/BHQnD60A8+yY212LhivfQeLwlPk/o+mIi+BIvRQziIHTDTn9GsjkLJdCJQRvpFMLHBWXb2XXAbBxKB55hzZgLdzY58FGAuFkxyvJyRzdOqNFDSMfTXc2kLXpXIP5DUuFmLREdSRSgxxEZ9zM4d8kGEsKheHXVEbzz6RQYRU6uo6x61Vu+SF8Bz+hYj4mWP4SZv3uAEB6xrHegBZzfref3+iTcYwk560N0gbRbUNm/+Ge8vUEM8y5tX5oaYYEtV2VzHFvA5mrlKXCP8mRwJm3tp+77Zmz/A==
EwgRa9pqLyWXJBBzYDQHtZJBHHqarhAyjZiw5DHHAQtRPvsTX6frm1ql1QnVfvn7E2mZkkp8ENy2Z16xqFfsc03d/FIdkABWrLkQtl/reEm/lbph631XmLbHln6QUApRP1WcKXoP6toWTGMS4HEyX1FvSCoNaKasZROuc/VZwOiaCpf02WdBnHi6eruw7Qa31gpby8hvWKVd3Qk6WxEmmRGYgrLn5g0zewFr1zYaotcbe0TjRBuhU1q1HCBaRLcwcdOR7tAbklb1H0atO7sKeZk51H/Awy3yLUy282WN6ufukMl5YdZhGxNKEgBzvyl9aiOyjPdE2ayT2w8tFzqiMO7fkIFu/y7XmbR3Q6UlHdXSWToac5dcRP+UGjOr5uh15k+5bSNMl/7xbe83FU19InKdu5jJqefvFxA20J+EOFfeDLX4pvHVIApjaFErl56SkWc21OuFUB5c+SmBBNnLaAU3s0bUdhI6QM4feorA8FJTdtLSOS5du83gkWVmBI15z5rUdQfT7HtzNpAhznMGbddWem2MFN95R4Szu2k5QQAnSq1te5DTc+S3WfmTs/Y=
EwgRa9pqLyWXJBBzYDQHtZJBHHqarhAyjZiw5DHHAQtRPvsTX6frm1ql1QnVfvn7E2mZkkp8ENy2Z16xqFfsc03d/FIdkABWrLkQtl/reEm/lbph631XmLbHln6QUApRP1WcKXoP6toWTGMS4HEyX1FvSCoNaKasZROuc/VZwOiaCpf02WdBnHi6eruw7Qa31gpby8hvWKVd3Qk6WxEmmRGYgrLn5g0zewFr1zYaotcbe0TjRBuhU1q1HCBaRLcwcdOR7tAbklb1H0atO7sKeZk51H/Awy3yLUy282WN6ufukMl5YdZhGxNKEgBzvyl9aiOyjPdE2ayT2w8tFzqiMO7fkIFu/y7XmbR3Q6UlHdXSWToac5dcRP+UGjOr5uh15k+5bSNMl/7xbe83FU19InKdu5jJqefvFxA20J+EOFfeDLX4pvHVIApjaFErl56SkWc21OuFUB5c+SmBBNnLaAU3s0bUdhI6QM4feorA8FJTdtLSOS5du83gkWVmBI15z5rUdQfT7HtzNpAhznMGbddWem2MFN95R4Szu2k5QQAnSq1te5DTc+S3WfmTs/Y=
Gxgk/5AT7LJ3xVJtSfmfM76kgfRChQdILSFE8ST2z7Gt0JTxPmMRwDxd2QHnbXXGvgxXxKOpRcb16E0gx3aerxlxbIcja/xLFP3H+U0T9RjxV89AlQ4iabtDyMOguwPIASH3AdcjkNkAJtSjsfMdlqsF5EYgX/Zaz9ulxgkR2s3+ysoCH2i2F1ZfnVONJ1WxLnalI0dBX0LhHExIIVeLJox/rNz+BDl0DW7RNRqj1Rx/Se1PE5hJpakpNilUpkJm54wQyyN7PNozI0sYm+tbvt25Ueur9MhysOPFtv3bNZlE9CeajijRXIbXRrD/aL8tZ3/CPIygdiyH+nuk6vOCOatNPzUHh3122NLlxsW8tzX9l/QYP8U+YCiPxThWGedR28TzmNQedH7harGWzfyg9Rk2FkIhXnVojINGbBSppUm4KIY9SbzKpc+NN4g3/zA2A9t6QG0JpIOF/DdXKXo68mMOmK+u23CPglq8yQAxEJSynxxyZqTh8jzks1VUXEuYbolL3KvFURzatQctEyePsHJXA2c8xoNYuKbNegkwEhBeUHNAiNp567tc/5Cz9w==
KGtBb4MoKG2xkCczQGvSbAlfU3p/bRBh7GPBxZjuvH64ikQemhhvPvULIohAdQ1bSyp0ZYYwEV3/PFzsM43MyfxN4muAO3fAxJH4fwulsHGur55i+hw/+tRxBrcNP6SSechy9EnjkhshmZRAZrr7LA0HdWRU6qYTxG3yH4rad7P8jwz9sW11ko9RcnEt6K5qs0b5ixfRt78CGpa/x6soW7C79Yt2xSDIDgRjmA1jfbaE+6Yu2c8aBc87ftFFafiH9KP5KkH8SlsxTT6P0mDlIbV2FaP/Gk7oR78dlTZzXjSD5A30vyszRcP69pgSb/xZup8aL7Xkq+vRpel9jokWYkd3CBwTJGabf6a8ndo/lbV37GNGnb0zXyFNSUquTdcgPQmzNztgCjjLxOz/orxZoPIR4VgmszT53xfqOk03Gizf5YTGMEnVKVAZHwA5x58eANZmgqyeQ5K+wMS6DyY+ak2OiePhEK0NssTZ0TMquK3Ts9iDX2ZMibrz8sWLhlYVuPSLIas0zxO9eRXoGzqBtS8wJ8uIZ4WRp7PC
qTDNZzg/LrKFb+xL+8IwR48Ljcr8eP8VGAA0xc8qFOkoYfGdlJy7/BAFERmZxW8WKwH9dHPe3r2tWLCjzqgv/F7bc3fQ0pvLCSK5X1PLh0WMy2hoIBkxRfHU8xvgLBCZSihHNfGc6QfW7wZ0roiPzurFflGpqc1R+TO2KGEJN0ejcKmy2NKBgUdEtIGIli7ipebloKUPGpW53qfXaaWj3nVXoUfi8zQwzsSfsvTBM13giJut/2JbHXe8xWcVQVtytMB4zdGs3Y15e/yKg1DeTs1O7pmyCn/eU28/YcZWvGbKXg8UL/4K5Y4bU/Nbv5chIaTw3NE8hcobt2XJMDJPw8JSYCFRovbPKzPjOtfSBPjo7AmkxazNysw3waiSqJEYSZqE7ZK2dD8p68AWYjdZmhb3ZwOD8vcJHDQbBT7qnY/YMU3SI00JLHYQ23A8Zf69bJ3qFEhzgIf81uqBGBhWYl2AtArnD7RKR7qWNy9WO2MNzvK7M9dTUSMy6gnHTUzAf2rwCFngqebecmauVwpYPOV5U5KLqrPB
ol37Yb/3Sa0gxTlGmKhRkwaiNye22bkWaz7n8bBeSEzz1xGyvs8E71Y8cozvHgRhopGfkXFzqqGaoXxCmFS3CT/kO+s3uRlQr2qV3VNQe2M8V1EJa7MO
9+wMq7VB7d9FaZBdCJfTgPPbNl+o4SUAhgebFO7UHgOjWRYRUsOlgaNqX1sWEZbsyxSknZ9FHfFIz3JUZs2rjf2Kl2ITe2PNBZHME/xOs0DY3t00j/gC6L5IQ8jI0glzm2RvWLM/
xQtIPymlkOTEIO5r1QVFSwaiNye22bkWaz7n8bBeSEzz1xGyvs8E71Y8cozvHgRhopGfkXFzqqGaoXxCmFS3CT/kO+syvhlQr2qV3VNQe2M8V1EJa7MO
IXZgLEyvA6Icmf6HJf3S6HeFs7KnqJB9MYWTfdklFSTaH0BXXjieqq2ik0RIVB7qEvFWb3Zr3JQYWC1OJnWombV1QzMYRTAp9tY6BHXdVcwx70CY6xPlwn9J0cDZN3afe21Zszw=
u5cwxteZcEWTl1oDCMBw2RjBkKViEgS9v3CwOhtPfH/+XKo8p95MMVqxt2Fpc7LRsoEEklAUf7lnBJN7zzqhxcfKTa2bkDOzBDe5OXOzFg==
ldZ8PqsNijmUZ94roXrEiHeFs7KnqJB9MYWTfdklFSTaH0BXXjieqq2ik0RIVB7qEvFWb3Zr3JQYWC1OJnWombV1QzMYRTAp9tY6BHXdVcwx70qa6xHlwn9J0cDZN3afe21Zszw=
36NfmOdtuizO1yHF/Xx4yRs214V2NQrYWl65796blPQAaFWO/uUQef0lqzNwlfhJTkZiRI3tTSz5n+wZg6Et4me56YABpw4/sz1xsxQ=
SdX/erO2ruyYYAZbfCfTDUu062ufJd1RyC+yNGbt6y196ldCE1ujrYUxjDP8LnOgWH4dW4kYR0g+KAMoyPLJ0xuEL3izHw==
yM7L5pgJ9tDCd+JPil9Y6FYz56MOHPtAkvCGqam7lxt8UWHkofPnJ2IoA0boRn8wMYX69XZedtu379VkoxhTva+fXU8ouYz4T8JQUEmsKp6qGgY2BwIYhFVRc0obYrM5
nza0FKNfShHOjcwhgNnJls1G6wucBqo0u/5weZ7BU/nl8z5J1nFAWmw0Y7FjFLdDh/ntPKNaySUH8M/7wAedIX+zGg==
/n/1RLcSuv7SI3sM7oTkjW6xrkP16mvJ3fMGee5RaGok9Cthy7Qv0xt/daM7uqH1TzCHC6jn5dEHs2I=
RahumNJAwBG1SyDEpSwQADT2+FW7pmre2fVRTaACL1wk9Cthy7Qv0xp/daM7uqH1TzCHC6jn5dEHs2I=
/j9ryn2IG4e5ExqLIb9L2IYgOMJxdxrhIlhu8h+NTGC/inBoGUevRpUS5k6XqlicJZnT8ssKs2E=
A32/DlKgZW4zQWJGNXQlM8YhfYpiYU7nI2UnvF6QTGC/inBoGUWuRpUS5k6XqlicJZnT8ssKs2E=
wFzSPEjohzuTqFDC4WtXSg3T1mdvm80D+u3OY6v5twjmPOwEV/aAPMELboLdzra670Y4uA2l4+bTBrNl
m6zA3IJDAwu0nV9SM0kyywyev4sfNCDAgnhUosFWOgRWHDmPmMD5Y1az3tSSGU6P8z2HNO4oDEivkhCgabwqrsTKxkankpg0tQEzujtyswk=
WL89zErnZtPRQkyPPGP9LNzjHk0a5DX3U9sZe+/Zao3OmYkBZENv8besmpYYRSOmnzh2pLPA72HkDBl3Xk/ukEq1zjsbYdfQ1iQsnOcu4CTxUuja7NbWYl/e+KA9fYN+Y16zPQ==
j0KXO8WKhNUNcI7de4YzyWkAxr8OXA98z4/xDOMIz2n0JFnfzsdOWBqdzhNLqXdYRoxstPcmwOyh/29yvB72ak/2uAit9SO2M3azFQ==
ObG5QUDpJgFcVlmRChZf/uYoJypVIXMbPNIDQc60xFJVJLIuernisx3wWwRVnbVMUS9lnwteRULfCTHA+ffWH5stebMc
TWyYOfQrSHTJ4gIn5YaxnNBmEjACiCrNLD09FuqtDGHOuVi7xQlLDReR+dHfkAIrK3QXQ+pF/k0NihyysS3k9glpMm0GRh7/jvXHM692Mr6c4musaJKF90k0WaWOpJvkqP4Rn6tod1SzMw==
PdxEiEyJ7ZFg8cPoSCmiGdBmEjACiCrNLD09FuqtDGHOuVi7xQlLDReR+tHfkAIrK3QXQ+pF/k0NihyysS3k9glpMm0GRh7/jvXHM692Mr6c4musaJKF+kg0WaWOpJvkqP4Rn6tod1SzMw==
ilaLiBpoaUQBP0bon1CfUNBmEjACiCrNLD09FuqtDGHOuVi7xQlLDReR+9HfkAIrK3QXQ+pF/k0NihyysS3k9glpMm0GRh7/jvXHM692Mr6c4musaJKF90g0WaWOpJvkqP4Rn6tod1SzMw==
/0stj8sQWl+ZoblHtt/ZAYurxIbR9VSeyUFCtaY+zteO3RdLD65CllyK23QIqlWSz9wJnW78Kwzo1uHHC5AnfLMb
dJ5h/eRVmOVB8alOcU8bFIsBo0CMC7Ni8v9wf43JGOj07jx1pGtLPG00Y7FjFLdDgvrtOqJaySUH8M/7wAedIX+zGg==
BzoXqJqicOS7QCr4lIruvIsBo0CMC7Ni8v9wf43JGOj07jx1pGtLPG00Y7FjFLdDh/ntOqJaySUH8M/7wAedIX+zGg==
Hn/lkTau5AedVICZNlpQFhFNONTT1+GXLqcWOhaflAdhWYRgcG64/Tj7J8QJ1Adpz6QLC0S4KXJeKiV9I9Drw+wXgSl7sx4=
SsIiTfZoj4RwlfMtuUtUPxJNONTT1+GXLqcWOhaflAdhWYRgcG64/Tj7J8QJ1Adpz6QLC0G/KXJeKiV9I9Drw+wXgSl7sx4=
8gjKI/KIENsIQTSfZ65aABJNONfT1+GXLqcWOhaflAdhWYRgcG64/Tj7J8QJ1Adpz6QLC0m+KXJeKiV9I9Drw+wXgSl7sx4=
yearvtTPrc40a133fLU24JSWBFeF3b4vjiVno29GEk4cUovcqALlKktkuzXOVPtUKI4xr+v41wSzYw==
su7uNh9aJsFzACL8YVT5eTT2+FW7pmre2fVRTaACL1wk9Cthy7Qv0xl7dak6uqH1TzCHC6jn5dEHs2I=
OLpbq9pi2Y7/NQ7aBZhVV4YgOMJxdxrhIlhu8h+NTGC/inBoGUSrRp8T5k6XqlicJZnT8ssKs2E=
62aIs2taUe6CRwh83MHTIjT2+FW7pmre2fVRTaACL1wk9Cthy7Qv0xV7dak6uqH1TzCHC6jn5dEHs2I=
lCMKReLaW7ORGIkzEZ7xkoYgOMJxdxrhIlhu8h+NTGC/inBoGUirRp8T5k6XqlicJZnT8ssKs2E=
d/J19Qng303uU85m/uqJCbdYHG2maDVWLZ/aXD+O3IplyiwYMmOEC7XmhRcovUGrRcNcd0i1NG7K/9Eb19I1G9xYGWk7qxbDNXSmWRwISaui7Vieu2vPDeNbhApkh9Au7YxadRgXbVC4uirUN8fE96Wf/CawoJkkz39xuXubzSvpBsKOk3Jg006niPNyJkS1AE3o6ELj5A6G2BmOzJhLKZQgs+Se9bOgS7mpYCrJ/1GTW3fMgiv7G9y6eyRI2jUGykzrba4sizxopoGXSyAH7LOL
7v4lqbYseK9c/4pmrQeMo2IaPKz68U6+s7uPQiaMhHKxbcWgqfs1rTwRZRjZ5zSsguoQLFbe14n3HK5p6Gc60Qzz4HL1AwO1YtElArpjFAZNqaLrVJSjVdt/0034EEzpNAyNanZf4ElZguiM9q7/CYA1ZdkwbOhezZY/Kc1jEzVpSUmgrmQr7JRB3lEUSfqowDeAy2Ri2l1w/DZO5RRkdi+LdEYfTuYrB/KbD/WaYoc7E9OdOwZaVS8prGxHfqD0EeTqagcHljL/LnjQna1DLgPus40=
r1FSbaxb1gGdg5nqY8JuoMrmgzagdknn82RFyFPR0nlDamTtXZXa9uENv3+wlUppGbO3/vFDXMH8JAsx9klCo2NzxWv2jz6YSK2NPN6Qhc8oImzaET/uUfZr0g6d2BqmvX39yMqM4sP7QCOQM1tqYpQFPp7JFAVnf2eWGw6n5huYmddw0WcnLhgWHlK0vusCdsAMKqcGJro1TpHTWbBFfXpEEeEbysBdy3Ng00cGpBly87pV42ZOxQC0k1FTVOcj9fpdGXKaOYU3cN+bkEctAe+zig==
yDckdLLbQkkSy9xykCNCk8rmgzagdknn82RFyFPR0nlDamTtXZXa8OENv3+2lUppGbO3/vFDXMH8JAsx2l5Cqn990mv2jz6YSK2NPN6Qhc8oImzaET/uUfZr0g6d2BqmvX39yMqM4sP7QCOQM1tqYpQFPp7JFAVnf2eWGw6n5huYmddw0WcnLhgWHlK0vusCdsAMKqcGJro1TpHTWbBFfXpEEeEbysBdy3Ng00cGpBly87pV42ZOxQC0k1FTVOcj9fpdGXKaOYU3cN+bkEctAe+zig==
w6St9Zi+Ev4mQwSTMIgSCjK9RxRvrFaG7XR3n9Pu9lu9kKUG6whEW3GKfr2nohbG2HpYcOSbcXgtV75MyxDdhCSlTxjhR5CXCPRenZsw6IiDwy4iatYXJ9hd4FvEYqvAfIqbHdvkrFTUry1wdVwFA6wu0sV40g9Ms6sp10B3uH+Atz75cdy3/5FCjqaI3gImbY7wQIqmIZ6QNqP+B7/vKCPR3CS3TX0SdjEdwzYf8V5iVTQz/BklPngJVoRFPWWMgQ/Tmns1FIIP6SFAyZemXysN6bOM
1wgSdq4O8LcTv7leXPQjrMrmgzagdknn82RFyFPR0nlDamTtXZXa8OENv3+2lUppGbO3/vFDXMH8JAsx9klCvX5yz2v2jz6YSK2NPN6Qhc8oImzaET/uUfZr0g6d2BqmvX39yMqM4sP7QCOQM1tqYpQFPp7JFAVnf2eWGw6n5huYmddw0WcnLhgWHlK0vusCdsAMKqcGJro1TpHTWbBFfXpEEeEbysBdy3Ng00cGpBly87pV42ZOxQC0k1FTVOcj9fpdGXKaOYU3cN+bkEctAe+zig==
uM9B//Ybwyphia5ALgHalzK9RxRvrFaG7XR3n9Pu9lu9kKUG6whEXXGKfr2hohbG2HpYcOSbcXgtV75M2hbfkSCxTxjhR5CXCPRenZsw6IiDwy4iatYXJ9hd4FvEYqvAfIqbHdvkrFTUry1wdVwFA6wu0sV40g9Ms6sp10B3uH+Atz75cdy3/5FCjqaI3gImbY7wQIqmIZ6QNqP+B7/vKCPR3CS3TX0SdjEdwzYf8V5iVTQz/BklPngJVoRFPWWMgQ/Tmns1FIIP6SFAyZemXysN6bOM
S1blOAO3CwGqByKM51rlnLdYHG2maDVWLZ/aXD+O3IplyiwYMmOEDaS+3Qc+thX0QsBJXg7Wcyzdp8Zb0+AyDclFGWk7qxbDNXSmWRwISaui7Vieu2vPDeNbhApkh9Au7YxadRgXbVC4uirUN8fE96Wf/CawoJkkz39xuXubzSvpBsKOk3Jg006niPNyJkS1AE3o6ELj5A6G2BmOzJhLKZQgs+Se9bOgS7mpYCrJ/1GTW3fMgiv7G9y6eyRI2jUGykzrba4sizxopoGXSyAH7LOL
WzxjpiuF4rApT629TCD+aLdYHG2maDVWLZ/aXD+O3IplyiwYMmOEDaS+3Qc+thX0QsBJXg7Wcyzdp8Zb2vM4EMlHGWk7qxbDNXSmWRwISaui7Vieu2vPDeNbhApkh9Au7YxadRgXbVC4uirUN8fE96Wf/CawoJkkz39xuXubzSvpBsKOk3Jg006niPNyJkS1AE3o6ELj5A6G2BmOzJhLKZQgs+Se9bOgS7mpYCrJ/1GTW3fMgiv7G9y6eyRI2jUGykzrba4sizxopoGXSyAH7LOL
kVPDiE4OJcBC2bH1dAYHvE2ep+gLeibegHJ+9kme/PYEjx0HkOxTsxNPEWGCPMW+9Syj0x9H1sOJ8HNVnOVFGVKcYGHAub65rTfz6Uo1BS5CdwT6Ra2i50xgk0kzW7OhwESc1XzITSau65CV8eZIII46b3UIseVVqBhYwqUy30V1t0OJoQ0JbPZQ27C8pf597F3qVMgzgMd8lupBmNhWot1AtEpnT7QKx/qW96+WO6ONDvL7s5dTEaNy6slHjUwA/6rwSNmgqqZfM2Zu18pY/GW5U9IL6rOB
GbF/hchpotbcNp4N4rXcAur3T7+xjR+zxD00GVFediR5lbFcdfc3WVeKINJbgV0glT+S7//VBbNg
Atbw8L22kuhUddTeUu4BUWwZ3KkOCRRqjIH5XqVVx2n5NF/R04gOGAuM0xF3221QII1stPcmwOyh+mhysB/2ak/2uAit9SO2M3azFQ==
VU4+SpFMxKtXbVv4d+xU3ImPygYPiaMyLQWbM0C1qIk9phLEHU0d7Mm//B+Twtyit9l5ALEHvv/j3QGzZA==
nJGAOkKozZdmKS+vbONqN0soOm4CJzs8Gf/Jo1FWNvDrqatUIajFPB4qP4vy9wpohvHTMQ02796Txxtx9S60Lxxyy3wo4qUMS0R/VU70O3QobnFPa1gXZLMD
a/eggpQU5o+rq+GnsmZ5fzT2+FW7pmre2fVRTaACL1wk9Cthy7Qv0xp/daw6uqH1TzCHC6jn5dEHs2I=
fYQU0fadXimd0wNt23aj4IYgOMJxdxrhIlhu8h+NTGC/inBoGUevRpoT5k6XqlicJZnT8ssKs2E=
nayM3HSCi2GcQdbu4p/p5+r3T7+xjR+zxD00GVJediR5lbFcdfc9XleIINJbgV0glT+S7//VBbNg
TPuUcTFUA2BtFM1eqPbbRImPygYPiaMyLQWbM0C1qIk+phLEHU0d7Mm//h6TwNyit9l5ALEHvv/j3QGzZA==
/VFNXKBrV6d7b1LtfLWKMmRM/nmKTgAZTFTRNhPzTYjtvl6Fw9mC81hlVwAXw9zpp43BS7OOR5VANqYsf570wdLRb7EBc1qB6mGM4ujUJ6lvJOvLIboJO/6qRb3D0MsDjJdhaVuzPg==
eCTz/j0xUWVkSd+N9XwzOE4UZ4GJmr/VILYGbF+elAFyUc9xYXO6wUrhLKII1Adpz6QLC0S6KXteKiV9I9Drw+wXgSl7sx4=
hNFB2hI9ReL8RARoEMHCec1G6wucBqo0u/5weZ7BU/nl8z5J1nFAWmw0Y7FjFLdDh/ntM6JaySUH8M/7wAedIX+zGg==
n5nwcSWcu7extrKhAwkzGzT2+FW7pmre2fVRTaACL1wk9Cthy7Qv0xl5daM6uqH1TzCHC6jn5dEHs2I=
49rnAMIYtju9Z/tE9zwzFYYgOMJxdxrhIlhu8h+NTGC/inBoGUSpRpUT5k6XqlicJZnT8ssKs2E=
/zwDIRX0z8IHXA3DdN2NZmRM/nmKTgAZTFTRNhPzTYjtvl6Fw9mC81hlVwAXw9zpp43BS7OOR5VANqYsf570wdLRb7EBc1qB6mGP4ujUJ6lvJOvLJrkJO/6qRb3D0MsDjJdhaVuzPg==
txVp8dZQczXdaWLI5dAKoZqOkuKfJy65rYUi7D+qvYPDFGMG0BlNWQxv1t3ZnJmzcnVJNa/XHW7pyS6OSPDR7rodHGkh7c+zlN2kWUE+pqQJdYEchZcIWCcnkJKroe2gxR+Cr291VbMw
aOEfkLSn8dq1E5LHjXGPHiZnywPLuM616urLYwky0ZGJiUg7abnQEKeDv1OEcUqZ3rrWRy97RegrnNMBVyst4MAd7CSXlgCcge5rYpxvNtovZjiYTUVjRhNmswU=
HDW2cx1PrdgZVeht3+q0tV2cz7JjFlCxq2L2JxAbMT+4Fq48p95MMVqxt2Fpc7LRsoEHklAUf7lnBJN7yjqhxcHKTa2bkDOzBDe5OXOzFg==
mZ0ULs3CedeZQ4wSkhI6WnWFoejh8sFzNIONY948FzXIXxEVGDbL/v+lzUZUWRTlU/FMb3Zr3JQYWC1OJnWombV1QzMYRTAp9dY6BHXdVcwx70qZ6xHjwn9J0cDZN3afe21Zszw=
lzN9s8INqy3iZOSurw3LNhs214V2NQrYWl65796blPQAaFWO/uUQef0lqzNwlfhJTUZiRI3tTSz5n+0Yg6Er4me56YABpw4/sz1xsxQ=
1TgZh20Ek1UFVUUYz4bNS0u062ufJd1RyC+yNGbt6y196ldCE1ujrYUyjDP8LnOgWH4dWogYR04+KAMoyPLJ0xuEL3izHw==
X+y0BJqHwWxyYaOVSRKjjyZnywPLuM616urLYwky0ZGJiUg7abnQEKeDv1OEcUqZ3rrWRy97RegrnNMBVyst4MAd7CSXlgCcgehvYpNoNtovZjiYTUVjRhNmswU=
5N+IMP0WcxSLg/68k8mXJQaiNye22a8XZzKh96dFVk2w1Betvs9IohB2dozvHgRhopGfkXFzqqGaoX9CmFS3CT/kO+szuhlUqWqV3VNQe2M8V1EJa7MO
oSyLz8zW6FMpa3S1yUz4y5YjUjBVyHOUb3l6VKyyTjiapAXrhloYEk3R54yO0F9gNihLDOceqxgaxgW9sWG5sQdhNXQEPTH/gOncCOEtcLec4musaJKF/ko0UKKOpJvkqP4Rn6tod1SzMw==
9LEGa4MjJiNXQS6akql870PwFCK2HidrHGo7otkbrkjXDL506A1HqobC/Uz6BAx6QW1h65+f93njn0kxeqihNChlPVdO7qNa6l+OQepkaVWAGA8X73WXKhuNxI/sP1o5VdSbTy36SoaMht62gcYUQG7uzQ5MbqfewwdTmA/Z+OTTxRHiCslZI7LHrU5OnZCzWFEJLqRR0uSBRZn8bYc32l82PzKzUWVgzU/6z0fFjbPo
RYvBAfeYoNjfJ5WKcCXnYeuVyhEixB0pIYjKdA04oheYi6/iwhF0bLhhvpH63tP4FwwtYgFEOSjV0QJMROerdJsNrGYS3Yn/ldE+lDW/BnYL3GdiMhyLxYvnNVcpejryYw6Yr67bcI+CWrzJADEQlLKfHHJmpOHyPOSzVVRcS5huiUvcq8VRHNq1By0TJ4+wclcDZzzGg1i4ps16CjAYFl5Qc0CI2nnru1z/kLP3
upBYGFxJpVYhrrOVJASQ82u4j8XBtZciWOgPK3cwT4GB4DrsjaDS/zgjf5oCKSSE2EmOifrG49B35H1awTzpgHU5ctTEf1scO6X8nlLlWZd1+Q6MNac2Xuu0t1py5NttK4/Fz6niShrDpkjXbuMgZ+JyjNEAKSC80ndMSqbcMVqcDMPN1MS78M4hGyTr/YF0Op03NRM/v5iSP9NffD7T8BjOPeOKqGj+/vijOEjiKQPbdM+Is+8=
D2yT0BZpcqUr+qrlmTgB0u+CInrOHJPBDkjpuuJWT+MFe+nGHs6tzi6VIBVLiBLXKJ7QT4qL+sj/2k/yaaixIsW6XV+WtiRRZzZjU4hMAtuVzb2/ys71aWqUk2Lj6MK6NxfDKWFtCQw28FsQ/EX+naz9avQIU4CnvDZq4dg4VkKd4DTqpy+0agdaFlfvdjtDza5yW3P3U3Fj0mppB21M4L8KcOgZwarGlJTmzpcqWBwlGdNyy4qz4Q==
YSfaUMFsCTlc3j1kkXezoxBtz1qtzwSm8gMJbq5WLUa+LYB9u9DSH3hmsGe6k/rA7+JvGhlw8WoVwr33Ji6k2feOwzt4FMITxTXdl/rW9WF6rLOKkzCC8udvI4HR9YmEpkj7eAwdPlX8BQrcOEuAr6wOSgmo4BYKTZjUQhe3NOKX4rY/Hy77i51WEnND71N5c+pKgXe1DKhvcpBAqVkqTgQsRqZncpjUdeGzWvuSs+k=
hFDT7KQkTKaL//fLEO59RAj5HiXmCiJwBXxo5cMAuV3XDL506A1HqobC/Uz6BAx6QW1h65+f93njn0kxeqihNChlPVdO7qNa6l+OQepkaVWAGA8X73WXKhuNxI/sP1o5VdSbTy36SoaMht62gcYUQG7uzQ5MbqfewwdTmA/Z+OTTxRHiCslZI7LHrU5OnZCzWFEJLqRR0uSBRZn8bYc22l82PzKzUWVgzU/6z0fFjbPo
1UlcJEcXzTwFVI4I5PrV6xBt0lar3R+vwgMJbq5WLUa+LYB9u9DSH3hmsGe6k/rA7+JvGhlw8WoVwr33Ji6k2feOwzt4FMITxTXdl/rW9WF6rLOKkzCC8udvI4HR9YmEpkj7eAwdPlX8BQrcOEuAr6wOSgmo4BYKTZjUQhe3NOKX4rY/Hy77i51WEnND71N5c+pKgXe1DKhvcpBAqVkqTgQsRqZncpjUdeGzWvuSs+k=
TazCkR7rt7a3A7Sh3AyBc3tTdv7YLA5UWTpKjKlCitsD0TUtMazioE3sCrMIDyd2YsU8qOhFloX6yvvcR8hltqHQsaxFdaqYBDODUIsJpHIyCcE7xXWWALUrrtJbGC+2EgiDwZvDHYNprpJW84oQOw4POEvSfpTdACU4sOJbVKbGMGl2rEAbgRSIY7x+jUPIixEZ2IoRr7mTsycUIpNLsxzSi1yoguWvSuSwss7U+9QoDjEv63jXhLPj
ZgKuZ1Lf2sREx15tU23MLFSAA2fZ/xAzN3u4RLqvuTpWCu2C9uHQSWOsMjtQisBzgo/6xOfuf+4BTNEO/e6NI17y5J0/whOPIOiit21ZLQNCSnXl8iAj/guMIhaPw5PVKalJQO6Eq0zUYd5x1Ol6yABXgKukAlr9sNw2bqW05JZva3SmX65mi0fSmy81OuLn+3PT/ftm2vXvCaxMB94gFFEF6opM4BaSvw548F0Nw07DjrPt
s26rQSxRFlSLirC/8YiTq1WJHnDf/FkhZ3WkTr/ujXRaEOWX9uHQSWOsMjtQisBzgo/6xOfuf+4BTNEO/e6NI17y5J0/whOPIOiit21ZLQNCSnXl8iAj/guMIhaPw5PVKalJQO6Eq0zUYd5x1Ol6yABXgKukAlr9sNw2bqW05JZva3SmX65mi0fSmy81OuLn+3PT/ftm2vXvCaxMB94gFFEF6opM4BaSvw548F0Nw07DjrPt
JVvBGPllvkHmV269MhagyNG70I+EsA6KxURPr7Y22NeMyQs5SvgaglyK23QIqlWXytwAmm78Kwzo1uHHC5AnfLMb
YOCGImmnrooOyQBMya5bPjT2+FW7pmre2fVRTaACL1wk9Cthy7Qv0xx6daI9uqH1TzCHC6jn5dEHs2I=
fGXKrs6e1GSgf09LVkqNl4YgOMJxdxrhIlhu8h+NTGC/inBoGUGqRpQU5k6XqlicJZnT8ssKs2E=
XA6ZwKr0vyHJXiOokVjTtjT2+FW7pmre2fVRTaACL1wk9Cthy7Qv0x15da48uqH1TzCHC6jn5dEHs2I=
g3nk+FmFq1AI2BsiEAvpZIYgOMJxdxrhIlhu8h+NTGC/inBoGUCpRpgV5k6XqlicJZnT8ssKs2E=
Tm8Oa+f/o1NzT+Xf+2DuSWwZ3KkOCRRqjIH5XqVVx2n5NF/R04gTGAuM0xF3221TII1stPcmwOyh/W9ytRz2ZU/2uAit9SO2M3azFQ==
DymQK0hHRrUS2xhTMVkmMjT2+FW7pmre2fVRTaACL1wk9Cthy7Qv0xt5dao4uq71TzCHC6jn5dEHs2I=
yntYQgQoBGQUmVdQT8p9j4YgOMJxdxrhIlhu8h+NTGC/inBoGUapRpwR5kGXqlicJZnT8ssKs2E=
cqfjhS0XPDgdIfo0WmEQx7X8rfSWZVDxZAJEtDM55JJlOSfJza/342zFu/eD09NFyZlJcA4U61z0kV4B9Pm6WGBngJvEkprtkKy2noWkpAaPW3SWvz4mm2ciG18VKiJ3m0PTzZv2GuXPeSy8J85ghLEw6bqhdVaNn/74gH0dA96jvrPd
