mCMPDf3wTXBoKwDPc96m1R9GJHh2F5kmV8k8R6ClqaxTYTUbZwMXW5VqKDtrx8hMXLka0SVraQ/0AseVito+cds1fvkxXHf/UcJOpsheQiYtDjBASiZhntC24/7HPy8o41GcJPfNPRK2sd3D9p+xXiLVdDM8meU+uIkWhAW9JYxBjxGfu7JUgk1oYUsKF2Zf6425rsw=
8E6ZZr69esOtoqXP8D3AeWywosA5spTupLWepvyLBrVFr/jzHIGNCwwFXIFlf2QzFpoik8aJ0N84p8Z5SczPH7kSBuaAbmrGNT4oQFIWeX74hqu+j+/HyFvB5KRPXcWyHuGVgz5vWX46pWwzJGn9HtD5XkTNbY0sOR+pH0Mi7OIlOKmLwidOP/O9oa7U
E2Vyrq4sbAdz4Ge++KyMj3z2i6wX3pP5OBPeACfmhs6+Q+gNPC6vZESQjOrQO8M/R2tMUz+5hJGEJMKddRaQ0rJDRoFRaW7TRgOi/bPzsnnjQlkDWsuo5hxj+PVuJ4bb+Jn3sHHnh244Fj4SVD4LQpbA7GpHhsb6FU6xk/kw5b1aRHEhe0qgnatzABPnhgTZUvOaFUPm7oXgtHMRs9QHYxf/fV7SGptEF3v8W/DHTcGfruo=
IzVxo0wlsI9CXBFd2rAKnPqWmuTT9mkpU7qcfoHrixGDigcd87ikQFU7R1/EYVsbeycDmQFdCTxWQJsgnPV+LczNqkRoY4CX3Iaq0biI1vL90PRaxx+0Wmfq1mePxrvzrZ6y6xPHU0EDYqpZZ93MUN86sFh58q/2+CMm/Paa069FKRPCq6qu0Q==
9Xk75GsbIA+TH8M8YC9405jw07PMFvHARb/JKCwcAJbS56n5q0OgU4mfqy1bTtexWy0k3O2ft5MMVTtnYyMTdemJSWAuJCusFAHekZSJ+mhAd4CL5KLanfA8Ng5lVGQ2r0t0hp8O5muHspvPdVpiR7tT0927xlqVr+msLMc+oLSRJu+qgEeWcH5ucxMdbUPug76uzQ==
NfX52x7oCS0g65QUcqvPcZjw07PMFvHARb/JKCwcAJbS9qH3rUyhAYmfqy1bTtexWyIk3O2ft5MMVTtnYyMTdemJSWAuJCusFAHekZSJ+mhAd4CL5KLanfA8Ng5lVGQ2r0t0hp8O5muHspvPdVpiR7tT0927xlqVr+msLMc+oLSRJu+qgEeWcH5ucxMdbUPug76uzQ==
tjzS4HSECCXwLuhDFKMNpkpsm8k0MnPJcaIVEOoT2BPEWFZyRVMAKt+951Oy3wXi6a/rKRNU86kU6RbrUmOWJc8jHhF2xM/r9ptUviiD7M1yV6rzjFlD2J1XG5astspKaO5naoLA+EIrVvqi4e4la2WACdXuhAUJVzq8pb+TNEsb1qgxxnMOfe82kl3U1GcpryQrS+O/yba+qgc8g9uIg8yXoemLrv4=
FTTT6wJMe5db7cAb3M1d8T95bBOHbXvHNGeljpyd+xJWXydBmJmqE2YDgj3Tc1K5i0W7QzpLSKY8Y9i1zqcmm9iZl/CRZ+eu2BZe0vS+q4K2wMyq5wZmOnVOUVOZsAX9OkRRYdvKAN2LcyBTBwZkmbLz+tWjZo5FwLRT0RNUp6M3/52espp7BHd7HBtQR+2Bv67K
6covBpwdHC8EPVcA3/VAMmyHJpfKFiHxjv+ivcox0SiW6o91+vC6rg5vKmoqLlXpWdfrZYum99lLIyXU/feXe9wdey+zy7MdeQHJ6L5Mi0TESZ7ZRGHaAFB/gIP0yvp1IHR2RrW8xF4/w/QOD2ZGg1f624elskIvq1vT1auuen1/oexkF9YA3AGubyIQLzaYriYzW82FY4aTtq7F
+gFRrm7qOE4D9b3IZEmPkOTgigXp/llP7ywEFCsoNoCE1tMnDd+9zfsbh7Qf/x9q5RohVe/tWOfLsd95e9tNa+nGQk6TMuCTTucIM3LmxPUADWgoQiNkToaYmc7MWMvplGAzpJ41M2BLeSkgKol/kZOb94yCa3vb3Hr75EiatUTPjGytrm4KfGPlAVdL4Ie8rss=
EneXA4uMrXCqsh3mOF/k3F9VLmJvGJh1TcA9R7Swo5ZTP3p0AW1+QZx/MDNU8eUrFPVOhX0PfBP+aurTjtl4f8A3fvkxXHf/UcJOpsheQiYtDjBASiZhntC24/7HPy8o41GcJPfNPRK2sd3D9p+xXiLVdDM8meU+uIkWhAW9JYxBjxGfu7JUgk1oYUsKF2Zf6425rsw=
aeloVi2sxop8/qEvIxez/baxfxARuJ6E5dGShGdro0Muw0rN+1NKyZpHo7Mia2DWdCMQZSYHngugGS9gaYdP/pBWFuIcXrOyrsDUmv/mjgo9DhkDMVD9bYLEKfFjaugNQzNoIy8mfGmq8+Klu0amtQh0G4F79B8zz38lDsr609S/u9QrOCf1saeu0g==
36DyVyqXTCGVhGPyR+eVcz9jYB6FLDKPK3D8g9DCpEBURmZBmJmqE2YDgj3Tc1K5ikS7QzpLSKY8Y9i1zqcmm9iZl/CRZ+eu2BZe0vS+q4K2wMyq5wZmOnVOUVOZsAX9OkRRYdvKAN2LcyBTBwZkmbLz+tWjZo5FwLRT0RNUp6M3/52espp7BHd7HBtQR+2Bv67K
MJbfbdga6QYaZb5FBUy1ATrYiZjU2JM5P43TyykYda+hG8u5SgF9geJvs558MI1c/ekntgosx1PFUd/ZGW/Zo8jv2GbIKo944nLez1M+OSpTns8zmHoYgwtVPPlSqumSbgduDXWTJuMi4HJryC7gwRMQqilx80u5k3JnFUPhpSeFA+eXtPkbM+tf4xExhYnUBvi7aGztvoXcNcpM2DuA/wy+ChnIEJbabagU0vfHNLI3UvYvf957W71m0uOjn1Mp01oKkRdFjHhPQlDQSSovHqibBrQGghMHVdFzyhvyrrk=
L0iNHA+r7DaUXe2tRbD9lSHb59MvV2iTwRoq4AbqoLVNgyRBt6IQ4w1BR27aZIer9Tn/wQln2Zu4xzg+mOJPAFKaflfDtrmSozav60gyWHs7PRzhQqLpqh4vjlUlW+abkgjS81imYHnjuMrxobsLQaMaRw1T7qMf9SsHz+Qx20tbt0OJoQ0JbPZQ27C8pf597F3qVMgzgMd8lupBmNhWot1AtEpnT7QKx/qW96+WO6ONDvL7s5dTEaNy6slHjUwA/6rwSNmir6ZYM2Zs1spT/2W5U9IL+q6B
8BbvszRJ83AeQgu4yU+5w6csX9Ti+wWnX/QmLwr+hW/0d5Rt55Grlc+U+1hHI8pIbKAOGwqvwPhAaycuYrutlbvDFzx/N+9S4y3RnY9lyD+L6c9xW5P9k2m+8oazOvBLjr+Yu5KutM0ANRhgoqv0FkZAicbskHuRFJiD7L49IzgLobmoSkGPqZOjB0Ti4+sDnCLr7GjSBbxP9NxljmYapKO9kd+rqPeErvM=
PfJvzu1FGUNyUznTvBPWFMWA0RUuxCNoNb3HbgMp7lvayu2L1BN8Wfdlo5HPkPOsVxciLExEZi/a2wg8AK/vWrIPxXEbp/+I78Nn1mOpWWkf0SBbKw2nxYvnNVcpejryYw6Yr67bcI+CWrzJADEQlLKfHHJmpOHyPOSzVVRcS5huiUvcq8VRHNq1By0TJ4+wclcDZzzGg1i4ps14DzAUEV5SckCD2Xnru1z/gK73
ZGvq9EMUhK+LCkCWEcgAeP5ZMixjm1pW5aEHPfa11nzsTrdzMEya9tZ74CUSTxFxK9OarKfE/fxQRm6ez5A+Hc0Gkrvqo84VJ0MmAXXDyPvOezyO8MNUHRr3MoME2ctoBTezRtR2EjpAzh96isDwUlN20tI5Ll27zeCRZWYEjXnPmtR1B9Pse3M2kCHOcwZt11Z6bYwU33lHhLO7az9BBiZKr2x7m9Bz5LdZ+YOu9g==
oGVS8itL26O6BzRnlik75GN72lqrxwSi0ngDda5EKVjyYcI8+bnEHXBT/2Onk8+Oz7YvARY+vGpKxbL9LF7gkbOg6jkRA8tps0KnhaOUo3cls6eH1Amb48tvI4HR9YmEpkj7eAwdPlX8BQrcOEuAr6wOSgmo4BYKTZjUQhe3NOKX4rY/Hy77i51WEnND71N5c+pKgXe1DKhvcpBAqVovTggrRqRmcpPXdeGzWvuCruk=
WHmzEzLeJdPJOO1TqEKuRD95bBOHbXvPNnG32pGU5UBWWW4V1szYE2YDgj3Tc1K5iE+0QzpLSKY8Y9i1zqcmm9iZl/CRZ+eu2BZe0vS+q4K2wMyq5wZmOnVOUVOZsAX9OkRRYdvKAN2LcyBTBwZkmbLz+tWjZo5FwLRT0RNUp6M3/52espp7BHd7HBtQR+2Bv67K
8jQ4P3PDHhy5pvBoL1wtd7b6gAu7lBxS8yxXHhcocsXQlZZzSLu9zfsbh7Qf/x9t4hQhVe/tWOfLsd95e9tNa+nGQk6TMuCTTucIM3LmxPUADWgoQiNkToaYmc7MWMvplGAzpJ41M2BLeSkgKol/kZOb94yCa3vb3Hr75EiatUTPjGytrm4KfGPlAVdL4Ie8rss=
SDZ8/IvwLczJd5+7DwxJluaMhJGU248DHdu12dtPz/BPW7f6YoCJ8b+pELPrpdd9a/9lP6mS6uoDtmgH7rNAdyLC7OEAGUAMEmcsGiYMEUpc/GO91DQbgI4xO3RrLWFkei3XBRMPXyjSLzOP/G7z4Fi+nRCP2MQJPuqC6MOxSRMbxK+ort8=
iqrPW7lRW5VX3itOkBnE/gMWESd+Ja6BTN+gsyRRVevkFVqCY28MU07KGlMeeSg/kBdO+cG8p78Bot4meL6y5h0uIEBaBlFeIFZTfldff2gzsWwkx+1tUuYRTUMGPwEeUrVkMyx5Ff4IKWYElR31TJGvIZ/L0gRCnYjxy7p3Fh/bramu3A==
Xlvi+2yNZ937ASjcRAksIeSMhICWzYsDHdu12dtPz/BPW7f0YoCJ8b+pELPrpdd9a/9lP6mS6uoDtmgH7rNAdyLC7OEAGUAMEmcsGiYMEUpc/GO91DQbgI4xO3RrLWFkei3XBRMPXyjSLzOP/G7z4Fi+nRCP2MQJPuqC6MOxSRMbxK+ort8=
bAyepJwtgirDT78O/lAtmgMWFzFiOK6BTN+gsyRRVevkFVSCY28MU07KGlMeeSg/kBdO+cG8p78Bot4meL6y5h0uIEBaBlFeIFZTfldff2gzsWwkx+1tUuYRTUMGPwEeUrVkMyx5Ff4IKWYElR31TJGvIZ/L0gRCnYjxy7p3Fh/bramu3A==
Kvc2Ls5kAvLUgg1P/CwlIQMWFidwPa6BTN+gsyRRVevkFV2DY28MU07KGlMeeSg/kBdO+cG8p78Bot4meL6y5h0uIEBaBlFeIFZTfldff2gzsWwkx+1tUuYRTUMGPwEeUrVkMyx5Ff4IKWYElR31TJGvIZ/L0gRCnYjxy7p3Fh/bramu3A==
3SUMmNUC9IbOPAKacdAmZOn7Hr3Frqz7iWyTg7PJ6wIv7/KTgO80ajWx1Q1ieFmvJ+d9Eoj5+RUNWFgCJfLfhfV3Q8khTQksdhDbcDxl/r1sneoUSHOAh/zW6oEYGFZiXYC0CucPtEpHupY3L1Y7Yw3O8rsz11NRIzLqCcdNTMB/avAIWeOv5thzZqxWClM/5XlTkou6rsE=
nrzySthHejZrGn94LEc/zur3UKzBuOXljXOVj66A5lABy5ypyaN2O2jr1V0sdmSIK900XsimplZ1awcPZPHbi9t3Q8khTQksdhDbcDxl/r1sneoUSHOAh/zW6oEYGFZiXYC0CucPtEpHupY3L1Y7Yw3O8rsz11NRIzLqCcdNTMB/avAIWeOv5thzZqxWClM/5XlTkou6rsE=
r5EoxOr8Oxb/L1AVhjEs0S9dtPHYjB7nAyv3tbw/wZaY1vjQ/11weqjSRc2RbgxRfNuw0l6JxlEkYkRU85lk8ioSJuqNz3dDrCW7l8NzU6UJuUlQzvRr/LTxXuE0WTo4IEeAu4TyGk1QTLb+xQQk5k97dLZ/3qY7J0Ibv9WKohfbY9Pt25aaRQ+ZLNxnbuBkcRfvmmCX1iDenvNjvb2DvuOOrv0=
hCTWUXwhxjbdqXjyGuWcn41ZJSxj31pC5NoHNLGFyF/ZbZxRNnLU8uc07CJbfE5jJ9jVpOneuaNHWm6+z9l7N/4oiaHusLRgQXpsS2mGlZD9JBzw14VQHlz5KYEE2ctoBTezRtR2EjpAzh96isDwUlN20tI5Ll27zeCRZWYEjXnPmtR1B9Pse3M2kCHOcwZt11Z6bYwU33lHhLO7aj9BBiZKr2x7m9Bz5LdZ+YOu9g==
1YEkdifyyAFfdsuW56kgH41ZJSxj31pC5NoHNLGFyF/ZbZxRNnLU8uc07CJbfE5jJ9jVpOneuaNHWm6+z9l7N/4oiaHusLRgQXpsS2mGlZD9JBzw14VQHlz5KYEE2ctoBTezRtR2EjpAzh96isDwUlN20tI5Ll27zeCRZWYEjXnPmtR1B9Pse3M2kCHOcwZt11Z6bYwU33lHhLO7bT9BBiZKr2x7m9Bz5LdZ+YOu9g==
Gttjhr6pHCy5UnxlySttj7s1cE0qT0llR3KNbuBq16IecL01whH++VYzerz55fw2htkdw5i3t5H4cNFBirTDwF0tVeTppHCtuY+y5X+2BZXiXRbElAF1EVhQdlWJFHodb1VnYDcXYO6jY8rorWFU+2Wk5/+p0moqA/boR+5zwDciAmyhAFnAzBInrNomTJEKXDzj/dT0m8CO8bu0a23hpHptV8UTz99o0u+zz/yucyBY/h3Vj5hEyT6qAqjDcclTGwQv6K6f
Aamm+9AINL+qJPhaNK7oUGO4IuLNcZ2fj3zBcXqNKJirrekqqFZPOhUxiypzt8DiJjC4qljYAWFqiq8iaseGSJCJgPSLw2yi6wWJiY7/cWkz3gxlxHC4R5kTaudOLOFkRqug9MsE2AGr3HSbFq1VV+Bu759IKJV1LuIiAVd9ejm1lHvPzbqqhmzGPjZhhvRAjq4tjqwuR94jR7MY75kY5POFsWKqiXkjkocNzu7dsLN4kamuBJHy5KGFOXzNRxDfP/pYstGQBWuuj5pPJwX9rog=
IOqFvQIYAxk74L/Xms7BrTI1PeJlXyNlbwD8RQYuGm78hFtKTlg4/ZmcZHgomuH8IVF2qLN8wQT3l8hjasIWc9KxzK8UjzK5/aSjryXqkkb0NlYW2RY8QEY+la7E3t8eGxdbeDepUGS7denCAtmBYwo3JS6WTfizsAFRziwhaiTZVZHcFTfXX/fKAFK5QD0rNv9yb5+Vta7A
YlwAe/IZfd6H2ZOlWCbEI1jgju6s7oV3+ZW8r5ZbIjrulbKFjcZSnbRr2KQ09mcH/JiN7WSYqSF/WbADa9W3zasvhS+pgoq6QwaI924D4AdikszxAAlgXFIXjKqm/PH6HKwDrdQk+1BOgVsE653BlLr99xUTH3/4Et+TP3wek1CYbn0Kj8ikWX5aYhhDAeljW5SPuK7P
b3kEUGccgkIo5TtJF3ffzd/4242Yog+Y1FQMv6lj2N23iAxpRuYQl1yK23QIqlWUztwMnW7+Kgzj1eHHC5AnbK4b
DlSMEm9rQ39QhWAW+4SEs9qVjmQcPReX3h5wo93qrJy8fFN/x5sv7enwNDJaLaqBm0ShSpzqG98nH30sxfH4NllD/sZ5pF13aFntSrPFiZSGuLso7K2+xVx1ygxYe4C/jP4KWUhQlprt6BSSd4c08rcS9m//nnsbPSbSoyPfU2lTGgrRlwWMOM8CUJDJai5eKNsG9IbCE0fVkXOKm7Ku+Q==
gq4ITKjtzAlZRr4qzSHnAe9G837/Zok4M5eOMbM5DmC2n3mD1RfQOQ+axhnDtZmDuI8L3sfbYYM0McE1SyEObSmzbJBRTX5O5JgyNuaGBC0fSGieO2FYgEqvD6sW2YXfLCL8c0tJxtFqN2KjNNk7CNV3A+ZE9mLaEA4vWprA4HJjtoIySa7NG32gQQWWBL1Zn1qklZdTXNujdmBB3nMWjaeWKs08lE8Zt8Rjm10+MeZ2ih/M6xsgEzT3admTruY=
6NXMKZlCOg619fjn77bM7B5hpJUnE6jvXt87ajVlP4YeKiey9ikh7+/oJFluRv0NpHTbATv037MJfmWOCvoTVP+7FKv4J7UxZ64S
ft7P868Qsv1LLjH6CfQlrjfV4vL36NM2V8nVOpp5U2epHx8aHX/Ntemwg0BOVRSlRuRRb28l1JRBTSVcOzqu3ahyWBdPYmB6teI6BHXdVcwx70ee6xLkwn1I0cvaN3afe21Jrjw=
9h9mzxSVtUhgBkfzI6P3YPaEJ1eNrSoBhh6IHc/VDwesVF1eWt65kPkuSkoYFZvhkQm2gJ9cU/lIlmdcdNDki7mXkHk3LESdVtL4E/xOs0DY3t02jvgE6b5KQsjD0Qlzm2RvSK4/
9O6h2KSNm/xJGpb+vzOK1xd+YCxRRiViWuLBrAkSMvb4qeNdYbXOPF9gK8W4qh9glOycN0kr6MW3kDwhpm6ALxxyy3wo4qUKTkR8VU72OnQjbXFPa1gXdK4D
fbWSl3njudD0PC+u9+FJjCppy9cvmVEZQ08tZlrmybgZBhoS2M3LiTHhBvgfpOOR6H63BDQINKPZv2BBNxS0tTb6KMu8FmOoeLZtzg6AtAEeIhIQA4lZW3tMH3CuBw==
VDu8bB1F4CO54J9Dk8c7lwNa5PIeq3ADdE8tZlrmybgZBhoS2M3LiTHhBvgfpOOR6H63BDQINKPZv2BBNxS0tTb6KMu8FmOoeLZtzg6AtAEeIhIQA4lZW3tMH3CuBw==
ytsRnT55Xlcw2W/PLGYYXHM1mRjFp93noeDaZE02kZyGhEg/f/eJC6qevwaHPwDEy7LEWmB9AfUsh/dWcHt+oPQd7CSXlgCcgeluYpBvNtguZjObTUVjRhN2rgU=
ZyrKT7FwvQlpLnHKB6bCBo1ZJSxj31pC5NoHNLGFyF/ZbZxRNnLU8uc07CJbfE5jJ9jVpOneuaNHWm6+z9l7N/4oiaHusLRgQXpsS2mGlZD9JBzw14VQHlz5KYEE2ctoBTezRtR2EjpAzh96isDwUlN20tI5Ll27zeCRZWYEjXnPmtR1B9Pse3M2kCHOcwZt11Z6bYwU33lHhLO7bD5BBiZKr2x7m9Bz5LdZ+YOu9g==
7KyJwjoXHU/IJxsh9vcRkx5hpJQnE6jvXt87ajVlP4YeKiey9ikh7+/oJFluRv0NpHTbATv037MIfmWOCvoTVP+7FKv4J7UxZ64S
z+7s8eozWi+NGTcCZzmyqz0yKF+CEo71CFcZQd+q8mwyNevWMBJuaTljQq4Pp/u9WneTHuyeowNVgczHwQwj0bW7PKUPwjW2Chx8Fs1a4ScFWqBC8RgwnEZZ3JUtoARCQp4EbWXuXEs7rsSFXOBQh/EjkMME/Hnk3ntolPP08EEDTOw73p0tVxhepz/QuD21BpIa4R8t4rktxLPvtYpCxgRWplYpdsxAtl5l7jS+L57Ld8s4J8mAZGvV+YKS+VHjOheVbqbtSLMAoWEOnAFapIl1ARwFl4lepyoQkimgbatGHwKv73XFrrA=
KIGXI1E26EBw1tG2+SERFx6xsbMxk8X0llc8/2MlUXl3fXP9THkp7egC7kp9dG9cOznVK8yPX5l6b5jR7tgLXY3RMOF3Xdar/t+yqPwGz7wwO+4Mtq/s98tPIVg2k7rLBI/R6HDTy7osRwHZZtcPaKnrT5lyxnRPyZsAZoJH2er2h6dzY4L3efxE23Xemh3/OEGNosM9CVyWYBsA3BV+zYztKmSoA4D3HKYq8fho1hK98HR6B3+0OqfKVkfPJrsT7b4yy9OnUyHDQip5Jz3MsJ8aMHi5lq6WOAOm3LZ6008FCZPia8qusQ==
N2qCdbp9FmcppQRDOTrBoy50e4CMDQdKIBEjEWTHTdwN+8YNj8eatjeE0YFmmsgs6z3UgwpVbYZuGTAXn2EVfCFSd/W5+3NNG+4kBTwgcIfR4zdH47wZ5P47yBSTtBBBY4xMu35dTVf4Hge/cPjdtWZS+mG/7cK5zQTTbxXKYsYkFkbWSbbsQJaeBW7U/g+e6zdruEcJYGRLFVkCcjkx49pXNe4GraizYGHBjjzBOqRpNWGcpdeoXsdq8BKJYE2rZt9iLw815a6Q
F2LL8lZCRj2IzIjSQ1+cHYaz72uldUfwtbBJ8foStx5ApPrEmjFPg88H3/DyLH65Y/MfM5DjojTbNrcs+v1HIbnf6b5VVrR2kddtEdNrYim4jAPSNR6nliHHVyVMkWed2ZZy6eod+K35lmTZy7wgNRn2lgIhHvUoh0fGrBTpJQm46Ab9SXxK5c/Nt0g3P7B2A5v6gG3JJEOFvLcXKbq6MmNOGO+um/BPgpo8iQBxkFSyX5wyZuRhsjwkM5VUHMvYbknLHKsF0Vza9YftE+cP8HIXg6c8BgOYuOZNPQ7wlNFeEvIAg5n5K7ucf8Cutw==
Ji+DpSdHHIUEuBU1XUvS2Iaz72uldUfwtbBJ8foStx5ApPrEmjFPg88H3/DyLH65Y/MfM5DjojTbNrcs+v1HIbnf6L5VVrR2kddtEdNrYim4jAPSNR6nliHHVyVMkWed2ZZy6eod+K35lmTZy7wgNRn2lgIhHvUoh0fGrBTpJQm46Ab9SXxK5c/Nt0g3P7B2A5v6gG3JJEOFvLcXKbq6MmNOGO+um/BPgpo8iQBxkFSyX5wyZuRhsjwkM5VUHMvYbknLHKsF0Vza9YftE+cP8HIXg6c8BgOYuOZNPQ7wlNFeEvIAg5n5K7ucf8Cutw==
ZE2FGwXGAb7hnj2uqz/lP4az72uldUfwtbBJ8foStx5ApPrEmjFPg88H3/DyLH65Y/MfM5DjojTbNrcs+v1HIbnf575VVrR2kddtEdNrYim4jAPSNR6nliHHVyVMkWed2ZZy6eod+K35lmTZy7wgNRn2lgIhHvUoh0fGrBTpJQm46Ab9SXxK5c/Nt0g3P7B2A5v6gG3JJEOFvLcXKbq6MmNOGO+um/BPgpo8iQBxkFSyX5wyZuRhsjwkM5VUHMvYbknLHKsF0Vza9YftE+cP8HIXg6c8BgOYuOZNPQ7wlNFeEvIAg5n5K7ucf8Cutw==
PT0DpHQubYtxH7Rj+sKf2oaz72uldUfwtbBJ8foStx5ApPrEmjFPg88H3/DyLH65Y/MfM5DjojTbNrcs+v1HIbnf5r5VVrR2kddtEdNrYim4jAPSNR6nliHHVyVMkWed2ZZy6eod+K35lmTZy7wgNRn2lgIhHvUoh0fGrBTpJQm46Ab9SXxK5c/Nt0g3P7B2A5v6gG3JJEOFvLcXKbq6MmNOGO+um/BPgpo8iQBxkFSyX5wyZuRhsjwkM5VUHMvYbknLHKsF0Vza9YftE+cP8HIXg6c8BgOYuOZNPQ7wlNFeEvIAg5n5K7ucf8Cutw==
9E8KfI6aq3AAeG5UcouOToaz72uldUfwtbBJ8foStx5ApPrEmjFPg88H3/DyLH65Y/MfM5DjojTbNrcs+v1HIbnf5b5VVrR2kddtEdNrYim4jAPSNR6nliHHVyVMkWed2ZZy6eod+K35lmTZy7wgNRn2lgIhHvUoh0fGrBTpJQm46Ab9SXxK5c/Nt0g3P7B2A5v6gG3JJEOFvLcXKbq6MmNOGO+um/BPgpo8iQBxkFSyX5wyZuRhsjwkM5VUHMvYbknLHKsF0Vza9YftE+cP8HIXg6c8BgOYuOZNPQ7wlNFeEvIAg5n5K7ucf8Cutw==
5zCjQ7aEBmjzZ/cNCGcvFoaz72uldUfwtbBJ8foStx5ApPrEmjFPg88H3/DyLH65Y/MfM5DjojTbNrcs+v1HIbnf5L5VVrR2kddtEdNrYim4jAPSNR6nliHHVyVMkWed2ZZy6eod+K35lmTZy7wgNRn2lgIhHvUoh0fGrBTpJQm46Ab9SXxK5c/Nt0g3P7B2A5v6gG3JJEOFvLcXKbq6MmNOGO+um/BPgpo8iQBxkFSyX5wyZuRhsjwkM5VUHMvYbknLHKsF0Vza9YftE+cP8HIXg6c8BgOYuOZNPQ7wlNFeEvIAg5n5K7ucf8Cutw==
hsuX9+mnVsj2SQzCHg0lo4az72uldUfwtbBJ8foStx5ApPrEmjFPg88H3/DyLH65Y/MfM5DjojTbNrcs+v1HIbnf475VVrR2kddtEdNrYim4jAPSNR6nliHHVyVMkWed2ZZy6eod+K35lmTZy7wgNRn2lgIhHvUoh0fGrBTpJQm46Ab9SXxK5c/Nt0g3P7B2A5v6gG3JJEOFvLcXKbq6MmNOGO+um/BPgpo8iQBxkFSyX5wyZuRhsjwkM5VUHMvYbknLHKsF0Vza9YftE+cP8HIXg6c8BgOYuOZNPQ7wlNFeEvIAg5n5K7ucf8Cutw==
WUJblXIO/sJi2ZJ+4C5zMH5x2AdY1YmoInzBn8SUzyHTyl2mA1jxjZ6m0/YDoQXrvqXr0T/B6ScWYSVK9g3odbEvTanPRzf20FmUcY9Hqmdjs1I91/jzSpt/ePYKzeZ5SjzcrV4dX8S+krhaNgUH2kZLIZqm7W4kqldLR+JLhgjjRIQPKlwBEMpReUje0zypdxdC6kXXYjxHJbx26CldWbiZNzCx58fueBb+khQ+S8JWwCzqB4aGetVO8RO5MCU9mkQxobtKYB3rc0CTJ4ZEWRLzWpWD5q4FILSzkfPUR+PS/j3ekhpbxNd7vNswx41B366q
WUJblXIO/sJi2ZJ+4C5zMH5x2AdY1YmoInzBn8SUzyHTyl2mA1jxjZ6m0/YDoQXrvqXr0T/B6ScWYSVK9g3odbEvTanPRzf20FmUcY9Hqmdjs1I91/jzSpt/ePYKzeZ5SjzcrV4dX8S+krhaNgUH2kZLIZqm7W4kqldLR+JLhgjjRIQPKlwBEMpReUje0zypdxdC6kXXYjxHJbx26CldWbiZNzCx58fueBb+khQ+S8JWwCzqB4aGetVO8RO5MCU9mkQxobtKYB3rc0CTJ4ZEWRLzWpWD5q4FILSzkfPUR+PS/j3ekhpbxNd7vNswx41B366q
WUJblXIO/sJi2ZJ+4C5zMH5x2AdY1YmoInzBn8SUzyHTyl2mA1jxjZ6m0/YDoQXrvqXr0T/B6ScWYSVK9g3odbEvTanPRzf20FmUcY9Hqmdjs1I91/jzSpt/ePYKzeZ5SjzcrV4dX8S+krhaNgUH2kZLIZqm7W4kqldLR+JLhgjjRIQPKlwBEMpReUje0zypdxdC6kXXYjxHJbx26CldWbiZNzCx58fueBb+khQ+S8JWwCzqB4aGetVO8RO5MCU9mkQxobtKYB3rc0CTJ4ZEWRLzWpWD5q4FILSzkfPUR+PS/j3ekhpbxNd7vNswx41B366q
WUJblXIO/sJi2ZJ+4C5zMH5x2AdY1YmoInzBn8SUzyHTyl2mA1jxjZ6m0/YDoQXrvqXr0T/B6ScWYSVK9g3odbEvTanPRzf20FmUcY9Hqmdjs1I91/jzSpt/ePYKzeZ5SjzcrV4dX8S+krhaNgUH2kZLIZqm7W4kqldLR+JLhgjjRIQPKlwBEMpReUje0zypdxdC6kXXYjxHJbx26CldWbiZNzCx58fueBb+khQ+S8JWwCzqB4aGetVO8RO5MCU9mkQxobtKYB3rc0CTJ4ZEWRLzWpWD5q4FILSzkfPUR+PS/j3ekhpbxNd7vNswx41B366q
WUJblXIO/sJi2ZJ+4C5zMH5x2AdY1YmoInzBn8SUzyHTyl2mA1jxjZ6m0/YDoQXrvqXr0T/B6ScWYSVK9g3odbEvTanPRzf20FmUcY9Hqmdjs1I91/jzSpt/ePYKzeZ5SjzcrV4dX8S+krhaNgUH2kZLIZqm7W4kqldLR+JLhgjjRIQPKlwBEMpReUje0zypdxdC6kXXYjxHJbx26CldWbiZNzCx58fueBb+khQ+S8JWwCzqB4aGetVO8RO5MCU9mkQxobtKYB3rc0CTJ4ZEWRLzWpWD5q4FILSzkfPUR+PS/j3ekhpbxNd7vNswx41B366q
WUJblXIO/sJi2ZJ+4C5zMH5x2AdY1YmoInzBn8SUzyHTyl2mA1jxjZ6m0/YDoQXrvqXr0T/B6ScWYSVK9g3odbEvTanPRzf20FmUcY9Hqmdjs1I91/jzSpt/ePYKzeZ5SjzcrV4dX8S+krhaNgUH2kZLIZqm7W4kqldLR+JLhgjjRIQPKlwBEMpReUje0zypdxdC6kXXYjxHJbx26CldWbiZNzCx58fueBb+khQ+S8JWwCzqB4aGetVO8RO5MCU9mkQxobtKYB3rc0CTJ4ZEWRLzWpWD5q4FILSzkfPUR+PS/j3ekhpbxNd7vNswx41B366q
WUJblXIO/sJi2ZJ+4C5zMH5x2AdY1YmoInzBn8SUzyHTyl2mA1jxjZ6m0/YDoQXrvqXr0T/B6ScWYSVK9g3odbEvTanPRzf20FmUcY9Hqmdjs1I91/jzSpt/ePYKzeZ5SjzcrV4dX8S+krhaNgUH2kZLIZqm7W4kqldLR+JLhgjjRIQPKlwBEMpReUje0zypdxdC6kXXYjxHJbx26CldWbiZNzCx58fueBb+khQ+S8JWwCzqB4aGetVO8RO5MCU9mkQxobtKYB3rc0CTJ4ZEWRLzWpWD5q4FILSzkfPUR+PS/j3ekhpbxNd7vNswx41B366q
rWGGtMfZYDbVzQAcWjcXh6Ef3NQgSnZC2G97Q3QMZoUjchznuilQV2VXGQpJcjaUpuiujYevZ0b1GZjv55c+dOtve4bZpPahultaIA5yUZ1+okpErS3trFlfyRpjYUxihfiJi+Lnrr8TfUGuNA==
LB+gy0dVJafgE9rUZTyLCmUSiCNr0dhnjd/qn5+p8TRIJd3XLq5DWoofbsGKJIlV4Njvl4+1dyp7TSQPjP+6OXUUO8+NOmqGrEZ+NiEGNEBOLm2O7K6H3uPH8xivGdjkMwVxYuoJOSNSB83Orl3ws7gRaa5EEbLkYQX5fI3HVdp/eZiyERBFa+4PWk/nhb2uyA==
vW6CUS/Nu8/l1AJglalv2x9JM2NzAogbV8k8R6OjqaxTYTV0DG0RJ/IWJzouh5JRBqwN1WRQYwfzLdPKn/V4f8A3fvkxXHf/UcJOpsheQiYtDjBASiZhntC24/7HPy8o41GcJPfNPRK2sd3D9p+xXiLVdDM8meU+uIkWhAW9JYxBjxGau7FUgk1oYUsKF2Zf6425rsw=
CV1y52F/0aSQUlJNX4gHBO9G837/Zok4M5eOMbM5DmC2n3mD1RfQOQ+axhnDtZmDuI8L3sfbYYM0McE1SyEObSmzbJBRTX5O5JgyNuaGBC0fSGieO2FYgEqvD6sW2YXfLCL8c0tJxtFqN2KjNNk7CNV3A+ZE9mLaEA4vWprA4HJjtoIySa7NG32gQQWWBL1Zn1qklZdTXNujdmBB3nMWjaeWKs08lE8Zt8Rjm1s6MeV2ih/M6xsgEzT3admTruY=
jp/aJRhaUpbIAVTPbvDdNIK16eKVA7jaT6PPKjkSIMbfouS9/2KTb+CIolctOa2jAmp1xbKAo55LbCJ2TyMTdemJSWAuJCusFAHekZSJ+mhAd4CL5KLanfA8Ng5lVGQ2r0t0hp8O5muHspvPdVpiR7tT0927xlqVr+msLMc+oLSRJuqqg0eWcH5ucxMdbUPug76uzQ==
XLLqzdVYCbRd31NNWE4rZo1ZKyRngV9F+Y1TO/786XfjRa9+BVvU8+t1oyUeb1d0OtnVreaXuadLZCHVz9R2WeMvkNL9qrRjUDk0WDeV3qTRbzHJydpFMRr3MoME2ctoBTezRtR2EjpAzh96isDwUlN20tI5Ll27zeCRZWYEjXnPmtR1B9Pse3M2kCHOcwZt11Z6bYwU33lHhLO7azpBBSZKr2x7m9Bz5LdZ+YOu9g==
v0CxaSBHRV634KYCqhDoxBgP6Y+01BZYgvQ/VyhlfRvnDaUNdhcJRxsk0fXf1GY50+/Acg0qJIPgeeR4R5UuhIGvgalZWjWRyrcCYxTZ20h192MmZPaCmrCOT5q6wMCyAzYicqmu7dsdIOFFdgSdmf/aBNV3U3wbw/bAAT5zdk0HFsqNHJQv2RdEg9t7OlEl1gr/jMsbQNOUd4mZs67G
M9SlpwtUZ4S+vuiM0h5tH8yYsMwfVZq4eVk7Y3sS4BuvGWQHG1NxDDvRvfSEHbnHKqZfevZXqjEuvAXVbEBL58t9iwpnRSAfaMf2ebnsn18JsvZmEA46BsUeOEBCNom+qOY7Pn9Pd4gL4RSkfz2Vcu4BJQOuz4m+CsV8MzSJzV6AWc7EfQ39bOn/mBozATwilZjZC1LHnn+DnbGuxA==
X1M9MiuP3ZQ5GIXf0HHR55wFinpShUtEvq4hDSOE/4nRUkElUpK3nMVBh6C58gJnOILtBiBPQPjTQ6t6c0OPXc7Z4sQ9jb1sqX/YGnOBfCLVGBkLkkdef0Mdca4E
PriK32Y3GbLU/pg2pikdFSkfg7d6/hliED4MWyvL4NAOT3mBjHjJ3trEDWZhzSvPnMIrDOgyxR1KVJ8FDgZaxKMd0f8riDdkrhM=
9bCgMZ3lA9R0t84enQJuigEw2zpkjLCcqP3DsQyOvv0tV/SylRAahskgqZfn8cwQX/qwGPkzqjZ7YyY8dtrT78XpE4Iraq4R
3rSL41CF2s2ltLZkrnc+sGue2i7QctQXm2e4PG6j4S089FFSWkiV6tFhsyP8LnOgWH4dUYoYR0k+KgIow/HJ0xuEL2iuHw==
JxPrJ7TqsD2cr6vZ/L8+P1wuqIJB2A1iED4MWyvL4NAOT3mBjHjJ3trEDWZhzSvPnMIrDOgyxR1KVJ8FDgZaxKMd0f8riDdkrhM=
qbuws+3QDfuqqloJAVcobUostIZC0AhiED4MWyvL4NAOT3mBjHjJ3trEDWZhzSvPnMIrDOgyxR1KVJ8FDgZaxKMd0f8riDdkrhM=
7/Fj1kC98GjYMT6bbMsfEX0D0fhaeo7NEcBvPnR/Po4LNmaj5mAl7/26JW95Reg1pHTbATv037MOemWNCvoTVP+7FKv4J7UxZ64S
ZyM9fZUPlywp9/a/Bkx3N0o/o5Vd1BhiED4MWyvL4NAOT3mBjHjJ3trEDWZhzSvPnMIrDOgyxR1KVJ8FDgZaxKMd0f8riDdkrhM=
pvF6LZ0G+fi5Urs7L3ru7AUmuj1xjLCcqP3DsQyOvv0tV/SylRAahskgqZfn8cwQX/qwGPkzqjZ7YyY8dtrT78XpE4Iraq4R
6jmY+1zFsGMa7oLfqqiwTQUmuj1wjLCcqP3DsQyOvv0tV/SylRAahskgqZfn8cwQX/qwGPkzqjZ7YyY8dtrT78XpE4Iraq4R
CS43fdr4mACkIFZ5xCRX1gmewy7QctQXm2e4PG6j4S089FFSWkiV6tFhsyP8LnOgWH4dUYoYR0k+KgIow/HJ0xuEL2iuHw==
ng7vq6a3j7HJO8KFputBwgiewy7QctQXm2e4PG6j4S089FFSWkiV6tFhsyP8LnOgWH4dUYoYR0k+KgIow/HJ0xuEL2iuHw==
VSO049WJwuziM5GTkfeLXDOHJE8xbWgX9C5NPQ5X0ZezRGkFV1TuiStPqCLV6hzzyJn8aE+VJpSZz6lZYRptQSIXetOcWVM4zRfLdjw2eqrYrleKssDIohsWSkJRbrWLtcBZNf6EFSmHeuwFLxNE6+uW2BE2c35dH/bi/SRU94l/5Htr8rrZ1W5qV1wTWzjjfFeRibuuzg==
OTSu19v85QcHm+wl4Z3Btjx1fKUxSiR+ax38AUMhACf/i118Bxl5tMDVRXdG/vuaUi8GobI0gVXoyNd3Z4UvasOdzK8UjzK5/aSjryXqkkb0NlYW2RY8QEY+la7E3t8eGxdbeDepUGS7denCAtmBYwo3JS6WTfizsAFRziwhaiTZVZHcFTfcWvfJAFK5QD0rNv9yb5+Vta7A
xFhwaZhAAGmSuZ+Dh4fLRXPZcpPcAC+RnLr85JZlojKf649i6fqArk8qZDVvCjOHMMDiH/3RjcsSYnXNouiDdpskYj6fy7MdeQHJ6L5Mi0TESZ7ZRGHaAFB/gIP0yvp1IHR2RrW8xF4/w/QOD2ZGg1f624elskIvq1vT1auuen1/oexkF9YA3AGvaiITLzaYriYzW82FY4aTtq7F
cpEDr1Km6V5u559yAmzd/Cnu+wc8sd2YrO6Mc6o8q5m/dPXQ6JCrCARTQ/AL6WQSMimBm0UVViC1C26y27hvlhJoQyEbY93jaU7S9nPqUNsOL/jrUp7U/QAFeFBi+5SGxtApFizgW2EU6KMc/m2DqIsxWXgKcW+Zk5PndKIzC5Mcsku8KCIlzUoE/xVOtro0Iy3xj2uYl7Suww==
NsVU2cr02jj3kIEG5WpbG1m99Sk+kI5U4f/pNv78xB+RKewEV/aAPMEPaoLTz7a47kYzuw2l4+bTFq5l
/MMp4jOPjCjl2KBnm6xOfw6lLzSsgLhSYT+l5LYcS1f10RyhrM9Ep111KITuC0otqdqDm3JJ/cjtyGBTjFS3CT/kO+syuhlVrmqX3FNbeGM8V1EJe64O
4o2oIEspFxKZ2D4kz9Bu+w0ZNZoQXZKAITr7S1pJ1ZgVqOjj1ZTPGTfE45vaOrHl9oqfzGsboBO09+nZE65m
vUNm23rfhXRRD8FSqJXv1BIo3o9tI0/bD0WlronB0vhebk6NsKkbMuEvqAkn/I8gUld3RI3tTSz5n+gag6Es4mW46YsCpw4/sz1hrhQ=
oV+2HpfmpRLeF7SEXd6nqBxVMZURW5KdITr7S1pJ1ZgVqOjj1ZTPGTfE45vaOrHl9oqfzGsboBO09+nZE65m
0B2P/0S45WsX8LfGUKvAsVyTmrllAh67qyP1OxwDf3WxUu49oNdBdlH6q2tqSeW4xegYg0UUf7lnBJN7yjqhxcbKT6ybmzCzBDe5OWOuFg==
l4lgPcXGoXpGUwm2WvBQ2RNA9LZKOm/H/4Yq41HnCOKmswN7r6hcfhbOTUkpBNrizHVtbjxmw3g4ho3ZCpDXMd5ysuCDObkLO7w/YK4X
jqC0BjMpgGylIMVURvFk/GUzhwTHt9n4vriXOQp124qIkFo4e+mHXOaV8VWMfA7Z373fSmhwDvQhn+lWPlxE/9EI7CSXlgCcge9qYpNvNtguZjObTUVjRhN2rgU=
vMsuqIGDX1wTYQvynNtAYEA488N4E/+0VMFycnkiMoUENyXu7Won4+7JYTBJeKQboXTbATv037MOemWNCvoTVP+7FKv4J7UxZ64S
obehFLOLGXQZSCqCYuWnFrKcqhkdMMuYinM9ktnzhyTsQYriwYJaVUx37Z7FSj8T9sl5QFFYjOvptBNR01RnI3b63R3ymruEt3tcmxBHrQF/rgo=
0gPbOPiLMtn1xjvRAXa2yW0EnqYvsmInESNAVnbH698PDDSKhnrFzamAUlZcgQXKnMIrDOgyxR1KVJ8FDgZaxKMd0f8riDdkrhM=
Cn64PfxvLz0wygp0UIaFnQNX6aJcOi7Ss8di6FquR+amswN7r6hcfhbOTUkpBNrizHVtbjxmw3g4ho3ZCpDXMd5ysuCDObkLO7w/YK4X
DmO7pu0fLziQWZx7ULRTkInG1A1AyetyMQ+YCRfc3+AitwfEHU0d7Mm/+BqTwdyitdh5C7IHvv/j3RGuZA==
KuLA87oXc8Tfl/IvYGpPWxxVMZURW5KAITr7S1pJ1ZgVqOjj1ZTPGTfE45vaOrHl9oqfzGsboBO09+nZE65m
AF9WpiVCRUP2mu+QIG1PVXS99hi9qnfD3slREJk4dHsx9Cthy7Qv0x56da06uqP0TzuEC6jn5dEXrmI=
R9rtTdYYMnehGhCVFUYL0Eu44W3addRSzWC0M2WjpyY29l1BKQzK2uwtnSb8LnOgWH4dUYoYR0k+KgIow/HJ0xuEL2iuHw==
djxar7YRagxEFdliCPmDy+zi1XZZ3v79BhhHreTRc/ItG3rHUNylugh1lcGzGC4cMZfpXi60ZJcBwKzsR/6gdBFn6uoDh5aw/q5zU50tQ64Dfq4N
VMD4MpXVzyF9v4dhxjB9avHo0GtExO3zWUpE57iecOQsGW+UFdqgrht+g8GzGC4cMZfpXi60ZJcBwKzsR/6gdBFn6uoDh5aw/q5zU50tQ64Dfq4N
oV+2HpfmpRLeF7SEXd6nqBxVMZURW5KdITr7S1pJ1ZgVqOjj1ZTPGTfE45vaOrHl9oqfzGsboBO09+nZE65m
4/JlfAHjHk1TFmimUykLz3g5ghnarcr24eqUc1Y6yIuUhllrf/rOCb2V7BzDeA7Z373fSmhwDvQhn+lWPlxE/9EI7CSXlgCcge9qYpNvNtguZjObTUVjRhN2rgU=
9eQmic9K7IG9KVdyvSqkK+YoJypVIXMaPJkKR8vyw1IJP6AJL+znwAqHTwRVnbVMUS9gmgtRRELdCDHL+vfWH5staa4c
yhTIkGZXdoos9bn7dKCb8Hu69gW9qnfD3slREJk4dHsx9Cthy7Qv0x56da06uqP0TzuEC6jn5dEXrmI=
+XInHFlLahISlJRDGc3cC1md1Sk+kI5U4f/pNv78xB+RKOwEV/aAPMEPaoLTz7a47kYzuw2l4+bTFq5l
Did53MDYWTlkqjVGB22ciLElKyAYIigYO5EFSoj5w1IJP6AJL+znwAqHTwRVnbVMUS9gmgtRRELdCDHL+vfWH5staa4c
Did53MDYWTlkqjVGB22ciLElKyAYIigYO5EFSoj5w1IJP6AJL+znwAqHTwRVnbVMUS9gmgtRRELdCDHL+vfWH5staa4c
TqVxgd8ZaxonOVxih8vqYxz993rQa9RFxGy7PGKjpyY29l1BKQzK2uwtnSb8LnOgWH4dUYoYR0k+KgIow/HJ0xuEL2iuHw==
TqVxgd8ZaxonOVxih8vqYxz993rQa9RFxGy7PGKjpyY29l1BKQzK2uwtnSb8LnOgWH4dUYoYR0k+KgIow/HJ0xuEL2iuHw==
QTesyRpBoWhvsYv8wpoACK+l597ISL7w2uM/Gr5MW0ZKzLuEpn5tJDThl/vMiX/ekE/cMRTY07jC508SJgIV5amogi78GXViXKobFIgKFXXKvM897h5qLOO1IWeLcGdMrjs=
oV+2HpfmpRLeF7SEXd6nqBxVMZURW5KdITr7S1pJ1ZgVqOjj1ZTPGTfE45vaOrHl9oqfzGsboBO09+nZE65m
QkknMkuIPqRjXc7f9gWheVQS/7VWJC7Fustt512uR+amswN7r6hcfhbOTUkpBNrizHVtbjxmw3g4ho3ZCpDXMd5ysuCDObkLO7w/YK4X
QkknMkuIPqRjXc7f9gWheVQS/7VWJC7Fustt512uR+amswN7r6hcfhbOTUkpBNrizHVtbjxmw3g4ho3ZCpDXMd5ysuCDObkLO7w/YK4X
9eQmic9K7IG9KVdyvSqkK+YoJypVIXMaPJkKR8vyw1IJP6AJL+znwAqHTwRVnbVMUS9gmgtRRELdCDHL+vfWH5staa4c
DmO7pu0fLziQWZx7ULRTkInG1A1AyetyMQ+YCRfc3+AitwfEHU0d7Mm/+BqTwdyitdh5C7IHvv/j3RGuZA==
AF9WpiVCRUP2mu+QIG1PVXS99hi9qnfD3slREJk4dHsx9Cthy7Qv0x56da06uqP0TzuEC6jn5dEXrmI=
oV+2HpfmpRLeF7SEXd6nqBxVMZURW5KdITr7S1pJ1ZgVqOjj1ZTPGTfE45vaOrHl9oqfzGsboBO09+nZE65m
Cn64PfxvLz0wygp0UIaFnQNX6aJcOi7Ss8di6FquR+amswN7r6hcfhbOTUkpBNrizHVtbjxmw3g4ho3ZCpDXMd5ysuCDObkLO7w/YK4X
KV8cz0tRWG/7uYbGCPhflmUzhwTHt9n4vriXOQp1y52VhEw4OvzLHa6e+hzDeA7Z373fSmhwDvQhn+lWPlxE/9EI7CSXlgCcge9qYpNvNtguZjObTUVjRhN2rgU=
pDmRolLzQxsrnStXaEnM8kCVUh9rqL9sIpfo/cXvTtqfn4b1Sy58M///oumeM+0d9kzTjTXCCvXc911+dQrvM4bJiWABmDyLWTSD8QOUFwNm+s39wtprZCf7rDtgh31hT646
tB1WH/tih1aiXWYRz88+2BsGeoRzoG7B7+UfEtjobiwRh+lODoQkZ2FQLHynjmBEMXfq+iO3VsAePvPD/d0DniNurh0=
Bl8NomoMxKJhd4sIEtbkDjYxggvEu9u4//rNZUUhzNiAjk8ldfqKGKGZ8VKVI0nJybzTCWNwDvQhn+lWPlxE/9EI7CSXlgCcge9qYpNvNtguZjObTUVjRhN2rgU=
tGmGoQ7QvZjx4YSUor/O1yEQ9BpR3rqc5rTZow6Ho/1rXP6wmQNpwpYQlNvJ9MwQX/qwGPkzqjZ7YyY8dtrT78XpE4Iraq4R
oV+2HpfmpRLeF7SEXd6nqBxVMZURW5KdITr7S1pJ1ZgVqOjj1ZTPGTfE45vaOrHl9oqfzGsboBO09+nZE65m
n68NJVIreq5C1QzhHAmErxBSZoSRmfeFKfJGbViXmUZ5GtN7YkntqD2IMLMd1Adpz6QLC0K6KXVeKid8I9vow+wXgSlrrh4=
0C7HR/Yh36T1shyDNazuE2JEtxVWwKnIq/SevQeBv75gXP6wmQNpwpYQlNvJ9MwQX/qwGPkzqjZ7YyY8dtrT78XpE4Iraq4R
1oRWI2idhF9S+6vWSIOg/m/0w+V8cyzKw3MX4I5KPhxOWH7F18n/ZhC03oiJC2napjj0I5k8DEivkhCgabsqrsvLxkSmkpM3tQEzujtirgk=
lL/nN7FyQ5QrtoSPxXFKjG0EnqYvsmIsHiZaVnbH698PDDSKhnrFzamAUlZcgQXKnMIrDOgyxR1KVJ8FDgZaxKMd0f8riDdkrhM=
dET+W9DkXPEkXH3NO8pnpWJHtxVWwKnIq/SevQeBv75gXP6wmQNpwpYQlNvJ9MwQX/qwGPkzqjZ7YyY8dtrT78XpE4Iraq4R
3RoIpqlucNnxAP2oI5G1xiNx0uFcJG/Z/4Yq6F7iEuKmswN7r6hcfhbOTUkpBNrizHVtbjxmw3g4ho3ZCpDXMd5ysuCDObkLO7w/YK4X
lL/nN7FyQ5QrtoSPxXFKjG0EnqYvsmIsHiZaVnbH698PDDSKhnrFzamAUlZcgQXKnMIrDOgyxR1KVJ8FDgZaxKMd0f8riDdkrhM=
sDTyxGVmPGQCWLsBaqL+sWJGtxVWwKnIq/SevQeBv75gXP6wmQNpwpYQlNvJ9MwQX/qwGPkzqjZ7YyY8dtrT78XpE4Iraq4R
fZXXMGctluqwquul+8h/nHza9nZJZ+X9vHhXBY9aErSevqo+1m+7J0805OJmUvXVqZhifrzp1fLcOnukSFo1hcrM7+2uroq8YyWBF0ugB3yuCw==
9WuyI3KO9wDjmWYfvbxspU0kvoYvsmIsHiZaVnbH698PDDSKhnrFzamAUlZcgQXKnMIrDOgyxR1KVJ8FDgZaxKMd0f8riDdkrhM=
GfWbB/x6x5rd3xsAz7E9lsYIBwpVIXMaPJkKR8vyw1IJP6AJL+znwAqHTwRVnbVMUS9gmgtRRELdCDHL+vfWH5staa4c
AZxtInMSCak2zDpM9pbum6nm9C1AyetyMQ+YCRfc3+AitwfEHU0d7Mm/+BqTwdyitdh5C7IHvv/j3RGuZA==
AF9WpiVCRUP2mu+QIG1PVXS99hi9qnfD3slREJk4dHsx9Cthy7Qv0x56da06uqP0TzuEC6jn5dEXrmI=
oV+2HpfmpRLeF7SEXd6nqBxVMZURW5KdITr7S1pJ1ZgVqOjj1ZTPGTfE45vaOrHl9oqfzGsboBO09+nZE65m
DmO7pu0fLziQWZx7ULRTkInG1A1AyetyMQ+YCRfc3+AitwfEHU0d7Mm/+BqTwdyitdh5C7IHvv/j3RGuZA==
KJySC3Uglw8izTzKUXFqQ3S99hi9qnfD3slREJk4dHsw9Cthy7Qv0x56da06uqP0TzuEC6jn5dEXrmI=
Tu8flf6EVVu6N1tbV4N4exxVMZURW5KdITr7S1pJ1ZgVqOjj1JTPGTfE45vaOrHl9oqfzGsboBO09+nZE65m
+20wqYV0cYce8ZNH1PItV1yTmrllAh67qyP1OxwDf3WxUu49oNdBdlH6q2tqSeW4xegYg0QUf7lnBJN7yjqhxcbKT6ybmzCzBDe5OWOuFg==
43xckAwDpgX18ZpHFawngGUzhwTHt9n4vriXOQp124qIkFo4e+mHXOaV8VWMfA7Z373fSmhwDvQhn+lWPlxE/9EJ7CSXlgCcge9qYpNvNtguZjObTUVjRhN2rgU=
mLkaE/M5a/wcHnp+IDGA30A488N4E/+0VMFycnkiMoUENyXu7Won4+7JYTBJeKQboHTbATv037MOemWNCvoTVP+7FKv4J7UxZ64S
sK2RmgCVB5dII/lB0t8WlW0EnqYvsmInESNAVnbH698PDDSKhnrFzamAUlZcgQXLnMIrDOgyxR1KVJ8FDgZaxKMd0f8riDdkrhM=
Jq2wOWxSXrjJbLBrxgr9zlYlzI5vYBDOFF+2rd2R2/pEaVKH86IbMuEvqAkn/I8gUld2RI3tTSz5n+gag6Es4mW46YsCpw4/sz1hrhQ=
+EFp5VONugNWR+mLDQ/NNVQS/7VWJC7Fustt512uR+amswN7r6hcfhbOTUkpBNrizHVtbzxmw3g4ho3ZCpDXMd5ysuCDObkLO7w/YK4X
vgOqJqalO+DYRhYKJd33NXg5ghnarcr24eqUc1Y6yIuUhllrf/rOCb2V7BzDeA7Z373fSmhwDvQhn+lWPlxE/9EJ7CSXlgCcge9qYpNvNtguZjObTUVjRhN2rgU=
1Z/d6sV2B3BgcSS0VooM/gNX6aJcOi7Ss8di6FquR+amswN7r6hcfhbOTUkpBNrizHVtbzxmw3g4ho3ZCpDXMd5ysuCDObkLO7w/YK4X
LBYStU9lNQYf4LGoObT5JmUzhwTHt9n4vriXOQp1y52VhEw4OvzLHa6e+hzDeA7Z373fSmhwDvQhn+lWPlxE/9EJ7CSXlgCcge9qYpNvNtguZjObTUVjRhN2rgU=
Rf4rAyU0kUYiRAS83M9VtVG09GHTJtcexmuzM2/grCY29l1BKQzK2uwtnSf8LnOgWH4dUYoYR0k+KgIow/HJ0xuEL2iuHw==
7qqCnofT/nO2Tap0uwfW4eYoJypVIXMaPJkKR8vyw1IJP6AJL+znwAqHTgRVnbVMUS9gmgtRRELdCDHL+vfWH5staa4c
WsilbYbSi8OOkWXiBfa6uonG1A1AyetyMQ+YCRfc3+AitwbEHU0d7Mm/+BqTwdyitdh5C7IHvv/j3RGuZA==
glk3Y2heAAbhSv9MxkiJclmd1Sk+kI5U4f/pNv78xB+RKewEV/aAPMEPaoLTz7a47kYzuw2l4+bTFq5l
Tu8flf6EVVu6N1tbV4N4exxVMZURW5KdITr7S1pJ1ZgVqOjj1JTPGTfE45vaOrHl9oqfzGsboBO09+nZE65m
VOSPZll67UtD6Mvp/D0l3mJBtxVWwKnIq/SevQeBv75gXP6wmQNpwpYQlNvJ9cwQX/qwGPkzqjZ7YyY8dtrT78XpE4Iraq4R
BLQCAC0jGFQ/UTcQoISq9GrY6nJKb+D9vHhXBY9aErSevqo+1m+7J0805OJmUvXVqZhifrzp1fPcOnukSFo1hcrM7+2uroq8YyWBF0ugB3yuCw==
05qU6l9BpkvMIt/eFFAnCk0kvoYvsmIsHiZaVnbH698PDDSKhnrFzamAUlZcgQXLnMIrDOgyxR1KVJ8FDgZaxKMd0f8riDdkrhM=
7EBO2greRVLNujag+vOKFGJAtzV24InIq/SevQeBv75gXP6wmQNpwpYQlNvJ9cwQX/qwGPkzqjZ7YyY8dtrT78XpE4Iraq4R
hqyKdj/a+06jltWYfKI6upWrnS42CrmtxlQRvfLzhyTnTo/4wYJaVUx37Z7FSj8T9sl5QFFYjOvotBNR01RnI3b63R3ymruEt3tcmxBHrQF/rgo=
05qU6l9BpkvMIt/eFFAnCk0kvoYvsmIsHiZaVnbH698PDDSKhnrFzamAUlZcgQXLnMIrDOgyxR1KVJ8FDgZaxKMd0f8riDdkrhM=
nuF42B/e6aWJRPa5bqKWOmJDtzV24InIq/SevQeBv75gXP6wmQNpwpYQlNvJ9cwQX/qwGPkzqjZ7YyY8dtrT78XpE4Iraq4R
Ewl61S3sFxLT5qOpzL6nBWrL/WFVa/D9nFh3JY9aErSevqo+1m+7J0805OJmUvXVqZhifrzp1fPcOnukSFo1hcrM7+2uroq8YyWBF0ugB3yuCw==
05qU6l9BpkvMIt/eFFAnCk0kvoYvsmIsHiZaVnbH698PDDSKhnrFzamAUlZcgQXLnMIrDOgyxR1KVJ8FDgZaxKMd0f8riDdkrhM=
Kfy51lBrmUFSacBd30xwm8YIBwpVIXMaPJkKR8vyw1IJP6AJL+znwAqHTgRVnbVMUS9gmgtRRELdCDHL+vfWH5staa4c
dFzonUNYQt1BOzdfJ4JtEanm9C1AyetyMQ+YCRfc3+AitwbEHU0d7Mm/+BqTwdyitdh5C7IHvv/j3RGuZA==
AF9WpiVCRUP2mu+QIG1PVXS99hi9qnfD3slREJk4dHsx9Cthy7Qv0x56da06uqP0TzuEC6jn5dEXrmI=
oV+2HpfmpRLeF7SEXd6nqBxVMZURW5KdITr7S1pJ1ZgVqOjj1ZTPGTfE45vaOrHl9oqfzGsboBO09+nZE65m
CvpkDVoitGOJYCxxsDZABA2ev8VJcyzEw3tFptNKNlAbXH7F18n/ZhC03oiJC2napjj0I5k8DEivkhCgabsqrsvLxkSmkpM3tQEzujtirgk=
GwRmCWfhqL8rRX8a4MYShghocz1TaitoXf7F71MEPOXxvvJaOLKLcVY8JYa2twtvj/yUOkYq5d2pkHIGnDGlOhxyy3wo4qUNSkR/VU72OnQjbXFPa1gXdK4D
ASEdunfyKborDXE2XMPXBiZnhQzGopjm/OradEV1y4qIl0EobvDQDO/TtlqJfA7Z373fSmhwDvQhn+lWPlxE/9EI7CSXlgCcge9qYpNvNtguZjObTUVjRhN2rgU=
1a1UIfKY8CKkso0NmywpgJxRyX1FjHlEo7ItGjWHto/XTlgJEZS7nNkxhOaruw86NIniB2MCS/LRT7gJNxy/YIL358Q9jb1sqX/YGnOBfCLVGBkLkkdef0Mdca4E
/usLeIseTXcTL9wXxPcGRXIR+R4Xj/aO4fCevQeBv75gXP6wmQNpwpYQlNvJ9MwQX/qwGPkzqjZ7YyY8dtrT78XpE4Iraq4R
mmKXl0fqsffoFoC3zpxKW2Te7Pc3e/fOVh4tuSn0ujKMxc3+vPYjCPjWrekKoPfhnoLScAOpGbv77N8Qrmc=
oV+2HpfmpRLeF7SEXd6nqBxVMZURW5KdITr7S1pJ1ZgVqOjj1ZTPGTfE45vaOrHl9oqfzGsboBO09+nZE65m
o42r/Y5svOIqztdMhngX+AmrmFlmQtX9vHZXDd0cT7SW8v861m+7J0805OJmUvXVqZhifrzp1fLcOnukSFo1hcrM7+2uroq8YyWBF0ugB3yuCw==
GwRmCWfhqL8rRX8a4MYShghocz1TaitoXf7F71MEPOXxvvJaOLKLcVY8JYa2twtvj/yUOkYq5d2pkHIGnDGlOhxyy3wo4qUNSkR/VU72OnQjbXFPa1gXdK4D
FkCZRUGB1Bl/VfWCEciixyYc7x4Xj/aO4fCevQeBv75gXP6wmQNpwpYQlNvJ9MwQX/qwGPkzqjZ7YyY8dtrT78XpE4Iraq4R
nrxqI1qlp4F5L/aP6SjPqQ6ev8VJcyzEw3tFptNKNlAbXH7F18n/ZhC03oiJC2napjj0I5k8DEivkhCgabsqrsvLxkSmkpM3tQEzujtirgk=
GwRmCWfhqL8rRX8a4MYShghocz1TaitoXf7F71MEPOXxvvJaOLKLcVY8JYa2twtvj/yUOkYq5d2pkHIGnDGlOhxyy3wo4qUNSkR/VU72OnQjbXFPa1gXdK4D
I7w9R/EbLOXZBckp2NVCO5xSyX1FjHlEo7ItGjWHto/XTlgJEZS7nNkxhOaruw86NIniB2MCS/LRT7gJNxy/YIL358Q9jb1sqX/YGnOBfCLVGBkLkkdef0Mdca4E
/BO3YJQQmxVS7Gc+lmIHFUQNbcXexrHPLfJGbViXmUZ5GtN7YkntqD2IMLMd1Adpz6QLC0K6KXVeKid8I9vow+wXgSlrrh4=
mmKXl0fqsffoFoC3zpxKW2Te7Pc3e/fOVh4tuSn0ujKMxc3+vPYjCPjWrekKoPfhnoLScAOpGbv77N8Qrmc=
oV+2HpfmpRLeF7SEXd6nqBxVMZURW5KdITr7S1pJ1ZgVqOjj1ZTPGTfE45vaOrHl9oqfzGsboBO09+nZE65m
FKq/zFmpB7W8bqKOo+uiJw+ev8VJcyzEw3tFptNKNlAbXH7F18n/ZhC03oiJC2napjj0I5k8DEivkhCgabsqrsvLxkSmkpM3tQEzujtirgk=
GwRmCWfhqL8rRX8a4MYShghocz1TaitoXf7F71MEPOXxvvJaOLKLcVY8JYa2twtvj/yUOkYq5d2pkHIGnDGlOhxyy3wo4qUNSkR/VU72OnQjbXFPa1gXdK4D
mt1/Q+An6V9hNaacdueVTZxTyX1FjHlEo7ItGjWHto/XTlgJEZS7nNkxhOaruw86NIniB2MCS/LRT7gJNxy/YIL358Q9jb1sqX/YGnOBfCLVGBkLkkdef0Mdca4E
/BO3YJQQmxVS7Gc+lmIHFUQNbcXexrHPLfJGbViXmUZ5GtN7YkntqD2IMLMd1Adpz6QLC0K6KXVeKid8I9vow+wXgSlrrh4=
japjWK3xoUIqV1jz8Y5PdQ0BPpIMT5KdITr7S1pJ1ZgVqOjj1ZTPGTfE45vaOrHl9oqfzGsboBO09+nZE65m
mmKXl0fqsffoFoC3zpxKW2Te7Pc3e/fOVh4tuSn0ujKMxc3+vPYjCPjWrekKoPfhnoLScAOpGbv77N8Qrmc=
oV+2HpfmpRLeF7SEXd6nqBxVMZURW5KdITr7S1pJ1ZgVqOjj1ZTPGTfE45vaOrHl9oqfzGsboBO09+nZE65m
9eQmic9K7IG9KVdyvSqkK+YoJypVIXMaPJkKR8vyw1IJP6AJL+znwAqHTwRVnbVMUS9gmgtRRELdCDHL+vfWH5staa4c
Bl8NomoMxKJhd4sIEtbkDjYxggvEu9u4//rNZUUhzNiAjk8ldfqKGKGZ8VKVI0nJybzTCWNwDvQhn+lWPlxE/9EI7CSXlgCcge9qYpNvNtguZjObTUVjRhN2rgU=
DmO7pu0fLziQWZx7ULRTkInG1A1AyetyMQ+YCRfc3+AitwfEHU0d7Mm/+BqTwdyitdh5C7IHvv/j3RGuZA==
KJySC3Uglw8izTzKUXFqQ3S99hi9qnfD3slREJk4dHsw9Cthy7Qv0x56da06uqP0TzuEC6jn5dEXrmI=
Tu8flf6EVVu6N1tbV4N4exxVMZURW5KdITr7S1pJ1ZgVqOjj1JTPGTfE45vaOrHl9oqfzGsboBO09+nZE65m
sClpEKolWq9ooRvZrPQ/ag2ev8VJcyzEw3tFptNKNlAbXH7F18n/ZhC03oiJC2napjj0I5k9DEivkhCgabsqrsvLxkSmkpM3tQEzujtirgk=
URT6kXljaj8SB5UmnPTh9gNA9LFRKnreqNYjpRboDeKmswN7r6hcfhbOTUkpBNrizHVtbzxmw3g4ho3ZCpDXMd5ysuCDObkLO7w/YK4X
xZDvbTXsXH6oP+s+VDgADQm2iFAnT8C8v2dTH8EQG/nWtLU+1m+7J0805OJmUvXVqZhifrzp1fPcOnukSFo1hcrM7+2uroq8YyWBF0ugB3yuCw==
MVZHEYqJ8rgFYNRVXXkCgQm2iFAnS8C8v2dTH8EQG/nWtLU+1m+7J0805OJmUvXVqZhifrzp1fPcOnukSFo1hcrM7+2uroq8YyWBF0ugB3yuCw==
sClpEKolWq9ooRvZrPQ/ag2ev8VJcyzEw3tFptNKNlAbXH7F18n/ZhC03oiJC2napjj0I5k9DEivkhCgabsqrsvLxkSmkpM3tQEzujtirgk=
zHCpd87jnlrqpQWodZ4pHwhocz1TaitoXf7F71MEPOXxvvJaOLKLcVY8JYa2twtvj/yUOkYq5d2pkHIGnDGlOxxyy3wo4qUNSkR/VU72OnQjbXFPa1gXdK4D
rcSZZJ7ho8zsf4/qjWk3kSYc7x4Xj/aO4fCevQeBv75gXP6wmQNpwpYQlNvJ9cwQX/qwGPkzqjZ7YyY8dtrT78XpE4Iraq4R
VOSPZll67UtD6Mvp/D0l3mJBtxVWwKnIq/SevQeBv75gXP6wmQNpwpYQlNvJ9cwQX/qwGPkzqjZ7YyY8dtrT78XpE4Iraq4R
BLQCAC0jGFQ/UTcQoISq9GrY6nJKb+D9vHhXBY9aErSevqo+1m+7J0805OJmUvXVqZhifrzp1fPcOnukSFo1hcrM7+2uroq8YyWBF0ugB3yuCw==
GccyYbYeK5yIpcMsGEdcRm0EnqYvsmIsHiZaVnbH698PDDSKhnrFzamAUlZcgQXLnMIrDOgyxR1KVJ8FDgZaxKMd0f8riDdkrhM=
oOyqGfM+BBesZePTf9lrBGJAtxVWwKnIq/SevQeBv75gXP6wmQNpwpYQlNvJ9cwQX/qwGPkzqjZ7YyY8dtrT78XpE4Iraq4R
88O7HMvekZOBPdAQflgiIZWrnS42CrmtxnQxndLzhyTnTo/4wYJaVUx37Z7FSj8T9sl5QFFYjOvotBNR01RnI3b63R3ymruEt3tcmxBHrQF/rgo=
GccyYbYeK5yIpcMsGEdcRm0EnqYvsmIsHiZaVnbH698PDDSKhnrFzamAUlZcgQXLnMIrDOgyxR1KVJ8FDgZaxKMd0f8riDdkrhM=
hlLHezspJCwUqkYXOWmK6WJDtxVWwKnIq/SevQeBv75gXP6wmQNpwpYQlNvJ9cwQX/qwGPkzqjZ7YyY8dtrT78XpE4Iraq4R
i4zrcUC0VTKCMAPEliLk3mrL/WFVa/D9vHhXBY9aErSevqo+1m+7J0805OJmUvXVqZhifrzp1fPcOnukSFo1hcrM7+2uroq8YyWBF0ugB3yuCw==
GccyYbYeK5yIpcMsGEdcRm0EnqYvsmIsHiZaVnbH698PDDSKhnrFzamAUlZcgQXLnMIrDOgyxR1KVJ8FDgZaxKMd0f8riDdkrhM=
jerSz/YiiZWuosbEqA3heRsGeoRzoG7B7+UfEtjobiwRh+lODoQkZ2FRLHynjmBEMXfq+iO3VsAePvPD/d0DniNurh0=
Nk50YWqEeT/STgbBJh94LGTe7Pc3e/fOVh4tuSn0ujKMxc3/vPYjCPjWrekKoPfhnoLScAOpGbv77N8Qrmc=
NqWB2wDEyjtJh49Gl/6IrTYxggvEu9u4//rNZUUhzNiAjk8ldfqKGKGZ8VKVI0nJybzTCWNwDvQhn+lWPlxE/9EJ7CSXlgCcge9qYpNvNtguZjObTUVjRhN2rgU=
Tu8flf6EVVu6N1tbV4N4exxVMZURW5KdITr7S1pJ1ZgVqOjj1JTPGTfE45vaOrHl9oqfzGsboBO09+nZE65m
sClpEKolWq9ooRvZrPQ/ag2ev8VJcyzEw3tFptNKNlAbXH7F18n/ZhC03oiJC2napjj0I5k9DEivkhCgabsqrsvLxkSmkpM3tQEzujtirgk=
zHCpd87jnlrqpQWodZ4pHwhocz1TaitoXf7F71MEPOXxvvJaOLKLcVY8JYa2twtvj/yUOkYq5d2pkHIGnDGlOxxyy3wo4qUNSkR/VU72OnQjbXFPa1gXdK4D
PE0TdQR5vjGIQxARvx/345xUyX1FjHlEo7ItGjWHto/XTlgJEZS7nNkxhOaruw86NIniB2MCS/LRT7gJNxy/YIL35sQ9jb1sqX/YGnOBfCLVGBkLkkdef0Mdca4E
YpoaUOETE3UGLSZsFrT7LUQNbcXexrHPLfJGbViXmUZ5GtN7YkntqD2IMLMc1Adpz6QLC0K6KXVeKid8I9vow+wXgSlrrh4=
Nk50YWqEeT/STgbBJh94LGTe7Pc3e/fOVh4tuSn0ujKMxc3/vPYjCPjWrekKoPfhnoLScAOpGbv77N8Qrmc=
Tu8flf6EVVu6N1tbV4N4exxVMZURW5KdITr7S1pJ1ZgVqOjj1JTPGTfE45vaOrHl9oqfzGsboBO09+nZE65m
BqrfOBhT1B/EZBUuT+lvxw6ev8VJcyzEw3tFptNKNlAbXH7F18n/ZhC03oiJC2napjj0I5k9DEivkhCgabsqrsvLxkSmkpM3tQEzujtirgk=
zHCpd87jnlrqpQWodZ4pHwhocz1TaitoXf7F71MEPOXxvvJaOLKLcVY8JYa2twtvj/yUOkYq5d2pkHIGnDGlOxxyy3wo4qUNSkR/VU72OnQjbXFPa1gXdK4D
+CUxRNJdRqYwCUQEZ5Sm3ZxVyX1FjHlEo7ItGjWHto/XTlgJEZS7nNkxhOaruw86NIniB2MCS/LRT7gJNxy/YIL35sQ9jb1sqX/YGnOBfCLVGBkLkkdef0Mdca4E
YpoaUOETE3UGLSZsFrT7LUQNbcXexrHPLfJGbViXmUZ5GtN7YkntqD2IMLMc1Adpz6QLC0K6KXVeKid8I9vow+wXgSlrrh4=
Nk50YWqEeT/STgbBJh94LGTe7Pc3e/fOVh4tuSn0ujKMxc3/vPYjCPjWrekKoPfhnoLScAOpGbv77N8Qrmc=
kRM5+tskXdZcNz+E4ukXdzgxeRq/OHO1uwQe2Gl7acqGCLTz+c2M2A8i0PCJyyq+6/uGlMZiE6cVsfPq2xKuGQ==
8uzTbYR3YXq5zPgoN+iYkA+ev8VJcyzEw3tFptNKNlAbXH7F18n/ZhC03oiJC2napjj0I5k9DEivkhCgabsqrsvLxkSmkpM3tQEzujtirgk=
zHCpd87jnlrqpQWodZ4pHwhocz1TaitoXf7F71MEPOXxvvJaOLKLcVY8JYa2twtvj/yUOkYq5d2pkHIGnDGlOxxyy3wo4qUNSkR/VU72OnQjbXFPa1gXdK4D
ezo5Vu5RjLWiQXNEZMr8eJxWyX1FjHlEo7ItGjWHto/XTlgJEZS7nNkxhOaruw86NIniB2MCS/LRT7gJNxy/YIL35sQ9jb1sqX/YGnOBfCLVGBkLkkdef0Mdca4E
YpoaUOETE3UGLSZsFrT7LUQNbcXexrHPLfJGbViXmUZ5GtN7YkntqD2IMLMc1Adpz6QLC0K6KXVeKid8I9vow+wXgSlrrh4=
Nk50YWqEeT/STgbBJh94LGTe7Pc3e/fOVh4tuSn0ujKMxc3/vPYjCPjWrekKoPfhnoLScAOpGbv77N8Qrmc=
NqWB2wDEyjtJh49Gl/6IrTYxggvEu9u4//rNZUUhzNiAjk8ldfqKGKGZ8VKVI0nJybzTCWNwDvQhn+lWPlxE/9EJ7CSXlgCcge9qYpNvNtguZjObTUVjRhN2rgU=
WsilbYbSi8OOkWXiBfa6uonG1A1AyetyMQ+YCRfc3+AitwbEHU0d7Mm/+BqTwdyitdh5C7IHvv/j3RGuZA==
AF9WpiVCRUP2mu+QIG1PVXS99hi9qnfD3slREJk4dHsx9Cthy7Qv0x56da06uqP0TzuEC6jn5dEXrmI=
oV+2HpfmpRLeF7SEXd6nqBxVMZURW5KdITr7S1pJ1ZgVqOjj1ZTPGTfE45vaOrHl9oqfzGsboBO09+nZE65m
PowGKFOPWzuejNQVqL1LBX81n5Vp0Qt/EjE2PAu1kfUHU1VJj4iA1SakQ+ZWvqfW5mOjCy8YPK7Wvm1ZKRT6kgylDd68FmOoeLZtyQqAtwEeIhIQA4lZW3tMH3CuBw==
CvpkDVoitGOJYCxxsDZABA2ev8VJcyzEw3tFptNKNlAbXH7F18n/ZhC03oiJC2napjj0I5k8DEivkhCgabsqrsvLxkSmkpM3tQEzujtirgk=
nrv02KrD5nttwnYsygh4ymb721bKpvBGOiYOIdYZRVdaL4yzp/gqM2c5pssX6dimd2NbauAhjqePqj9CJffEicuky9B2X4tk0SXpvH0nhNqv2SjyAXA1674vao93ZU2uOA==
FkCZRUGB1Bl/VfWCEciixyYc7x4Xj/aO4fCevQeBv75gXP6wmQNpwpYQlNvJ9MwQX/qwGPkzqjZ7YyY8dtrT78XpE4Iraq4R
SP9kdgEIoZNv/sdNXmsxf/csPiFVIXMaPJkKR8vyw1IJP6AJL+znwAqHTwRVnbVMUS9gmgtRRELdCDHL+vfWH5staa4c
gkukgWykw4mOXyWpbhjoIwmomFlmQtX9vHZXDd0cT7SW8v861m+7J0805OJmUvXVqZhifrzp1fLcOnukSFo1hcrM7+2uroq8YyWBF0ugB3yuCw==
2Xsaxjfj1quinMH6qIA9rPfX6EtWe93MyCNlzZyjzS2qBoXnwYJaVUx37Z7FSj8T9sl5QFFYjOvptBNR01RnI3b63R3ymruEt3tcmxBHrQF/rgo=
nrv02KrD5nttwnYsygh4ymb721bKpvBGOiYOIdYZRVdaL4yzp/gqM2c5pssX6dimd2NbauAhjqePqj9CJffEicuky9B2X4tk0SXpvH0nhNqv2SjyAXA1674vao93ZU2uOA==
FkCZRUGB1Bl/VfWCEciixyYc7x4Xj/aO4fCevQeBv75gXP6wmQNpwpYQlNvJ9MwQX/qwGPkzqjZ7YyY8dtrT78XpE4Iraq4R
9eQmic9K7IG9KVdyvSqkK+YoJypVIXMaPJkKR8vyw1IJP6AJL+znwAqHTwRVnbVMUS9gmgtRRELdCDHL+vfWH5staa4c
oV+2HpfmpRLeF7SEXd6nqBxVMZURW5KdITr7S1pJ1ZgVqOjj1ZTPGTfE45vaOrHl9oqfzGsboBO09+nZE65m
gkukgWykw4mOXyWpbhjoIwmomFlmQtX9vHZXDd0cT7SW8v861m+7J0805OJmUvXVqZhifrzp1fLcOnukSFo1hcrM7+2uroq8YyWBF0ugB3yuCw==
nrv02KrD5nttwnYsygh4ymb721bKpvBGOiYOIdYZRVdaL4yzp/gqM2c5pssX6dimd2NbauAhjqePqj9CJffEicuky9B2X4tk0SXpvH0nhNqv2SjyAXA1674vao93ZU2uOA==
znp2ASIaOpRndZ1Zk1ixv9PSxrPDZnjp7ItjtmL4rJ3ACX0MyhhSS1s/mtiKnI6lYjkOK6+ZUCb/0yPKCPHW57daFyI958yJw7TTMF4vs6QJdYEchZcMWicpkJKpoO2rxh+Cr291Ra4w
uQMdLIHaac5SP2u4z0/IWwLEkLF+BBin6Gz+dVZGOT+1Uu49oNdBdlH6q2tqSeW4xegYg0UUf7lnBJN7yjqhxcbKT6ybmzCzBDe5OWOuFg==
/BO3YJQQmxVS7Gc+lmIHFUQNbcXexrHPLfJGbViXmUZ5GtN7YkntqD2IMLMd1Adpz6QLC0K6KXVeKid8I9vow+wXgSlrrh4=
mmKXl0fqsffoFoC3zpxKW2Te7Pc3e/fOVh4tuSn0ujKMxc3+vPYjCPjWrekKoPfhnoLScAOpGbv77N8Qrmc=
oV+2HpfmpRLeF7SEXd6nqBxVMZURW5KdITr7S1pJ1ZgVqOjj1ZTPGTfE45vaOrHl9oqfzGsboBO09+nZE65m
o42r/Y5svOIqztdMhngX+AmrmFlmQtX9vHZXDd0cT7SW8v861m+7J0805OJmUvXVqZhifrzp1fLcOnukSFo1hcrM7+2uroq8YyWBF0ugB3yuCw==
JaRpNiPBAAW1l2q2VRScXdPSxrPDZnjp7ItjtmL4rJ3ACn0MyhhSS1s/mtiKnI6lYjkOK6+ZUCb/0yPKCPHW57daFyI958yJw7TTMF4vs6QJdYEchZcMWicpkJKpoO2rxh+Cr291Ra4w
uQMdLIHaac5SP2u4z0/IWwLEkLF+BBin6Gz+dVZGOT+1Uu49oNdBdlH6q2tqSeW4xegYg0UUf7lnBJN7yjqhxcbKT6ybmzCzBDe5OWOuFg==
/BO3YJQQmxVS7Gc+lmIHFUQNbcXexrHPLfJGbViXmUZ5GtN7YkntqD2IMLMd1Adpz6QLC0K6KXVeKid8I9vow+wXgSlrrh4=
mmKXl0fqsffoFoC3zpxKW2Te7Pc3e/fOVh4tuSn0ujKMxc3+vPYjCPjWrekKoPfhnoLScAOpGbv77N8Qrmc=
oV+2HpfmpRLeF7SEXd6nqBxVMZURW5KdITr7S1pJ1ZgVqOjj1ZTPGTfE45vaOrHl9oqfzGsboBO09+nZE65m
XBp/9tAPmlNn/K/U1YG4YAmqmFlmQtX9vHZXDd0cT7SW8v861m+7J0805OJmUvXVqZhifrzp1fLcOnukSFo1hcrM7+2uroq8YyWBF0ugB3yuCw==
S4YsWkxIhBW8XzyCoWCvnNPSxrPDZnjp7ItjtmL4rJ3AC30MyhhSS1s/mtiKnI6lYjkOK6+ZUCb/0yPKCPHW57daFyI958yJw7TTMF4vs6QJdYEchZcMWicpkJKpoO2rxh+Cr291Ra4w
uQMdLIHaac5SP2u4z0/IWwLEkLF+BBin6Gz+dVZGOT+1Uu49oNdBdlH6q2tqSeW4xegYg0UUf7lnBJN7yjqhxcbKT6ybmzCzBDe5OWOuFg==
/BO3YJQQmxVS7Gc+lmIHFUQNbcXexrHPLfJGbViXmUZ5GtN7YkntqD2IMLMd1Adpz6QLC0K6KXVeKid8I9vow+wXgSlrrh4=
mmKXl0fqsffoFoC3zpxKW2Te7Pc3e/fOVh4tuSn0ujKMxc3+vPYjCPjWrekKoPfhnoLScAOpGbv77N8Qrmc=
mmKXl0fqsffoFoC3zpxKW2Te7Pc3e/fOVh4tuSn0ujKMxc3+vPYjCPjWrekKoPfhnoLScAOpGbv77N8Qrmc=
Bl8NomoMxKJhd4sIEtbkDjYxggvEu9u4//rNZUUhzNiAjk8ldfqKGKGZ8VKVI0nJybzTCWNwDvQhn+lWPlxE/9EI7CSXlgCcge9qYpNvNtguZjObTUVjRhN2rgU=
DmO7pu0fLziQWZx7ULRTkInG1A1AyetyMQ+YCRfc3+AitwfEHU0d7Mm/+BqTwdyitdh5C7IHvv/j3RGuZA==
KJySC3Uglw8izTzKUXFqQ3S99hi9qnfD3slREJk4dHsw9Cthy7Qv0x56da06uqP0TzuEC6jn5dEXrmI=
Tu8flf6EVVu6N1tbV4N4exxVMZURW5KdITr7S1pJ1ZgVqOjj1JTPGTfE45vaOrHl9oqfzGsboBO09+nZE65m
Cb0B4fEyouakHEUwPpMBgQmtmFlmQtX9vHZXDd0cT7SW8v861m+7J0805OJmUvXVqZhifrzp1fPcOnukSFo1hcrM7+2uroq8YyWBF0ugB3yuCw==
nNPD+MhNdMV+CcVfD1PtUryrs5WPCeepieN3WOENSwQXmenHtC1mPz3ht/ufwDuJ1kSVbhbf27fPpEQSJgIV5amogi78GXVjXKobFIgKFXXKvM897h5qLOO1IWeLcGdMrjs=
laiT5osKaepArxlsOyPB4ALEkLF+BBin6Gz+dVZGOT+1Uu49oNdBdlH6q2tqSeW4xegYg0QUf7lnBJN7yjqhxcbKT6ybmzCzBDe5OWOuFg==
YpoaUOETE3UGLSZsFrT7LUQNbcXexrHPLfJGbViXmUZ5GtN7YkntqD2IMLMc1Adpz6QLC0K6KXVeKid8I9vow+wXgSlrrh4=
Nk50YWqEeT/STgbBJh94LGTe7Pc3e/fOVh4tuSn0ujKMxc3/vPYjCPjWrekKoPfhnoLScAOpGbv77N8Qrmc=
Tu8flf6EVVu6N1tbV4N4exxVMZURW5KdITr7S1pJ1ZgVqOjj1JTPGTfE45vaOrHl9oqfzGsboBO09+nZE65m
p27QYRO3K1tO1WqKmyyC7AmsmFlmQtX9vHZXDd0cT7SW8v861m+7J0805OJmUvXVqZhifrzp1fPcOnukSFo1hcrM7+2uroq8YyWBF0ugB3yuCw==
ka64r0OkKJZng/NcThkNTXWesbKnqJB9MYWTc90+EyreAF5LWSeO6P60kkVeUVr7W6EcZjMrl5pcWSpHKzKj0ql/QAlPLEdA6scuBHXdVcwx70Ca6xHkwn1I0cvaN3afe21Jrjw=
laiT5osKaepArxlsOyPB4ALEkLF+BBin6Gz+dVZGOT+1Uu49oNdBdlH6q2tqSeW4xegYg0QUf7lnBJN7yjqhxcbKT6ybmzCzBDe5OWOuFg==
YpoaUOETE3UGLSZsFrT7LUQNbcXexrHPLfJGbViXmUZ5GtN7YkntqD2IMLMc1Adpz6QLC0K6KXVeKid8I9vow+wXgSlrrh4=
Nk50YWqEeT/STgbBJh94LGTe7Pc3e/fOVh4tuSn0ujKMxc3/vPYjCPjWrekKoPfhnoLScAOpGbv77N8Qrmc=
Tu8flf6EVVu6N1tbV4N4exxVMZURW5KdITr7S1pJ1ZgVqOjj1JTPGTfE45vaOrHl9oqfzGsboBO09+nZE65m
6n8rY9BKArXfGJ6dRf0lBQmvmFlmQtX9vHZXDd0cT7SW8v861m+7J0805OJmUvXVqZhifrzp1fPcOnukSFo1hcrM7+2uroq8YyWBF0ugB3yuCw==
7tAE/GLjw5t1A9/zk6QpY3WesbKnqJB9MYWTc94+EireAF5LWSeO6P60kkVeUVr7W6EcZjMrl5pcWSpHKzKj0ql/QAlPLEdA6scuBHXdVcwx70Ca6xHkwn1I0cvaN3afe21Jrjw=
8shdBxukZR49areUSbL+eXWesbKnqJB9MYWTc90+EireAF5LWSeO6P60kkVeUVr7W6EcZjMrl5pcWSpHKzKj0ql/QAlPLEdA6scuBHXdVcwx70Ca6xHkwn1I0cvaN3afe21Jrjw=
rcSZZJ7ho8zsf4/qjWk3kSYc7x4Xj/aO4fCevQeBv75gXP6wmQNpwpYQlNvJ9cwQX/qwGPkzqjZ7YyY8dtrT78XpE4Iraq4R
p27QYRO3K1tO1WqKmyyC7AmsmFlmQtX9vHZXDd0cT7SW8v861m+7J0805OJmUvXVqZhifrzp1fPcOnukSFo1hcrM7+2uroq8YyWBF0ugB3yuCw==
ka64r0OkKJZng/NcThkNTXWesbKnqJB9MYWTc90+EyreAF5LWSeO6P60kkVeUVr7W6EcZjMrl5pcWSpHKzKj0ql/QAlPLEdA6scuBHXdVcwx70Ca6xHkwn1I0cvaN3afe21Jrjw=
laiT5osKaepArxlsOyPB4ALEkLF+BBin6Gz+dVZGOT+1Uu49oNdBdlH6q2tqSeW4xegYg0QUf7lnBJN7yjqhxcbKT6ybmzCzBDe5OWOuFg==
YpoaUOETE3UGLSZsFrT7LUQNbcXexrHPLfJGbViXmUZ5GtN7YkntqD2IMLMc1Adpz6QLC0K6KXVeKid8I9vow+wXgSlrrh4=
Nk50YWqEeT/STgbBJh94LGTe7Pc3e/fOVh4tuSn0ujKMxc3/vPYjCPjWrekKoPfhnoLScAOpGbv77N8Qrmc=
Tu8flf6EVVu6N1tbV4N4exxVMZURW5KdITr7S1pJ1ZgVqOjj1JTPGTfE45vaOrHl9oqfzGsboBO09+nZE65m
6n8rY9BKArXfGJ6dRf0lBQmvmFlmQtX9vHZXDd0cT7SW8v861m+7J0805OJmUvXVqZhifrzp1fPcOnukSFo1hcrM7+2uroq8YyWBF0ugB3yuCw==
8shdBxukZR49areUSbL+eXWesbKnqJB9MYWTc90+EireAF5LWSeO6P60kkVeUVr7W6EcZjMrl5pcWSpHKzKj0ql/QAlPLEdA6scuBHXdVcwx70Ca6xHkwn1I0cvaN3afe21Jrjw=
hz+bfpEOf32e53IknSqXSy0QqiHREkUMChWLcQHjT4rookSE3MvboxRgBAAA1cyl4JPBBf7GUY9NcuYteJf5htmac7sCSQ3onQiQ8/zUJ6lvJOvLIroJNf6qR7zD28gDjJdhaUuuPg==
rcSZZJ7ho8zsf4/qjWk3kSYc7x4Xj/aO4fCevQeBv75gXP6wmQNpwpYQlNvJ9cwQX/qwGPkzqjZ7YyY8dtrT78XpE4Iraq4R
p27QYRO3K1tO1WqKmyyC7AmsmFlmQtX9vHZXDd0cT7SW8v861m+7J0805OJmUvXVqZhifrzp1fPcOnukSFo1hcrM7+2uroq8YyWBF0ugB3yuCw==
ZpwaxeFbNDn2RAwa9NT4iy0QqiHREkUMChWLcQHjT4rpokSE3MvboxRgBAAA1cyl4JPBBf7GUY9NcuYteJf5htmac7sCSQ3onQiQ8/zUJ6lvJOvLIroJNf6qR7zD28gDjJdhaUuuPg==
laiT5osKaepArxlsOyPB4ALEkLF+BBin6Gz+dVZGOT+1Uu49oNdBdlH6q2tqSeW4xegYg0QUf7lnBJN7yjqhxcbKT6ybmzCzBDe5OWOuFg==
YpoaUOETE3UGLSZsFrT7LUQNbcXexrHPLfJGbViXmUZ5GtN7YkntqD2IMLMc1Adpz6QLC0K6KXVeKid8I9vow+wXgSlrrh4=
Nk50YWqEeT/STgbBJh94LGTe7Pc3e/fOVh4tuSn0ujKMxc3/vPYjCPjWrekKoPfhnoLScAOpGbv77N8Qrmc=
Tu8flf6EVVu6N1tbV4N4exxVMZURW5KdITr7S1pJ1ZgVqOjj1JTPGTfE45vaOrHl9oqfzGsboBO09+nZE65m
q8yW/dWFNxmh0+s+QzkFuAmtmFlrT9X9vHZXDd0cT7SW8v861m+7J0805OJmUvXVqZhifrzp1fPcOnukSFo1hcrM7+2uroq8YyWBF0ugB3yuCw==
Cb0B4fEyouakHEUwPpMBgQmtmFlmQtX9vHZXDd0cT7SW8v861m+7J0805OJmUvXVqZhifrzp1fPcOnukSFo1hcrM7+2uroq8YyWBF0ugB3yuCw==
YZkd2j77Od5vd7k54BPRibLEdwX+735a3V3PTamHX0zxGUMAF53h06Q5TlsdBZ+vzxTzzZYAXbpGi3NTb8DshraWnWEpLAq6bI3dB/xOs0DY3t0xivgH6b5KQsjD0Qlzm2RvSK4/
laiT5osKaepArxlsOyPB4ALEkLF+BBin6Gz+dVZGOT+1Uu49oNdBdlH6q2tqSeW4xegYg0QUf7lnBJN7yjqhxcbKT6ybmzCzBDe5OWOuFg==
YpoaUOETE3UGLSZsFrT7LUQNbcXexrHPLfJGbViXmUZ5GtN7YkntqD2IMLMc1Adpz6QLC0K6KXVeKid8I9vow+wXgSlrrh4=
Nk50YWqEeT/STgbBJh94LGTe7Pc3e/fOVh4tuSn0ujKMxc3/vPYjCPjWrekKoPfhnoLScAOpGbv77N8Qrmc=
Tu8flf6EVVu6N1tbV4N4exxVMZURW5KdITr7S1pJ1ZgVqOjj1JTPGTfE45vaOrHl9oqfzGsboBO09+nZE65m
6n8rY9BKArXfGJ6dRf0lBQmvmFlmQtX9vHZXDd0cT7SW8v861m+7J0805OJmUvXVqZhifrzp1fPcOnukSFo1hcrM7+2uroq8YyWBF0ugB3yuCw==
hz+bfpEOf32e53IknSqXSy0QqiHREkUMChWLcQHjT4rookSE3MvboxRgBAAA1cyl4JPBBf7GUY9NcuYteJf5htmac7sCSQ3onQiQ8/zUJ6lvJOvLIroJNf6qR7zD28gDjJdhaUuuPg==
laiT5osKaepArxlsOyPB4ALEkLF+BBin6Gz+dVZGOT+1Uu49oNdBdlH6q2tqSeW4xegYg0QUf7lnBJN7yjqhxcbKT6ybmzCzBDe5OWOuFg==
YpoaUOETE3UGLSZsFrT7LUQNbcXexrHPLfJGbViXmUZ5GtN7YkntqD2IMLMc1Adpz6QLC0K6KXVeKid8I9vow+wXgSlrrh4=
Nk50YWqEeT/STgbBJh94LGTe7Pc3e/fOVh4tuSn0ujKMxc3/vPYjCPjWrekKoPfhnoLScAOpGbv77N8Qrmc=
NqWB2wDEyjtJh49Gl/6IrTYxggvEu9u4//rNZUUhzNiAjk8ldfqKGKGZ8VKVI0nJybzTCWNwDvQhn+lWPlxE/9EJ7CSXlgCcge9qYpNvNtguZjObTUVjRhN2rgU=
WsilbYbSi8OOkWXiBfa6uonG1A1AyetyMQ+YCRfc3+AitwbEHU0d7Mm/+BqTwdyitdh5C7IHvv/j3RGuZA==
AF9WpiVCRUP2mu+QIG1PVXS99hi9qnfD3slREJk4dHsx9Cthy7Qv0x56da06uqP0TzuEC6jn5dEXrmI=
DmO7pu0fLziQWZx7ULRTkInG1A1AyetyMQ+YCRfc3+AitwfEHU0d7Mm/+BqTwdyitdh5C7IHvv/j3RGuZA==
AF9WpiVCRUP2mu+QIG1PVXS99hi9qnfD3slREJk4dHsx9Cthy7Qv0x56da06uqP0TzuEC6jn5dEXrmI=
ZDQBksZepebmym3YOUH1c1rU5tZNcyzEw3tFptNKNlBIHDnb3s/jJRu03oiJC2napjj0I5k8DEivkhCgabsqrsvLxkSmkpM3tQEzujtirgk=
bHEo/c+D31gkFF4bAvXSHTQQ/glVjLGJ5KvZow6Ho/1rXP6wmQNpwpYQlNvJ9MwQX/qwGPkzqjZ7YyY8dtrT78XpE4Iraq4R
oV+2HpfmpRLeF7SEXd6nqBxVMZURW5KdITr7S1pJ1ZgVqOjj1ZTPGTfE45vaOrHl9oqfzGsboBO09+nZE65m
5P6Jg9NB80P8aD9cfYtUNAmev8VJcyzEw3tFptNKNlAbXH7F18n/ZhC03oiJC2napjj0I5k8DEivkhCgabsqrsvLxkSmkpM3tQEzujtirgk=
GwRmCWfhqL8rRX8a4MYShghocz1TaitoXf7F71MEPOXxvvJaOLKLcVY8JYa2twtvj/yUOkYq5d2pkHIGnDGlOhxyy3wo4qUNSkR/VU72OnQjbXFPa1gXdK4D
1a1UIfKY8CKkso0NmywpgJxRyX1FjHlEo7ItGjWHto/XTlgJEZS7nNkxhOaruw86NIniB2MCS/LRT7gJNxy/YIL358Q9jb1sqX/YGnOBfCLVGBkLkkdef0Mdca4E
/BO3YJQQmxVS7Gc+lmIHFUQNbcXexrHPLfJGbViXmUZ5GtN7YkntqD2IMLMd1Adpz6QLC0K6KXVeKid8I9vow+wXgSlrrh4=
mmKXl0fqsffoFoC3zpxKW2Te7Pc3e/fOVh4tuSn0ujKMxc3+vPYjCPjWrekKoPfhnoLScAOpGbv77N8Qrmc=
oV+2HpfmpRLeF7SEXd6nqBxVMZURW5KdITr7S1pJ1ZgVqOjj1ZTPGTfE45vaOrHl9oqfzGsboBO09+nZE65m
1y4v5MXuxQ3nZgvqXTowvQqev8VJcyzEw3tFptNKNlAbXH7F18n/ZhC03oiJC2napjj0I5k8DEivkhCgabsqrsvLxkSmkpM3tQEzujtirgk=
GwRmCWfhqL8rRX8a4MYShghocz1TaitoXf7F71MEPOXxvvJaOLKLcVY8JYa2twtvj/yUOkYq5d2pkHIGnDGlOhxyy3wo4qUNSkR/VU72OnQjbXFPa1gXdK4D
I7w9R/EbLOXZBckp2NVCO5xSyX1FjHlEo7ItGjWHto/XTlgJEZS7nNkxhOaruw86NIniB2MCS/LRT7gJNxy/YIL358Q9jb1sqX/YGnOBfCLVGBkLkkdef0Mdca4E
/BO3YJQQmxVS7Gc+lmIHFUQNbcXexrHPLfJGbViXmUZ5GtN7YkntqD2IMLMd1Adpz6QLC0K6KXVeKid8I9vow+wXgSlrrh4=
mmKXl0fqsffoFoC3zpxKW2Te7Pc3e/fOVh4tuSn0ujKMxc3+vPYjCPjWrekKoPfhnoLScAOpGbv77N8Qrmc=
mmKXl0fqsffoFoC3zpxKW2Te7Pc3e/fOVh4tuSn0ujKMxc3+vPYjCPjWrekKoPfhnoLScAOpGbv77N8Qrmc=
qp4sPFMHvDlou9wTFOP7NjYxggvEu9u4//rNZUUB7NiAjk8ldfqKGKGZ8VKVI0nJybzTCWNwDvQhn+lWPlxE/9EI7CSXlgCcge9qYpNvNtguZjObTUVjRhN2rgU=
nMblB+g4w8gflBELcRGOVRQw3il1jJGpxIvZgy6ng/1rXP6wmQNpwpYQlNvJ9MwQX/qwGPkzqjZ7YyY8dtrT78XpE4Iraq4R
YTKvyT2M7A2X7LOud9JDYDxVEbUxe5KdITr7S1pJ1ZgVqOjj1ZTPGTfE45vaOrHl9oqfzGsboBO09+nZE65m
4zCFjyUNCptVY9qUk/DHPmkf3fhBfI69YeY7PX0iMoUENyXu7Won4+7JYTBJeKQboXTbATv037MOemWNCvoTVP+7FKv4J7UxZ64S
JHqmGtFumbeZPY1XigAWBXqJ2lzoJtcexmuzM2/grCY29l1BKQzK2uwtnSb8LnOgWH4dUYoYR0k+KgIow/HJ0xuEL2iuHw==
GfWbB/x6x5rd3xsAz7E9lsYIBwpVIXMaPJkKR8vyw1IJP6AJL+znwAqHTwRVnbVMUS9gmgtRRELdCDHL+vfWH5staa4c
T4A9fur1XIBGf0kJhECDZeszMCIQb3oYIZYWX4j5w1IJP6AJL+znwAqHTwRVnbVMUS9gmgtRRELdCDHL+vfWH5staa4c
Bl8NomoMxKJhd4sIEtbkDjYxggvEu9u4//rNZUUhzNiAjk8ldfqKGKGZ8VKVI0nJybzTCWNwDvQhn+lWPlxE/9EI7CSXlgCcge9qYpNvNtguZjObTUVjRhN2rgU=
dUAWtVVmZW9qGJWMqlKwcihD1vEhqX1zUXgVSjHJ49gQTz+KhnrFzamAUlZcgQXKnMIrDOgyxR1KVJ8FDgZaxKMd0f8riDdkrhM=
7wGkt85dTqsBpllqY7VBRihD1vIhqX1zUXgVSjHJ49gQTz+KhnrFzamAUlZcgQXKnMIrDOgyxR1KVJ8FDgZaxKMd0f8riDdkrhM=
OPd8YPqDEAVQ7XJskakcIChD1vAhqX1zUXgVSjHJ49gQTz+KhnrFzamAUlZcgQXKnMIrDOgyxR1KVJ8FDgZaxKMd0f8riDdkrhM=
uYnJE+u4yqpx/2ARf4Wk8ipD1vIhqX1zUXgVSjHJ49gQTz+KhnrFzamAUlZcgQXKnMIrDOgyxR1KVJ8FDgZaxKMd0f8riDdkrhM=
oM/EhBN6Ew07kpVazRzgnd5B+hrJSvFzovE+NZWKT/PmyWkgoRhcS3k0Y7FjFLdDhvrtPaJayyQH+8z7wAedIW+uGg==
oV+2HpfmpRLeF7SEXd6nqBxVMZURW5KdITr7S1pJ1ZgVqOjj1ZTPGTfE45vaOrHl9oqfzGsboBO09+nZE65m
dBHaTz7wXLBnq3QfENTDXkk//dhhXK69QcY7PX0iMoUENyXu7Won4+7JYTBJeKQboXTbATv037MOemWNCvoTVP+7FKv4J7UxZ64S
tB1WH/tih1aiXWYRz88+2BsGeoRzoG7B7+UfEtjobiwRh+lODoQkZ2FQLHynjmBEMXfq+iO3VsAePvPD/d0DniNurh0=
mmKXl0fqsffoFoC3zpxKW2Te7Pc3e/fOVh4tuSn0ujKMxc3+vPYjCPjWrekKoPfhnoLScAOpGbv77N8Qrmc=
5a5DdfiSPUeffyrOiKDZszT2+FW7pmre2fVRTaACL1wk9Cthy7Qv0x56da06uqP0TzuEC6jn5dEXrmI=
krZFNRtYAE6h6cRPqJUWnYYgOMJxdxrhIlhu8h+NTGC/inBoGUOqRpsT5kyWqlOfJZnT8ssarmE=
5a5DdfiSPUeffyrOiKDZszT2+FW7pmre2fVRTaACL1wk9Cthy7Qv0x56da06uqP0TzuEC6jn5dEXrmI=
krZFNRtYAE6h6cRPqJUWnYYgOMJxdxrhIlhu8h+NTGC/inBoGUOqRpsT5kyWqlOfJZnT8ssarmE=
DyAuWdpQzGujXcR2LyBetVqx+kifPJNZyHKlMnTwpCs591BZNwyE/dZyuDP8LnOgWH4dUYoYR0k+KgIow/HJ0xuEL2iuHw==
tzH2JKif0AaMicf6zV2fnVqx+kifPJNZyHanPHTwpCs591BZNwyE/dZyuDP8LnOgWH4dUYoYR0k+KgIow/HJ0xuEL2iuHw==
2eQr6uMeQTMNt6M/YSZh59qVjmQcPReX3h5wo93qrJy8fFN/x5sv7enwNDJaLaqBm0ShSpzqG98nH30sxfH4NllD/sZ5pF13aFntSrPFiZSGuLso7K2+xVx1ygxYe4C/jP4KWUhQlprt6BSSd4c08rcS9m//nnsbPSbSoyPfU2lTGgrRlwWMOM8CUJDJaypeK9sG9IbCE0fVkXOKm7Ku+Q==
PbM1qS9SbkHeJL7rQ4pJ+ZdW/wLJQ/Agt/t9Y47JX////zl11i4dZHk0Y7FjFLdDhvrtPaJayyQH+8z7wAedIW+uGg==
OhfrrjEREGLUZoiaMfjVzXmRI1UqYm8UtzMIKi8e0Jq1TmkFV1TuiStPqCLV6hzzyJn8aE+VJpSZz6lZYRptQSIXetOcWVM4zRfLdjw2eqrYrleKssDIohsWSkJRbrWLtcBZNf6EFSmHeuwFLxNE6+uW2BE2c35dH/bi/SRU94l/5Htr8rrZ1W5qV1wTWzjjfFeRibuuzg==
5a5DdfiSPUeffyrOiKDZszT2+FW7pmre2fVRTaACL1wk9Cthy7Qv0x56da06uqP0TzuEC6jn5dEXrmI=
krZFNRtYAE6h6cRPqJUWnYYgOMJxdxrhIlhu8h+NTGC/inBoGUOqRpsT5kyWqlOfJZnT8ssarmE=
q+IDuy6SfgJsYnqt822b2V+vNq0XJzHooi1azJ6sc+C7LFl3zja/ZLHlSTydZ6fazxiIcuEwFeve78oPlyVtrhg=
xOkN0x8rhckOpywf9xFhnPctPS4bZ3pda99WCMa1xlwSJPdgP6TV51KuWwRVnbVMUS9rmgtQRELdCDHL+vfWH5staa4c
7AvV503wWPO6+KIZfXbapTT2+FW7pmre2fVRTaACL1wk9Cthy7Qv0x55daw6uqP0TzuEC6jn5dEXrmI=
4FEXzxp0MzObiiw4I+tf6IYgOMJxdxrhIlhu8h+NTGC/inBoGUOpRpoT5kyWqlOfJZnT8ssarmE=
uqTDMX5xqHN+jxNuJ89qXnS99hi9qnfD3slREJk4dHsx9Cthy7Qv0xt7daM6uqP0TzuEC6jn5dEXrmI=
Rt8n0L7SOx/xs9zvQEcu4BxVMZURW5KdITr7S1pJ1ZgVqOjj1ZTPGTfE45vfOrHr9oqfzGsboBO09+nZE65m
nkKyHCsSRqA2YMCcJdmMwQiev8VJcyzEw3tFptNKNlAbXH7F18n/ZhC03oiJC2napjj0I5k8DEivkhCgabAprsXLxkSmkpM3tQEzujtirgk=
M/9nim+gDJlJvGU0fQIUOXwzHmTrjZq3ZKq5rKgFQYdnHN9+8+KvTMsIVnv6YiTtj09Ltcqj/pczJSawQ1v0zV4j3L68v4k2M+1p7Qk2FJ8fu/Ryo1F+X4MJkmSgHkTkgYZq8bjLs8ca7kc4TIh3G6xnH3mqPFhCRVCz98sY6hIYb3qtzGO0IknPwn8ygY+Vy+4xscwNkxAQFg22R/cpKYnDPBqow/lTFicOS0v3yD2etLDk3eSzm0PKuguYUuc3JHnx+8Ct+5FG+0pTR1b/BHQnD60A8+yY212LhivfQeLwlPk/o+mIi+BIvRQziIHTDTn9GsjkLJdCJQRvpFMLHBWXb2XXAbBxKB55hzZgLdzY58FGAuFkxyvJyRzdOqNFDSMfTXc2kLXpXIP5DUuFmLREdSRSgxxEZ9zM4d8kGEsKheHXVEbzz6RQYRU6uo6x61Vu+SF8Bz+hYj4mWP4SZv3uAEB6xrHegBZzfref3+iTcYwk560N0gbRbUNm/+Ge8vUEM8y5tX5oaYYEtV2VzHFvBp6rn6TCPciRy5q3tp+77Ymu/A==
YPq74nrLNJbzGnhNPQIjYpJBHHqarhAyjZiw5DHHAQtRPvsTX6frm1ql1QnVfvn7E2mZkkp8ENy2Z16xqFfsc03d/FIdkABWrLkQtl/reEm/lbph631XmLbHln6QUApRP1WcKXoP6toWTGMS4HEyX1FvSCoNaKasZROuc/VZwOiaCpf02WdBnHi6eruw7Qa31gpby8hvWKVd3Qk6WxEmmRGYgrLn5g0zewFr1zYaotcbe0TjRBuhU1q1HCBaRLcwcdOR7tAbklb1H0atO7sKeZk51H/Awy3yLUy282WN6ufukMl5YdZhGxNKEgBzvyl9aiOyjPdE2ayT2w8tFzqiMO7fkIFu/y7XmbR3Q6UlHdXSWToac5dcRP+UGjOr5uh15k+5bSNMl/7xbe83FU19InKdu5jJqefvFxA20J+EOFfeDLX4pvHVIApjaFErl56SkWc21OuFUB5c+SmBBNnLaAU3s0bUdhI6QM4feorA8FJTdtLSOS5du83gkWVmBI15z5rUdQfT7HtzNpAhznMGbddWem2MFN95R4Szu2w+QQsmSq9se5vQc+S3WfmDrvY=
YPq74nrLNJbzGnhNPQIjYpJBHHqarhAyjZiw5DHHAQtRPvsTX6frm1ql1QnVfvn7E2mZkkp8ENy2Z16xqFfsc03d/FIdkABWrLkQtl/reEm/lbph631XmLbHln6QUApRP1WcKXoP6toWTGMS4HEyX1FvSCoNaKasZROuc/VZwOiaCpf02WdBnHi6eruw7Qa31gpby8hvWKVd3Qk6WxEmmRGYgrLn5g0zewFr1zYaotcbe0TjRBuhU1q1HCBaRLcwcdOR7tAbklb1H0atO7sKeZk51H/Awy3yLUy282WN6ufukMl5YdZhGxNKEgBzvyl9aiOyjPdE2ayT2w8tFzqiMO7fkIFu/y7XmbR3Q6UlHdXSWToac5dcRP+UGjOr5uh15k+5bSNMl/7xbe83FU19InKdu5jJqefvFxA20J+EOFfeDLX4pvHVIApjaFErl56SkWc21OuFUB5c+SmBBNnLaAU3s0bUdhI6QM4feorA8FJTdtLSOS5du83gkWVmBI15z5rUdQfT7HtzNpAhznMGbddWem2MFN95R4Szu2w+QQsmSq9se5vQc+S3WfmDrvY=
+ekHgSl3kojIMa0zUHWXj76kgfRChQdILSFE8ST2z7Gt0JTxPmMRwDxd2QHnbXXGvgxXxKOpRcb16E0gx3aerxlxbIcja/xLFP3H+U0T9RjxV89AlQ4iabtDyMOguwPIASH3AdcjkNkAJtSjsfMdlqsF5EYgX/Zaz9ulxgkR2s3+ysoCH2i2F1ZfnVONJ1WxLnalI0dBX0LhHExIIVeLJox/rNz+BDl0DW7RNRqj1Rx/Se1PE5hJpakpNilUpkJm54wQyyN7PNozI0sYm+tbvt25Ueur9MhysOPFtv3bNZlE9CeajijRXIbXRrD/aL8tZ3/CPIygdiyH+nuk6vOCOatNPzUHh3122NLlxsW8tzX9l/QYP8U+YCiPxThWGedR28TzmNQedH7harGWzfyg9Rk2FkIhXnVojINGbBSppUm4KIY9SbzKpc+NN4g3/zA2A9t6QG0JpIOF/DdXKXo68mMOmK+u23CPglq8yQAxEJSynxxyZqTh8jzks1VUXEuYbolL3KvFURzatQctEyePsHJXA2c8xoNYuKbNfw4wGRFeUnJAg9l567tc/4Cu9w==
ItmbNDcdmwO5rQ3oR2UFbAlfU3p/bRBh7GPBxZjuvH64ikQemhhvPvULIohAdQ1bSyp0ZYYwEV3/PFzsM43MyfxN4muAO3fAxJH4fwulsHGur55i+hw/+tRxBrcNP6SSechy9EnjkhshmZRAZrr7LA0HdWRU6qYTxG3yH4rad7P8jwz9sW11ko9RcnEt6K5qs0b5ixfRt78CGpa/x6soW7C79Yt2xSDIDgRjmA1jfbaE+6Yu2c8aBc87ftFFafiH9KP5KkH8SlsxTT6P0mDlIbV2FaP/Gk7oR78dlTZzXjSD5A30vyszRcP69pgSb/xZup8aL7Xkq+vRpel9jokWYkd3CBwTJGabf6a8ndo/lbV37GNGnb0zXyFNSUquTdcgPQmzNztgCjjLxOz/orxZoPIR4VgmszT53xfqOk03Gizf5YTGMEnVKVAZHwA5x58eANZmgqyeQ5K+wMS6DyY+ak2OiePhEK0NssTZ0TMquK3Ts9iDX2ZMibrz8sWLhlYVuPSLIas0zxO4fhXjGjqDtC87JMuIZ4WRt67C
ytqHOUww0o65iME8phA+OI8Ljcr8eP8VGAA0xc8qFOkoYfGdlJy7/BAFERmZxW8WKwH9dHPe3r2tWLCjzqgv/F7bc3fQ0pvLCSK5X1PLh0WMy2hoIBkxRfHU8xvgLBCZSihHNfGc6QfW7wZ0roiPzurFflGpqc1R+TO2KGEJN0ejcKmy2NKBgUdEtIGIli7ipebloKUPGpW53qfXaaWj3nVXoUfi8zQwzsSfsvTBM13giJut/2JbHXe8xWcVQVtytMB4zdGs3Y15e/yKg1DeTs1O7pmyCn/eU28/YcZWvGbKXg8UL/4K5Y4bU/Nbv5chIaTw3NE8hcobt2XJMDJPw8JSYCFRovbPKzPjOtfSBPjo7AmkxazNysw3waiSqJEYSZqE7ZK2dD8p68AWYjdZmhb3ZwOD8vcJHDQbBT7qnY/YMU3SI00JLHYQ23A8Zf69bJ3qFEhzgIf81uqBGBhWYl2AtArnD7RKR7qWNy9WO2MNzvK7M9dTUSMy6gnHTUzAf2rwCFnlrubVc2asVgpTP+V5U5KLuq7B
nakusJPMXPp1ZSTtnVMwvmSd2GKTp16BwrBFy7v/ORnQNnufx4KXE31ZHE/aye278zVn8lev9q6hEB7dx6G/nqA8flDZI2ni1vAUuwnUzDCfmjD4uRGqFj+Eply2+tPPBYmTYmtKrjE=
7pZKJ0WY4L1HacX06rS5qC6MnbsJCuDomRt2FGDJyKZng2sqMIH+Jx/Kj4J11zSJu4QbkMa/G+Qhhbl8TUeU2b/937JRkIVrLo8aT6cFfa4I
dpImAAPW37ItSg1jhcTY+2Sd2GKTp16BwrBFy7v/ORnQNnufx4KXE31ZHE/aye278zVn8lev9q6hEB7dx6G/nqA8flDZI2ni1vAUuwnUzDCfmjD4uRWpFj+Eply2+tPPBYmTYmtKrjE=
cebS7GfGrmOl6gfm7caGT0QNbcXexrHPLfJGbViXmUZ5GtN7YkntqD2IMLMd1Adpz6QLC0G4KXFZKid8I9vow+wXgSlrrh4=
PHqMZ1itvW2iWLLO1ArR0mTe7Pc3e/fOVh4tuSn0ujKMxc3+vPYjCPjWre8IoPPmnoLScAOpGbv77N8Qrmc=
A5v3mFWmNqAbMVUiBxX9CTT2+FW7pmre2fVRTaACL1wk9Cthy7Qv0x1+dak9uqP0TzuEC6jn5dEXrmI=
mhIHsDDhFk7u4qsy2D1ZaYYgOMJxdxrhIlhu8h+NTGC/inBoGUCuRp8U5kyWqlOfJZnT8ssarmE=
ekmOtAHLu7kPn4x3snJwO3S99hi9qnfD3slREJk4dHsw9Cthy7Qv0x17dag9uqP0TzuEC6jn5dEXrmI=
astwVza+KH9K6QTMJklC8hxVMZURW5KdITr7S1pJ1ZgVqOjj1JTPGTfE45vRO7Hg8YqfzGsboBO09+nZE65m
SzgGFlzdRzRUpVlc3/flTgiev8VJcyzEw3tFptNKNlAbXH7F18n/ZhC03oiJC2napjj0I5k9DEivkhCgaboprs7MxkSmkpM3tQEzujtirgk=
QkmKoBgAvB2QIwitxfnIpy6MnbsJCuDomRt2FGDJyKZng2sqMIH+Jx/Kj4J11zSJu4QbkMa/GuQhhbl8TUef2b/837JRkIVrLo8aT6cFfa4I
9zxFezXXSFLx6ItTIAh+T2Sd2GKTp16BwrBFy7v/ORnQNnyfx4KXE31ZHE/aye278zVn8lev9q6hEB7dx6G/nqA8flDZI2ni1vAUuwnVzDCfmjD4uRCuFj6Eply2+tPPBYmTYmtKrjE=
PcHb6wLQlF7+fp6naUPp/wLEkLF+BBin6Gz+dVZGOT+1Uu49oNdBdlH6q2tqSeW4xegYg0QUf7lnBJN7wD6hwMHKT6ybmzCzBDe5OWOuFg==
Rc1AlSpFQo7k+TrFu5b3+0QNbcXexrHPLfJGbViXmUZ5GtN7YkntqD2IMLMc1Adpz6QLC0K6KXdZKid8I9vow+wXgSlrrh4=
WPkJNcBIHPp8hL6NHr5HfWTe7Pc3e/fOVh4tuSn0ujKMxc3/vPYjCPjWreIKoPXmnoLScAOpGbv77N8Qrmc=
LOJJvU6+E56VXpOAGSWdOjT2+FW7pmre2fVRTaACL1wk9Cthy7Qv0x15da89uqP0TzuEC6jn5dEXrmI=
ak0RL0I1BC4/o29ZLOyDAoYgOMJxdxrhIlhu8h+NTGC/inBoGUCpRpkU5kyWqlOfJZnT8ssarmE=
CawfPjjKHDptQy6AAZZ441icz7RsURW3qWXiMAEBNnbsFeE1odsCfVH6q2tqSeW4xegYg0UUf7lnBJN7wTihx8HKT6ybmzCzBDe5OWOuFg==
vOkb6lDKHcH56N/CR5x5pzgxeRq/OHO1uwQe2Gl7acqGCLTz+cyM2A8i0PCJzS++6fyGlMZiE6cVsfPq2xKuGQ==
q0ic42pRbHlSgXlg1qa4Zgiev8VJcyzEw3tFptNKNlAbXH7F18n/ZhC03oiJC2napjj0I5k8DEivkhCgaboursnMxkSmkpM3tQEzujtirgk=
PjQc/jBU7droWwz/hWHFxgLEkLF+BBin6Gz+dVZGOT+1Uu49oNdBdlH6q2tqSeW4xegYg0UUf7lnBJN7zz6hx8HKT6ybmzCzBDe5OWOuFg==
ZsJTJ5QC+plciNUXDjc0vEQNbcXexrHPLfJGbViXmUZ5GtN7YkntqD2IMLMd1Adpz6QLC0m+KXdZKid8I9vow+wXgSlrrh4=
yNg6wXb+l9UaRT/lAVhf15ffX1rGiqU9qXAyphxRZVocUovcqALlJ05kvTLOVvpUI40xr+v41xSuYw==
weCZvawNxCFOVcGlBiPO0zT2+FW7pmre2fVRTaACL1wk9Cthy7Qv0xh7da49uqP0TzuEC6jn5dEXrmI=
mD92LHm3ZYgdFDnYerEwYYYgOMJxdxrhIlhu8h+NTGC/inBoGUWrRpgU5kyWqlOfJZnT8ssarmE=
zgCzEgByJ34YrRt0RAlM5PctPS4bZ3pda99XCMa1xlwSJPdgP6TV51KuWwRVnbVMUS9kmgtRQ0LdCDHL+vfWH5staa4c
VP5K2YqvB4VXkVzrTiSczV+vNq0XJzTooi1azJ6sc+C7LFl3zja/ZLHlSTydZ6fZzxmPcuEwFeve78oPlyVtrhg=
pITyPBpycv6ES/GdKRemSTT2+FW7pmre2fVRTaACL1wk9Cthy7Qv0xp7daw9uqP0TzuEC6jn5dEXrmI=
AOEm3DET6qvXIP/RqxUwUoYgOMJxdxrhIlhu8h+NTGC/inBoGUerRpoU5kyWqlOfJZnT8ssarmE=
WgK2YG5aZ80o2ylzyaJc9KtGnZPKl7tngiVpbGQgwVl/iIElPelD284kKsyTOeroiavY1azjfxI2ZVlSLjasOSxbsK8KRcQgL17o1vfNzk6E9tzeRuAvBMO0M5Fz1MfjVfq93BUa28RXezzbsMcNQV+uKg==
+NSZDpy1GbZrTAiIqFNV7KtGnZPKl7pngiVpbGQgwVl/iIElPelD284kKsyTOeroiavY1azjfxI2ZVlSLjasOSxbsK8KRcQgL17p1vfNzk6E9tzeRuAvBMO0M5Fz1MfjVfq93BUa28RXezzbsMcNQV+uKg==
DSMva3ENkzJOA3QYvg2WxgG4c/lcaFLo9idUyIe7N/rvO0ps1jy/ZLHlSTydZ6fazxiPcuEwFeve78oPlyVtrhg=
4FYj96ckAyfT2SWPKAGKX7dYHG2maDVWLZ/aXD+O3IplyiwYMmOEC7XmhRcovUGrRcNcd0i1NG7K/9Eb19I1G9xYGWk7qxbDNXSmWRwISaui7Vieu2vPDeNbhApkh9Au7YxadRgXbVC4uirUN8fE96Wf/CawoJkkz39xuXubzSvpBsKOk3Jg006niPNyJkS1AE3o6ELj5A6G2BmOzJhLKZQgs+Se9bOgS7mpYCrJ/1GTW3fMgiv7G9y6eyRI2jUGykzuaq4uijxjpYGXSyAH/K6L
DMVRhNXMKNoRlHaq26XlnmIaPKz68U6+s7uPQiaMhHKxbcWgqfs1rTwRZRjZ5zSsguoQLFbe14n3HK5p6Gc60Qzz4HL1AwO1YtElArpjFAZNqaLrVJSjVdt/0034EEzpNAyNanZf4ElZguiM9q7/CYA1ZdkwbOhezZY/Kc1jEzVpSUmgrmQr7JRB3lEUSfqowDeAy2Ri2l1w/DZO5RRkdi+LdEYfTuYrB/KbD/WaYoc7E9OdOwZaVS8prGxHfqD0EeTqagIAljD+LnPTna1DLgP+ro0=
+DHwA1fsgPJPaDF8pigbysrmgzagdknn82RFyFPR0nlDamTtXZXa9uENv3+wlUppGbO3/vFDXMH8JAsx9klCo2NzxWv2jz6YSK2NPN6Qhc8oImzaET/uUfZr0g6d2BqmvX39yMqM4sP7QCOQM1tqYpQFPp7JFAVnf2eWGw6n5huYmddw0WcnLhgWHlK0vusCdsAMKqcGJro1TpHTWbBFfXpEEeEbysBdy3Ng00cGpBly87pV42ZOxQC0k1FTVOcj9fpdHHWaO4Q3e9ybkEctAf+uig==
cHKWdXzIdFcVObV0hDeTKsrmgzagdknn82RFyFPR0nlDamTtXZXa8OENv3+2lUppGbO3/vFDXMH8JAsx2l5Cqn990mv2jz6YSK2NPN6Qhc8oImzaET/uUfZr0g6d2BqmvX39yMqM4sP7QCOQM1tqYpQFPp7JFAVnf2eWGw6n5huYmddw0WcnLhgWHlK0vusCdsAMKqcGJro1TpHTWbBFfXpEEeEbysBdy3Ng00cGpBly87pV42ZOxQC0k1FTVOcj9fpdHHWaO4Q3e9ybkEctAf+uig==
HatDKzHY0aiP1NMJ19aWDjK9RxRvrFaG7XR3n9Pu9lu9kKUG6whEW3GKfr2nohbG2HpYcOSbcXgtV75MyxDdhCSlTxjhR5CXCPRenZsw6IiDwy4iatYXJ9hd4FvEYqvAfIqbHdvkrFTUry1wdVwFA6wu0sV40g9Ms6sp10B3uH+Atz75cdy3/5FCjqaI3gImbY7wQIqmIZ6QNqP+B7/vKCPR3CS3TX0SdjEdwzYf8V5iVTQz/BklPngJVoRFPWWMgQ/TmnswE4IN6CFLypemXysN+a6M
KRiFYhZKszFWENcB8ySy78rmgzagdknn82RFyFPR0nlDamTtXZXa8OENv3+2lUppGbO3/vFDXMH8JAsx9klCvX5yz2v2jz6YSK2NPN6Qhc8oImzaET/uUfZr0g6d2BqmvX39yMqM4sP7QCOQM1tqYpQFPp7JFAVnf2eWGw6n5huYmddw0WcnLhgWHlK0vusCdsAMKqcGJro1TpHTWbBFfXpEEeEbysBdy3Ng00cGpBly87pV42ZOxQC0k1FTVOcj9fpdHHWaO4Q3e9ybkEctAf+uig==
xWDKNZxwPkBRsVjtAvUNuTK9RxRvrFaG7XR3n9Pu9lu9kKUG6whEXXGKfr2hohbG2HpYcOSbcXgtV75M2hbfkSCxTxjhR5CXCPRenZsw6IiDwy4iatYXJ9hd4FvEYqvAfIqbHdvkrFTUry1wdVwFA6wu0sV40g9Ms6sp10B3uH+Atz75cdy3/5FCjqaI3gImbY7wQIqmIZ6QNqP+B7/vKCPR3CS3TX0SdjEdwzYf8V5iVTQz/BklPngJVoRFPWWMgQ/TmnswE4IN6CFLypemXysN+a6M
cdlV+3eQI4OKBzsH/2gjOrdYHG2maDVWLZ/aXD+O3IplyiwYMmOEDaS+3Qc+thX0QsBJXg7Wcyzdp8Zb0+AyDclFGWk7qxbDNXSmWRwISaui7Vieu2vPDeNbhApkh9Au7YxadRgXbVC4uirUN8fE96Wf/CawoJkkz39xuXubzSvpBsKOk3Jg006niPNyJkS1AE3o6ELj5A6G2BmOzJhLKZQgs+Se9bOgS7mpYCrJ/1GTW3fMgiv7G9y6eyRI2jUGykzuaq4uijxjpYGXSyAH/K6L
5QIR0+xsmhhsKy/BxgqHYbdYHG2maDVWLZ/aXD+O3IplyiwYMmOEDaS+3Qc+thX0QsBJXg7Wcyzdp8Zb2vM4EMlHGWk7qxbDNXSmWRwISaui7Vieu2vPDeNbhApkh9Au7YxadRgXbVC4uirUN8fE96Wf/CawoJkkz39xuXubzSvpBsKOk3Jg006niPNyJkS1AE3o6ELj5A6G2BmOzJhLKZQgs+Se9bOgS7mpYCrJ/1GTW3fMgiv7G9y6eyRI2jUGykzuaq4uijxjpYGXSyAH/K6L
YqQ6Mtz+hjw3foQYOO5LGE2ep+gLeibegHJ+9kme/PYEjx0HkOxTsxNPEWGCPMW+9Syj0x9H1sOJ8HNVnOVFGVKcYGHAub65rTfz6Uo1BS5CdwT6Ra2i50xgk0kzW7OhwESc1XzITSau65CV8eZIII46b3UIseVVqBhYwqUy30V1t0OJoQ0JbPZQ27C8pf597F3qVMgzgMd8lupBmNhWot1AtEpnT7QKx/qW96+WO6ONDvL7s5dTEaNy6slHjUwA/6rwSNmgqqZaNGZs1spT/2W5U9IL+q6B
XFCkifuiWtcnSZG5slYEpykfg7d6/hliED4MWyvL4NAOT3mBjHjJ3trEDWZhzSvPnMIrDOgyxRhKVJ4CDgZaxKMd0f8riDdkrhM=
vyilin/ZrsDgpeQi5H0AxA2DvJB9AACHmHFSp8hJf0BKEG3Z3vWwP12/1IqFGBqe+RvGa605DEivkhCgab4qrsrMxkSmkpM3tQEzujtirgk=
WYVXyWRhtaOsYyOI0NIKnatGnZPKl7tngiVpbGQgwVl/iIElPelD284kKsyTOeroiavY1azjfxI2ZVlSLjasOSxbsK8KRcQgL17o1vfNzk6A/8vZRuAvBMO0M5Fz1MfjXPm93BUa28RXezzbsMcNQV+uKg==
0eqZIhz0JT30EFlWH9a/YqtGnZPKl79ngn48dnMr20hSiLcwEqt174olTdyOKL6sycnXiqymJU9jeUh5KDqmLA5GhO58F/YHd3f81vfNzk6A/8vZRuAvBMO0M5Fz1MfjUvi93BUa28RXezzbsMcNQV+uKg==
GMH3WagNvzFYDyYW/lHgTDYxggvEu9u4//rNZUUhzNiAjk8ldfqKGKGZ8VKVI0nJybzTCWNwDvQhn+lWPlxE/9EI7CSXlgCcgetuYpJoNtguZjObTUVjRhN2rgU=
4jScC9jzKpG3oyDRlDuRAFUm0YdsLwGGHV++oZPHgL1aYFSbsKkbMuEvqAkn/I8gUld3RI3tTSz5n+4bg68r4mW46YsCpw4/sz1hrhQ=
E4/MzTebGYCWNPLOCn0jYDT2+FW7pmre2fVRTaACL1wk9Cthy7Qv0x9+daM9uqP0TzuEC6jn5dEXrmI=
T4wjcTClGHQ6DSKwsNycs4YgOMJxdxrhIlhu8h+NTGC/inBoGUKuRpUU5kyWqlOfJZnT8ssarmE=
ShQO7YCiyiEiBnV/D0p8lpPKjFYSj/dkKjTPYAeU7cd6nhPEHU0d7Mm//BmTztuitdh5C7IHvv/j3RGuZA==
8/HlG2YAGm/jZrFDc2AV7UXqcONGZCDrvidD1J6Mc+C7LFl3zja/ZLHlSTydZ6fYzxaPcuEwFeve78oPlyVtrhg=
VINGAwu34d3kZLrWCiXOioj+cFZukZe8fRQTwKzibz+syA9sbEXjW+swl4CqH28E4mTnYC9EpSfiDquExT3ljAEPVZ77PpOCjeihS0qXJl+rDXmuDA==
D+X2rHsk5aoOLDakJzOzGdB9EDAHkyjSOTghDeqqEHTKpUWgwApFDQiBu4yC1FdheG1WCq8SokQWhwuy92Ci8kh9OXYQAT66wLDaBPs5bL6c4musaJKF9ko0WaOOpprko/0Rn6tod0SuMw==
5M5etGGJ4Nue4Cf4FzN/mDSJna8VHPzyzgc4Wy3AjeYsjS8rN4jzYA6Hk5Ru7GPgq8wpt56WD+Qhhbl8TUeT2b//3rJRkIVrLo8aT6cFfa4I
kHEXfPUHxwbhHWJuWuO/30J26/uFUPVmlB3HS+84u6BGV6u0hpx74LM8QZemxsek6TXhnCXXL1hHb3YSCWDNq+bf4i+PNWWuEA==
IwWlS8BTBcOl8moCpARiPH0xMA6mdzPn/RgIw1IsANrOOpOr0NiM2A8i0PCJzCi+7f2GlMZiE6cVsfPq2xKuGQ==
lRtiDq59Y5i2Obrkh3VXLURuiM4yJwvMWlS0rpvAl+lDZhzL4u8HJPoU/2A3tL0HCn5jRI3tTSz5n+Mfg6cq4mW46YsCpw4/sz1hrhQ=
TwNS4tFkmyxMu3mNpwvI0EXqcONGZCDrvidD1J6Mc+C7LFl3zja/ZLHlSTydZ6Pezx+OcuEwFeve78oPlyVtrhg=
p9Py4i7xrclKou9/sFR9uIn+cFZukZe8fRQTwKzibz+syA9sbEXjW+swl4CqH28E4mTnYC9EpSfiDquExT3ljAEPW5v7NpKCjeihS0qXJl+rDXmuDA==
hnnpfahAVtxl6NS9DN7J1NB9EDAHkyjSOTghDeqqEHTKpUKgwApFDQiBu4yC1FdheG1WCq8SokQWhwuy92Ci8kh9OXYQAT66wLDaBPs5bL6c4musaJKF+kg0WKOOpprko/0Rn6tod0SuMw==
D2s/FQFeldKYKjKf65FsmjSJna8VHPzyzgc4Wy3AjeYsjS8rN4jzYA6Hk5Ru7GPgq8wpt56WD+Qhhbl8TUeX37/+3rJRkIVrLo8aT6cFfa4I
6Sgtb/EjCvX0XuSpALCT4kJ26/uFUPVmlB3HS+84u6BGV6u0hpx74LM8QZemxsek6TXhnCXXLF9HbnYSCWDNq+bf4i+PNWWuEA==
ZNBW2g+AL5Gidg0xdrD3tX0xMA6mdzPn/RgIw1IsANrOOpOr0NiM2A8i0PCJwS++7P2GlMZiE6cVsfPq2xKuGQ==
hz+xeWfMJz6LDnd0FqS/M298w8Y1kF1nUGp3e1jh0/tQCx0f1tqDgHH8DfhK7KSG8WWmRWMJcbLApVYOQASyoCv9JMq8FmOoeLZtyguAswceIhIQA4lZW3tMH3CuBw==
b39LXYwP5m2xSyjyZeweoxwcL55eG8DbPSzgcA0gxdAnj7DKwZTPGTfE45vdO7Hh8IqfzGsboBO09+nZE65m
FNOi/1o5dJQAphrfdH5Y7jT2+FW7pmre2fVRTaACL1wk9Cthy7Qv0xt7dak8uqP0TzuEC6jn5dEXrmI=
Ryb+BkdNVPqKInfRZPQ0poYgOMJxdxrhIlhu8h+NTGC/inBoGUarRp8V5kyWqlOfJZnT8ssarmE=
4t2CxC3j/Yb2mqzT7k0QCxxVMZURW5KdITr7S1pJ1ZgVqOjj1JTPGTfE45vdObHh8IqfzGsboBO09+nZE65m
IKm2Iv/JKJTJcXDKtDtXaxbSAF80+rwsZsOqsoGyXpPG2di0GC0rc6axqeiZfOZN6UbTjTXCCvXc911+dQrvM4bJiWABmDyLWDSD8QOUFwNg/s35xNprZCf7rDtgh31hT646
yiAcnVYAIQMSNAyKjl5Elwwz14xnLULODliluN2R2/pEaVKH86IbMuEvqAkn/I8gUld2RI3tTSz5n+0bg6Qq4mW46YsCpw4/sz1hrhQ=
8RaHYhT3grrm4tUx+/UCgxsGeoRzoG7B7+UfEtjobiwRh+lODoQkZ2FRLHynjmBEMXXq+iaxVsAePvPD/d0DniNurh0=
78YkKKvFNRTc6xTp4WTRuuszMCIQb3oYIZYWX4j5w1IJP6AJL+znwAqHTgRVnbVMUS9lmgtUQkLdCDHL+vfWH5staa4c
rt8V4lHNFzL6NEV+juW1YzYxggvEu9u4//rNZUUhzNiAjk8ldfqKGKGZ8VKVI0nJybzTCWNwDvQhn+lWPlxE/9EJ7CSXlgCcgetpYpZpNtguZjObTUVjRhN2rgU=
kn5ClAHlVVCjiJ7ywssDh4nG1A1AyetyMQ+YCRfc3+AitwbEHU0d7Mm/+xiTxNqitdh5C7IHvv/j3RGuZA==
GuiKo2SIoUxHBtTFE/pZ1DT2+FW7pmre2fVRTaACL1wk9Cthy7Qv0xx4dag8uqP0TzuEC6jn5dEXrmI=
bezSiFlyMIQyNW/Q3r0q7IYgOMJxdxrhIlhu8h+NTGC/inBoGUGoRp4V5kyWqlOfJZnT8ssarmE=
XyMXrZP6Ps3wgcoVP+GlmxxVMZURW5KdITr7S1pJ1ZgVqOjj1ZTPGTfE45vQP7Hg8IqfzGsboBO09+nZE65m
c10bGeOOQO8VaJLnnff0ABbSB180+rwsZsOqsoGyXpPG2di0GC0rc6axqeiZfOZN6UbTjTXCCvXc911+dQrvM4bJiWABmDyLWTSD8QOUFwNl+s3/xNprZCf7rDtgh31hT646
B70HD0T406uSEqpOhU2C+xsGeoRzoG7B7+UfEtjobiwRh+lODoQkZ2FQLHynjmBEMXfq+iGxVsAePvPD/d0DniNurh0=
jg5aygC0njEl6kZTd/rshmTe7Pc3e/fOVh4tuSn0ujKMxc3+vPYjCPjWrewKoPXnnoLScAOpGbv77N8Qrmc=
vez/SxDXV4vY54Uj6JLyXzYxggvEu9u4//rNZUUhzNiAjk8ldfqKGKGZ8VKVI0nJybzTCWNwDvQhn+lWPlxE/9EI7CSXlgCcgelpYpFpNtguZjObTUVjRhN2rgU=
gbr3MHQzi5NOnjN2QrFM2InG1A1AyetyMQ+YCRfc3+AitwfEHU0d7Mm//BmTw9qitdh5C7IHvv/j3RGuZA==
4FoVSBlySIGvMZkLueWa4jT2+FW7pmre2fVRTaACL1wk9Cthy7Qv0xx4da88uqP0TzuEC6jn5dEXrmI=
IfefSHbkukEei4Ev4m9uiIYgOMJxdxrhIlhu8h+NTGC/inBoGUGoRpkV5kyWqlOfJZnT8ssarmE=
h3nGzbbV/H4ivWwGn1JzBZPKjFYSj/dkKjTPYAeU7cd6nhPEHU0d7Mm/+B+Tw9qitdh5C7IHvv/j3RGuZA==
gOEZINQwOXaskvNFKJBQLkXqcONGZCDrvidD1J6Mc+C7LFl3zja/ZLHlSTydZ6TezxuOcuEwFeve78oPlyVtrhg=
Sn5u5hpcTklI4Mg2ZoJ8q7+t5IpKltxyFyB6mgMv3hlyWKVz67d5wSIeWPjJg48KUiM2NU8WPfKNz5cTjiR8eR+8/2Ke5LhXHQhIM/J8AOquqlPb8AgMaO8ykAApmy+OiG1G5Oaykxf1obMae0KuKQ==
tGG6QasmKq6PIQeH75eop7+t5IpKltxyFyB6mgMv3hlyWKVz67d5wSIeWPvJg48KUiM2NU8WPfKNz5cTjiR8eR+8/2Ke5LhXHQhIM/J8AOquqlPb8AgMaO8ykAApmS6OiG1G5Oaykxf1obMae0KuKQ==
cWTC/oXM+m9bQvKcA0jQs7+t5IpKltxyFyB6mgMv3hlyWKVz67d5wSIeWPrJg48KUiM2NU8WPfKNz5cTjiR8eR+8/2Ke5LhXHQhIM/J8AOquqlPb8AgMaO8ykAApni6OiG1G5Oaykxf1obMae0KuKQ==
DKRD7in051ff6CjgLjm/bOdamNR3FTEGnCA5Mi9YON1JNUu94XVNBDAPSVdWN2iL5KG9lZfvcAvqGJfs9JU7e+Mgf8DCr+ekmlQfYFd0XYdqvkNErS3trFlfwxpjYUpihfiJi+Lnrr8TfUGuNA==
ecN8n6v89qFdX2PDCWv/+F1cultyHWSa03Lilnl86fk6nnge7lqsmtBhVxcPlO65wKP7hE1cISV/tSpGHMfDRifUypbomdHCgHW2PkA0UnBrjYRaPIYDGLhmTbwIcJdXXpLygIMZ+au7HH9Arjc=
/v8uk4X+qPYFKBMLEJHD6F1cultyHWSa03Lilnl86fk6nnge7lqsmtBhVhcPlO65wKP7hE1cISV/tSpGHMfDRifUypbomdHCgHW2PkA0UnBrjYRaPIYDGLhmTbsPcJdXXpLygIMZ+au7HH9Arjc=
K6RaI0zOlbc+PkQLiAnUOVuz9i6cL5Nex2y6Pijx4Tog7WYWQByC6Mt1tDL8LnOgWH4dVo8YR08+KgIow/HJ0xuEL2iuHw==
2ILNLIV9Z31e2xr3Nk2Qyn0xMA6mdzPn/RgIw1IsANrOOpOr0NiM2A8i0PCJzy++6/2GlMZiE6cVsfPq2xKuGQ==
rc92PNKsIze5bSJnehDUPG98w8Y1kF1nUGp3e1jh0/tQCx0f1tqDgHH8DfhK7KSG8WWmRWMJcbLApVYOQASyoCv9JMq8FmOoeLZtww6AtwceIhIQA4lZW3tMH3CuBw==
TcD3mPcrvAL2mJvzmPj58BwcL55eG8DbPSzgcA0gxdAnj7DKwZTPGTfE45vYO7Hk8IqfzGsboBO09+nZE65m
3zzYcsjbcz0Ry1DtiI+qtzVZmepUEVE+wdKmHeBGx2mpYw7LxdxYHzrYgFZWniMXGIxstPcmwOyh9Gpyshn2aE72swut9SO2M2auFQ==
QrLZKkaZpxknBA0f13/PtxwcL55eBsDbPSzgcA0gxdAnj7DKwZTPGTfE45vaO7Hr8IqfzGsboBO09+nZE65m
8AKGaNdLuLwandzRkR5PQDT2+FW7pmre2fVRTaACL1wk9Cthy7Qv0xl7daM8uqP0TzuEC6jn5dEXrmI=
oXH4iQDwThcSM5CwkVRnp4YgOMJxdxrhIlhu8h+NTGC/inBoGUSrRpUV5kyWqlOfJZnT8ssarmE=
yZS+MRdN3S3yvjxnE+9s3DT2+FW7pmre2fVRTaACL1wk9Cthy7Qv0xV5daM8uqP0TzuEC6jn5dEXrmI=
N/oflZUFmx0a0D59KYADZoYgOMJxdxrhIlhu8h+NTGC/inBoGUipRpUV5kyWqlOfJZnT8ssarmE=
yZS+MRdN3S3yvjxnE+9s3DT2+FW7pmre2fVRTaACL1wk9Cthy7Qv0xV5daM8uqP0TzuEC6jn5dEXrmI=
N/oflZUFmx0a0D59KYADZoYgOMJxdxrhIlhu8h+NTGC/inBoGUipRpUV5kyWqlOfJZnT8ssarmE=
yZS+MRdN3S3yvjxnE+9s3DT2+FW7pmre2fVRTaACL1wk9Cthy7Qv0xV5daM8uqP0TzuEC6jn5dEXrmI=
N/oflZUFmx0a0D59KYADZoYgOMJxdxrhIlhu8h+NTGC/inBoGUipRpUV5kyWqlOfJZnT8ssarmE=
yZS+MRdN3S3yvjxnE+9s3DT2+FW7pmre2fVRTaACL1wk9Cthy7Qv0xV5daM8uqP0TzuEC6jn5dEXrmI=
N/oflZUFmx0a0D59KYADZoYgOMJxdxrhIlhu8h+NTGC/inBoGUipRpUV5kyWqlOfJZnT8ssarmE=
QWJTL+j1jWVqFWb0JdKAR3S99hi9qnfD3slREJk4dHsx9Cthy7Qv0xR/das5uqD0TzuEC6jn5dEXrmI=
ZXD4+lIIw4KvWvjogr/4JBxVMZURW5KdITr7S1pJ1ZgVqOjj1ZTPGTfE45vRPrHj9YqczGsboBO09+nZE65m
/Gdve5mD0xci+oP/eDlRquYoJypVIXMaPJkKR8vyw1IJP6AJL+znwAqHTwRVnbVMUS9imwtWR0LeCDHL+vfWH5staa4c
hF8/3jrK5gfCB9avPWgyuBFNO8vN3vmWMbVIZV+I2k15GtN7YkntqD2IMLMd1Adpz6QLC0K6KXJdKiR8I9vow+wXgSlrrh4=
ufHXgSDkVEYQqpceZcfVlo3I6O7gGZkRPuEEntVEMj6wuA22wFHrfmw49XSq1chfS4Yo5q+ht8NlO9GV6Xz4omixNUcUtYeXkDMsOOZd5Q4+a7NdvOmA3S8aee8zewf17HuoWEApMXWR5DOrgJyQKSqYhwWRrOk3tt/GxM44D36Kdb5hyZnNYZkDdpgBubf3w8BpgrjigbEndHQx6CauUsVWJZDFPxql2e5nZwkVI24V52F3gsM0AK70XwKUcbPtgDhbnZ9SWy0XjAXXdfHbwtRwuP2xnN29GUs8OuPgXv6t/i6p0jp/7jNf/9Gm5jzWqu7PJE/OCtXuK5NDOw8XkUEUMOyxDIX6e4eleVCCz3Oi4qARMZL2/0sDI4q3YoRIiFzJlKWczfqsBwEY8hgRqCkqRN3yhnQPSdsApgKH2Sp2R6cz48L3OXwE27VeWh0/uIGN4kN9CRwWIBvAXNV+DQwtKiQoQ4C3nOYqMXio1tI9MHQ6hz+0eieKVodP5rvTbX4yi1PnU2FDAiq5p/3McB/aMDg52KrWvECmHza604+FyZOi64qu8Q==
ufHXgSDkVEYQqpceZcfVlo3I6O7gGZkRPuEEntVEMj6wuA22wFHrfmw49XSq1chfS4Yo5q+ht8NlO9GV6Xz4omixNUcUtYeXkDMsOOZd5Q4+a7NdvOmA3S8aee8zewf17HuoWEApMXWR5DOrgJyQKSqYhwWRrOk3tt/GxM44D36Kdb5hyZnNYZkDdpgBubf3w8BpgrjigbEndHQx6CauUsVWJZDFPxql2e5nZwkVI24V52F3gsM0AK70XwKUcbPtgDhbnZ9SWy0XjAXXdfHbwtRwuP2xnN29GUs8OuPgXv6t/i6p0jp/7jNf/9Gm5jzWqu7PJE/OCtXuK5NDOw8XkUEUMOyxDIX6e4eleVCCz3Oi4qARMZL2/0sDI4q3YoRIiFzJlKWczfqsBwEY8hgRqCkqRN3yhnQPSdsApgKH2Sp2R6cz48L3OXwE27VeWh0/uIGN4kN9CRwWIBvAXNV+DQwtKiQoQ4C3nOYqMXio1tI9MHQ6hz+0eieKVodP5rvTbX4yi1PnU2FDAiq5p/3McB/aMDg52KrWvECmHza604+FyZOi64qu8Q==
Kdb6APCiRJgaDIqe4J7ApLwgN/6gRZQ0bGBXlSnkrApDXPXhOajcXv58cGX8IKryhkw0o36ehIyboEy0qNQONqJVXLeMB0E5xJdY7Gz6My853UrdazcAB+B/y7zRFZ/l90d47RDS3Kex9xViuzEMIgC7nm4fr20CSdUSuS5+oua/DF6jxqsV1w2j3UW+wk1H56U39jFohIxhk0NSXEvEON5g0UAdmtkxGqfd6G99BSszfCGReV3+7RRiihI3OHgvgx/UbqPXw5wbb9NKTQ25jwsQoMZglw1yvR/97ZTAT36uTDloliNOtP9st9l3SypYrEQeGFeOs2CqN0pNe/lX0afjlcJIJm1CRTg/wW0jHHyfIVbU+PsN/BbdLyUL8Jt89HqcSvGeuZLN+KgBCQL+JgG6HVxc946oVG1tPWic7tnp2CIRX3m/DLd7uMKTb5Ikze3MN1WI/5NpvvKGszrwS46/mLuSrrTNADUYYKKr9BZGQInG7JB7kRSYg+y+PSM4C6G5qEpBj6mTowdE4uPrA5wi6+xo0gW2SvTYZo5lGqSjvZHfq6j3hK7z
34ET5HL9B4nhU+hXdjzZqYnG1A1AyetyMQ+YCRfc3+AitwfEHU0d7Mm/+BmTxt+itth5C7IHvv/j3RGuZA==
lr1YC2MmdmZZ+93+O19YizT2+FW7pmre2fVRTaACL1wk9Cthy7Qv0xl5dao5uqD0TzuEC6jn5dEXrmI=
DvwsLWsIRa6ZkXufuHa814YgOMJxdxrhIlhu8h+NTGC/inBoGUSpRpwQ5k+WqlOfJZnT8ssarmE=
wfICrlZvggZHf0HLRYItj2/P9aV+KbHSQAUW7kDk8gCrneTqvPYjCPjWre8IoPDinoHScAOpGbv77N8Qrmc=
ME/7dNkinoPK6EAo+2Ue71SmdOxHYiD2vidD1J6Mc+C7LFl3zja/ZLHlSTydZ6Xezx6LcuIwFeve78oPlyVtrhg=
SVqsZHsyD3GyWwaiwh28MhQ2vfWWSL0/iFrJQ+gn+KtGV6u0hpx74LM8QZemxsek6TXhnCXXL1tHbXMSCmDNq+bf4i+PNWWuEA==
aVJen+snJm9SSYTdzCZX9zZZmepUEVE+wdKmHeBGx2mpYxPLxdxYHzrYgFZWniMXGIxstPcmwOyh+Wpytxz2a072swut9SO2M2auFQ==
t/KS0CY7gIszA0wiNqPa4zRZmepUEVE+wdKmHeBGx2mpYxPLxdxYHzrYgFZWniMXGIxstPcmwOyh/Wlytxz2a072swut9SO2M2auFQ==
dJM3Jg5o8DWt26extjRZkDT2+FW7pmre2fVRTaACL1wk9Cthy7Qv0xl7dag5uqD0TzuEC6jn5dEXrmI=
UO2s3EbtwmwlV95NCg3bNIYgOMJxdxrhIlhu8h+NTGC/inBoGUSrRp4Q5k+WqlOfJZnT8ssarmE=
uMxo7O4QXPRNXF6nKQ/E03S99hi9qnfD3slREJk4dHsx9Cthy7Qv0xl6dag5uqD0TzuEC6jn5dEXrmI=
3XNkICrK2MFni2yx3fMLzFqp5mHNJoRegXW6NXOjpyY29l1BKQzK2uwtnSb8LnOgWH4dW4gYQko+KQIow/HJ0xuEL2iuHw==
blpQ0iCPyUmXEn8ghbGSBjT2+FW7pmre2fVRTaACL1wk9Cthy7Qv0xl+da85uqD0TzuEC6jn5dEXrmI=
/84mgTm3wEZ+ZBBqa5XiCYYgOMJxdxrhIlhu8h+NTGC/inBoGUSuRpkQ5k+WqlOfJZnT8ssarmE=
cNGx1Dsd5T5HA7ucgG5O0TcB4hRFjK+BqKqWvBLP868tQOirolQA0t4is4Pg4MwQX/qwGPkwqjZ4YCY/dtrT78XpE4Iraq4R
uEUaIkA9oskIhkQqVrlEQzT2+FW7pmre2fVRTaACL1wk9Cthy7Qv0xh+da45uqD0TzuEC6jn5dEXrmI=
Gmgv4Z5LgizXZeTaQcV5IoYgOMJxdxrhIlhu8h+NTGC/inBoGUWuRpgQ5k+WqlOfJZnT8ssarmE=
InZDrrfbuH+yvTDFiVyO/DT2+FW7pmre2fVRTaACL1wk9Cthy7Qv0xp4daw5uqD0TzuEC6jn5dEXrmI=
DDCQ87le1Sy00nbvQA3M4IYgOMJxdxrhIlhu8h+NTGC/inBoGUeoRpoQ5k+WqlOfJZnT8ssarmE=
oHt9DExUHN+AlTm3vrYtBl+/ZK1eaGi77GFfwoW3JImrZGtQlh+rZLHlSTydZ6DfzxiLcuIwFeve78oPlyVtrhg=
DSHav+EXNc4lL/3AclYUrDT2+FW7pmre2fVRTaACL1wk9Cthy7Qv0x56daM5uqD0TzuEC6jn5dEXrmI=
IC9ZBbUw8DlxvjL2gfvsqIYgOMJxdxrhIlhu8h+NTGC/inBoGUOqRpUQ5k+WqlOfJZnT8ssarmE=
fJ83TMomwm+0NvtlDcF1UzT2+FW7pmre2fVRTaACL1wk9Cthy7Qv0xp/daM5uqD0TzuEC6jn5dEXrmI=
fGjdwyTbBsekzMMjpZJGSYYgOMJxdxrhIlhu8h+NTGC/inBoGUevRpUQ5k+WqlOfJZnT8ssarmE=
XorUlTJGn16I1bjX/Qd9vTT2+FW7pmre2fVRTaACL1wk9Cthy7Qv0xx7daI5uqD0TzuEC6jn5dEXrmI=
q2YwHnj+LXea7jUDgC75MYYgOMJxdxrhIlhu8h+NTGC/inBoGUGrRpQQ5k+WqlOfJZnT8ssarmE=
29G2VZia/B8+aV6wPbVq9jT2+FW7pmre2fVRTaACL1wk9Cthy7Qv0xp6daI5uqD0TzuEC6jn5dEXrmI=
9sQ3rl9u3HeY0Jbi/r0a64YgOMJxdxrhIlhu8h+NTGC/inBoGUeqRpQQ5k+WqlOfJZnT8ssarmE=
shD6wHzYLZVK6UEZhAZrVDT2+FW7pmre2fVRTaACL1wk9Cthy7Qv0xx4daI5uqD0TzuEC6jn5dEXrmI=
TH2Fl1WOIZh7SRPRgmh884YgOMJxdxrhIlhu8h+NTGC/inBoGUGoRpQQ5k+WqlOfJZnT8ssarmE=
Kxyi1mSabG+ncZicaXObEjT2+FW7pmre2fVRTaACL1wk9Cthy7Qv0xl/daI5uqD0TzuEC6jn5dEXrmI=
RcQeMVnKFLRgfv2rkJlcYoYgOMJxdxrhIlhu8h+NTGC/inBoGUSvRpQQ5k+WqlOfJZnT8ssarmE=
V8sFp+MhnVst1nQnUPi/dzT2+FW7pmre2fVRTaACL1wk9Cthy7Qv0x17das4uqD0TzuEC6jn5dEXrmI=
WubQgoaqaAkUXzrcAWbJI4YgOMJxdxrhIlhu8h+NTGC/inBoGUCrRp0R5k+WqlOfJZnT8ssarmE=
V5xRZJ2T+Pq0uUtojwyIuTT2+FW7pmre2fVRTaACL1wk9Cthy7Qv0xV6das4uqD0TzuEC6jn5dEXrmI=
pQOWKv7AKMf8nlBWb307UYYgOMJxdxrhIlhu8h+NTGC/inBoGUiqRp0R5k+WqlOfJZnT8ssarmE=
pMwjxrrBbsiKbK4kKUlPWzT2+FW7pmre2fVRTaACL1wk9Cthy7Qv0xV4das4uqD0TzuEC6jn5dEXrmI=
nDbzlvCQuR5UeUsKqMwiaIYgOMJxdxrhIlhu8h+NTGC/inBoGUioRp0R5k+WqlOfJZnT8ssarmE=
TLRR2Gt8y4YoJk4ipELKqQpgbw65xJyEgPF1OwXdlP//KXPgpWoJp5Da69bVjZStv1opeU9eNXkH6x+1bwrT/56VCO+O36z3L3hsnxhgTLabVbT2OBSf+QeEczuoP4GDZErs7LubEPOktxl5Q642
GBQB0tIXOdb7zhziaYYVEEPwFCK2HidrHGo7otkbrkjXDL506A1HqobC/Uz6BAx6QW1h65+f93njn0kxeqihNChlPVdO7qNa6l+OQepkaVWAGA8X73WXKhuNxI/sP1o5VdSbTy36SoaMht62gcYUQG7uzQ5MbqfewwdTmA/Z+OTTxRHiCslZI7LHrU5OnZCzWFEJLqRR0uSBRZn8bYc2318/OjKyUGVrzk/6z0fFna7o
sezaHU4gCIFcTVl4cpNxheuVyhEixB0pIYjKdA04oheYi6/iwhF0bLhhvpH63tP4FwwtYgFEOSjV0QJMROerdJsNrGYS3Yn/ldE+lDW/BnYL3GdiMhyLxYvnNVcpejryYw6Yr67bcI+CWrzJADEQlLKfHHJmpOHyPOSzVVRcS5huiUvcq8VRHNq1By0TJ4+wclcDZzzGg1i4ps17DzARE15RckCD2Xnru1z/gK73
tQ5AtLCHN1PHUM3ZXk5dAmu4j8XBtZciWOgPK3cwT4GB4DrsjaDS/zgjf5oCKSSE2EmOifrG49B35H1awTzpgHU5ctTEf1scO6X8nlLlWZd1+Q6MNac2Xuu0t1py5NttK4/Fz6niShrDpkjXbuMgZ+JyjNEAKSC80ndMSqbcMVqcDMPN1MS78M4hGyTr/YF0Op03NRM/v5iSP9NffD7T8BjOPeOPqGH7/vmiOEPhKQPbdM+Yru8=
DMkslguZQJprN3vUla+F/++CInrOHJPBDkjpuuJWT+MFe+nGHs6tzi6VIBVLiBLXKJ7QT4qL+sj/2k/yaaixIsW6XV+WtiRRZzZjU4hMAtuVzb2/ys71aWqUk2Lj6MK6NxfDKWFtCQw28FsQ/EX+naz9avQIU4CnvDZq4dg4VkKd4DTqpy+0agdaFlfvdjtDza5yW3P3U3Fj0mppB21M4L8KcOgZwa/GnZHmz5YqUx8lGdNyy5qu4Q==
3bFGZt6oalci7eoyQO5x6xBtz1qtzwSm8gMJbq5WLUa+LYB9u9DSH3hmsGe6k/rA7+JvGhlw8WoVwr33Ji6k2feOwzt4FMITxTXdl/rW9WF6rLOKkzCC8udvI4HR9YmEpkj7eAwdPlX8BQrcOEuAr6wOSgmo4BYKTZjUQhe3NOKX4rY/Hy77i51WEnND71N5c+pKgXe1DKhvcpBAqVkvTg0pRqdmcpPXdeGzWvuCruk=
+EhZi2MWEiC9R8/bSiM42Qj5HiXmCiJwBXxo5cMAuV3XDL506A1HqobC/Uz6BAx6QW1h65+f93njn0kxeqihNChlPVdO7qNa6l+OQepkaVWAGA8X73WXKhuNxI/sP1o5VdSbTy36SoaMht62gcYUQG7uzQ5MbqfewwdTmA/Z+OTTxRHiCslZI7LHrU5OnZCzWFEJLqRR0uSBRZn8bYc2318/OjKyUGVrzk/6z0fFna7o
LRolWb/SQsAMrLKCxnvpqRBt0lar3R+vwgMJbq5WLUa+LYB9u9DSH3hmsGe6k/rA7+JvGhlw8WoVwr33Ji6k2feOwzt4FMITxTXdl/rW9WF6rLOKkzCC8udvI4HR9YmEpkj7eAwdPlX8BQrcOEuAr6wOSgmo4BYKTZjUQhe3NOKX4rY/Hy77i51WEnND71N5c+pKgXe1DKhvcpBAqVkvTg0pRqdmcpPXdeGzWvuCruk=
99Sfu+YqfaVmWyK5d5l28ntTdv7YLA5UWTpKjKlCitsD0TUtMazioE3sCrMIDyd2YsU8qOhFloX6yvvcR8hltqHQsaxFdaqYBDODUIsJpHIyCcE7xXWWALUrrtJbGC+2EgiDwZvDHYNprpJW84oQOw4POEvSfpTdACU4sOJbVKbGMGl2rEAbgRSIY7x+jUPIixEZ2IoRr7mTsycUIpNLsxzSi1yoguWvT+S5t87V+tQjDTEv63jXlK7j
Xka7nUCPN3k1ianbM+t3x1SAA2fZ/xAzN3u4RLqvuTpWCu2C9uHQSWOsMjtQisBzgo/6xOfuf+4BTNEO/e6NI17y5J0/whOPIOiit21ZLQNCSnXl8iAj/guMIhaPw5PVKalJQO6Eq0zUYd5x1Ol6yABXgKukAlr9sNw2bqW05JZva3SmX65mi0fSmy81OuLn+3PT/ftm2vXvCaxMB94gFFEF74pF5RaTvg5z810Nw07Dnq7t
U39D5qsUKkluLiioUt7atVWJHnDf/FkhZ3WkTr/ujXRaEOWX9uHQSWOsMjtQisBzgo/6xOfuf+4BTNEO/e6NI17y5J0/whOPIOiit21ZLQNCSnXl8iAj/guMIhaPw5PVKalJQO6Eq0zUYd5x1Ol6yABXgKukAlr9sNw2bqW05JZva3SmX65mi0fSmy81OuLn+3PT/ftm2vXvCaxMB94gFFEG74pF5RaTvg5z810Nw07Dnq7t
QWSTBjHii+D+97h5r8esUTT2+FW7pmre2fVRTaACL1wk9Cthy7Qv0x9/das4uqD0TzuEC6jn5dEXrmI=
iu3IH5NWg6MxOwdDIZwzx4YgOMJxdxrhIlhu8h+NTGC/inBoGUKvRp0R5k+WqlOfJZnT8ssarmE=
A4f9fC8M9i/ulnN7ezXoc9G70I+EsA6KxURPr7Y22NeMyQs5SvgaglyK23QIqlWUz9wJn279Kgzj1eHHC5AnbK4b
HkIlLJFIt14MJilZoV4nXjT2+FW7pmre2fVRTaACL1wk9Cthy7Qv0x14dao4uqD0TzuEC6jn5dEXrmI=
A+iIG216Ypp40arp5ZFrxYYgOMJxdxrhIlhu8h+NTGC/inBoGUCoRpwR5k+WqlOfJZnT8ssarmE=
HkIlLJFIt14MJilZoV4nXjT2+FW7pmre2fVRTaACL1wk9Cthy7Qv0x14dao4uqD0TzuEC6jn5dEXrmI=
A+iIG216Ypp40arp5ZFrxYYgOMJxdxrhIlhu8h+NTGC/inBoGUCoRpwR5k+WqlOfJZnT8ssarmE=
HkIlLJFIt14MJilZoV4nXjT2+FW7pmre2fVRTaACL1wk9Cthy7Qv0x14dao4uqD0TzuEC6jn5dEXrmI=
A+iIG216Ypp40arp5ZFrxYYgOMJxdxrhIlhu8h+NTGC/inBoGUCoRpwR5k+WqlOfJZnT8ssarmE=
HkIlLJFIt14MJilZoV4nXjT2+FW7pmre2fVRTaACL1wk9Cthy7Qv0x14dao4uqD0TzuEC6jn5dEXrmI=
A+iIG216Ypp40arp5ZFrxYYgOMJxdxrhIlhu8h+NTGC/inBoGUCoRpwR5k+WqlOfJZnT8ssarmE=
zJ4XQ7LkWbx8FZqa2rJmWDT2+FW7pmre2fVRTaACL1wk9Cthy7Qv0xh+dao4uqD0TzuEC6jn5dEXrmI=
xwAxOUC48oaO+pt97uShkoYgOMJxdxrhIlhu8h+NTGC/inBoGUWuRpwR5k+WqlOfJZnT8ssarmE=
NdJ7DllsmJOq5D201feriDT2+FW7pmre2fVRTaACL1wk9Cthy7Qv0xx/dak4uqD0TzuEC6jn5dEXrmI=
zAXITfCC4s3TeHlffbWyOIYgOMJxdxrhIlhu8h+NTGC/inBoGUGvRp8R5k+WqlOfJZnT8ssarmE=
NdJ7DllsmJOq5D201feriDT2+FW7pmre2fVRTaACL1wk9Cthy7Qv0xx/dak4uqD0TzuEC6jn5dEXrmI=
zAXITfCC4s3TeHlffbWyOIYgOMJxdxrhIlhu8h+NTGC/inBoGUGvRp8R5k+WqlOfJZnT8ssarmE=
NdJ7DllsmJOq5D201feriDT2+FW7pmre2fVRTaACL1wk9Cthy7Qv0xx/dak4uqD0TzuEC6jn5dEXrmI=
zAXITfCC4s3TeHlffbWyOIYgOMJxdxrhIlhu8h+NTGC/inBoGUGvRp8R5k+WqlOfJZnT8ssarmE=
NdJ7DllsmJOq5D201feriDT2+FW7pmre2fVRTaACL1wk9Cthy7Qv0xx/dak4uqD0TzuEC6jn5dEXrmI=
zAXITfCC4s3TeHlffbWyOIYgOMJxdxrhIlhu8h+NTGC/inBoGUGvRp8R5k+WqlOfJZnT8ssarmE=
NdJ7DllsmJOq5D201feriDT2+FW7pmre2fVRTaACL1wk9Cthy7Qv0xx/dak4uqD0TzuEC6jn5dEXrmI=
zAXITfCC4s3TeHlffbWyOIYgOMJxdxrhIlhu8h+NTGC/inBoGUGvRp8R5k+WqlOfJZnT8ssarmE=
NdJ7DllsmJOq5D201feriDT2+FW7pmre2fVRTaACL1wk9Cthy7Qv0xx/dak4uqD0TzuEC6jn5dEXrmI=
zAXITfCC4s3TeHlffbWyOIYgOMJxdxrhIlhu8h+NTGC/inBoGUGvRp8R5k+WqlOfJZnT8ssarmE=
NdJ7DllsmJOq5D201feriDT2+FW7pmre2fVRTaACL1wk9Cthy7Qv0xx/dak4uqD0TzuEC6jn5dEXrmI=
zAXITfCC4s3TeHlffbWyOIYgOMJxdxrhIlhu8h+NTGC/inBoGUGvRp8R5k+WqlOfJZnT8ssarmE=
NdJ7DllsmJOq5D201feriDT2+FW7pmre2fVRTaACL1wk9Cthy7Qv0xx/dak4uqD0TzuEC6jn5dEXrmI=
zAXITfCC4s3TeHlffbWyOIYgOMJxdxrhIlhu8h+NTGC/inBoGUGvRp8R5k+WqlOfJZnT8ssarmE=
fVRjTWcW9fr934Fe4yLqNzT2+FW7pmre2fVRTaACL1wk9Cthy7Qv0x9/dak4uqD0TzuEC6jn5dEXrmI=
0NBwEYbffv1No/0XHzEJkYYgOMJxdxrhIlhu8h+NTGC/inBoGUKvRp8R5k+WqlOfJZnT8ssarmE=
fVRjTWcW9fr934Fe4yLqNzT2+FW7pmre2fVRTaACL1wk9Cthy7Qv0x9/dak4uqD0TzuEC6jn5dEXrmI=
0NBwEYbffv1No/0XHzEJkYYgOMJxdxrhIlhu8h+NTGC/inBoGUKvRp8R5k+WqlOfJZnT8ssarmE=
fVRjTWcW9fr934Fe4yLqNzT2+FW7pmre2fVRTaACL1wk9Cthy7Qv0x9/dak4uqD0TzuEC6jn5dEXrmI=
0NBwEYbffv1No/0XHzEJkYYgOMJxdxrhIlhu8h+NTGC/inBoGUKvRp8R5k+WqlOfJZnT8ssarmE=
fVRjTWcW9fr934Fe4yLqNzT2+FW7pmre2fVRTaACL1wk9Cthy7Qv0x9/dak4uqD0TzuEC6jn5dEXrmI=
0NBwEYbffv1No/0XHzEJkYYgOMJxdxrhIlhu8h+NTGC/inBoGUKvRp8R5k+WqlOfJZnT8ssarmE=
RtUfhYdZb1NVxGU+fkNN9DT2+FW7pmre2fVRTaACL1wk9Cthy7Qv0xl/dak4uqD0TzuEC6jn5dEXrmI=
oD3hwxibBjoSDkOVuckNKYYgOMJxdxrhIlhu8h+NTGC/inBoGUSvRp8R5k+WqlOfJZnT8ssarmE=
RtUfhYdZb1NVxGU+fkNN9DT2+FW7pmre2fVRTaACL1wk9Cthy7Qv0xl/dak4uqD0TzuEC6jn5dEXrmI=
oD3hwxibBjoSDkOVuckNKYYgOMJxdxrhIlhu8h+NTGC/inBoGUSvRp8R5k+WqlOfJZnT8ssarmE=
RtUfhYdZb1NVxGU+fkNN9DT2+FW7pmre2fVRTaACL1wk9Cthy7Qv0xl/dak4uqD0TzuEC6jn5dEXrmI=
oD3hwxibBjoSDkOVuckNKYYgOMJxdxrhIlhu8h+NTGC/inBoGUSvRp8R5k+WqlOfJZnT8ssarmE=
RtUfhYdZb1NVxGU+fkNN9DT2+FW7pmre2fVRTaACL1wk9Cthy7Qv0xl/dak4uqD0TzuEC6jn5dEXrmI=
oD3hwxibBjoSDkOVuckNKYYgOMJxdxrhIlhu8h+NTGC/inBoGUSvRp8R5k+WqlOfJZnT8ssarmE=
aD2yQzHn7wT4xhj3ifQH3zT2+FW7pmre2fVRTaACL1wk9Cthy7Qv0xp7dag4uqD0TzuEC6jn5dEXrmI=
HI6OavRGldebm3y3kVMW6IYgOMJxdxrhIlhu8h+NTGC/inBoGUerRp4R5k+WqlOfJZnT8ssarmE=
8DJZAR6ZoS/BpgyhkQeZwI3I6O7gGZkRPuEEntVEMj6wuA22wFHrfmw49XSq1chfS4Yo5q+ht8NlO9GV6Xz4omixNUcUtYeXkDMsOOZd5Q4+a7NdvOmA3S8aee8zewf17HuoWEApMXWR5DOrgJyQKSqYhwWRrOk3tt/GxM44D36Kdb5hyZnNYZkDdpgBubf3w8BpgrjigbEndHQx6CauUsVWJZDFPxql2e5nZwkVI24V52F3gsM0AK70XwKUcbPtgDhbnZ9SWy0XjAXXdfHbwtRwuP2xnN29GUs8OuPgXv6t/i6p0jp/7jNf/9Gm5jzWqu7PJE/OCtXuK5NDOw8XkUEUMOyxDIX6e4eleVCCz3Oi4qARMZL2/0sDI4q3YoRIiFzJlKWczfqsBwEY8hgRqCkqRN3yhnQPSdsApgKH2Sp2R6cz48L3OXwE27VeWh0/uIGN4kN9CRwWIBvAXNV+DQwtKiQoQ4C3nOYqMXio1tI9MHQ6hz+0eieKVodP5rvTbX4yi1PnU2FDAiq5p/3McB/aMDg50a7WvkGmHza604+FyZOi64qu8Q==
8DJZAR6ZoS/BpgyhkQeZwI3I6O7gGZkRPuEEntVEMj6wuA22wFHrfmw49XSq1chfS4Yo5q+ht8NlO9GV6Xz4omixNUcUtYeXkDMsOOZd5Q4+a7NdvOmA3S8aee8zewf17HuoWEApMXWR5DOrgJyQKSqYhwWRrOk3tt/GxM44D36Kdb5hyZnNYZkDdpgBubf3w8BpgrjigbEndHQx6CauUsVWJZDFPxql2e5nZwkVI24V52F3gsM0AK70XwKUcbPtgDhbnZ9SWy0XjAXXdfHbwtRwuP2xnN29GUs8OuPgXv6t/i6p0jp/7jNf/9Gm5jzWqu7PJE/OCtXuK5NDOw8XkUEUMOyxDIX6e4eleVCCz3Oi4qARMZL2/0sDI4q3YoRIiFzJlKWczfqsBwEY8hgRqCkqRN3yhnQPSdsApgKH2Sp2R6cz48L3OXwE27VeWh0/uIGN4kN9CRwWIBvAXNV+DQwtKiQoQ4C3nOYqMXio1tI9MHQ6hz+0eieKVodP5rvTbX4yi1PnU2FDAiq5p/3McB/aMDg50a7WvkGmHza604+FyZOi64qu8Q==
xzW1EvNFXPeFKEv0jGa/y7wgN/6gRZQ0bGBXlSnkrApDXPXhOajcXv58cGX8IKryhkw0o36ehIyboEy0qNQONqJVXLeMB0E5xJdY7Gz6My853UrdazcAB+B/y7zRFZ/l90d47RDS3Kex9xViuzEMIgC7nm4fr20CSdUSuS5+oua/DF6jxqsV1w2j3UW+wk1H56U39jFohIxhk0NSXEvEON5g0UAdmtkxGqfd6G99BSszfCGReV3+7RRiihI3OHgvgx/UbqPXw5wbb9NKTQ25jwsQoMZglw1yvR/97ZTAT36uTDloliNOtP9st9l3SypYrEQeGFeOs2CqN0pNe/lX0afjlcJIJm1CRTg/wW0jHHyfIVbU+PsN/BbdLyUL8Jt89HqcSvGeuZLN+KgBCQL+JgG6HVxc946oVG1tPWic7tnp2CIRX3m/DLd7uMKTb5Ikze3MN1WI/5NpvvKGszrwS46/mLuSrrTNADUYYKKr9BZGQInG7JB7kRSYg+y+PSM4C6G5qEpBj6mTowdE4uPrA5wi6+xo0gW/TvTaZ45lGqSjvZHfq6j3hK7z
8DJZAR6ZoS/BpgyhkQeZwI3I6O7gGZkRPuEEntVEMj6wuA22wFHrfmw49XSq1chfS4Yo5q+ht8NlO9GV6Xz4omixNUcUtYeXkDMsOOZd5Q4+a7NdvOmA3S8aee8zewf17HuoWEApMXWR5DOrgJyQKSqYhwWRrOk3tt/GxM44D36Kdb5hyZnNYZkDdpgBubf3w8BpgrjigbEndHQx6CauUsVWJZDFPxql2e5nZwkVI24V52F3gsM0AK70XwKUcbPtgDhbnZ9SWy0XjAXXdfHbwtRwuP2xnN29GUs8OuPgXv6t/i6p0jp/7jNf/9Gm5jzWqu7PJE/OCtXuK5NDOw8XkUEUMOyxDIX6e4eleVCCz3Oi4qARMZL2/0sDI4q3YoRIiFzJlKWczfqsBwEY8hgRqCkqRN3yhnQPSdsApgKH2Sp2R6cz48L3OXwE27VeWh0/uIGN4kN9CRwWIBvAXNV+DQwtKiQoQ4C3nOYqMXio1tI9MHQ6hz+0eieKVodP5rvTbX4yi1PnU2FDAiq5p/3McB/aMDg50a7WvkGmHza604+FyZOi64qu8Q==
8DJZAR6ZoS/BpgyhkQeZwI3I6O7gGZkRPuEEntVEMj6wuA22wFHrfmw49XSq1chfS4Yo5q+ht8NlO9GV6Xz4omixNUcUtYeXkDMsOOZd5Q4+a7NdvOmA3S8aee8zewf17HuoWEApMXWR5DOrgJyQKSqYhwWRrOk3tt/GxM44D36Kdb5hyZnNYZkDdpgBubf3w8BpgrjigbEndHQx6CauUsVWJZDFPxql2e5nZwkVI24V52F3gsM0AK70XwKUcbPtgDhbnZ9SWy0XjAXXdfHbwtRwuP2xnN29GUs8OuPgXv6t/i6p0jp/7jNf/9Gm5jzWqu7PJE/OCtXuK5NDOw8XkUEUMOyxDIX6e4eleVCCz3Oi4qARMZL2/0sDI4q3YoRIiFzJlKWczfqsBwEY8hgRqCkqRN3yhnQPSdsApgKH2Sp2R6cz48L3OXwE27VeWh0/uIGN4kN9CRwWIBvAXNV+DQwtKiQoQ4C3nOYqMXio1tI9MHQ6hz+0eieKVodP5rvTbX4yi1PnU2FDAiq5p/3McB/aMDg50a7WvkGmHza604+FyZOi64qu8Q==
xzW1EvNFXPeFKEv0jGa/y7wgN/6gRZQ0bGBXlSnkrApDXPXhOajcXv58cGX8IKryhkw0o36ehIyboEy0qNQONqJVXLeMB0E5xJdY7Gz6My853UrdazcAB+B/y7zRFZ/l90d47RDS3Kex9xViuzEMIgC7nm4fr20CSdUSuS5+oua/DF6jxqsV1w2j3UW+wk1H56U39jFohIxhk0NSXEvEON5g0UAdmtkxGqfd6G99BSszfCGReV3+7RRiihI3OHgvgx/UbqPXw5wbb9NKTQ25jwsQoMZglw1yvR/97ZTAT36uTDloliNOtP9st9l3SypYrEQeGFeOs2CqN0pNe/lX0afjlcJIJm1CRTg/wW0jHHyfIVbU+PsN/BbdLyUL8Jt89HqcSvGeuZLN+KgBCQL+JgG6HVxc946oVG1tPWic7tnp2CIRX3m/DLd7uMKTb5Ikze3MN1WI/5NpvvKGszrwS46/mLuSrrTNADUYYKKr9BZGQInG7JB7kRSYg+y+PSM4C6G5qEpBj6mTowdE4uPrA5wi6+xo0gW/TvTaZ45lGqSjvZHfq6j3hK7z
cOadPIJIqAHahZ2Yx1Bf4TT2+FW7pmre2fVRTaACL1wk9Cthy7Qv0xl7da84uqD0TzuEC6jn5dEXrmI=
IktxAPMyDhWJ5UrqXAVk84YgOMJxdxrhIlhu8h+NTGC/inBoGUSrRpkR5k+WqlOfJZnT8ssarmE=
6J9mNBO9u9rkjILMkGFcpBFNO8vN3vmWMbVIZV+I2k15GtN7YkntqD2IMLMd1Adpz6QLC0G5KXdcKiR8I9vow+wXgSlrrh4=
j4QQ8zAKpy7J2JbY8ZD4pzT2+FW7pmre2fVRTaACL1wk9Cthy7Qv0xV5da84uqD0TzuEC6jn5dEXrmI=
GHTEJdbEJp1MGx/QuyyyFIYgOMJxdxrhIlhu8h+NTGC/inBoGUipRpkR5k+WqlOfJZnT8ssarmE=
lmkjy3O6bhVu9SIac5Tvk/bzCu26zlWGiS00GVVKdSR5lbFcdfc5WFeLItJagF0rlj+S7//VFa5g
OQGTmZXXGc2naEJleANh0+5A/mLtbtt6RP2Gea4iGCWwjn2RyTvIJTPM1CLi/MfQkqom9t2WM8J9JMMVRXtLSzmfQP0WESQS9Zwic+2bPHYSRkePNndCmEulO+cwn4bdIQjqY0dcwNRqN2KjNNk7CNV3A+ZE9mLaEA4vWprA4HJjtoIySa7NG32gQQWWBL1Zn1qklZdTXNujdmBB3nMWjaeWKs08lE8Zt8Rjm1w5MeZ0ihzM6xsgEzT3admTruY=
CCbka+08dRcffs6HWH7PuDT2+FW7pmre2fVRTaACL1wk9Cthy7Qv0xl4da04uqD0TzuEC6jn5dEXrmI=
VGZiuD8T1N4NpX8spNSP+YYgOMJxdxrhIlhu8h+NTGC/inBoGUSoRpsR5k+WqlOfJZnT8ssarmE=
9hClZzAxCRcmIvhHqyQR3RFNPMvN3vmWMbVIZV+I2k15GtN7YkntqD2IMLMd1Adpz6QLC0O7KXRcKiR8I9vow+wXgSlrrh4=
+sxWY1UL7jPCjdEXtoPDcjT2+FW7pmre2fVRTaACL1wk9Cthy7Qv0xt7daw4uqD0TzuEC6jn5dEXrmI=
XvJ0wSiceBci8K4+p5czzYYgOMJxdxrhIlhu8h+NTGC/inBoGUarRpoR5k+WqlOfJZnT8ssarmE=
UCJRzOpPHS6a12sOdOG5mBJNPMvN3vmWMbVIZV+I2k15GtN7YkntqD2IMLMd1Adpz6QLC0C5KXRcKiR8I9vow+wXgSlrrh4=
K9zreRKS2ZPyXL3voJgLChFNOcvN3vmWMbVIZV+I2k15GtN7YkntqD2IMLMd1Adpz6QLC0a4KXRcKiR8I9vow+wXgSlrrh4=
YPwC1sASqtok4sJFs17NABJNOcvN3vmWMbVIZV+I2k15GtN7YkntqD2IMLMd1Adpz6QLC0K/KXRcKiR8I9vow+wXgSlrrh4=
h88CAwbQq7pisIbdHmLRI2Nbo1UBnfHav+zZsw+GoP1rXP6wmQNpwpYQlNvJ9MwQX/qwGPk1qjZ1YSY/dtrT78XpE4Iraq4R
CpFIdk9hA0PZYGYxFjfyYGBbo1UBnfHav+zZsw+GoP1rXP6wmQNpwpYQlNvJ9MwQX/qwGPk5qjZ1YSY/dtrT78XpE4Iraq4R
iDEtn0DukUTWFejI4SWnaWNbolUBnfHav+zZsw+GoP1rXP6wmQNpwpYQlNvJ9MwQX/qwGPk1qDZ1YSY/dtrT78XpE4Iraq4R
0u0caWfgBu2aP7QHyuJf/2BbolUBnfHav+zZsw+GoP1rXP6wmQNpwpYQlNvJ9MwQX/qwGPkwrzZ1YSY/dtrT78XpE4Iraq4R
ApqNDPuz6wXhTUqfq/D0tTT2+FW7pmre2fVRTaACL1wk9Cthy7Qv0x9+daM4uqD0TzuEC6jn5dEXrmI=
aFJJG8HLsVkY4AmkH73ZbIYgOMJxdxrhIlhu8h+NTGC/inBoGUKuRpUR5k+WqlOfJZnT8ssarmE=
2j6jhUsPTuKEYFOO3LUpEzT2+FW7pmre2fVRTaACL1wk9Cthy7Qv0x97daI4uqD0TzuEC6jn5dEXrmI=
TMxz+MsvGUHSpShWm8/ppYYgOMJxdxrhIlhu8h+NTGC/inBoGUKrRpQR5k+WqlOfJZnT8ssarmE=
cmSJVTmswRDBT7EVx29ASzT2+FW7pmre2fVRTaACL1wk9Cthy7Qv0xp7daI4uqD0TzuEC6jn5dEXrmI=
ZpNHbqJA6GmazY4zicCSbYYgOMJxdxrhIlhu8h+NTGC/inBoGUerRpQR5k+WqlOfJZnT8ssarmE=
9cfIgdZMxvIJF9oheV9WJTT2+FW7pmre2fVRTaACL1wk9Cthy7Qv0x14daI4uqD0TzuEC6jn5dEXrmI=
lYu75IJzvudTjcyapvJtX4YgOMJxdxrhIlhu8h+NTGC/inBoGUCoRpQR5k+WqlOfJZnT8ssarmE=
NR9tQEbcjxJkSi1LmiHwUTT2+FW7pmre2fVRTaACL1wk9Cthy7Qv0xh4daI4uqD0TzuEC6jn5dEXrmI=
COjQiJxMOjJU3FmEvEZsSoYgOMJxdxrhIlhu8h+NTGC/inBoGUWoRpQR5k+WqlOfJZnT8ssarmE=
do9yB9q1eWmKB1iI822xljT2+FW7pmre2fVRTaACL1wk9Cthy7Qv0x9/daI4uqD0TzuEC6jn5dEXrmI=
fEPggkHUniPGnGwPJ5V3WIYgOMJxdxrhIlhu8h+NTGC/inBoGUKvRpQR5k+WqlOfJZnT8ssarmE=
2px/gYHVPBQsfJhPJLbY4jT2+FW7pmre2fVRTaACL1wk9Cthy7Qv0x5+daI4uqD0TzuEC6jn5dEXrmI=
P1sm4juzfZa0n9GEX7o124YgOMJxdxrhIlhu8h+NTGC/inBoGUOuRpQR5k+WqlOfJZnT8ssarmE=
DXTHVg+eQfNvGaq3YTUfQDT2+FW7pmre2fVRTaACL1wk9Cthy7Qv0xt4das7uqD0TzuEC6jn5dEXrmI=
mIcpKd2rWuFOJcJYAdwfzYYgOMJxdxrhIlhu8h+NTGC/inBoGUaoRp0S5k+WqlOfJZnT8ssarmE=
Xfefr7dd4w4Osl+aYvjzynS99hi9qnfD3slREJk4dHsw9Cthy7Qv0xt/das7uqD0TzuEC6jn5dEXrmI=
OpVetd/YW3U9lHukdYZATBxVMZURW5KdITr7S1pJ1ZgVqOjj1JTPGTfE45vdPrHj94qczGsboBO09+nZE65m
RlcUe75qIxBh6SllVI1EcUk//dhhXK69QcY7PX0iMoUENyXu7Won4+7JYTBJeKQboHTbATv037MJe2WKC/oQVP+7FKv4J7UxZ64S
SqJ7gq2FAnkDO7HL+Z34z1qp+nzIJtcexmuzM2/grCY29l1BKQzK2uwtnSf8LnOgWH4dWosYQEg+KQIow/HJ0xuEL2iuHw==
u4WBTUC4ODvqXup1cBY+OxsGeoRzoG7B7+UfEtjobiwRh+lODoQkZ2FRLHynjmBEMXTq+iS2VsMePvPD/d0DniNurh0=
wumkyF1wfahKi4CLaFS5dWTe7Pc3e/fOVh4tuSn0ujKMxc3/vPYjCPjWrekKoPDgnoHScAOpGbv77N8Qrmc=
V9Tzh8fn8oJ/XCbqmLPzxDT2+FW7pmre2fVRTaACL1wk9Cthy7Qv0xV6dao7uqD0TzuEC6jn5dEXrmI=
zRZ3W1HMXJsL3AA/QKO/ooYgOMJxdxrhIlhu8h+NTGC/inBoGUiqRpwS5k+WqlOfJZnT8ssarmE=
UK0RIFvd8tdN+FJ4ahYL0en7Hr3Frqz7iWyTg7PJ6wIv7/KTgO80ajWx1Q1ieFmvJ+d9Eoj5+RUNWFgCJfLfhfV3Q8khTQksdhDbcDxl/r1sneoUSHOAh/zW6oEYGFZiXYC0CucPtEpHupY3L1Y7Yw3O8rsz11NRIzLqCcdNTMB/avAIWeav5t9xZqFWClM/5XlTkou6rsE=
eX2NCAarPbtLOEWV/SpmCDT2+FW7pmre2fVRTaACL1wk9Cthy7Qv0x1/da84uq70TzuEC6jn5dEXrmI=
KFhokUkY9WYiJlqSnetXMYYgOMJxdxrhIlhu8h+NTGC/inBoGUCvRpkR5kGWqlOfJZnT8ssarmE=
mSaojZu66GLASJ4F0HSTYQpgbw65xJyEgPF1OwXdlP//KXPgpWoJp5Da69bVjZStv1opeU9eNXkH6x+1bwrT/56VCO+O36z3L3hsnxhgTLabVbT2OBSf+QeEczuqP4GHZEri7LubEPOktxl5Q642
c8leHsCz1Q7MxfoHUcdvN0PwFCK2HidrHGo7otkbrkjXDL506A1HqobC/Uz6BAx6QW1h65+f93njn0kxeqihNChlPVdO7qNa6l+OQepkaVWAGA8X73WXKhuNxI/sP1o5VdSbTy36SoaMht62gcYUQG7uzQ5MbqfewwdTmA/Z+OTTxRHiCslZI7LHrU5OnZCzWFEJLqRR0uSBRZn8bYc03187OjK8UGVrzk/6z0fFna7o
nf+WRaiZPMsGqvRzSMld0euVyhEixB0pIYjKdA04oheYi6/iwhF0bLhhvpH63tP4FwwtYgFEOSjV0QJMROerdJsNrGYS3Yn/ldE+lDW/BnYL3GdiMhyLxYvnNVcpejryYw6Yr67bcI+CWrzJADEQlLKfHHJmpOHyPOSzVVRcS5huiUvcq8VRHNq1By0TJ4+wclcDZzzGg1i4ps15DzAVE15fckCD2Xnru1z/gK73
f/vBy9khuKQZ9iGCJWSCzmu4j8XBtZciWOgPK3cwT4GB4DrsjaDS/zgjf5oCKSSE2EmOifrG49B35H1awTzpgHU5ctTEf1scO6X8nlLlWZd1+Q6MNac2Xuu0t1py5NttK4/Fz6niShrDpkjXbuMgZ+JyjNEAKSC80ndMSqbcMVqcDMPN1MS78M4hGyTr/YF0Op03NRM/v5iSP9NffD7T8BjOPeGPqGX7/veiOEPhKQPbdM+Yru8=
MMiTiKB3wkKI1+ltBz9D+e+CInrOHJPBDkjpuuJWT+MFe+nGHs6tzi6VIBVLiBLXKJ7QT4qL+sj/2k/yaaixIsW6XV+WtiRRZzZjU4hMAtuVzb2/ys71aWqUk2Lj6MK6NxfDKWFtCQw28FsQ/EX+naz9avQIU4CnvDZq4dg4VkKd4DTqpy+0agdaFlfvdjtDza5yW3P3U3Fj0mppB21M4L8KcOgZw6/GmZHmwZYqUx8lGdNyy5qu4Q==
4YnMe/x03/Kmj8l6Vtvx1RBtz1qtzwSm8gMJbq5WLUa+LYB9u9DSH3hmsGe6k/rA7+JvGhlw8WoVwr33Ji6k2feOwzt4FMITxTXdl/rW9WF6rLOKkzCC8udvI4HR9YmEpkj7eAwdPlX8BQrcOEuAr6wOSgmo4BYKTZjUQhe3NOKX4rY/Hy77i51WEnND71N5c+pKgXe1DKhvcpBAqVsvTgkpRqlmcpPXdeGzWvuCruk=
idrjbMo9zzXAUEDW3W/+Lwj5HiXmCiJwBXxo5cMAuV3XDL506A1HqobC/Uz6BAx6QW1h65+f93njn0kxeqihNChlPVdO7qNa6l+OQepkaVWAGA8X73WXKhuNxI/sP1o5VdSbTy36SoaMht62gcYUQG7uzQ5MbqfewwdTmA/Z+OTTxRHiCslZI7LHrU5OnZCzWFEJLqRR0uSBRZn8bYc03187OjK8UGVrzk/6z0fFna7o
fttdf+eIjKm7cdmvIs0snxBt0lar3R+vwgMJbq5WLUa+LYB9u9DSH3hmsGe6k/rA7+JvGhlw8WoVwr33Ji6k2feOwzt4FMITxTXdl/rW9WF6rLOKkzCC8udvI4HR9YmEpkj7eAwdPlX8BQrcOEuAr6wOSgmo4BYKTZjUQhe3NOKX4rY/Hy77i51WEnND71N5c+pKgXe1DKhvcpBAqVsvTgkpRqlmcpPXdeGzWvuCruk=
cOGdG70JDl2EjXMTyVBu3ntTdv7YLA5UWTpKjKlCitsD0TUtMazioE3sCrMIDyd2YsU8qOhFloX6yvvcR8hltqHQsaxFdaqYBDODUIsJpHIyCcE7xXWWALUrrtJbGC+2EgiDwZvDHYNprpJW84oQOw4POEvSfpTdACU4sOJbVKbGMGl2rEAbgRSIY7x+jUPIixEZ2IoRr7mTsycUIpNLsxzSi1yoguWtT+S9t87b+tQjDTEv63jXlK7j
AB/CoDBKbdS7BqumHCKeh1SAA2fZ/xAzN3u4RLqvuTpWCu2C9uHQSWOsMjtQisBzgo/6xOfuf+4BTNEO/e6NI17y5J0/whOPIOiit21ZLQNCSnXl8iAj/guMIhaPw5PVKalJQO6Eq0zUYd5x1Ol6yABXgKukAlr9sNw2bqW05JZva3SmX65mi0fSmy81OuLn+3PT/ftm2vXvCaxMB94gFFEH74pB5Radvg5z810Nw07Dnq7t
slDdtDYGmgHUExyebXfyd1WJHnDf/FkhZ3WkTr/ujXRaEOWX9uHQSWOsMjtQisBzgo/6xOfuf+4BTNEO/e6NI17y5J0/whOPIOiit21ZLQNCSnXl8iAj/guMIhaPw5PVKalJQO6Eq0zUYd5x1Ol6yABXgKukAlr9sNw2bqW05JZva3SmX65mi0fSmy81OuLn+3PT/ftm2vXvCaxMB94gFFEH74pB5Radvg5z810Nw07Dnq7t
tMw2BrVoqUHUifH1qDG3jDT2+FW7pmre2fVRTaACL1wk9Cthy7Qv0x5/da84uq70TzuEC6jn5dEXrmI=
ux3Rqb89C0JwesyyuCf56oYgOMJxdxrhIlhu8h+NTGC/inBoGUOvRpkR5kGWqlOfJZnT8ssarmE=
hxPgzHOGMZ7ngleMTNQPzdG70I+EsA6KxURPr7Y22NeMyQs5SvgaglyK23QIqlWVz9wNn27zKgzj1eHHC5AnbK4b
6CefmBmYa0EhzZ4CrQQ9Xgpgbw65xJyEgPF1OwXdlP//KXPgpWoJp5Da69bVjZStv1opeU9eNXkH6x+1bwrT/56VCO+O36z3L3hsnxhgTLabVbT2OBSf+QeEczutP4GGZEri7LubEPOktxl5Q642
qCwJjQHm8+HLVr/pIrmIB0PwFCK2HidrHGo7otkbrkjXDL506A1HqobC/Uz6BAx6QW1h65+f93njn0kxeqihNChlPVdO7qNa6l+OQepkaVWAGA8X73WXKhuNxI/sP1o5VdSbTy36SoaMht62gcYUQG7uzQ5MbqfewwdTmA/Z+OTTxRHiCslZI7LHrU5OnZCzWFEJLqRR0uSBRZn8bYcz3186OjK8UGVrzk/6z0fFna7o
muoBsWvQuspqri4jRy/Hf+uVyhEixB0pIYjKdA04oheYi6/iwhF0bLhhvpH63tP4FwwtYgFEOSjV0QJMROerdJsNrGYS3Yn/ldE+lDW/BnYL3GdiMhyLxYvnNVcpejryYw6Yr67bcI+CWrzJADEQlLKfHHJmpOHyPOSzVVRcS5huiUvcq8VRHNq1By0TJ4+wclcDZzzGg1i4ps1+DzAUE15fckCD2Xnru1z/gK73
+JoIGMEmyKPKbIfO0LYDDGu4j8XBtZciWOgPK3cwT4GB4DrsjaDS/zgjf5oCKSSE2EmOifrG49B35H1awTzpgHU5ctTEf1scO6X8nlLlWZd1+Q6MNac2Xuu0t1py5NttK4/Fz6niShrDpkjXbuMgZ+JyjNEAKSC80ndMSqbcMVqcDMPN1MS78M4hGyTr/YF0Op03NRM/v5iSP9NffD7T8BjOPeaPqGT7/veiOEPhKQPbdM+Yru8=
GohgzgpwXNeow/gLVYbA/e+CInrOHJPBDkjpuuJWT+MFe+nGHs6tzi6VIBVLiBLXKJ7QT4qL+sj/2k/yaaixIsW6XV+WtiRRZzZjU4hMAtuVzb2/ys71aWqUk2Lj6MK6NxfDKWFtCQw28FsQ/EX+naz9avQIU4CnvDZq4dg4VkKd4DTqpy+0agdaFlfvdjtDza5yW3P3U3Fj0mppB21M4L8KcOgZxK/GmJHmwZYqUx8lGdNyy5qu4Q==
fIJJL+zrsJ0Ay/NeXSTX+RBtz1qtzwSm8gMJbq5WLUa+LYB9u9DSH3hmsGe6k/rA7+JvGhlw8WoVwr33Ji6k2feOwzt4FMITxTXdl/rW9WF6rLOKkzCC8udvI4HR9YmEpkj7eAwdPlX8BQrcOEuAr6wOSgmo4BYKTZjUQhe3NOKX4rY/Hy77i51WEnND71N5c+pKgXe1DKhvcpBAqVwvTggpRqlmcpPXdeGzWvuCruk=
vUTAjuK3vo4QfqqqJUzWEgj5HiXmCiJwBXxo5cMAuV3XDL506A1HqobC/Uz6BAx6QW1h65+f93njn0kxeqihNChlPVdO7qNa6l+OQepkaVWAGA8X73WXKhuNxI/sP1o5VdSbTy36SoaMht62gcYUQG7uzQ5MbqfewwdTmA/Z+OTTxRHiCslZI7LHrU5OnZCzWFEJLqRR0uSBRZn8bYcz3186OjK8UGVrzk/6z0fFna7o
BL5PvAzp6jAdpgQA9GgPiBBt0lar3R+vwgMJbq5WLUa+LYB9u9DSH3hmsGe6k/rA7+JvGhlw8WoVwr33Ji6k2feOwzt4FMITxTXdl/rW9WF6rLOKkzCC8udvI4HR9YmEpkj7eAwdPlX8BQrcOEuAr6wOSgmo4BYKTZjUQhe3NOKX4rY/Hy77i51WEnND71N5c+pKgXe1DKhvcpBAqV0vTggpRqlmcpPXdeGzWvuCruk=
K4wwbnW8IHMtu13Vp8KgA3tTdv7YLA5UWTpKjKlCitsD0TUtMazioE3sCrMIDyd2YsU8qOhFloX6yvvcR8hltqHQsaxFdaqYBDODUIsJpHIyCcE7xXWWALUrrtJbGC+2EgiDwZvDHYNprpJW84oQOw4POEvSfpTdACU4sOJbVKbGMGl2rEAbgRSIY7x+jUPIixEZ2IoRr7mTsycUIpNLsxzSi1yoguWrT+S8t87b+tQjDTEv63jXlK7j
pf9orKb6l7LUZvl3igVZiFSAA2fZ/xAzN3u4RLqvuTpWCu2C9uHQSWOsMjtQisBzgo/6xOfuf+4BTNEO/e6NI17y5J0/whOPIOiit21ZLQNCSnXl8iAj/guMIhaPw5PVKalJQO6Eq0zUYd5x1Ol6yABXgKukAlr9sNw2bqW05JZva3SmX65mi0fSmy81OuLn+3PT/ftm2vXvCaxMB94gFFEB74pA5Radvg5z810Nw07Dnq7t
/ib6JG83wy86OR38gSi1NVWJHnDf/FkhZ3WkTr/ujXRaEOWX9uHQSWOsMjtQisBzgo/6xOfuf+4BTNEO/e6NI17y5J0/whOPIOiit21ZLQNCSnXl8iAj/guMIhaPw5PVKalJQO6Eq0zUYd5x1Ol6yABXgKukAlr9sNw2bqW05JZva3SmX65mi0fSmy81OuLn+3PT/ftm2vXvCaxMB94gFFEB74pA5Radvg5z810Nw07Dnq7t
937eQURwJgyfaRMK4bSMmTT2+FW7pmre2fVRTaACL1wk9Cthy7Qv0xh/da44uq70TzuEC6jn5dEXrmI=
LdQboqsIqH8tq/dO7JVUiIYgOMJxdxrhIlhu8h+NTGC/inBoGUWvRpgR5kGWqlOfJZnT8ssarmE=
EC5Ssq7iru4kgzukR00vY9G70I+EsA6KxURPr7Y22NeMyQs5SvgaglyK23QIqlWTz9wMn27zKgzj1eHHC5AnbK4b
9Nn3X/Cti4MJZ2Ug+dD1/wpgbw65xJyEgPF1OwXdlP//KXPgpWoJp5Da69bVjZStv1opeU9eNXkH6x+1bwrT/56VCO+O36z3L3hsnxhgTLabVbT2OBSf+QeEczugP4GGZEri7LubEPOktxl5Q642
1CTXJhKjKI7r4MByq4a89kPwFCK2HidrHGo7otkbrkjXDL506A1HqobC/Uz6BAx6QW1h65+f93njn0kxeqihNChlPVdO7qNa6l+OQepkaVWAGA8X73WXKhuNxI/sP1o5VdSbTy36SoaMht62gcYUQG7uzQ5MbqfewwdTmA/Z+OTTxRHiCslZI7LHrU5OnZCzWFEJLqRR0uSBRZn8bYc+3186OjK8UGVrzk/6z0fFna7o
OLSnnXSteN9Rfu3SxLlkzuuVyhEixB0pIYjKdA04oheYi6/iwhF0bLhhvpH63tP4FwwtYgFEOSjV0QJMROerdJsNrGYS3Yn/ldE+lDW/BnYL3GdiMhyLxYvnNVcpejryYw6Yr67bcI+CWrzJADEQlLKfHHJmpOHyPOSzVVRcS5huiUvcq8VRHNq1By0TJ4+wclcDZzzGg1i4ps1zDzAUE15fckCD2Xnru1z/gK73
tE062aXQduqqqvSCAm09uWu4j8XBtZciWOgPK3cwT4GB4DrsjaDS/zgjf5oCKSSE2EmOifrG49B35H1awTzpgHU5ctTEf1scO6X8nlLlWZd1+Q6MNac2Xuu0t1py5NttK4/Fz6niShrDpkjXbuMgZ+JyjNEAKSC80ndMSqbcMVqcDMPN1MS78M4hGyTr/YF0Op03NRM/v5iSP9NffD7T8BjOPeuPqGT7/veiOEPhKQPbdM+Yru8=
M9BxAyysgPtncCNFd9HOO++CInrOHJPBDkjpuuJWT+MFe+nGHs6tzi6VIBVLiBLXKJ7QT4qL+sj/2k/yaaixIsW6XV+WtiRRZzZjU4hMAtuVzb2/ys71aWqUk2Lj6MK6NxfDKWFtCQw28FsQ/EX+naz9avQIU4CnvDZq4dg4VkKd4DTqpy+0agdaFlfvdjtDza5yW3P3U3Fj0mppB21M4L8KcOgZya/GmJHmwZYqUx8lGdNyy5qu4Q==
/mHIGUPWLdc7s80Tws7RmBBtz1qtzwSm8gMJbq5WLUa+LYB9u9DSH3hmsGe6k/rA7+JvGhlw8WoVwr33Ji6k2feOwzt4FMITxTXdl/rW9WF6rLOKkzCC8udvI4HR9YmEpkj7eAwdPlX8BQrcOEuAr6wOSgmo4BYKTZjUQhe3NOKX4rY/Hy77i51WEnND71N5c+pKgXe1DKhvcpBAqVEvTggpRqlmcpPXdeGzWvuCruk=
OssH3tJcHu8KD3EmABICPAj5HiXmCiJwBXxo5cMAuV3XDL506A1HqobC/Uz6BAx6QW1h65+f93njn0kxeqihNChlPVdO7qNa6l+OQepkaVWAGA8X73WXKhuNxI/sP1o5VdSbTy36SoaMht62gcYUQG7uzQ5MbqfewwdTmA/Z+OTTxRHiCslZI7LHrU5OnZCzWFEJLqRR0uSBRZn8bYc+3186OjK8UGVrzk/6z0fFna7o
G4NPsd+0KwoXZEfJI7X7qRBt0lar3R+vwgMJbq5WLUa+LYB9u9DSH3hmsGe6k/rA7+JvGhlw8WoVwr33Ji6k2feOwzt4FMITxTXdl/rW9WF6rLOKkzCC8udvI4HR9YmEpkj7eAwdPlX8BQrcOEuAr6wOSgmo4BYKTZjUQhe3NOKX4rY/Hy77i51WEnND71N5c+pKgXe1DKhvcpBAqVEvTggpRqlmcpPXdeGzWvuCruk=
G3y2lgrSTfIV9vf25ir7V3tTdv7YLA5UWTpKjKlCitsD0TUtMazioE3sCrMIDyd2YsU8qOhFloX6yvvcR8hltqHQsaxFdaqYBDODUIsJpHIyCcE7xXWWALUrrtJbGC+2EgiDwZvDHYNprpJW84oQOw4POEvSfpTdACU4sOJbVKbGMGl2rEAbgRSIY7x+jUPIixEZ2IoRr7mTsycUIpNLsxzSi1yoguWnT+S8t87b+tQjDTEv63jXlK7j
oSyBXr4K0p7GRErBakdFwFSAA2fZ/xAzN3u4RLqvuTpWCu2C9uHQSWOsMjtQisBzgo/6xOfuf+4BTNEO/e6NI17y5J0/whOPIOiit21ZLQNCSnXl8iAj/guMIhaPw5PVKalJQO6Eq0zUYd5x1Ol6yABXgKukAlr9sNw2bqW05JZva3SmX65mi0fSmy81OuLn+3PT/ftm2vXvCaxMB94gFFEN74pA5Radvg5z810Nw07Dnq7t
/qCUO2dKkKXYrjQW30QtElWJHnDf/FkhZ3WkTr/ujXRaEOWX9uHQSWOsMjtQisBzgo/6xOfuf+4BTNEO/e6NI17y5J0/whOPIOiit21ZLQNCSnXl8iAj/guMIhaPw5PVKalJQO6Eq0zUYd5x1Ol6yABXgKukAlr9sNw2bqW05JZva3SmX65mi0fSmy81OuLn+3PT/ftm2vXvCaxMB94gFFEN74pA5Radvg5z810Nw07Dnq7t
RLU17oil2EoMAubDfVEnMTT2+FW7pmre2fVRTaACL1wk9Cthy7Qv0xR/da44uq70TzuEC6jn5dEXrmI=
ps1PEyN+8YIpZv0MZfv4moYgOMJxdxrhIlhu8h+NTGC/inBoGUmvRpgR5kGWqlOfJZnT8ssarmE=
ybXS7bcWtyqpvDouyHTxN9G70I+EsA6KxURPr7Y22NeMyQs5SvgaglyK23QIqlWfz9wMn27zKgzj1eHHC5AnbK4b
RLU17oil2EoMAubDfVEnMTT2+FW7pmre2fVRTaACL1wk9Cthy7Qv0xR/da44uq70TzuEC6jn5dEXrmI=
ps1PEyN+8YIpZv0MZfv4moYgOMJxdxrhIlhu8h+NTGC/inBoGUmvRpgR5kGWqlOfJZnT8ssarmE=
RLU17oil2EoMAubDfVEnMTT2+FW7pmre2fVRTaACL1wk9Cthy7Qv0xR/da44uq70TzuEC6jn5dEXrmI=
ps1PEyN+8YIpZv0MZfv4moYgOMJxdxrhIlhu8h+NTGC/inBoGUmvRpgR5kGWqlOfJZnT8ssarmE=
oKNUmiOuIAMlNH/JCefzkVFGMdc+5mDc+eRQFIbhfjcMhdtOU70ePEZFLHynjmBEMX3v+iC1Vs0ePvPD/d0DniNurh0=
G3Kdat0iXe8wFXky/nZq4x+uc/tIdCC7oi1e1YGxc7/9P09szyysZLHlSTydZ67fzxqKcuwwFeve78oPlyVtrhg=
RLU17oil2EoMAubDfVEnMTT2+FW7pmre2fVRTaACL1wk9Cthy7Qv0xR/da44uq70TzuEC6jn5dEXrmI=
ps1PEyN+8YIpZv0MZfv4moYgOMJxdxrhIlhu8h+NTGC/inBoGUmvRpgR5kGWqlOfJZnT8ssarmE=
83YsR7OD18db0lwjxiDHEVqx+kifPJNZyHKlMnTwpCs591BZNwyE/dZyuDP8LnOgWH4dUYoYR0s+JwIow/HJ0xuEL2iuHw==
Lj6PtVvm4qolBALYsHvUALX8rfSWZVDxZAJEtDM55JJlOSfJza/342zFu/eD09NFyZlJcA4U61z0kV4B9Pm6WGBngJvEkprtkKy2noWkpAaPW3SWvz4mm2ciG18VKiJ3m0PTzZv2GuXPeSy8J85ghLEw6rqjdVaNnv7zg30dA96jrq7d
KLSGtfqAh6GKHD+/Tst0WXM1mRjFp93noeDaZE02kZyGhEg/f/eJC6qevwaHPwDAybzEWmB9AfUsh/dWcHt+oPQd7CSXlgCcgehqYpNtNtUuZjObTUVjRhN2rgU=
NK5p241+kAScsjOuhv9cNgNa5PIeq3ADdE8tZlrmybgZBhoS2M3LiTHhBvgfpOOR6Hq1CjQINKPZv2BBNxS0tTb6KMu8FmOoeLZtzgqAtwMeLxIQA4lZW3tMH3CuBw==
H5VghVTvLdPTRxTDu+Pfhippy9cvmVEZQ08tZlrmybgZBhoS2M3LiTHhBvgfpOOR6Hq1CjQINKPZv2BBNxS0tTb6KMu8FmOoeLZtzgqAtwMeLxIQA4lZW3tMH3CuBw==
L5yujcdlo1gdUO6HUkO4DRd+YCxRRiViWuLBrAkSMvb4qeNdYbXOPF9gK8W4rh1ulOycN0kr6MW3kDwhpm6ALxxyy3wo4qUKSkR/V077OnQjbXFPa1gXdK4D
K/+bQxqp2Y/CzGP7UHk/4faEJ1eNrSoBhh6IHc/VDwesVF1eWt65kPkuSkoYFZvhkQm2gJ9cU/lIkmVSdNDki7mXkHk3LESdVtL4E/xOs0DY3t02ivgH675HQsjD0Qlzm2RvSK4/
BiflebgbtqT0o4hwHQi2QDfV4vL36NM2V8nVOpp5U2epHx8aHX/Ntemwg0BOVRSlRuRRb28l1JRFTytcOzqu3ahyWBdPYmB6teI6BHXdVcwx70ea6xHmwnBI0cvaN3afe21Jrjw=
ZjNt99KRr8kqcH08Qv+SEMLF+4FWTZC1LVMqZWAW9RSvG2IaX1VwKW+d873ET5PVRMJFHIUp2jgv+0CHcB9U88Y6shN2aSAfaMf2ebnsn18JsvZmEA46BsUeOEBCNom+qOY7Pn9Pd4gL4RSkfz2Vcu4BJQOuz4m+CsV8MzSJzV6AWc7EfQ39bOn/nxozAT4imJjZC1LHnn+DnbGuxA==
NUG19BdvgqSIsk4Dvv9FTe3Gqw31jDM+uon+BXMQWs7wtWUvJQdpky/bDlCkP+wtk6yVAxsnDAn68zVKXpu4hRL0S6FrNI+T+XpVbVg6zjRvO2RLSGdFEXeuAg==
rMnCkbk1B4KxHJ7l1Y+Yly/O4PUwNKDVFRghuAix0xWynNv7vPYjCPjWre4KoPfjno/ScAOpGbv77N8Qrmc=
rMnCkbk1B4KxHJ7l1Y+Yly/O4PUwNKDVFRghuAix0xWynNv7vPYjCPjWre4KoPfjno/ScAOpGbv77N8Qrmc=
acDcQ+cygWIuiY2p/mSgaLM3oMTIMbe/ACmJ2j+mtobjgkOljdqks5gLgJ5kKUtE4QmP5zxwso/MFgVqFtCO0tCs3r7c6o/i81DxKUqKqipjv1p1eU8EOXBng10lWS9AvEl7i/d++g3nV2PzUDQk+IsYAGNSO5bw4wkXCuZJ
