ggbd0bIBgpX1e8x6BDIJDh9GJHh2F5kmV8k8R6ClqaxTYTUbZwMXW5VqKDtrx8hMXLka0SVraQ/0AseVito+cds1fvkxXHf/UcJOpsheQiYtDjBASiZhntC24/7HPy8o41GcJPfNPRK2sd3D9p+xXiLVdDM8meU+uIkWhAW9JYxBjxGZu7NTgk5pYUoKF2Zf642ltN4=
ZYzzRfSZc9w2zeR+XRWWj2ywosA5spTupLWepvyLBrVFr/jzHIGNCwwFXIFlf2QzFpoik8aJ0N84p8Z5SczPH7kSBuaAbmrGNT4oQFIWeX74hqu+j+/HyFvB5KRPXcWyHuGVgz5vWX46pWwzJGn9HtD5XkTNbY0sOR+pGUMj6+ImOamKwidOP/O9vbTG
LbdZeHqHira4yc+WMwSh4nz2i6wX3pP5OBPeACfmhs6+Q+gNPC6vZESQjOrQO8M/R2tMUz+5hJGEJMKddRaQ0rJDRoFRaW7TRgOi/bPzsnnjQlkDWsuo5hxj+PVuJ4bb+Jn3sHHnh244Fj4SVD4LQpbA7GpHhsb6FU6xk/kw5b1aRHEhe0qgnatzABPnhgTZUvOaFUPm7oXgtHMRs9QHYxf5fV/VGphFF3r8W/DHTcGDtPg=
RZvRx5H0R8xOiwJpBATuk/qWmuTT9mkpU7qcfoHrixGDigcd87ikQFU7R1/EYVsbeycDmQFdCTxWQJsgnPV+LczNqkRoY4CX3Iaq0biI1vL90PRaxx+0Wmfq1mePxrvzrZ6y6xPHU0EDYqpZZ93MUN86sFh58qn2+SQm//ea0q9FKRPCq7a0ww==
/Uqcw2AOkhI9y/IClrjD65jw07PMFvHARb/JKCwcAJbS56n5q0OgU4mfqy1bTtexWy0k3O2ft5MMVTtnYyMTdemJSWAuJCusFAHekZSJ+mhAd4CL5KLanfA8Ng5lVGQ2r0t0hp8O5muHspvPdVpiR7tT0927xlqVr+msLMc+oLSRJumqgUCWc39uchMdbUPug6K03w==
9gnCee7cV9fzfYIhsSdVdJjw07PMFvHARb/JKCwcAJbS9qH3rUyhAYmfqy1bTtexWyIk3O2ft5MMVTtnYyMTdemJSWAuJCusFAHekZSJ+mhAd4CL5KLanfA8Ng5lVGQ2r0t0hp8O5muHspvPdVpiR7tT0927xlqVr+msLMc+oLSRJumqgUCWc39uchMdbUPug6K03w==
9wxEnmZyWxHbxQXF5ZIwoEpsm8k0MnPJcaIVEOoT2BPEWFZyRVMAKt+951Oy3wXi6a/rKRNU86kU6RbrUmOWJc8jHhF2xM/r9ptUviiD7M1yV6rzjFlD2J1XG5astspKaO5naoLA+EIrVvqi4e4la2WACdXuhAUJVzq8pb+TNEsb1qgxxnMOfe82kl3U1GcpryQrS+O5ybe5qgQ9g9qIg8yXoemXtOw=
HyE55Ye69Bvypdd+DPKhdT95bBOHbXvHNGeljpyd+xJWXydBmJmqE2YDgj3Tc1K5i0W7QzpLSKY8Y9i1zqcmm9iZl/CRZ+eu2BZe0vS+q4K2wMyq5wZmOnVOUVOZsAX9OkRRYdvKAN2LcyBTBwZkmbLz+tWjZo5FwLRT0RNUp6M3+Z2ftZp4BXd6HBtQR+2Bo7TY
TLEmBisqG/en8i+00DtkTWyHJpfKFiHxjv+ivcox0SiW6o91+vC6rg5vKmoqLlXpWdfrZYum99lLIyXU/feXe9wdey+zy7MdeQHJ6L5Mi0TESZ7ZRGHaAFB/gIP0yvp1IHR2RrW8xF4/w/QOD2ZGg1f624elskIvq1vT1auuen1/oexkF9YA3AGuaSIRKDabryYyW82FY4aTqrTX
I4oc2uRzmKT1MnOjPK20J+TgigXp/llP7ywEFCsoNoCE1tMnDd+9zfsbh7Qf/x9q5RohVe/tWOfLsd95e9tNa+nGQk6TMuCTTucIM3LmxPUADWgoQiNkToaYmc7MWMvplGAzpJ41M2BLeSkgKol/kZOb94yCa3vb3Hr75EiatUTJjG2qrm0LfGLlAVdL4IegtNk=
WH9g8mjHoL092j+8/rl1VF9VLmJvGJh1TcA9R7Swo5ZTP3p0AW1+QZx/MDNU8eUrFPVOhX0PfBP+aurTjtl4f8A3fvkxXHf/UcJOpsheQiYtDjBASiZhntC24/7HPy8o41GcJPfNPRK2sd3D9p+xXiLVdDM8meU+uIkWhAW9JYxBjxGZu7NTgk5pYUoKF2Zf642ltN4=
XnEmw+v4gG+L8hwXzOQOxLaxfxARuJ6E5dGShGdro0Muw0rN+1NKyZpHo7Mia2DWdCMQZSYHngugGS9gaYdP/pBWFuIcXrOyrsDUmv/mjgo9DhkDMVD9bYLEKfFjaugNQzNoIy8mfGmq8+Klu0amtQh0G4F79B8zz3klD8360NW/utQrOCf1sbu0wA==
E/WMqK1N8QZi5Vj0ys1XrD9jYB6FLDKPK3D8g9DCpEBURmZBmJmqE2YDgj3Tc1K5ikS7QzpLSKY8Y9i1zqcmm9iZl/CRZ+eu2BZe0vS+q4K2wMyq5wZmOnVOUVOZsAX9OkRRYdvKAN2LcyBTBwZkmbLz+tWjZo5FwLRT0RNUp6M3+Z2ftZp4BXd6HBtQR+2Bo7TY
9Ynt20uapwyyCOn1DbovGTrYiZjU2JM5P43TyykYda+hG8u5SgF9geJvs558MI1c/ekntgosx1PFUd/ZGW/ZlNTi2RfpKo944nLez1M+OSpTns8zmHoYgwtVPPlSqumSbgduDXWTJuMi4HJryC7gwRMQqilx80u5k3JnFUPhpSeFA+eXtPkbM+tf4xExhYnUBvi7aGztvoXcNcpM2DuA/wy+ChnIEJbabagU0vfHNLI3UvYvf957W71m0uOjn1Mp01oKkRdFjHhPQlDQSSopHqmcBrcHghIHVdFzyhvutKs=
8HGfuwHnHhtYkHcFq86DESHb59MvV2iTwRoq4AbqoLVNgyRBt6IQ4w1BR27aZIer9Tn/wQln2aykyjlPueJPAFKaflfDtrmSozav60gyWHs7PRzhQqLpqh4vjlUlW+abkgjS81imYHnjuMrxobsLQaMaRw1T7qMf9SsHz+Qx20tbt0OJoQ0JbPZQ27C8pf597F3qVMgzgMd8lupBmNhWot1AtEpnT7QKx/qW96+WO6ONDvL7s5dTEaNy6slHjUwA/6rwSNmiqaZZNGZv18pS/2W5U9IL5rST
RM/9HZVU4wYyfmy6KpMQMKcsX9Ti+wWnX/QmLwr+hW/0d5Rt55Grlc+U+1hHI8pIbKAOGwqvwPhAaycuYrutlbvDFzx/N+9S4y3RnY9lyD+L6c9xW5P9k2m+8oazOvBLjr+Yu5KutM0ANRhgoqv0FkZAicbskHuRFJiD7L49IzgLobmoSkGPqZOjB0Ti4+sDnCLr7GjSBbxJ9N1ijmUbpKK9kd+rqPeYtOE=
+USwLGNeEHQadpI5oQaAYcWA0RUuxCNoNb3HbgMp7lvayu2L1BN8Wfdlo5HPkPOsVxciLExEZi/a2wg8AK/vWrIPxXEbp/+I78Nn1mOpWWkf0SBbKw2nxYvnNVcpejryYw6Yr67bcI+CWrzJADEQlLKfHHJmpOHyPOSzVVRcS5huiUvcq8VRHNq1By0TJ4+wclcDZzzGg1i4ps14CTAVFl5Rc0CC2Xnru1z/nLTl
GMkhlbcSOFuC2qopv6LJkf5ZMixjm1pW5aEHPfa11nzsTrdzMEya9tZ74CUSTxFxK9OarKfE/fxQRm6ez5A+Hc0Gkrvqo84VJ0MmAXXDyPvOezyO8MNUHRr3MoME2ctoBTezRtR2EjpAzh96isDwUlN20tI5Ll27zeCRZWYEjXnPmtR1B9Pse3M2kCHOcwZt11Z6bYwU33lHhLO7azlBByFKrG17mtBz5LdZ+Z+05A==
ZniPfCQhmFMh0Hdq/a1552N72lqrxwSi0ngDda5EKVjyYcI8+bnEHXBT/2Onk8+Oz7YvARY+vGpKxbL9LF7gkbOg6jkRA8tps0KnhaOUo3cls6eH1Amb48tvI4HR9YmEpkj7eAwdPlX8BQrcOEuAr6wOSgmo4BYKTZjUQhe3NOKX4rY/Hy77i51WEnND71N5c+pKgXe1DKhvcpBAqVopTgksRqdncpLXdeGzWvuetPs=
3xhs+m4bppqDe67fEFvVGj95bBOHbXvPNnG32pGU5UBWWW4V1szYE2YDgj3Tc1K5iE+0QzpLSKY8Y9i1zqcmm9iZl/CRZ+eu2BZe0vS+q4K2wMyq5wZmOnVOUVOZsAX9OkRRYdvKAN2LcyBTBwZkmbLz+tWjZo5FwLRT0RNUp6M3+Z2ftZp4BXd6HBtQR+2Bo7TY
jZM8f1mExp6xkTUffFPbg7b6gAu7lBxS8yxXHhcocsXQlZZzSLu9zfsbh7Qf/x9t4hQhVe/tWOfLsd95e9tNa+nGQk6TMuCTTucIM3LmxPUADWgoQiNkToaYmc7MWMvplGAzpJ41M2BLeSkgKol/kZOb94yCa3vb3Hr75EiatUTJjG2qrm0LfGLlAVdL4IegtNk=
vQOKq3QKnSqCMsjlKCZlMuaMhJGU248DHdu12dtPz/BPW7f6YoCJ8b+pELPrpdd9a/9lP6mS6uoDtmgH7rNAdyLC7OEAGUAMEmcsGiYMEUpc/GO91DQbgI4xO3RrLWFkei3XBRMPXyjSLzOP/G7z4Fi+nRCJ2MUOPumD6MKxSRMbxK+0tM0=
8DTkgPK9B4RxQiz1lFRJpwMWESd+Ja6BTN+gsyRRVevkFVqCY28MU07KGlMeeSg/kBdO+cG8p78Bot4meL6y5h0uIEBaBlFeIFZTfldff2gzsWwkx+1tUuYRTUMGPwEeUrVkMyx5Ff4IKWYElR31TJGvIZnL0wNCnonxyrp3Fh/brbW0zg==
yEiThVDmiycxPDtfLi+Os+SMhICWzYsDHdu12dtPz/BPW7f0YoCJ8b+pELPrpdd9a/9lP6mS6uoDtmgH7rNAdyLC7OEAGUAMEmcsGiYMEUpc/GO91DQbgI4xO3RrLWFkei3XBRMPXyjSLzOP/G7z4Fi+nRCJ2MUOPumD6MKxSRMbxK+0tM0=
KvjORIfx9LNmPk64b/2v6QMWFzFiOK6BTN+gsyRRVevkFVSCY28MU07KGlMeeSg/kBdO+cG8p78Bot4meL6y5h0uIEBaBlFeIFZTfldff2gzsWwkx+1tUuYRTUMGPwEeUrVkMyx5Ff4IKWYElR31TJGvIZnL0wNCnonxyrp3Fh/brbW0zg==
36hpIljSdciAtauSi4ANkwMWFidwPa6BTN+gsyRRVevkFV2DY28MU07KGlMeeSg/kBdO+cG8p78Bot4meL6y5h0uIEBaBlFeIFZTfldff2gzsWwkx+1tUuYRTUMGPwEeUrVkMyx5Ff4IKWYElR31TJGvIZnL0wNCnonxyrp3Fh/brbW0zg==
dTfYiP4PUWu+NsGLP1ckE+n7Hr3Frqz7iWyTg7PJ6wIv7/KTgO80ajWx1Q1ieFmvJ+d9Eoj5+RUNWFgCJfLfhfV3Q8khTQksdhDbcDxl/r1sneoUSHOAh/zW6oEYGFZiXYC0CucPtEpHupY3L1Y7Yw3O8rsz11NRIzLqCcdNTMB/avAIWeOp5tl0Zq9XClI/5XlTkoumtNM=
ASvcjc9HDQNXduxm5X6Mm+r3UKzBuOXljXOVj66A5lABy5ypyaN2O2jr1V0sdmSIK900XsimplZ1awcPZPHbi9t3Q8khTQksdhDbcDxl/r1sneoUSHOAh/zW6oEYGFZiXYC0CucPtEpHupY3L1Y7Yw3O8rsz11NRIzLqCcdNTMB/avAIWeSp5tl0Zq9XClI/5XlTkoumtNM=
LJtjm1RkAHbKI3JNOKjjzS9dtPHYjB7nAyv3tbw/wZaY1vjQ/11weqjSRc2RbgxRfNuw0l6JxlEkYkRU85lk8ioSJuqNz3dDrCW7l8NzU6UJuUlQzvRr/LTxXuE0WTo4IEeAu4TyGk1QTLb+xQQk5k97dLZ/3qY7J0Ibv9WKohfbY9Pt25aaRQ+ZLNxnbuBkcRDpmmGQ1iPfnvJjvb2DvuOStO8=
qs0+b6x7XM7aIiipjkXN7I1ZJSxj31pC5NoHNLGFyF/ZbZxRNnLU8uc07CJbfE5jJ9jVpOneuaNHWm6+z9l7N/4oiaHusLRgQXpsS2mGlZD9JBzw14VQHlz5KYEE2ctoBTezRtR2EjpAzh96isDwUlN20tI5Ll27zeCRZWYEjXnPmtR1B9Pse3M2kCHOcwZt11Z6bYwU33lHhLO7bTlBByFKrG17mtBz5LdZ+Z+05A==
qs0+b6x7XM7aIiipjkXN7I1ZJSxj31pC5NoHNLGFyF/ZbZxRNnLU8uc07CJbfE5jJ9jVpOneuaNHWm6+z9l7N/4oiaHusLRgQXpsS2mGlZD9JBzw14VQHlz5KYEE2ctoBTezRtR2EjpAzh96isDwUlN20tI5Ll27zeCRZWYEjXnPmtR1B9Pse3M2kCHOcwZt11Z6bYwU33lHhLO7bTlBByFKrG17mtBz5LdZ+Z+05A==
Orwyws2bp8Vz2CwfmwAvy7s1cE0qT0llR3KNbuBq16IecL01whH++VYzerz55fw2htkdw5i3t5H4cNFBirTDwF0tVeTppHCtuY+y5X+2BZXiXRbElAF1EVhQdlWJFHodb1VnYDcXYO6jY8rorWFU+2Wk5/+p0moqA/boR+5zwDciAmyhAFnAzBInrNomTJEKXDzj/dT0m8CO8bu0a23hpHptV8UTz99o0u+zz/yucyBY/h3UiZhFzj6pA6jCcclTGwQv9LSN
/8V1hnSg81T0NILTis05vWO4IuLNcZ2fj3zBcXqNKJirrekqqFZPOhUxiypzt8DiJjC4qljYAWFqiq8iaseGSJCJgPSLw2yi6wWJiY7/cWkz3gxlxHC4R5kTaudOLOFkRqug9MsE2AGr3HSbFq1VV+Bu759IKJV1LuIiAVd9ejm1lHvPzbqqhmzGPjZhhvRAjq4tjqwuR94jR7MY75kY5POFsWKqiXkjkocNzu7dsLN4kamuBJHy5KGFOXzNRxHZP/tfstKRBWquj5pPJwXhtJo=
i7MaKIUNLO1Qm0jxLxva5jI1PeJlXyNlbwD8RQYuGm78hFtKTlg4/ZmcZHgomuH8IVF2qLN8wQT3l8hjasIWc9KxzK8UjzK5/aSjryXqkkb0NlYW2RY8QEY+la7E3t8eGxdbeDepUGS7denCAtmBYwo3JS6WTfizsAFRziwhaiTZVZHcFTfYWffLB1K6QT0qNv9yb5+VqbTS
dqYFh25MdudXFvoYHLBIhVjgju6s7oV3+ZW8r5ZbIjrulbKFjcZSnbRr2KQ09mcH/JiN7WSYqSF/WbADa9W3zasvhS+pgoq6QwaI924D4AdikszxAAlgXFIXjKqm/PH6HKwDrdQk+1BOgVsE653BlLr99xUTH3/4Et+TP3wek1CYbn0FicilXn5ZYxhCAeljW5SPpLTd
zC54dcbAXUZ6VLhw0Qzmu9/4242Yog+Y1FQMv6lj2N23iAxpRuYQl1yK23QIqlWeydwNmm79Kwzi1eHHC5AncLQJ
KrsOmWjY7BnZJ/A8fdbnbdqVjmQcPReX3h5wo93qrJy8fFN/x5sv7enwNDJaLaqBm0ShSpzqG98nH30sxfH4NllD/sZ5pF13aFntSrPFiZSGuLso7K2+xVx1ygxYe4C/jP4KWUhQlprt6BSSd4c08rcS9m//nnsbPSbSoyPfU2lTGgrRlwWMOM8CUJDJYCleKdwG94fCEkfVkXOKm6606w==
mpj8hSsOglTaeEK4ay9OZO9G837/Zok4M5eOMbM5DmC2n3mD1RfQOQ+axhnDtZmDuI8L3sfbYYM0McE1SyEObSmzbJBRTX5O5JgyNuaGBC0fSGieO2FYgEqvD6sW2YXfLCL8c0tJxtFqN2KjNNk7CNV3A+ZE9mLaEA4vWprA4HJjtoIySa7NG32gQQWWBL1Zn1qklZdTXNujdmBB3nMWjaeWKs08lE8Zt8Rjm1A5MedxihzN6xogEzT3admPtPQ=
rHcr8zXy6ohhatb8Jqak6h5hpJUnE6jvXt87ajVlP4YeKiey9ikh7+/oJFluRv0NpHTbATv037MEeWWPDfoQVf+6FKv4J7Uxe7QA
P/ZCtOtYhsKYMUsPIAZUKDfV4vL36NM2V8nVOpp5U2epHx8aHX/Ntemwg0BOVRSlRuRRb28l1JRBTSVcOzqu3ahyWBdPYmB6teI6BHXdVcwx70qZ6xPjwn5J0craN3afe21VtC4=
aoMD5bWdvEoc6BkATaKpvPaEJ1eNrSoBhh6IHc/VDwesVF1eWt65kPkuSkoYFZvhkQm2gJ9cU/lIlmdcdNDki7mXkHk3LESdVtL4E/xOs0DY3t07ifgF7r5JQ8jC0Qlzm2RvVLQt
lCJTd/XBpCJH5pbkpIHOxhd+YCxRRiViWuLBrAkSMvb4qeNdYbXOPF9gK8W4qh9glOycN0kr6MW3kDwhpm6ALxxyy3wo4qUHSUR9Uk71O3QibXFPa1gXaLQR
HRyWuFGDlHEgs+HMLB9O2ippy9cvmVEZQ08tZlrmybgZBhoS2M3LiTHhBvgfpOOR6H63BDQINKPZv2BBNxS0tTb6KMu8FmOoeLZtwwmAtQYeIRMQAolZW3tMH2y0FQ==
x9tZ/L0HCyhkszIceI89xgNa5PIeq3ADdE8tZlrmybgZBhoS2M3LiTHhBvgfpOOR6H63BDQINKPZv2BBNxS0tTb6KMu8FmOoeLZtwwmAtQYeIRMQAolZW3tMH2y0FQ==
Lgioe9/Wspm3FsNeqwz4IXM1mRjFp93noeDaZE02kZyGhEg/f/eJC6qevwaHPwDEy7LEWmB9AfUsh/dWcHt+oPQd7CSXlgCcgeVpYpFoNtsvZjKbTUVjRhNqtBc=
lKNfZCED81xhuOr2hNDzj41ZJSxj31pC5NoHNLGFyF/ZbZxRNnLU8uc07CJbfE5jJ9jVpOneuaNHWm6+z9l7N/4oiaHusLRgQXpsS2mGlZD9JBzw14VQHlz5KYEE2ctoBTezRtR2EjpAzh96isDwUlN20tI5Ll27zeCRZWYEjXnPmtR1B9Pse3M2kCHOcwZt11Z6bYwU33lHhLO7YDlBByFKrG17mtBz5LdZ+Z+05A==
EJRcEyhlCPA4UKi3VAVZOh5hpJQnE6jvXt87ajVlP4YeKiey9ikh7+/oJFluRv0NpHTbATv037MNeGWPDfoQVf+6FKv4J7Uxe7QA
sNwpzEikCM3iMJVoQKxaoo8Ljcr8eP8VGAA0xc8qFOkoYfGdlJy7/BAFERmZxW8WKwH9dHPe3r2tWLCjzqgv/F7bc3fQ0pvLCSK5X1PLh0WMy2hoIBkxRfHU8xvgLBCZSihHNfGc6QfW7wZ0roiPzurFflGpqc1R+TO2KGEJN0ejcKmy2NKBgUdEtIGIli7ipebloKUPGpW53qfXaaWj3nVXoUfi8zQwzsSfsvTBM13giJut/2JbHXe8xWcVQVtytMB4zdGs3Y15e/yKg1DeTs1O7pmyCn/eU28/YcZWvGbKXg8UL/4K5Y4cU/Nbv5chIaTw3NE8hcobt2XJMDJPw8JSYCFRovbPKzPjOtfSBPjo7AmkxazNysw3waiSqJEYSZqE7ZK2dD8p68AWYjdZmhb3ZwOD8vcJHDQbBT7qnY/YMU3SI00JLHYQ23A8Zf69bJ3qFEhzgIf81uqBGBhWYl2AtArnD7RKR7qWNy9WO2MNzvK7M9dTUSMy6gnHTUzAf2rwCFngqObZdGavVwpSP+V5U5KLprTT
562esCEg4Ufg2laLiNjBJaAt0iptqCFuYfYXnnYcBZbydJEKuk6Z+oq+7dV/XeHYO2A3/tJI3j723LCw72Wg3aKVLV1yCP5xtFzL2MPr8R+LkiG9qklG1MtCOCundz6WmQV6JxOIm+XG1XX/Z1aIVzu7+TwhXUgCtePshnNwDM1fvPS9CeSjlzGwNPEsq89w+gRIhUCXDNzNUoDE7U5CYHi3L0lJHWMMBxNWikCBE/UPYuK5XooRviLS9g0l/5x/tnWV7Hh9QFBwMlo+wqro9yNKcWInN+M4MFWfuRmGouc51jjKg+ykBieq1gXBecy1/ibVoHd7jRDm2deIRfBtfZrr+IdAB+hORwSk64dtsaGRxQpuPm/ozCDm7DldnOAdaP0rCMw1cm/sxqMeQW2h6k18oOh9Zol39puosGL5pGrGKKFfS1MksmAijr+0Y0k30rbnsz1656uA24jteJpmIWX3HY18UFk0V7B940FxOdqMrOdnfl0gj4DLF4wZH2vl04m84TSGXecSmBGslC8FBkYpqPdX8S08uSI/VYErm03zPhyldUTn2elz+ah4jDFklktQNFsk6IH7vATbBg3lV1DO/1+4yEX1HsKyQScdKjnlNEsPXVpaBrzmjnZx5oRA/s49zhwOl17TpyPY3zlI5KPlwSI6qUmjQmf9Dv59ALPIMbnudPGiZJGlqbw9p8fY71tv8kLxder+ryqPN+URtGo=
S5yK3/7bnB34cxt+tzlLAQlfU3p/bRBh7GPBxZjuvH64ikQemhhvPvULIohAdQ1bSyp0ZYYwEV3/PFzsM43MyfxN4muAO3fAxJH4fwulsHGur55i+hw/+tRxBrcNP6SSechy9EnjkhshmZRAZrr7LA0HdWRU6qYTxG3yH4rad7P8jwz9sW11ko9RcnEt6K5qs0b5ixfRt78CGpa/x6soW7C79Yt2xSDIDgRjmA1jfbaE+6Yu2c8aBc87ftFFafiH9KP5KkH8SlsxTT6P0mDlIbV2FaP/Gk7oR78dlTZzXjSD5A30vyszRcP69pgVb/xZup8aL7Xkq+vRpel9jokWYkd3CBwTJGabf6a8ndo/lbV37GNGnb0zXyFNSUquTdcgPQmzNztgCjjLxOz/orxZoPIR4VgmszT53xfqOk03Gizf5YTGMEnVKVAZHwA5x58eANZmgqyeQ5K+wMS6DyY+ak2OiePhEK0NssTZ0TMquK3Ts9iDX2ZMibrz8sWLhlYVuPSLIas0zxO9eBXvHTqAtS86JMuIZ4WRq7TQ
fpfZMW5vQTCICx91wHn/pcTaT5y/Ab0UKlNBUZo6PTz4NDhwAEEJrM0eXmWLAI0Y7arcjSh9AErYCNlDaz1b6ki5I2Hnz3nFXoAvja1SlEQIfT95Y3U/QOjOOtgEvXIp4P2oyFV8HiMQjjEkeFikiG16uJYXGP/99qt2Y4HGa06FmOGaV22rCaXbP6XHaPXr4p0Hr0kwZywQDDAsXtotcBSK/Q6fTVXqilzfue0T7crIfaW5BP/wK3FDLgFc8LQvd9Y49KOfjfdu6eqktEf+BeVKcP5Datf537zDqzT61a+Y5OEyFLrwYKANzK7E+7BnTAx9AsmNnBTwO296BOV+vLE95XollYpnS8ULEf1E89tSGY50yy7H6bwsPA4WEEIcnV8+lBCgPODJDRQ11NU7dQrVLlRzFBmdSsu8AwtTsQhn8UDir1JALmPbtTVp7zgX4ZbRCIFDuoBsHA6Qd8YDmCpP+oJbcUcJ57sFyihunfpFgM+JDSuMJN/5RlzYM72EliWfbSt4iyQ0ogxCEVbJKs1A2MnpCm7+weIN1Hy/PlDUFd31SBT+AamAshk/MU+0t8NIivNnAnyNNdy/dUBP6+lGQs6TsuATTmcIs3JmxHUAjWioQqNkzoYYmU7M2MtplOAzJJ61M+BL+SmgKgl/EZMb9wyC63tb3Pr7ZEgatcbIDG0qru0L/GJlAddLYIcgtFk=
SoC2BMNiKPYt8k4Fbh8XepJBHHqarhAyjZiw5DHHAQtRPvsTX6frm1ql1QnVfvn7E2mZkkp8ENy2Z16xqFfsc03d/FIdkABWrLkQtl/reEm/lbph631XmLbHln6QUApRP1WcKXoP6toWTGMS4HEyX1FvSCoNaKasZROuc/VZwOiaCpf02WdBnHi6eruw7Qa31gpby8hvWKVd3Qk6WxEmmRGYgrLn5g0zewFr1zYaotcbe0TjRBuhU1q1HCBaRLcwcdOR7tAbklb1H0atO7sKeZk51H/Awy3yLUy282WN6ufukMl5YdZhGxNKEgBzvyl9aiOyjPdE2ayT2w8tFzqiMOnfkIFu/y7XmbR3Q6UlHdXSWToac5dcRP+UGjOr5uh15k+5bSNMl/7xbe83FU19InKdu5jJqefvFxA20J+EOFfeDLX4pvHVIApjaFErl56SkWc21OuFUB5c+SmBBNnLaAU3s0bUdhI6QM4feorA8FJTdtLSOS5du83gkWVmBI15z5rUdQfT7HtzNpAhznMGbddWem2MFN95R4Szu2k4QQchSqxte5rQc+S3WfmftOQ=
oY0AdJVLBntyrUNl1Agnwb6kgfRChQdILSFE8ST2z7Gt0JTxPmMRwDxd2QHnbXXGvgxXxKOpRcb16E0gx3aerxlxbIcja/xLFP3H+U0T9RjxV89AlQ4iabtDyMOguwPIASH3AdcjkNkAJtSjsfMdlqsF5EYgX/Zaz9ulxgkR2s3+ysoCH2i2F1ZfnVONJ1WxLnalI0dBX0LhHExIIVeLJox/rNz+BDl0DW7RNRqj1Rx/Se1PE5hJpakpNilUpkJm54wQyyN7PNozI0sYm+tbvt25Ueur9MhysOPFtv3bNZlE9CeajijRXIbXRrD/aL8tZ3/CPIygdiyH+nuk6vOCPqtNPzUHh3122NLlxsW8tzX9l/QYP8U+YCiPxThWGedR28TzmNQedH7harGWzfyg9Rk2FkIhXnVojINGbBSppUm4KIY9SbzKpc+NN4g3/zA2A9t6QG0JpIOF/DdXKXo68mMOmK+u23CPglq8yQAxEJSynxxyZqTh8jzks1VUXEuYbolL3KvFURzatQctEyePsHJXA2c8xoNYuKbNeggwFRZeUXNAgtl567tc/5y05Q==
zrtmAQKWraerwdrmPt2vJCjr4CumNK+WfeeNTxfN0wjebBY7w+s2i3zzNyrL9rNxj3CMX/rXwMXRctcOtntqzwwA26dmAurb5I9AOeOuTSj26pRDBZbGYqGis3nZ8qY9IE+tMlteF3jzyPU+A26upCrsh0XyTFE+xRvLk3uhdJHWFcNv44vR3ueg67zAXPpGRUjS+vSpXokYRyn1Jar0EwZ5yMfg/Tm+1YW8CeXm8E9P24weCjsHll0pyEu1LYALPVaENROVyqyQSekKBK/kMZohEMpks4Xuu/xEBofHNgJkA5I3tH4C7pPYF/8bEw2bNLFvgJpbSeDYnGHB0z6KeHz2msjd/UUJOzuFZdbYkg2PJJcE8UYbSyL1XZXkz8D1LU6W5R1v4jcV0weWX9zvZVoVkT2X6sUXkfP0E/l5HdEEkVPBimFGEKPwEelqP3Rnm9dZvCfFqOa/Nojaw6890bmrUCPhorlMUacy9MzoxvRnwuusavsSBssVj/3Hzw0u+Cr1TsU0p83dz4RQ/w2OOEi3VTDWEXdpOxxD0JTWhKbBEqEezXSwjTnu5ophFsWwbLvWZJShNXHYcDb1ifS6/e91JwA3dyDOI4MKCK3BFNvlxKdfqXKqyoPWKOfuE4BXoiKsQQC5AOySR+y6JuxRKtzcI13UVNugDtH7FGuNIUT6TRelE6+fSFIPcy/8DjMA2J5dcog4hS6+icMIwhGJM5sk7xS0bQ==
w3nnRMWn+9yGQSpRwZCtcoiG3f5zqpYYwoVBUM2/Cp9hFlOq5nDTeKUKZsHv1C31P9tHmiOz4NR9vDJbS14dI27qGgh2C6PWpYFX3gRsKyWAuH/OwpX5wt11r6CVRCpoxWg2jZxYLSERkenFIuQaieQBg4T9tLX9zna7wkQiNgPKo9kJ5Gc5YbkiGv/wRIfV9zPYZG6YU+bttzSvel+IhrUaX3547nNAS1TVeyt8rb8LR4K6QPZskeomoo7VHjrJ/iRJ526uSmnwt7DszVTin977MmY1VfUFXAoAFgFCgrJFyvLyPMc02Zz12legmuMdLCrdIThu3wjUUzP7QkVNVoAqveoYYWcx/I5CJuHNZtpHte/rGEdDXMBCneeEvfIlD83pFSunKxLWfddGz/ZVKBCdLKcZ83qN5J4qEVIDNCDucSDqQqAtz9fLgFLEWjJP+CuN95b+K4NBQgOL5MOU/XSSYiFh/xGdYEg9FLOIAdONOX0aSOSrl8IlhG8kU4sclZfvZVcBMHGoHvmHtmCt3FjnQUaC4eTHq8lJHF06I0WNI59N9zYQtWlcA/mNSwWYNET1JNKDnETn3EzhXySYS4qFYdfURnPPJFDhFbq6DrFrVe75oXyHPyFivibY/pJmfe6AQPrGMd4AFvN+N59f6BNxDCRnrY3ShtHtQ+b/YZ5y9YQzTLk1fuhpBgQ1XRXM8W+DmCuTI8K+yRHKGrc2nzvtFbRu
JqxWrY5r3v/YbugEnccoBT0yKF+CEo71CFcZQd+q8mwyNevWMBJuaTljQq4Pp/u9WneTHuyeowNVgczHwQwj0bW7PKUPwjW2Chx8Fs1a4ScFWqBC8RgwnEZZ3JUtoARCQp4EbWXuXEs7rsSFXOBQh/EjkMME/Hnk3ntolPP08EEDTOw73p0tVxhepz/QuD21BpIa4R8t4rktxLPvtYpCxgRWplYpdsxAtl5l7jS+L57Ld8s4J8mAZGvV+YKS+VHjOheVbqbtSLMAoWEOnAFapIl1ARwFl49YpysXkiqhbapGHwKv73XZtKI=
PZk71uAdRvjUBJWh9CxPVR6xsbMxk8X0llc8/2MlUXl3fXP9THkp7egC7kp9dG9cOznVK8yPX5l6b5jR7tgLXY3RMOF3Xdar/t+yqPwGz7wwO+4Mtq/s98tPIVg2k7rLBI/R6HDTy7osRwHZZtcPaKnrT5lyxnRPyZsAZoJH2er2h6dzY4L3efxE23Xemh3/OEGNosM9CVyWYBsA3BV+zYztKmSoA4D3HKYq8fho1hK98HR6B3+0OqfKVkfPJrsT7b4yy9OnUyHDQip5Jz3MsJ8aMHi5kKiWOQSm37d60k8FCZPia9a0ow==
6VzQlj0TkybRea/lB3kKjC50e4CMDQdKIBEjEWTHTdwN+8YNj8eatjeE0YFmmsgs6z3UgwpVbYZuGTAXn2EVfCFSd/W5+3NNG+4kBTwgcIfR4zdH47wZ5P47yBSTtBBBY4xMu35dTVf4Hge/cPjdtWZS+mG/7cK5zQTTbxXKYsYkFkbWSbbsQJaeBW7U/g+e6zdruEcJYGRLFVkCcjkx49pXNe4GraizYGHBjjzBOqRpNWGcpdevWMdr9xKKYU2qZt9iLw81+bSC
ZUEDH0vPmGREJFRjtQdKAIaz72uldUfwtbBJ8foStx5ApPrEmjFPg88H3/DyLH65Y/MfM5DjojTcNLcs+v1HIbnf6b5VVrR2kddtEdNrYim4jAPSNR6nliHHVyVMkWed2ZZy6eod+K35lmTZy7wgNRn2lgIhHvUoh0fGrBTpJQm46Ab9SXxK5c/Nt0g3P7B2A5v6gG3JJEOFvLcXKbq6MmNOGO+um/BPgpo8iQBxkFSyX5wyZuRhsjwkM5VUHMvYbknLHKsF0Vza9YftE+cP8HIXg6c8BgOYuOZNOgjwldZeEfMAgpn5K7ucf9y0pQ==
h83j0qDY/HtCKXAtFH3d54az72uldUfwtbBJ8foStx5ApPrEmjFPg88H3/DyLH65Y/MfM5DjojTbNrcs+v1HIbnf6L5VVrR2kddtEdNrYim4jAPSNR6nliHHVyVMkWed2ZZy6eod+K35lmTZy7wgNRn2lgIhHvUoh0fGrBTpJQm46Ab9SXxK5c/Nt0g3P7B2A5v6gG3JJEOFvLcXKbq6MmNOGO+um/BPgpo8iQBxkFSyX5wyZuRhsjwkM5VUHMvYbknLHKsF0Vza9YftE+cP8HIXg6c8BgOYuOZNOgjwldZeEfMAgpn5K7ucf9y0pQ==
z61/t/KOTv78HhIlCJbCx4az72uldUfwtbBJ8foStx5ApPrEmjFPg88H3/DyLH65Y/MfM5DjojTcNLcs+v1HIbnf575VVrR2kddtEdNrYim4jAPSNR6nliHHVyVMkWed2ZZy6eod+K35lmTZy7wgNRn2lgIhHvUoh0fGrBTpJQm46Ab9SXxK5c/Nt0g3P7B2A5v6gG3JJEOFvLcXKbq6MmNOGO+um/BPgpo8iQBxkFSyX5wyZuRhsjwkM5VUHMvYbknLHKsF0Vza9YftE+cP8HIXg6c8BgOYuOZNOgjwldZeEfMAgpn5K7ucf9y0pQ==
jBFoPQmiFv+WaS+/yf5nyoaz72uldUfwtbBJ8foStx5ApPrEmjFPg88H3/DyLH65Y/MfM5DjojTbNrcs+v1HIbnf5r5VVrR2kddtEdNrYim4jAPSNR6nliHHVyVMkWed2ZZy6eod+K35lmTZy7wgNRn2lgIhHvUoh0fGrBTpJQm46Ab9SXxK5c/Nt0g3P7B2A5v6gG3JJEOFvLcXKbq6MmNOGO+um/BPgpo8iQBxkFSyX5wyZuRhsjwkM5VUHMvYbknLHKsF0Vza9YftE+cP8HIXg6c8BgOYuOZNOgjwldZeEfMAgpn5K7ucf9y0pQ==
bsY9yOT8w5FBWSimIBbeKoaz72uldUfwtbBJ8foStx5ApPrEmjFPg88H3/DyLH65Y/MfM5DjojTcNLcs+v1HIbnf5b5VVrR2kddtEdNrYim4jAPSNR6nliHHVyVMkWed2ZZy6eod+K35lmTZy7wgNRn2lgIhHvUoh0fGrBTpJQm46Ab9SXxK5c/Nt0g3P7B2A5v6gG3JJEOFvLcXKbq6MmNOGO+um/BPgpo8iQBxkFSyX5wyZuRhsjwkM5VUHMvYbknLHKsF0Vza9YftE+cP8HIXg6c8BgOYuOZNOgjwldZeEfMAgpn5K7ucf9y0pQ==
l4zMVznDpSDSAr0M1psM64az72uldUfwtbBJ8foStx5ApPrEmjFPg88H3/DyLH65Y/MfM5DjojTbNrcs+v1HIbnf5L5VVrR2kddtEdNrYim4jAPSNR6nliHHVyVMkWed2ZZy6eod+K35lmTZy7wgNRn2lgIhHvUoh0fGrBTpJQm46Ab9SXxK5c/Nt0g3P7B2A5v6gG3JJEOFvLcXKbq6MmNOGO+um/BPgpo8iQBxkFSyX5wyZuRhsjwkM5VUHMvYbknLHKsF0Vza9YftE+cP8HIXg6c8BgOYuOZNOgjwldZeEfMAgpn5K7ucf9y0pQ==
XO/tJb2oCn/5+ZCTqZapRIaz72uldUfwtbBJ8foStx5ApPrEmjFPg88H3/DyLH65Y/MfM5DjojTcNLcs+v1HIbnf475VVrR2kddtEdNrYim4jAPSNR6nliHHVyVMkWed2ZZy6eod+K35lmTZy7wgNRn2lgIhHvUoh0fGrBTpJQm46Ab9SXxK5c/Nt0g3P7B2A5v6gG3JJEOFvLcXKbq6MmNOGO+um/BPgpo8iQBxkFSyX5wyZuRhsjwkM5VUHMvYbknLHKsF0Vza9YftE+cP8HIXg6c8BgOYuOZNOgjwldZeEfMAgpn5K7ucf9y0pQ==
+GRu5rgdtwkLKFDspwhJkoaz72uldUfwtbBJ8foStx5ApPrEmjFPg88H3/DyLH65Y/MfM5DjojTbNrcs+v1HIbnf4r5VVrR2kddtEdNrYim4jAPSNR6nliHHVyVMkWed2ZZy6eod+K35lmTZy7wgNRn2lgIhHvUoh0fGrBTpJQm46Ab9SXxK5c/Nt0g3P7B2A5v6gG3JJEOFvLcXKbq6MmNOGO+um/BPgpo8iQBxkFSyX5wyZuRhsjwkM5VUHMvYbknLHKsF0Vza9YftE+cP8HIXg6c8BgOYuOZNOgjwldZeEfMAgpn5K7ucf9y0pQ==
pIruQfgx4W3Kmy7uIpkjEIaz72uldUfwtbBJ8foStx5ApPrEmjFPg88H3/DyLH65Y/MfM5DjojTcNLcs+v1HIbnf4b5VVrR2kddtEdNrYim4jAPSNR6nliHHVyVMkWed2ZZy6eod+K35lmTZy7wgNRn2lgIhHvUoh0fGrBTpJQm46Ab9SXxK5c/Nt0g3P7B2A5v6gG3JJEOFvLcXKbq6MmNOGO+um/BPgpo8iQBxkFSyX5wyZuRhsjwkM5VUHMvYbknLHKsF0Vza9YftE+cP8HIXg6c8BgOYuOZNOgjwldZeEfMAgpn5K7ucf9y0pQ==
Xxu+hk1zdAKIfwm5Oc4Eqoaz72uldUfwtbBJ8foStx5ApPrEmjFPg88H3/DyLH65Y/MfM5DjojTbNrcs+v1HIbnf4L5VVrR2kddtEdNrYim4jAPSNR6nliHHVyVMkWed2ZZy6eod+K35lmTZy7wgNRn2lgIhHvUoh0fGrBTpJQm46Ab9SXxK5c/Nt0g3P7B2A5v6gG3JJEOFvLcXKbq6MmNOGO+um/BPgpo8iQBxkFSyX5wyZuRhsjwkM5VUHMvYbknLHKsF0Vza9YftE+cP8HIXg6c8BgOYuOZNOgjwldZeEfMAgpn5K7ucf9y0pQ==
A0E9BxCOFJK1fM/0N5r/jIaz72uldUfwtbBJ8foStx5ApPrEmjFPg88H3/DyLH65Y/MfM5DjojTcNLcs+v1HIbnf6b9VVrR2kddtEdNrYim4jAPSNR6nliHHVyVMkWed2ZZy6eod+K35lmTZy7wgNRn2lgIhHvUoh0fGrBTpJQm46Ab9SXxK5c/Nt0g3P7B2A5v6gG3JJEOFvLcXKbq6MmNOGO+um/BPgpo8iQBxkFSyX5wyZuRhsjwkM5VUHMvYbknLHKsF0Vza9YftE+cP8HIXg6c8BgOYuOZNOgjwldZeEfMAgpn5K7ucf9y0pQ==
Yp0s++pHBBhDjvg1qqsvboaz72uldUfwtbBJ8foStx5ApPrEmjFPg88H3/DyLH65Y/MfM5DjojTbNrcs+v1HIbnf6L9VVrR2kddtEdNrYim4jAPSNR6nliHHVyVMkWed2ZZy6eod+K35lmTZy7wgNRn2lgIhHvUoh0fGrBTpJQm46Ab9SXxK5c/Nt0g3P7B2A5v6gG3JJEOFvLcXKbq6MmNOGO+um/BPgpo8iQBxkFSyX5wyZuRhsjwkM5VUHMvYbknLHKsF0Vza9YftE+cP8HIXg6c8BgOYuOZNOgjwldZeEfMAgpn5K7ucf9y0pQ==
efuNpW2aL0rrhMmaoSvV74az72uldUfwtbBJ8foStx5ApPrEmjFPg88H3/DyLH65Y/MfM5DjojTcNLcs+v1HIbnf579VVrR2kddtEdNrYim4jAPSNR6nliHHVyVMkWed2ZZy6eod+K35lmTZy7wgNRn2lgIhHvUoh0fGrBTpJQm46Ab9SXxK5c/Nt0g3P7B2A5v6gG3JJEOFvLcXKbq6MmNOGO+um/BPgpo8iQBxkFSyX5wyZuRhsjwkM5VUHMvYbknLHKsF0Vza9YftE+cP8HIXg6c8BgOYuOZNOgjwldZeEfMAgpn5K7ucf9y0pQ==
mUrgBWgF4eCDhB+J3zj3Boaz72uldUfwtbBJ8foStx5ApPrEmjFPg88H3/DyLH65Y/MfM5DjojTbNrcs+v1HIbnf5r9VVrR2kddtEdNrYim4jAPSNR6nliHHVyVMkWed2ZZy6eod+K35lmTZy7wgNRn2lgIhHvUoh0fGrBTpJQm46Ab9SXxK5c/Nt0g3P7B2A5v6gG3JJEOFvLcXKbq6MmNOGO+um/BPgpo8iQBxkFSyX5wyZuRhsjwkM5VUHMvYbknLHKsF0Vza9YftE+cP8HIXg6c8BgOYuOZNOgjwldZeEfMAgpn5K7ucf9y0pQ==
tdWL6vmdrirqWeLGBYGsxJeXg6iaOiKrqsA4rjW79NWWV3xHmV8dCk16yoSKkIqtY3dLNqnRXC+j32LEB7ff5r0cGjEG096givrtDRIarqQJdYEchZcNWicol5Kqoe2qxh+Cr291WbQi
HYxXrwIJwGuurEH+pGZxgGUSiCNr0dhnjd/qn5+p8TRIJd3XLq5DWoofbsGKJIlV4Njvl4+1dyp7TSQPjP+6OXUUO8+NOmqGrEZ+NiEGNEBOLm2O7K6H3uPH8xivGdjkMwVxYuoJOSNSB83Orl3ws7gRaa5EEbLkYQX5fI3HVdp/eJ+yEhFFau4PWk/nhaG02g==
gn9q+I99WE2Ia9FKAqRijh9JM2NzAogbV8k8R6OjqaxTYTV0DG0RJ/IWJzouh5JRBqwN1WRQYwfzLdPKn/V4f8A3fvkxXHf/UcJOpsheQiYtDjBASiZhntC24/7HPy8o41GcJPfNPRK2sd3D9p+xXiLVdDM8meU+uIkWhAW9JYxBjxGau7BTgk5pYUoKF2Zf642ltN4=
LcBN4P45mPirgZgC+w2uH+9G837/Zok4M5eOMbM5DmC2n3mD1RfQOQ+axhnDtZmDuI8L3sfbYYM0McE1SyEObSmzbJBRTX5O5JgyNuaGBC0fSGieO2FYgEqvD6sW2YXfLCL8c0tJxtFqN2KjNNk7CNV3A+ZE9mLaEA4vWprA4HJjtoIySa7NG32gQQWWBL1Zn1qklZdTXNujdmBB3nMWjaeWKs08lE8Zt8Rjm1s6MeRxihzN6xogEzT3admPtPQ=
+N7UInxUMt3u9+g80q7Qg4K16eKVA7jaT6PPKjkSIMbfouS9/2KTb+CIolctOa2jAmp1xbKAo55LbCJ2TyMTdemJSWAuJCusFAHekZSJ+mhAd4CL5KLanfA8Ng5lVGQ2r0t0hp8O5muHspvPdVpiR7tT0927xlqVr+msLMc+oLSRJuqqgkCWc39uchMdbUPug6K03w==
WHW/hnH2BMiMPoPVncZ0Jo1ZKyRngV9F+Y1TO/786XfjRa9+BVvU8+t1oyUeb1d0OtnVreaXuadLZCHVz9R2WeMvkNL9qrRjUDk0WDeV3qTRbzHJydpFMRr3MoME2ctoBTezRtR2EjpAzh96isDwUlN20tI5Ll27zeCRZWYEjXnPmtR1B9Pse3M2kCHOcwZt11Z6bYwU33lHhLO7azpBBCFKrG17mtBz5LdZ+Z+05A==
MNM4ZK9iyEV7S9z50mWnnBgP6Y+01BZYgvQ/VyhlfRvnDaUNdhcJRxsk0fXf1GY50+/Acg0qJIPgeeR4R5UuhIGvgalZWjWRyrcCYxTZ20h192MmZPaCmrCOT5q6wMCyAzYicqmu7dsdIOFFdgSdmf/aBNV3U3wbw/bAAT5zdk0HFsqNHJQv2RdEg9t7OlEk0Qr8jcsaQNOUd4mZr7TU
4WvkWCYo/wx56QvZmTPk4cyYsMwfVZq4eVk7Y3sS4BuvGWQHG1NxDDvRvfSEHbnHKqZfevZXqjEuvAXVbEBL58t9iwpnRSAfaMf2ebnsn18JsvZmEA46BsUeOEBCNom+qOY7Pn9Pd4gL4RSkfz2Vcu4BJQOuz4m+CsV8MzSJzV6AWc7EfQ39bOn/mBozADsilpnZClLHnn+Dna201g==
FH/7+/+db5SALD0zFAbWKQ6ewy7QctQXm2e4PG6j4S089FFSWkiV6tFhsyP8LnOgWH4dUYoYRk4+KQMowvHJ0xuEL3S0DQ==
F+ig2C6WMLVCfCJO/Z/DNA2ewy7QctQXm2e4PG6j4S089FFSWkiV6tFhsyP8LnOgWH4dUYoYRk4+KQMowvHJ0xuEL3S0DQ==
k5QREhqVx/fV/ndlQmu5vwyewy7QctQXm2e4PG6j4S089FFSWkiV6tFhsyP8LnOgWH4dUYoYRk4+KQMowvHJ0xuEL3S0DQ==
ssTEqudezINaTDrO9ExXdguewy7QctQXm2e4PG6j4S089FFSWkiV6tFhsyP8LnOgWH4dUYoYRk4+KQMowvHJ0xuEL3S0DQ==
awh3jMOHMYH+J9idAfjOvJwFinpShUtEvq4hDSOE/4nRUkElUpK3nMVBh6C58gJnOILtBiBPQPjTQ6t6c0OPXc7Z4sQ9jb1sqX/YGnOAeyLWGRkKkkdef0MdbbQW
nO72NNIhqMlF0jWT8xaEBYm5Iw03ga37LxQJwKb5fie37A8gMQKqB+Aylcb4H3gY+1OjentTpz32CbqExT3ljAEPUJr7MJOCjumhSkqXJl+rDWW0Hg==
GEGQeQRDgDxeZ3TiKX2xkgqewy7QctQXm2e4PG6j4S089FFSWkiV6tFhsyP8LnOgWH4dUYoYRk4+KQMowvHJ0xuEL3S0DQ==
w65jJFcIQYr2t/2FxnGibAmewy7QctQXm2e4PG6j4S089FFSWkiV6tFhsyP8LnOgWH4dUYoYRk4+KQMowvHJ0xuEL3S0DQ==
lNb2Qln/lesTTngrhaNYiQiewy7QctQXm2e4PG6j4S089FFSWkiV6tFhsyP8LnOgWH4dUYoYRk4+KQMowvHJ0xuEL3S0DQ==
2TZcyihFDXIHb2628N2dnQeewy7QctQXm2e4PG6j4S089FFSWkiV6tFhsyP8LnOgWH4dUYoYRk4+KQMowvHJ0xuEL3S0DQ==
nxjV2AHDnAyeZu/fqSXzMQaewy7QctQXm2e4PG6j4S089FFSWkiV6tFhsyP8LnOgWH4dUYoYRk4+KQMowvHJ0xuEL3S0DQ==
iCOLnF5WVmMgsw38Hy1M7xBSS7XdgKOGIK9KZleW2gtyENF3cTqp9w21fJ0Y1Adpz6QLC0K6KXRZKiR9I9row+wXgSl3tAw=
cn7zTCqvtWQYMZOqCFVE4RFSS7XdgKOGIK9KZleW2gtyENF3cTqp9w21fJ0Y1Adpz6QLC0K6KXRZKiR9I9row+wXgSl3tAw=
7hZZueVTUn5KgsJLWyOU0xJSS7XdgKOGIK9KZleW2gtyENF3cTqp9w21fJ0Y1Adpz6QLC0K6KXRZKiR9I9row+wXgSl3tAw=
KLKCSzCX5HDI3ma3sAOkdxNSS7XdgKOGIK9KZleW2gtyENF3cTqp9w21fJ0Y1Adpz6QLC0K6KXRZKiR9I9row+wXgSl3tAw=
80mOwGW5D796UaicPuvj+RRSS7XdgKOGIK9KZleW2gtyENF3cTqp9w21fJ0Y1Adpz6QLC0K6KXRZKiR9I9row+wXgSl3tAw=
l+3aTMnbu4/dGcAnMCqewxVSS7XdgKOGIK9KZleW2gtyENF3cTqp9w21fJ0Y1Adpz6QLC0K6KXRZKiR9I9row+wXgSl3tAw=
T9MSPZceOJnSxybnhBuN1B8j8dh6Wq7NEcBvPnR/Po4LNmaj5mAl7/26JW95Reg1pHTbATv037MOemWMDfoQVf+6FKv4J7Uxe7QA
c0knzAEuAYq7lGxQJSElJRwj8dh6Wq7NEcBvPnR/Po4LNmaj5mAl7/26JW95Reg1pHTbATv037MOemWMDfoQVf+6FKv4J7Uxe7QA
fcSDCV/D/jv09VWw1rfdzR0j8dh6Wq7NEcBvPnR/Po4LNmaj5mAl7/26JW95Reg1pHTbATv037MOemWMDfoQVf+6FKv4J7Uxe7QA
cYrWXqaml86WteMV4zhAChoj8dh6Wq7NEcBvPnR/Po4LNmaj5mAl7/26JW95Reg1pHTbATv037MOemWMDfoQVf+6FKv4J7Uxe7QA
CY0xyI5Qlugha64RdU5Lsxsj8dh6Wq7NEcBvPnR/Po4LNmaj5mAl7/26JW95Reg1pHTbATv037MOemWMDfoQVf+6FKv4J7Uxe7QA
AqgRsjb0bNkc2w55rugOizOHJE8xbWgX9C5NPQ5X0ZezRGkFV1TuiStPqCLV6hzzyJn8aE+VJpSZz6lZYRptQSIXetOcWVM4zRfLdjw2eqrYrleKssDIohsWSkJRbrWLtcBZNf6EFSmHeuwFLxNE6+uW2BE2c35dH/bi/SRU94l/5Htr8rrZ1GlqVF0TWjjjfFeRiae03A==
VlwAPmt+kf4OWvzV/rEC2Dx1fKUxSiR+ax38AUMhACf/i118Bxl5tMDVRXdG/vuaUi8GobI0gVXoyNd3Z4UvasOdzK8UjzK5/aSjryXqkkb0NlYW2RY8QEY+la7E3t8eGxdbeDepUGS7denCAtmBYwo3JS6WTfizsAFRziwhaiTZVZHcFTfcWvfIB1K6QT0qNv9yb5+VqbTS
x2Noih0Ih0ClzaoVkZ//0HPZcpPcAC+RnLr85JZlojKf649i6fqArk8qZDVvCjOHMMDiH/3RjcsSYnXNouiDdpskYj6fy7MdeQHJ6L5Mi0TESZ7ZRGHaAFB/gIP0yvp1IHR2RrW8xF4/w/QOD2ZGg1f624elskIvq1vT1auuen1/oexkF9YA3AGvaiISKDabryYyW82FY4aTqrTX
AgxAXXM6apn83PB4yTitOinu+wc8sd2YrO6Mc6o8q5m/dPXQ6JCrCARTQ/AL6WQSMimBm0UVViC1C26y27hvlhJoQyEbY93jaU7S9nPqUNsOL/jrUp7U/QAFeFBi+5SGxtApFizgW2EU6KMc/m2DqIsxWXgKcW+Zk5PndKIzC5Mcsku8KCIlzUoE/hJOtbs0Ii3xj2uYl6i00Q==
o09DbjYzooyCrnxNkWENjTwQt0Vfz6uB/47Z7lCHs6khQ87kghFDg8Aus5r6/8wQX/qwGPkzqjZ6ZCY/d9rS78XpE4IrdrQD
8BKzwjy9ryvjzQDsHjg4mHNXz7UVSkcsh4PrRbdyiTroK1PNyd9+UBqdwwdIkiMOApNstPcmwOyh/2pyshj2a0/2sgut9SO2M3q0Bw==
g3JcHfXFfN3o1Ypb7N66ea6n135Yy7+zHkgA5aSeZL83G2vdB+rp4lhzk5X5Bx5IKoXDH3iKQ9Yyy6zsR/6gdBFn6uoCgJaz/65yU50tQ64DYrQf
bRfNyTJlYdg44Zh/UuriCMzslkz8kTcj7tr5BHEPRYC5uGIiKxAklWLbAknXJbFykruCDwIaQxjs4zAGR5+ViBr0S6FrNI+T/npVbF06wDVvOmRLSGdFEWu0EA==
DhaZweXCcmVuuNzfh+5ihhmlOjDi2vUcZT+xqKVYXkr/wFCtrptOsWN1ZdruGx5nturXgGBjvJ7T7yFghlS3CT/kO+syuhlUqWqU3VNaeGM8V1EJZ7Qc
Sh1Z7VOYDE7tsUT8V/LRxK2n135Yy7+zHkgA5aSeZL83G2vdB+rp4lhzk5X5Bx5IKoXDH3iKQ9Yyy6zsR/6gdBFn6uoCgJaz/65yU50tQ64DYrQf
WGPTG3nNijtT/de+NddtrQFe7vIaqB4vTX5tKRq8zrpbFFYW0N/AiHy9C/VL9/OsoTD0DSMPfbHm6nZLA1WsrCvkPtW8FmOoeLZtyQqAtgYeIRMQAolZW3tMH2y0FQ==
g46rhd7IYmarVHuhczPEWzmFGhDi2vUcZT+xqKVYXkr/wFCtrptOsWN1ZdruGx5nturXgGBjvJ7T7yFghlS3CT/kO+syuhlUqWqU3VNaeGM8V1EJZ7Qc
nSQjbSK0MMBW8SJT7Odxba6n915467+zHkgA5aSeZL83G2vdB+rp4lhzk5X5Bx5IKoXDH3iKQ9Yyy6zsR/6gdBFn6uoCgJaz/65yU50tQ64DYrQf
jrIDpcj/v2og9uZwoCrGI8zslkzcsRcD7tr5BHEPRYC5uGIiKxAklWLbAknXJbFykruCDwIaQxjs4zAGR5+ViBr0S6FrNI+T/npVbF06wDVvOmRLSGdFEWu0EA==
6hORP9tjxyOyiCH6H52Wf3L4rTWAn2xae4Drhz80Kyjw1pF4vjEAe+Dtjc0LBkBr0Lv4UhncLqPywh3Xb7xIJJnVUdzVtxxaN0hHUvrBfSp2fzJvXxVptBI=
jrIDpcj/v2og9uZwoCrGI8zslkzcsRcD7tr5BHEPRYC5uGIiKxAklWLbAknXJbFykruCDwIaQxjs4zAGR5+ViBr0S6FrNI+T/npVbF06wDVvOmRLSGdFEWu0EA==
g46rhd7IYmarVHuhczPEWzmFGhDi2vUcZT+xqKVYXkr/wFCtrptOsWN1ZdruGx5nturXgGBjvJ7T7yFghlS3CT/kO+syuhlUqWqU3VNaeGM8V1EJZ7Qc
0Anyzj2mdl3lqbOPrCNefqyn915467+zHkgA5aSeZL83G2vdB+rp4lhzk5X5Bx5IKoXDH3iKQ9Yyy6zsR/6gdBFn6uoCgJaz/65yU50tQ64DYrQf
ZKplcUa39q4bmmcH26lMXwFe7vIaqB4PbV5NKRq8zrpbFFYW0N/AiHy9C/VL9/OsoTD0DSMPfbHm6nZLA1WsrCvkPtW8FmOoeLZtyQqAtgYeIRMQAolZW3tMH2y0FQ==
g46rhd7IYmarVHuhczPEWzmFGhDi2vUcZT+xqKVYXkr/wFCtrptOsWN1ZdruGx5nturXgGBjvJ7T7yFghlS3CT/kO+syuhlUqWqU3VNaeGM8V1EJZ7Qc
UAlydP+5BA1GGHs3/psEQaun915467+zHkgA5aSeZL83G2vdB+rp4lhzk5X5Bx5IKoXDH3iKQ9Yyy6zsR/6gdBFn6uoCgJaz/65yU50tQ64DYrQf
505gL0VPHquS5ZG79PfLttXXzO/+dZ3e+o9mM51iNRUagLaGqyguKjDjuLSMgXPJi0uLEFGMjLHDswUNFlYO94Pp1BDbWEZpXKobFIgKFXXKvM467h1rLOK1IWeLcGdQtCk=
g46rhd7IYmarVHuhczPEWzmFGhDi2vUcZT+xqKVYXkr/wFCtrptOsWN1ZdruGx5nturXgGBjvJ7T7yFghlS3CT/kO+syuhlUqWqU3VNaeGM8V1EJZ7Qc
SJApu7IhdnS9zqpioVJSGqqn915467+zHkgA5aSeZL83G2vdB+rp4lhzk5X5Bx5IKoXDH3iKQ9Yyy6zsR/6gdBFn6uoCgJaz/65yU50tQ64DYrQf
b8FCFC2yDm1RFWGZ4gPfmB1a+fIOvR4PbV5NKRq8zrpbFFYW0N/AiHy9C/VL9/OsoTD0DSMPfbHm6nZLA1WsrCvkPtW8FmOoeLZtyQqAtgYeIRMQAolZW3tMH2y0FQ==
g46rhd7IYmarVHuhczPEWzmFGhDi2vUcZT+xqKVYXkr/wFCtrptOsWN1ZdruGx5nturXgGBjvJ7T7yFghlS3CT/kO+syuhlUqWqU3VNaeGM8V1EJZ7Qc
P3XvZfeGUa0gCePlCtfJZqmn915467+zHkgA5aSeZL83G2vdB+rp4lhzk5X5Bx5IKoXDH3iKQ9Yyy6zsR/6gdBFn6uoCgJaz/65yU50tQ64DYrQf
STKAYAq8C26vy1g4jM0xSmK/fTdChL9SHqLXvPTRL/PW2sH0SW9tcPH4qvKDcLwF+lua2U+FWaLa+0o/ajq7KJTjyDY/v324UjSD8QOUFwNm+s38xdpoZSf6rDtgh31hU7Qo
g46rhd7IYmarVHuhczPEWzmFGhDi2vUcZT+xqKVYXkr/wFCtrptOsWN1ZdruGx5nturXgGBjvJ7T7yFghlS3CT/kO+syuhlUqWqU3VNaeGM8V1EJZ7Qc
34dhqOzkLSeaPqj9G8zltm7mr4cGNCDBzHJU689HKxlPJjmWgM/zcVGr7tySGUOb8AbTYqo3DEivkhCgabsqrsrMxkenkpI3tQEzujt+tBs=
GfdaHgW1Hi8YU0oRkaPPCh6wt+tCQPPoiAY5GCaBiPtonRVtY9b4KwiLkLIhzCaj+tIlt4eMEOQhhbl8TUeU2r/437JSkYVqLo8aT6cFYbQa
qbu1JPM3A66RNacn8SveMOaAqhUVJqbdo0UVruvzh2XqW4r5v8UJAkp7+t/aemsI5OM4Fm9/zdjitBNR01RnI3b63Rz1mriFt3pcmxBHrQFjtBg=
zMb/7+EvedfezFRDAC3rG1NX75U1akcsh4PrRbdyiTroK1PNyd9+UBqdwwdIkiMOApNstPcmwOyh/2pyshj2a0/2sgut9SO2M3q0Bw==
16L3zCeHcwwTty8bm+pvSp1P2VJiwEonkYcaPAKo39uGCE8IFI69iIJ5xLukpXF9Z97kC3RDVMKFVKojdkqBR8PE7MQ9jb1sqX/YGnOAeyLWGRkKkkdef0MdbbQW
oB29LwwUz6tDTIGyLb6FsU5t2legfVB8fHTzZGeRMfSVzyb8parMsR11HkgV2M6qr4CATb6bXpEzNbV6fpvux8aqJ6AQY0y+oy/RwPbUJ6lvJOvLIroJNPmqRL3D2sgDjJdhaVe0LA==
p6EJUPuoGNK4CUczt8xwxNHcvce9Hm2PjeAVwBH4yeG/aBt3qGArKkItk82Q1JuoYDZBOO7REHvwzV2NW6bQ66AbCBJp/N6jguLtFx8cuKQJdYEchZcMWicol5Kqoe2qxh+Cr291WbQi
LwhGjxyj6tNPse+zQDtuzVgBpCn+gfDGr8D3Nwd82ZHKgEAtdPbEV6eT61WXAkmKiLvTXSlvPqA6jcMXaGJjvuID7CSXlgCcge9qYpJoNtsvZjKbTUVjRhNqtBc=
Qj2jhCcVcYycqXwsiuX0ktvJ/D8XlPn5GkgA5aSeZL83G2vdB+rp4lhzk5X5Bx5IKoXDH3iKQ9Yyy6zsR/6gdBFn6uoCgJaz/65yU50tQ64DYrQf
Er+PHbTq+nKy8BtFJ0a17gAit1hfz6uB/47Z7lCHs6khQ87kghFDg8Aus5r6/8wQX/qwGPkzqjZ6ZCY/d9rS78XpE4IrdrQD
zMb/7+EvedfezFRDAC3rG1NX75U1akcsh4PrRbdyiTroK1PNyd9+UBqdwwdIkiMOApNstPcmwOyh/2pyshj2a0/2sgut9SO2M3q0Bw==
ZYITcsB9Og1Q0Y4Lmmx+855P2VJiwGoHsac6HAKo39uGCE8IFI69iIJ5xLukpXF9Z97kC3RDVMKFVKojdkqBR8PE7MQ9jb1sqX/YGnOAeyLWGRkKkkdef0MdbbQW
oKEL8tGC/+wuMjHO/A+v0XbbmSnF8S2PkuE4qK6+eVayUAvlvuTqA29QCVWS3OC5/Hp0sx/vq6G/blmOkKezieEjTgTCMUOjgM4z+jrfzDCfmjD4uROqFjqEpl+3+tLPBYmTYmtWtCM=
np2ZKYogslR+kj7BjA4x1NHcvce9Hm2vrcA1wBH46cGfSDtXiGArKkItk82Q1JuoYDZBOO7REHvwzV2NW6bQ66AbCBJp/N6jguLtFx8cuKQJdYEchZcMWicol5Kqoe2qxh+Cr291WbQi
LwhGjxyj6tNPse+zQDtuzVgBpCn+gfDGr8D3Nwd82ZHKgEAtdPbEV6eT61WXAkmKiLvTXSlvPqA6jcMXaGJjvuID7CSXlgCcge9qYpJoNtsvZjKbTUVjRhNqtBc=
Qj2jhCcVcYycqXwsiuX0ktvJ/D8XlPn5GkgA5aSeZL83G2vdB+rp4lhzk5X5Bx5IKoXDH3iKQ9Yyy6zsR/6gdBFn6uoCgJaz/65yU50tQ64DYrQf
Er+PHbTq+nKy8BtFJ0a17gAit1hfz6uB/47Z7lCHs6khQ87kghFDg8Aus5r6/8wQX/qwGPkzqjZ6ZCY/d9rS78XpE4IrdrQD
zMb/7+EvedfezFRDAC3rG1NX75U1akcsh4PrRbdyiTroK1PNyd9+UBqdwwdIkiMOApNstPcmwOyh/2pyshj2a0/2sgut9SO2M3q0Bw==
0m/n4Lo437ITUDYRO0yPe59P2VJiwEonkYcaPAKo39uGCE8IFI69iIJ5xLukpXF9Z97kC3RDVMKFVKojdkqBR8PE7MQ9jb1sqX/YGnOAeyLWGRkKkkdef0MdbbQW
z5yAWNmOnYjgc+pUJJnjcXbbmSnF0S2PkuE4qK6+eVaScCvFvuTqA29QCVWS3OC5/Hp0sx/vq6G/blmOkKezieEjTgTCMUOjgM4z+jrfzDCfmjD4uROqFjqEpl+3+tLPBYmTYmtWtCM=
np2ZKYogslR+kj7BjA4x1NHcvce9Hm2vrcA1wBH46cGfSDtXiGArKkItk82Q1JuoYDZBOO7REHvwzV2NW6bQ66AbCBJp/N6jguLtFx8cuKQJdYEchZcMWicol5Kqoe2qxh+Cr291WbQi
Qj2jhCcVcYycqXwsiuX0ktvJ/D8XlPn5GkgA5aSeZL83G2vdB+rp4lhzk5X5Bx5IKoXDH3iKQ9Yyy6zsR/6gdBFn6uoCgJaz/65yU50tQ64DYrQf
zMb/7+EvedfezFRDAC3rG1NX75U1akcsh4PrRbdyiTroK1PNyd9+UBqdwwdIkiMOApNstPcmwOyh/2pyshj2a0/2sgut9SO2M3q0Bw==
cykL2bx8BDW/BFVYaoxfqp9P2VJiwGoHsac6PAKo39uGCE8IFI69iIJ5xLukpXF9Z97kC3RDVMKFVKojdkqBR8PE7MQ9jb1sqX/YGnOAeyLWGRkKkkdef0MdbbQW
LwhGjxyj6tNPse+zQDtuzVgBpCn+gfDGr8D3Nwd82ZHKgEAtdPbEV6eT61WXAkmKiLvTXSlvPqA6jcMXaGJjvuID7CSXlgCcge9qYpJoNtsvZjKbTUVjRhNqtBc=
Qj2jhCcVcYycqXwsiuX0ktvJ/D8XlPn5GkgA5aSeZL83G2vdB+rp4lhzk5X5Bx5IKoXDH3iKQ9Yyy6zsR/6gdBFn6uoCgJaz/65yU50tQ64DYrQf
zMb/7+EvedfezFRDAC3rG1NX75U1akcsh4PrRbdyiTroK1PNyd9+UBqdwwdIkiMOApNstPcmwOyh/2pyshj2a0/2sgut9SO2M3q0Bw==
jiEB2B2RSTcLVuNuHFekOJhP2VJiwEonkYcaPAKo39uGCE8IFI69iIJ5xLukpXF9Z97kC3RDVMKFVKojdkqBR8PE7MQ9jb1sqX/YGnOAeyLWGRkKkkdef0MdbbQW
vZVPv5tRC/DqonqVH4p28nbbmSnl0S2PkuE4qK6+eVaScCvlvuTqA29QCVWS3OC5/Hp0sx/vq6G/blmOkKezieEjTgTCMUOjgM4z+jrfzDCfmjD4uROqFjqEpl+3+tLPBYmTYmtWtCM=
x89KlPA8YYR3RPmIojiCDNHcvce9Hm2vrcA1wBH46cGfSDtXqGArKkItk82Q1JuoYDZBOO7REHvwzV2NW6bQ66AbCBJp/N6jguLtFx8cuKQJdYEchZcMWicol5Kqoe2qxh+Cr291WbQi
QKl+kCl71BkHVcP9Ooacm4wOnnxAlHosg+EHN3bFv53MDE8IFI69iIJ5xLukpXF9Z97kC3RDVMKFVKojdkqBR8PE7MQ9jb1sqX/YGnOAeyLWGRkKkkdef0MdbbQW
Vakx/J44hIR3Wzn8uvR9DYi8+FlRJYLQgXg6ktOwjGXqW4r5v8UJAkp7+t/aemsI5OM4Fm9/zdjitBNR01RnI3b63Rz1mriFt3pcmxBHrQFjtBg=
GfdaHgW1Hi8YU0oRkaPPCh6wt+tCQPPoiAY5GCaBiPtonRVtY9b4KwiLkLIhzCaj+tIlt4eMEOQhhbl8TUeU2r/437JSkYVqLo8aT6cFYbQa
Er+PHbTq+nKy8BtFJ0a17gAit1hfz6uB/47Z7lCHs6khQ87kghFDg8Aus5r6/8wQX/qwGPkzqjZ6ZCY/d9rS78XpE4IrdrQD
zMb/7+EvedfezFRDAC3rG1NX75U1akcsh4PrRbdyiTroK1PNyd9+UBqdwwdIkiMOApNstPcmwOyh/2pyshj2a0/2sgut9SO2M3q0Bw==
hUpPP6yHKwFLln7saifUbX4qhZAauR4PY15FW3zB7pIXQVIW0N/AiHy9C/VL9/OsoTD0DSMPfbHm6nZLA1WsrCvkPtW8FmOoeLZtyQqAtgYeIRMQAolZW3tMH2y0FQ==
B70lbeG1lP685lTZBo9j23bbmSnl0S2PkuE4qK6+eVaScCvFnuTqA29QCVWS3OC5/Hp0sx/vq6G/blmOkKezieEjTgTCMUOjgM4z+jrfzDCfmjD4uROqFjqEpl+3+tLPBYmTYmtWtCM=
OFVQhICRlEToyb38/G+kU9Dcvce9Hm2vrcAVwBH46cGfSDtXiGArKkItk82Q1JuoYDZBOO7REHvwzV2NW6bQ66AbCBJp/N6jguLtFx8cuKQJdYEchZcMWicol5Kqoe2qxh+Cr291WbQi
LwhGjxyj6tNPse+zQDtuzVgBpCn+gfDGr8D3Nwd82ZHKgEAtdPbEV6eT61WXAkmKiLvTXSlvPqA6jcMXaGJjvuID7CSXlgCcge9qYpJoNtsvZjKbTUVjRhNqtBc=
Qj2jhCcVcYycqXwsiuX0ktvJ/D8XlPn5GkgA5aSeZL83G2vdB+rp4lhzk5X5Bx5IKoXDH3iKQ9Yyy6zsR/6gdBFn6uoCgJaz/65yU50tQ64DYrQf
zMb/7+EvedfezFRDAC3rG1NX75U1akcsh4PrRbdyiTroK1PNyd9+UBqdwwdIkiMOApNstPcmwOyh/2pyshj2a0/2sgut9SO2M3q0Bw==
HdFi7BdedPVyOtyr+QKtqH0qhZAauR4PY15FW3zB7pIXQVIW0N/AiHy9C/VL9/OsoTD0DSMPfbHm6nZLA1WsrCvkPtW8FmOoeLZtyQqAtgYeIRMQAolZW3tMH2y0FQ==
K/SiDQVb8BGun/6Erc50e3bbmSnF8S2PssE4qK6+eVaScCvlvuTqA29QCVWS3OC5/Hp0sx/vq6G/blmOkKezieEjTgTCMUOjgM4z+jrfzDCfmjD4uROqFjqEpl+3+tLPBYmTYmtWtCM=
OFVQhICRlEToyb38/G+kU9Dcvce9Hm2vrcAVwBH46cGfSDtXiGArKkItk82Q1JuoYDZBOO7REHvwzV2NW6bQ66AbCBJp/N6jguLtFx8cuKQJdYEchZcMWicol5Kqoe2qxh+Cr291WbQi
QKl+kCl71BkHVcP9Ooacm4wOnnxAlHosg+EHN3bFv53MDE8IFI69iIJ5xLukpXF9Z97kC3RDVMKFVKojdkqBR8PE7MQ9jb1sqX/YGnOAeyLWGRkKkkdef0MdbbQW
Qj2jhCcVcYycqXwsiuX0ktvJ/D8XlPn5GkgA5aSeZL83G2vdB+rp4lhzk5X5Bx5IKoXDH3iKQ9Yyy6zsR/6gdBFn6uoCgJaz/65yU50tQ64DYrQf
zMb/7+EvedfezFRDAC3rG1NX75U1akcsh4PrRbdyiTroK1PNyd9+UBqdwwdIkiMOApNstPcmwOyh/2pyshj2a0/2sgut9SO2M3q0Bw==
EewlMxz6K5s9iC5jeA9lCHwqhZAauR4vQ35le1zB7pIXQVIW0N/AiHy9C/VL9/OsoTD0DSMPfbHm6nZLA1WsrCvkPtW8FmOoeLZtyQqAtgYeIRMQAolZW3tMH2y0FQ==
pZ5c4RuLuww1kSe62n6lLHbbmSnF8S2PkuE4qK6+eVaScCvFvuTqA29QCVWS3OC5/Hp0sx/vq6G/blmOkKezieEjTgTCMUOjgM4z+jrfzDCfmjD4uROqFjqEpl+3+tLPBYmTYmtWtCM=
wKNNYpycHVJHifj7iXJSatDcvce9Hm2vrcA1wBH46cGfSDtXiEArKkItk82Q1JuoYDZBOO7REHvwzV2NW6bQ66AbCBJp/N6jguLtFx8cuKQJdYEchZcMWicol5Kqoe2qxh+Cr291WbQi
IKAzYeA8shjZaygm2TY+jIwOnnxgtFosg+EHN3bFv53MDE8IFI69iIJ5xLukpXF9Z97kC3RDVMKFVKojdkqBR8PE7MQ9jb1sqX/YGnOAeyLWGRkKkkdef0MdbbQW
Qj2jhCcVcYycqXwsiuX0ktvJ/D8XlPn5GkgA5aSeZL83G2vdB+rp4lhzk5X5Bx5IKoXDH3iKQ9Yyy6zsR/6gdBFn6uoCgJaz/65yU50tQ64DYrQf
zMb/7+EvedfezFRDAC3rG1NX75U1akcsh4PrRbdyiTroK1PNyd9+UBqdwwdIkiMOApNstPcmwOyh/2pyshj2a0/2sgut9SO2M3q0Bw==
JhBhWR92qBDFo5ZjjHdlG3sqhZAauR4PY15FW3zB7pIXQVIW0N/AiHy9C/VL9/OsoTD0DSMPfbHm6nZLA1WsrCvkPtW8FmOoeLZtyQqAtgYeIRMQAolZW3tMH2y0FQ==
OYWU9LtDajFOD+Qkl8AuO3bbmSnl0S2PkuE4qK6+eVaSUAvlvuTqA29QCVWS3OC5/Hp0sx/vq6G/blmOkKezieEjTgTCMUOjgM4z+jrfzDCfmjD4uROqFjqEpl+3+tLPBYmTYmtWtCM=
gvMBJmyTtBUBbsQ5YtuC99Dcvce9Hm2vrcAVwBH46cGfSDtXqGArKkItk82Q1JuoYDZBOO7REHvwzV2NW6bQ66AbCBJp/N6jguLtFx8cuKQJdYEchZcMWicol5Kqoe2qxh+Cr291WbQi
LwhGjxyj6tNPse+zQDtuzVgBpCn+gfDGr8D3Nwd82ZHKgEAtdPbEV6eT61WXAkmKiLvTXSlvPqA6jcMXaGJjvuID7CSXlgCcge9qYpJoNtsvZjKbTUVjRhNqtBc=
Qj2jhCcVcYycqXwsiuX0ktvJ/D8XlPn5GkgA5aSeZL83G2vdB+rp4lhzk5X5Bx5IKoXDH3iKQ9Yyy6zsR/6gdBFn6uoCgJaz/65yU50tQ64DYrQf
Er+PHbTq+nKy8BtFJ0a17gAit1hfz6uB/47Z7lCHs6khQ87kghFDg8Aus5r6/8wQX/qwGPkzqjZ6ZCY/d9rS78XpE4IrdrQD
zMb/7+EvedfezFRDAC3rG1NX75U1akcsh4PrRbdyiTroK1PNyd9+UBqdwwdIkiMOApNstPcmwOyh/2pyshj2a0/2sgut9SO2M3q0Bw==
oRoJeRe5NvkIBOt7WSCmjX4phZAauR4PY15FW3zB7pIXQVIW0N/AiHy9C/VL9/OsoTD0DSMPfbHm6nZLA1WsrCvkPtW8FmOoeLZtyQqAtgYeIRMQAolZW3tMH2y0FQ==
w3mOwRoZUEwghtUnSwFKfHbbmSnl0S2PkuE4qK6+eVaScCvFvuTqA29QCVWS3OC5/Hp0sx/vq6G/blmOkKezieEjTgTCMUOjgM4z+jrfzDCfmjD4uROqFjqEpl+3+tLPBYmTYmtWtCM=
gaOuRNWhXTnnLLr8J5skq9fcvce9Hm2vrcAVwBH46cGfSDtXqGArKkItk82Q1JuoYDZBOO7REHvwzV2NW6bQ66AbCBJp/N6jguLtFx8cuKQJdYEchZcMWicol5Kqoe2qxh+Cr291WbQi
G+5/hfuG1gOTpKSDSfK4yYwOnnxAlFosg+EHN3bFv53MDE8IFI69iIJ5xLukpXF9Z97kC3RDVMKFVKojdkqBR8PE7MQ9jb1sqX/YGnOAeyLWGRkKkkdef0MdbbQW
Qj2jhCcVcYycqXwsiuX0ktvJ/D8XlPn5GkgA5aSeZL83G2vdB+rp4lhzk5X5Bx5IKoXDH3iKQ9Yyy6zsR/6gdBFn6uoCgJaz/65yU50tQ64DYrQf
zMb/7+EvedfezFRDAC3rG1NX75U1akcsh4PrRbdyiTroK1PNyd9+UBqdwwdIkiMOApNstPcmwOyh/2pyshj2a0/2sgut9SO2M3q0Bw==
PKIekN367CqHHkzUC61L6H0phZAauR4PY15FW3zB7pIXQVIW0N/AiHy9C/VL9/OsoTD0DSMPfbHm6nZLA1WsrCvkPtW8FmOoeLZtyQqAtgYeIRMQAolZW3tMH2y0FQ==
w3mOwRoZUEwghtUnSwFKfHbbmSnl0S2PkuE4qK6+eVaScCvFvuTqA29QCVWS3OC5/Hp0sx/vq6G/blmOkKezieEjTgTCMUOjgM4z+jrfzDCfmjD4uROqFjqEpl+3+tLPBYmTYmtWtCM=
kA0aIoW7CdAtxtZ/a1bcHdfcvce9Hm2vrcAVwBH46cGfSDtXiGArKkItk82Q1JuoYDZBOO7REHvwzV2NW6bQ66AbCBJp/N6jguLtFx8cuKQJdYEchZcMWicol5Kqoe2qxh+Cr291WbQi
QKl+kCl71BkHVcP9Ooacm4wOnnxAlHosg+EHN3bFv53MDE8IFI69iIJ5xLukpXF9Z97kC3RDVMKFVKojdkqBR8PE7MQ9jb1sqX/YGnOAeyLWGRkKkkdef0MdbbQW
Qj2jhCcVcYycqXwsiuX0ktvJ/D8XlPn5GkgA5aSeZL83G2vdB+rp4lhzk5X5Bx5IKoXDH3iKQ9Yyy6zsR/6gdBFn6uoCgJaz/65yU50tQ64DYrQf
zMb/7+EvedfezFRDAC3rG1NX75U1akcsh4PrRbdyiTroK1PNyd9+UBqdwwdIkiMOApNstPcmwOyh/2pyshj2a0/2sgut9SO2M3q0Bw==
2SYnVox2g6ZA47sFLSdyR3wphZAauR4PY15FW3zB7pIXQVIW0N/AiHy9C/VL9/OsoTD0DSMPfbHm6nZLA1WsrCvkPtW8FmOoeLZtyQqAtgYeIRMQAolZW3tMH2y0FQ==
B70lbeG1lP685lTZBo9j23bbmSnl0S2PkuE4qK6+eVaScCvFnuTqA29QCVWS3OC5/Hp0sx/vq6G/blmOkKezieEjTgTCMUOjgM4z+jrfzDCfmjD4uROqFjqEpl+3+tLPBYmTYmtWtCM=
PL15QYA6+YTqgZRJ0m+5VNfcvce9Hm2vrcA1wBH46cGfSDtXiEArKkItk82Q1JuoYDZBOO7REHvwzV2NW6bQ66AbCBJp/N6jguLtFx8cuKQJdYEchZcMWicol5Kqoe2qxh+Cr291WbQi
LwhGjxyj6tNPse+zQDtuzVgBpCn+gfDGr8D3Nwd82ZHKgEAtdPbEV6eT61WXAkmKiLvTXSlvPqA6jcMXaGJjvuID7CSXlgCcge9qYpJoNtsvZjKbTUVjRhNqtBc=
Qj2jhCcVcYycqXwsiuX0ktvJ/D8XlPn5GkgA5aSeZL83G2vdB+rp4lhzk5X5Bx5IKoXDH3iKQ9Yyy6zsR/6gdBFn6uoCgJaz/65yU50tQ64DYrQf
Er+PHbTq+nKy8BtFJ0a17gAit1hfz6uB/47Z7lCHs6khQ87kghFDg8Aus5r6/8wQX/qwGPkzqjZ6ZCY/d9rS78XpE4IrdrQD
zMb/7+EvedfezFRDAC3rG1NX75U1akcsh4PrRbdyiTroK1PNyd9+UBqdwwdIkiMOApNstPcmwOyh/2pyshj2a0/2sgut9SO2M3q0Bw==
k7cw5Ywqw5NkCOHLD8JLCnsphZAauR4PY15FW3zB7pIXQVIW0N/AiHy9C/VL9/OsoTD0DSMPfbHm6nZLA1WsrCvkPtW8FmOoeLZtyQqAtgYeIRMQAolZW3tMH2y0FQ==
oB29LwwUz6tDTIGyLb6FsU5t2legfVB8fHTzZGeRMfSVzyb8parMsR11HkgV2M6qr4CATb6bXpEzNbV6fpvux8aqJ6AQY0y+oy/RwPbUJ6lvJOvLIroJNPmqRL3D2sgDjJdhaVe0LA==
VuNJ3Tx99rwe3y0V9Fpj2NfcneedPm2vrcA14DH46cGfSDtXiEArKkItk82Q1JuoYDZBOO7REHvwzV2NW6bQ66AbCBJp/N6jguLtFx8cuKQJdYEchZcMWicol5Kqoe2qxh+Cr291WbQi
f1WvQZXKcq/99Vl2wCkqsnghhAneodDmr+DXNwd82ZHKgEAtdPbEV6eT61WXAkmKiLvTXSlvPqA6jcMXaGJjvuID7CSXlgCcge9qYpJoNtsvZjKbTUVjRhNqtBc=
6wCtIshrg9+IZqDPw5eXJPvp3D8XlPn5GkgA5aSeZL83G2vdB+rp4lhzk5X5Bx5IKoXDH3iKQ9Yyy6zsR/6gdBFn6uoCgJaz/65yU50tQ64DYrQf
d1MnUVBoPb+vHsVU9dApXUsl/d5jE//1UttyaQdlYdICOzKv8lpz+PzjIGZ3X+UoqnTbATv037MOemWMDfoQVf+6FKv4J7Uxe7QA
zMb/7+EvedfezFRDAC3rG1NX75U1akcsh4PrRbdyiTroK1PNyd9+UBqdwwdIkiMOApNstPcmwOyh/2pyshj2a0/2sgut9SO2M3q0Bw==
tqALHnPThNLxmHpDkcyd2HkqhZAauR4PY15FW3zB7pIXQVIW0N/AiHy9C/VL9/OsoTD0DSMPfbHm6nZLA1WsrCvkPtW8FmOoeLZtyQqAtgYeIRMQAolZW3tMH2y0FQ==
nYOnA/R+8wJyms2no0nmOa2VbUNqlUiURppZOqqEO9mW4OoPd0Q5qbq4gJUETiTv1ytr7ee6qTL4AxNlWVfemEq1wy8YWoOGkjssnOcu4CTxV+ra4tDWY1/e8qM9fYN+Y1K0Lw==
r9+ClihOzP7QlKv6yciwQNbcvce9Hm2vrcAVwBH46cGfSDtXiEArKkItk82Q1JuoYDZBOO7REHvwzV2NW6bQ66AbCBJp/N6jguLtFx8cuKQJdYEchZcMWicol5Kqoe2qxh+Cr291WbQi
EPPfb7terqxYXXPq8SgeFYwOnnxAlHoMo+EHN3bFv53MDE8IFI69iIJ5xLukpXF9Z97kC3RDVMKFVKojdkqBR8PE7MQ9jb1sqX/YGnOAeyLWGRkKkkdef0MdbbQW
6wCtIshrg9+IZqDPw5eXJPvp3D8XlPn5GkgA5aSeZL83G2vdB+rp4lhzk5X5Bx5IKoXDH3iKQ9Yyy6zsR/6gdBFn6uoCgJaz/65yU50tQ64DYrQf
8BKzwjy9ryvjzQDsHjg4mHNXz7UVSkcsh4PrRbdyiTroK1PNyd9+UBqdwwdIkiMOApNstPcmwOyh/2pyshj2a0/2sgut9SO2M3q0Bw==
6wIcQCG3vSTZUgLKf33UFHgqhZA6mR4vQ35le1zhzrIXQVIW0N/AiHy9C/VL9/OsoTD0DSMPfbHm6nZLA1WsrCvkPtW8FmOoeLZtyQqAtgYeIRMQAolZW3tMH2y0FQ==
QkFbe0EECU9qhtw1pFTRq3bbmSnF8Q2PkuEYiK6+eVaScCvFnsTKA29QCVWS3OC5/Hp0sx/vq6G/blmOkKezieEjTgTCMUOjgM4z+jrfzDCfmjD4uROqFjqEpl+3+tLPBYmTYmtWtCM=
+yqs2EHM0C/PmzXzmK/AA9bcneedPm2vrcA14DH46cGfSDtXiEALCkItk82Q1JuoYDZBOO7REHvwzV2NW6bQ66AbCBJp/N6jguLtFx8cuKQJdYEchZcMWicol5Kqoe2qxh+Cr291WbQi
DNfP1LzztKYCekc9f38JzIwOnnxAlHoMo+EnF3bFv53MDE8IFI69iIJ5xLukpXF9Z97kC3RDVMKFVKojdkqBR8PE7MQ9jb1sqX/YGnOAeyLWGRkKkkdef0MdbbQW
6wCtIshrg9+IZqDPw5eXJPvp3D8XlPn5GkgA5aSeZL83G2vdB+rp4lhzk5X5Bx5IKoXDH3iKQ9Yyy6zsR/6gdBFn6uoCgJaz/65yU50tQ64DYrQf
8BKzwjy9ryvjzQDsHjg4mHNXz7UVSkcsh4PrRbdyiTroK1PNyd9+UBqdwwdIkiMOApNstPcmwOyh/2pyshj2a0/2sgut9SO2M3q0Bw==
qYyHMsKVqpdNTBJtmcHz4XcqhZA6mR4vQ35le1zhzrIXQVIW0N/AiHy9C/VL9/OsoTD0DSMPfbHm6nZLA1WsrCvkPtW8FmOoeLZtyQqAtgYeIRMQAolZW3tMH2y0FQ==
QkFbe0EECU9qhtw1pFTRq3bbmSnF8Q2PkuEYiK6+eVaScCvFnsTKA29QCVWS3OC5/Hp0sx/vq6G/blmOkKezieEjTgTCMUOjgM4z+jrfzDCfmjD4uROqFjqEpl+3+tLPBYmTYmtWtCM=
+yqs2EHM0C/PmzXzmK/AA9bcneedPm2vrcA14DH46cGfSDtXiEALCkItk82Q1JuoYDZBOO7REHvwzV2NW6bQ66AbCBJp/N6jguLtFx8cuKQJdYEchZcMWicol5Kqoe2qxh+Cr291WbQi
DNfP1LzztKYCekc9f38JzIwOnnxAlHoMo+EnF3bFv53MDE8IFI69iIJ5xLukpXF9Z97kC3RDVMKFVKojdkqBR8PE7MQ9jb1sqX/YGnOAeyLWGRkKkkdef0MdbbQW
6wCtIshrg9+IZqDPw5eXJPvp3D8XlPn5GkgA5aSeZL83G2vdB+rp4lhzk5X5Bx5IKoXDH3iKQ9Yyy6zsR/6gdBFn6uoCgJaz/65yU50tQ64DYrQf
r9kG1yZFMiiIh/yXRIQbfSACt1hfz6uB/47Z7lCHs6khQ87kghFDg8Aus5r6/8wQX/qwGPkzqjZ6ZCY/d9rS78XpE4IrdrQD
8BKzwjy9ryvjzQDsHjg4mHNXz7UVSkcsh4PrRbdyiTroK1PNyd9+UBqdwwdIkiMOApNstPcmwOyh/2pyshj2a0/2sgut9SO2M3q0Bw==
y2yvpUGLWvZ0SsEa5Wz+PHYqhZA6mR4vQ35le1zhzrIXQVIW0N/AiHy9C/VL9/OsoTD0DSMPfbHm6nZLA1WsrCvkPtW8FmOoeLZtyQqAtgYeIRMQAolZW3tMH2y0FQ==
QkFbe0EECU9qhtw1pFTRq3bbmSnF8Q2PkuEYiK6+eVaScCvFnsTKA29QCVWS3OC5/Hp0sx/vq6G/blmOkKezieEjTgTCMUOjgM4z+jrfzDCfmjD4uROqFjqEpl+3+tLPBYmTYmtWtCM=
+yqs2EHM0C/PmzXzmK/AA9bcneedPm2vrcA14DH46cGfSDtXiEALCkItk82Q1JuoYDZBOO7REHvwzV2NW6bQ66AbCBJp/N6jguLtFx8cuKQJdYEchZcMWicol5Kqoe2qxh+Cr291WbQi
DNfP1LzztKYCekc9f38JzIwOnnxAlHoMo+EnF3bFv53MDE8IFI69iIJ5xLukpXF9Z97kC3RDVMKFVKojdkqBR8PE7MQ9jb1sqX/YGnOAeyLWGRkKkkdef0MdbbQW
6wCtIshrg9+IZqDPw5eXJPvp3D8XlPn5GkgA5aSeZL83G2vdB+rp4lhzk5X5Bx5IKoXDH3iKQ9Yyy6zsR/6gdBFn6uoCgJaz/65yU50tQ64DYrQf
r9kG1yZFMiiIh/yXRIQbfSACt1hfz6uB/47Z7lCHs6khQ87kghFDg8Aus5r6/8wQX/qwGPkzqjZ6ZCY/d9rS78XpE4IrdrQD
Chw8go3vcMSaaPSbqWXRDsoFgGFGwGoHsac6HCKI/9vVSAgWHYihy4l5xLukpXF9Z97kC3RDVMKFVKojdkqBR8PE7MQ9jb1sqX/YGnOAeyLWGRkKkkdef0MdbbQW
zMb/7+EvedfezFRDAC3rG1NX75U1akcsh4PrRbdyiTroK1PNyd9+UBqdwwdIkiMOApNstPcmwOyh/2pyshj2a0/2sgut9SO2M3q0Bw==
wRFS1tOIcLY34PTGk8KYVppP2XJCwGoHsac6HCKI/9uGCE8IFI69iIJ5xLukpXF9Z97kC3RDVMKFVKojdkqBR8PE7MQ9jb1sqX/YGnOAeyLWGRkKkkdef0MdbbQW
QkFbe0EECU9qhtw1pFTRq3bbmSnF8Q2PkuEYiK6+eVaScCvFnsTKA29QCVWS3OC5/Hp0sx/vq6G/blmOkKezieEjTgTCMUOjgM4z+jrfzDCfmjD4uROqFjqEpl+3+tLPBYmTYmtWtCM=
zH5ZWaPhPs7bZaJHTV2qedXcneedPm2vrcA14DH46cGfSDtXiEALCkItk82Q1JuoYDZBOO7REHvwzV2NW6bQ66AbCBJp/N6jguLtFx8cuKQJdYEchZcMWicol5Kqoe2qxh+Cr291WbQi
f1WvQZXKcq/99Vl2wCkqsnghhAneodDmr+DXNwd82ZHKgEAtdPbEV6eT61WXAkmKiLvTXSlvPqA6jcMXaGJjvuID7CSXlgCcge9qYpJoNtsvZjKbTUVjRhNqtBc=
6wCtIshrg9+IZqDPw5eXJPvp3D8XlPn5GkgA5aSeZL83G2vdB+rp4lhzk5X5Bx5IKoXDH3iKQ9Yyy6zsR/6gdBFn6uoCgJaz/65yU50tQ64DYrQf
8BKzwjy9ryvjzQDsHjg4mHNXz7UVSkcsh4PrRbdyiTroK1PNyd9+UBqdwwdIkiMOApNstPcmwOyh/2pyshj2a0/2sgut9SO2M3q0Bw==
A6xZkCfwUxsbc2bQfcYrGJtP2XJCwGoHsac6HCKI/9uGCE8IFI69iIJ5xLukpXF9Z97kC3RDVMKFVKojdkqBR8PE7MQ9jb1sqX/YGnOAeyLWGRkKkkdef0MdbbQW
QkFbe0EECU9qhtw1pFTRq3bbmSnF8Q2PkuEYiK6+eVaScCvFnsTKA29QCVWS3OC5/Hp0sx/vq6G/blmOkKezieEjTgTCMUOjgM4z+jrfzDCfmjD4uROqFjqEpl+3+tLPBYmTYmtWtCM=
zH5ZWaPhPs7bZaJHTV2qedXcneedPm2vrcA14DH46cGfSDtXiEALCkItk82Q1JuoYDZBOO7REHvwzV2NW6bQ66AbCBJp/N6jguLtFx8cuKQJdYEchZcMWicol5Kqoe2qxh+Cr291WbQi
f1WvQZXKcq/99Vl2wCkqsnghhAneodDmr+DXNwd82ZHKgEAtdPbEV6eT61WXAkmKiLvTXSlvPqA6jcMXaGJjvuID7CSXlgCcge9qYpJoNtsvZjKbTUVjRhNqtBc=
8ei6smffFdmjjkaGhRXRht2lLhB+1de9NFwXyKz+ZSjqyUw7LFXZHb9unMusE2wirUSiI35aqSf7FLSExT3ljAEPUJr7MJOCjumhSkqXJl+rDWW0Hg==
6wCtIshrg9+IZqDPw5eXJPvp3D8XlPn5GkgA5aSeZL83G2vdB+rp4lhzk5X5Bx5IKoXDH3iKQ9Yyy6zsR/6gdBFn6uoCgJaz/65yU50tQ64DYrQf
8BKzwjy9ryvjzQDsHjg4mHNXz7UVSkcsh4PrRbdyiTroK1PNyd9+UBqdwwdIkiMOApNstPcmwOyh/2pyshj2a0/2sgut9SO2M3q0Bw==
g/z9eyCrXHc3GUQiu7KhGpRP2XJCwGoHsac6HCKI/9uGCE8IFI69iIJ5xLukpXF9Z97kC3RDVMKFVKojdkqBR8PE7MQ9jb1sqX/YGnOAeyLWGRkKkkdef0MdbbQW
QkFbe0EECU9qhtw1pFTRq3bbmSnF8Q2PkuEYiK6+eVaScCvFnsTKA29QCVWS3OC5/Hp0sx/vq6G/blmOkKezieEjTgTCMUOjgM4z+jrfzDCfmjD4uROqFjqEpl+3+tLPBYmTYmtWtCM=
zH5ZWaPhPs7bZaJHTV2qedXcneedPm2vrcA14DH46cGfSDtXiEALCkItk82Q1JuoYDZBOO7REHvwzV2NW6bQ66AbCBJp/N6jguLtFx8cuKQJdYEchZcMWicol5Kqoe2qxh+Cr291WbQi
DNfP1LzztKYCekc9f38JzIwOnnxAlHoMo+EnF3bFv53MDE8IFI69iIJ5xLukpXF9Z97kC3RDVMKFVKojdkqBR8PE7MQ9jb1sqX/YGnOAeyLWGRkKkkdef0MdbbQW
6wCtIshrg9+IZqDPw5eXJPvp3D8XlPn5GkgA5aSeZL83G2vdB+rp4lhzk5X5Bx5IKoXDH3iKQ9Yyy6zsR/6gdBFn6uoCgJaz/65yU50tQ64DYrQf
8BKzwjy9ryvjzQDsHjg4mHNXz7UVSkcsh4PrRbdyiTroK1PNyd9+UBqdwwdIkiMOApNstPcmwOyh/2pyshj2a0/2sgut9SO2M3q0Bw==
+lRgz+NerezkCBA7WUR/rJVP2XJCwGoHsac6HCKI/9uGCE8IFI69iIJ5xLukpXF9Z97kC3RDVMKFVKojdkqBR8PE7MQ9jb1sqX/YGnOAeyLWGRkKkkdef0MdbbQW
QkFbe0EECU9qhtw1pFTRq3bbmSnF8Q2PkuEYiK6+eVaScCvFnsTKA29QCVWS3OC5/Hp0sx/vq6G/blmOkKezieEjTgTCMUOjgM4z+jrfzDCfmjD4uROqFjqEpl+3+tLPBYmTYmtWtCM=
zH5ZWaPhPs7bZaJHTV2qedXcneedPm2vrcA14DH46cGfSDtXiEALCkItk82Q1JuoYDZBOO7REHvwzV2NW6bQ66AbCBJp/N6jguLtFx8cuKQJdYEchZcMWicol5Kqoe2qxh+Cr291WbQi
DNfP1LzztKYCekc9f38JzIwOnnxAlHoMo+EnF3bFv53MDE8IFI69iIJ5xLukpXF9Z97kC3RDVMKFVKojdkqBR8PE7MQ9jb1sqX/YGnOAeyLWGRkKkkdef0MdbbQW
6wCtIshrg9+IZqDPw5eXJPvp3D8XlPn5GkgA5aSeZL83G2vdB+rp4lhzk5X5Bx5IKoXDH3iKQ9Yyy6zsR/6gdBFn6uoCgJaz/65yU50tQ64DYrQf
r9kG1yZFMiiIh/yXRIQbfSACt1hfz6uB/47Z7lCHs6khQ87kghFDg8Aus5r6/8wQX/qwGPkzqjZ6ZCY/d9rS78XpE4IrdrQD
8BKzwjy9ryvjzQDsHjg4mHNXz7UVSkcsh4PrRbdyiTroK1PNyd9+UBqdwwdIkiMOApNstPcmwOyh/2pyshj2a0/2sgut9SO2M3q0Bw==
dvoa3TKAWhupM7r2jFvis+XG4fXi7MszXCCPr/ZsYAmcyrSDf9+rkd9emT7wFzM5gZOONKIBQ5Pg/vNKWm9MgP8q8MjZI6omWrRm79dKUn9lOVNSC2a0Ew==
vjLzZJcDuMFbJTOkfWCxvk3wwFInDYq6sHNYBMxRU7mLu6tAkTzsIUMjpf1WBu7Hg9k0QJuo5vncOnukSFo1hcrM7uqurYu8YiWBF0ugB2C0GQ==
r9kG1yZFMiiIh/yXRIQbfSACt1hfz6uB/47Z7lCHs6khQ87kghFDg8Aus5r6/8wQX/qwGPkzqjZ6ZCY/d9rS78XpE4IrdrQD
elJo9kMVNzSRqve77Q/P+cObmuCfJy7xrtAi8TGs7pOXUTVak0pRHgxn1MWMi9y4djdNe+XREHvwzV2NW6bQ66AbCBJp/N6jguLtFx8cuKQJdYEchZcMWicol5Kqoe2qxh+Cr291WbQi
o09DbjYzooyCrnxNkWENjTwQt0Vfz6uB/47Z7lCHs6khQ87kghFDg8Aus5r6/8wQX/qwGPkzqjZ6ZCY/d9rS78XpE4IrdrQD
8BKzwjy9ryvjzQDsHjg4mHNXz7UVSkcsh4PrRbdyiTroK1PNyd9+UBqdwwdIkiMOApNstPcmwOyh/2pyshj2a0/2sgut9SO2M3q0Bw==
dvoa3TKAWhupM7r2jFvis+XG4fXi7MszXCCPr/ZsYAmcyrSDf9+rkd9emT7wFzM5gZOONKIBQ5Pg/vNKWm9MgP8q8MjZI6omWrRm79dKUn9lOVNSC2a0Ew==
vjLzZJcDuMFbJTOkfWCxvk3wwFInDYq6sHNYBMxRU7mLu6tAkTzsIUMjpf1WBu7Hg9k0QJuo5vncOnukSFo1hcrM7uqurYu8YiWBF0ugB2C0GQ==
9EdZh2HW2ePCTceX0OHgR/fX6FRIbdvMxnYylczzh2XqW4r5v8UJAkp7+t/aemsI5OM4Fm9/zdjitBNR01RnI3b63Rz1mriFt3pcmxBHrQFjtBg=
gw38TG5Jx9vuT3SwHJNgrffX6lRIbdvMxnYylczzh2XqW4r5v8UJAkp7+t/aemsI5OM4Fm9/zdjitBNR01RnI3b63Rz1mriFt3pcmxBHrQFjtBg=
o09DbjYzooyCrnxNkWENjTwQt0Vfz6uB/47Z7lCHs6khQ87kghFDg8Aus5r6/8wQX/qwGPkzqjZ6ZCY/d9rS78XpE4IrdrQD
8BKzwjy9ryvjzQDsHjg4mHNXz7UVSkcsh4PrRbdyiTroK1PNyd9+UBqdwwdIkiMOApNstPcmwOyh/2pyshj2a0/2sgut9SO2M3q0Bw==
gHHsaUgMdA25MFc79pVRFW0EnqYvsiMhCyNbKDGUvNkDG3WVti7e34PBBGh7wDbBnMIrDOgyxR1KVJ4CDgVbxKId0f8riDd4tAE=
o09DbjYzooyCrnxNkWENjTwQt0Vfz6uB/47Z7lCHs6khQ87kghFDg8Aus5r6/8wQX/qwGPkzqjZ6ZCY/d9rS78XpE4IrdrQD
vFBoUmmHwWV+sU3WRzKj5lt8fzheZGggXv/BoUkDIbXusu5Ab+LDMQszO/jx5Fxpg+vVJXZ+/s+D0SQ4u3CWMRxyy3wo4qUNSkR+Uk71O3QibXFPa1gXaLQR
8BKzwjy9ryvjzQDsHjg4mHNXz7UVSkcsh4PrRbdyiTroK1PNyd9+UBqdwwdIkiMOApNstPcmwOyh/2pyshj2a0/2sgut9SO2M3q0Bw==
Sh1Z7VOYDE7tsUT8V/LRxK2n135Yy7+zHkgA5aSeZL83G2vdB+rp4lhzk5X5Bx5IKoXDH3iKQ9Yyy6zsR/6gdBFn6uoCgJaz/65yU50tQ64DYrQf
sLfvHcMXDmtTO5yFI1sUXoLUIj43IXJl0DVnE3yMy07+6BxdPxDnGnUb2aFePTittoeaFhp8cwZaKAAFZP7kH/c7a/3HSmmCmJOT9bnnnuhqpcM/OCrDNnKrrAyHniDU0UfqysIgFtM/TnIz3c3DDkNCtD8=
DhaZweXCcmVuuNzfh+5ihhmlOjDi2vUcZT+xqKVYXkr/wFCtrptOsWN1ZdruGx5nturXgGBjvJ7T7yFghlS3CT/kO+syuhlUqWqU3VNaeGM8V1EJZ7Qc
vjLzZJcDuMFbJTOkfWCxvk3wwFInDYq6sHNYBMxRU7mLu6tAkTzsIUMjpf1WBu7Hg9k0QJuo5vncOnukSFo1hcrM7uqurYu8YiWBF0ugB2C0GQ==
e2VH9XeiWSt7o9KcukrZvaONrRUKY5uUxmYzlM/zh2XqW4r5v8UJAkp7+t/aemsI5OM4Fm9/zdjitBNR01RnI3b63Rz1mriFt3pcmxBHrQFjtBg=
o09DbjYzooyCrnxNkWENjTwQt0Vfz6uB/47Z7lCHs6khQ87kghFDg8Aus5r6/8wQX/qwGPkzqjZ6ZCY/d9rS78XpE4IrdrQD
8BKzwjy9ryvjzQDsHjg4mHNXz7UVSkcsh4PrRbdyiTroK1PNyd9+UBqdwwdIkiMOApNstPcmwOyh/2pyshj2a0/2sgut9SO2M3q0Bw==
Sh1Z7VOYDE7tsUT8V/LRxK2n135Yy7+zHkgA5aSeZL83G2vdB+rp4lhzk5X5Bx5IKoXDH3iKQ9Yyy6zsR/6gdBFn6uoCgJaz/65yU50tQ64DYrQf
g46rhd7IYmarVHuhczPEWzmFGhDi2vUcZT+xqKVYXkr/wFCtrptOsWN1ZdruGx5nturXgGBjvJ7T7yFghlS3CT/kO+syuhlUqWqU3VNaeGM8V1EJZ7Qc
wz02wK7LYtZ39lIwfU4RyG3Q4HInDYq6sHNYBMxRU7mLu6tAkTzsIUMjpf1WBu7Hg9k0QJuo5vncOnukSFo1hcrM7uqurYu8YiWBF0ugB2C0GQ==
zMb/7+EvedfezFRDAC3rG1NX75U1akcsh4PrRbdyiTroK1PNyd9+UBqdwwdIkiMOApNstPcmwOyh/2pyshj2a0/2sgut9SO2M3q0Bw==
jbyb2Gdw7ZsRbSJJzHMRAH075OEXqR4PY15FW3zB7pIXQVIW0N/AiHy9C/VL9/OsoTD0DSMPfbHm6nZLA1WsrCvkPtW8FmOoeLZtyQqAtgYeIRMQAolZW3tMH2y0FQ==
TwgjEdBT9dl86nm2b9aTb5aw+FlRJYLQgXg6ktOwjGXqW4r5v8UJAkp7+t/aemsI5OM4Fm9/zdjitBNR01RnI3b63Rz1mriFt3pcmxBHrQFjtBg=
PVcA01e0tOespXjCSEpy6N7BFEZzsjVvGWKe02v4m2xIBRATuQgmgN0aL5BVORQwWh17LaiE0+ioxpmYhkGo+whd9e0DFhgraEtwMkEMxqOaksU358zw5EHFWfwtB3Tan7h/MvLRpWoOz7rPB0VBtDo=
QzHYrsckE2FfKmayUU/NIuZjfXAtwAPckN7Hw6AuWkq8u9OlT8ZSn0gW1OLUEntVcJnbvuHnzpqwkxhkTLET2YtbayAR3CxBQwNlXdamLueD+fTgGwgm2dxau0TIOvVlyqyuCi7Ny1xiBcG3ywBHQLQ5
p95uwWukbzxTG5rLiiQQIuZjfXAtwAPckN7Hw6AuW0q8u9OlT8ZSn0gW1OLUEntVcJnbvuHnzpqwkxhkTLET2YtbayAR3CxBQwNlXdamLueD+fTgGwgm2dxau0TIOvVlyqyuCi7Ny1xiBcG3ywBHQLQ5
LwhGjxyj6tNPse+zQDtuzVgBpCn+gfDGr8D3Nwd82ZHKgEAtdPbEV6eT61WXAkmKiLvTXSlvPqA6jcMXaGJjvuID7CSXlgCcge9qYpJoNtsvZjKbTUVjRhNqtBc=
Qj2jhCcVcYycqXwsiuX0ktvJ/D8XlPn5GkgA5aSeZL83G2vdB+rp4lhzk5X5Bx5IKoXDH3iKQ9Yyy6zsR/6gdBFn6uoCgJaz/65yU50tQ64DYrQf
zMb/7+EvedfezFRDAC3rG1NX75U1akcsh4PrRbdyiTroK1PNyd9+UBqdwwdIkiMOApNstPcmwOyh/2pyshj2a0/2sgut9SO2M3q0Bw==
trtglY+Xn4UQw8CJNuS46Hw75OEXqR4PY15FW3zB7pIXQVIW0N/AiHy9C/VL9/OsoTD0DSMPfbHm6nZLA1WsrCvkPtW8FmOoeLZtyQqAtgYeIRMQAolZW3tMH2y0FQ==
ogZWGGp4aK7NQmbFrrT6JHC5mx5hR466sHNYBMxRU7mLu6tAkTzsIUMjpf1WBu7Hg9k0QJuo5vncOnukSFo1hcrM7uqurYu8YiWBF0ugB2C0GQ==
trtglY+Xn4UQw8CJNuS46Hw75OEXqR4PY15FW3zB7pIXQVIW0N/AiHy9C/VL9/OsoTD0DSMPfbHm6nZLA1WsrCvkPtW8FmOoeLZtyQqAtgYeIRMQAolZW3tMH2y0FQ==
Ou3zfLN0ZXek+6UVLNTpHOZjfHAtwAPckN7Hw6AuW0q+u9OlT8ZSv2g29OLUEnt1cJnbvuHnzpqwkxhkTLET2YtbayAR3CxBQwNlXdamLueD+fTgGwgm2dxau0TIOvVlyqyuCi7Ny1xiBcG3ywBHQLQ5
LwhGjxyj6tNPse+zQDtuzVgBpCn+gfDGr8D3Nwd82ZHKgEAtdPbEV6eT61WXAkmKiLvTXSlvPqA6jcMXaGJjvuID7CSXlgCcge9qYpJoNtsvZjKbTUVjRhNqtBc=
Qj2jhCcVcYycqXwsiuX0ktvJ/D8XlPn5GkgA5aSeZL83G2vdB+rp4lhzk5X5Bx5IKoXDH3iKQ9Yyy6zsR/6gdBFn6uoCgJaz/65yU50tQ64DYrQf
zMb/7+EvedfezFRDAC3rG1NX75U1akcsh4PrRbdyiTroK1PNyd9+UBqdwwdIkiMOApNstPcmwOyh/2pyshj2a0/2sgut9SO2M3q0Bw==
x44VuOjkzSXBYwYj2etWSHs75OEXqR4PY15FW3zB7pIXQVIW0N/AiHy9C/VL9/OsoTD0DSMPfbHm6nZLA1WsrCvkPtW8FmOoeLZtyQqAtgYeIRMQAolZW3tMH2y0FQ==
sQAKJu1mSjVgSXqhhXYOb4DDJyUwOnV+1y5gCHuZyED/6B9dPw/3WCYt+IBoGFyc//fwH1c0eRlaKAAFZP7kH/c7a/3HSmmCmJOT9bnnnuhqpcM/OCrDNnKrrAyHniDU0UfqysIgFtM/TnIz3c3DDkNCtD8=
LwhGjxyj6tNPse+zQDtuzVgBpCn+gfDGr8D3Nwd82ZHKgEAtdPbEV6eT61WXAkmKiLvTXSlvPqA6jcMXaGJjvuID7CSXlgCcge9qYpJoNtsvZjKbTUVjRhNqtBc=
Qj2jhCcVcYycqXwsiuX0ktvJ/D8XlPn5GkgA5aSeZL83G2vdB+rp4lhzk5X5Bx5IKoXDH3iKQ9Yyy6zsR/6gdBFn6uoCgJaz/65yU50tQ64DYrQf
8BKzwjy9ryvjzQDsHjg4mHNXz7UVSkcsh4PrRbdyiTroK1PNyd9+UBqdwwdIkiMOApNstPcmwOyh/2pyshj2a0/2sgut9SO2M3q0Bw==
gKxprDAibZUzoQZolkPTCno7xME3iR4vQ35le1zhzrIXQVIW0N/AiHy9C/VL9/OsoTD0DSMPfbHm6nZLA1WsrCvkPtW8FmOoeLZtyQqAtgYeIRMQAolZW3tMH2y0FQ==
IjctG0WoahX+Abw6Wxmkpboub5hfUp7NyDHWlLrBxbYgpl+vjM3cI+VwQqD5AvOgeTEQEF4Vdz1UnPfIzL7FqEqJbDvMFbmdX668y4zTzKLNhEIjHhpJp1tUlITlfYUM4c8wmtvwMwIuKUFKKtfG3wtNRbQ+
f1WvQZXKcq/99Vl2wCkqsnghhAneodDmr+DXNwd82ZHKgEAtdPbEV6eT61WXAkmKiLvTXSlvPqA6jcMXaGJjvuID7CSXlgCcge9qYpJoNtsvZjKbTUVjRhNqtBc=
6wCtIshrg9+IZqDPw5eXJPvp3D8XlPn5GkgA5aSeZL83G2vdB+rp4lhzk5X5Bx5IKoXDH3iKQ9Yyy6zsR/6gdBFn6uoCgJaz/65yU50tQ64DYrQf
r9kG1yZFMiiIh/yXRIQbfSACt1hfz6uB/47Z7lCHs6khQ87kghFDg8Aus5r6/8wQX/qwGPkzqjZ6ZCY/d9rS78XpE4IrdrQD
fIE4N1B/z9fvkI4pOsO0XffX61RIbdvMxnYylczzh2XqW4r5v8UJAkp7+t/aemsI5OM4Fm9/zdjitBNR01RnI3b63Rz1mriFt3pcmxBHrQFjtBg=
gw38TG5Jx9vuT3SwHJNgrffX6lRIbdvMxnYylczzh2XqW4r5v8UJAkp7+t/aemsI5OM4Fm9/zdjitBNR01RnI3b63Rz1mriFt3pcmxBHrQFjtBg=
9EdZh2HW2ePCTceX0OHgR/fX6FRIbdvMxnYylczzh2XqW4r5v8UJAkp7+t/aemsI5OM4Fm9/zdjitBNR01RnI3b63Rz1mriFt3pcmxBHrQFjtBg=
GO4cQ92Rgf7EGYFtIRUXrxsGMokaXNOeOTCvHHEgtoJ4yvTmw5TPGTfE45vaOrHk8YqczWsaoBO09+nZD7R0
BWeZ+2KGnxyO75YP/9Bd9QuX1GggiIQAttSAVeSRpgOUPuwEV/aAPMEPaoLSyLa770Yyuw2l4+bTCrR3
tYNxskAE+hzD+43oDsDAPDT2+FW7pmre2fVRTaACL1wk9Cthy7Qv0x56daw9uqD1TzqEC6jn5dELtHA=
3GDdIxtV3jytHMOQXfDQ8oYgOMJxdxrhIlhu8h+NTGC/inBoGUOqRpoU5k+XqlKfJZnT8ssGtHM=
tYNxskAE+hzD+43oDsDAPDT2+FW7pmre2fVRTaACL1wk9Cthy7Qv0x56daw9uqD1TzqEC6jn5dELtHA=
3GDdIxtV3jytHMOQXfDQ8oYgOMJxdxrhIlhu8h+NTGC/inBoGUOqRpoU5k+XqlKfJZnT8ssGtHM=
pGs794sBvDPoGnEt0MldWVqx+kifPJNZyHKlMnTwpCs591BZNwyE/dZyuDP8LnOgWH4dUYoYRk4+KQMowvHJ0xuEL3S0DQ==
JsS2YUwVtnKm0J3Lh8b/BVqx+kifPJNZyHanPHTwpCs591BZNwyE/dZyuDP8LnOgWH4dUYoYRk4+KQMowvHJ0xuEL3S0DQ==
mKd7P1SlKzKPlYwxVrGeadqVjmQcPReX3h5wo93qrJy8fFN/x5sv7enwNDJaLaqBm0ShSpzqG98nH30sxfH4NllD/sZ5pF13aFntSrPFiZSGuLso7K2+xVx1ygxYe4C/jP4KWUhQlprt6BSSd4c08rcS9m//nnsbPSbSoyPfU2lTGgrRlwWMOM8CUJDJaypeKtwG94fCEkfVkXOKm6606w==
IzCDcHvbcCMQT3OSPXLt6ZdW/wLJQ/Agt/t9Y47JX////zl11i4dZHk0Y7FjFLdDhvrtPKVayCUH+sz7wAedIXO0CA==
7xqd7/4FlDH931uLYXwTpnmRI1UqYm8UtzMIKi8e0Jq1TmkFV1TuiStPqCLV6hzzyJn8aE+VJpSZz6lZYRptQSIXetOcWVM4zRfLdjw2eqrYrleKssDIohsWSkJRbrWLtcBZNf6EFSmHeuwFLxNE6+uW2BE2c35dH/bi/SRU94l/5Htr8rrZ1GlqVF0TWjjjfFeRiae03A==
tYNxskAE+hzD+43oDsDAPDT2+FW7pmre2fVRTaACL1wk9Cthy7Qv0x56daw9uqD1TzqEC6jn5dELtHA=
3GDdIxtV3jytHMOQXfDQ8oYgOMJxdxrhIlhu8h+NTGC/inBoGUOqRpoU5k+XqlKfJZnT8ssGtHM=
Zm16iW3XwGNMc6LWMH4x2oaz72uldUfwtbBJ8foStx5ApPrEmjFPg88H3/DyLH65Y/MfM5DjojTcNLcs+v1HIbnf5b9VVrR2kddtEdNrYim4jAPSNR6nliHHVyVMkWed2ZZy6eod+K35lmTZy7wgNRn2lgIhHvUoh0fGrBTpJQm46Ab9SXxK5c/Nt0g3P7B2A5v6gG3JJEOFvLcXKbq6MmNOGO+um/BPgpo8iQBxkFSyX5wyZuRhsjwkM5VUHMvYbknLHKsF0Vza9YftE+cP8HIXg6c8BgOYuOZNOQrwltZeEfMAgpn5K7ucf9y0pQ==
3umKxES7xoYDJGkIqcmXaYaz72uldUfwtbBJ8foStx5ApPrEmjFPg88H3/DyLH65Y/MfM5DjojTbNrcs+v1HIbnf5L9VVrR2kddtEdNrYim4jAPSNR6nliHHVyVMkWed2ZZy6eod+K35lmTZy7wgNRn2lgIhHvUoh0fGrBTpJQm46Ab9SXxK5c/Nt0g3P7B2A5v6gG3JJEOFvLcXKbq6MmNOGO+um/BPgpo8iQBxkFSyX5wyZuRhsjwkM5VUHMvYbknLHKsF0Vza9YftE+cP8HIXg6c8BgOYuOZNOQrwltZeEfMAgpn5K7ucf9y0pQ==
DdSjhbGcNn5uCvSj0kBRtYaz72uldUfwtbBJ8foStx5ApPrEmjFPg88H3/DyLH65Y/MfM5DjojTcNLcs+v1HIbnf479VVrR2kddtEdNrYim4jAPSNR6nliHHVyVMkWed2ZZy6eod+K35lmTZy7wgNRn2lgIhHvUoh0fGrBTpJQm46Ab9SXxK5c/Nt0g3P7B2A5v6gG3JJEOFvLcXKbq6MmNOGO+um/BPgpo8iQBxkFSyX5wyZuRhsjwkM5VUHMvYbknLHKsF0Vza9YftE+cP8HIXg6c8BgOYuOZNOQrwltZeEfMAgpn5K7ucf9y0pQ==
qCnD/q5tUWt4fH+rU6B9W4az72uldUfwtbBJ8foStx5ApPrEmjFPg88H3/DyLH65Y/MfM5DjojTbNrcs+v1HIbnf4r9VVrR2kddtEdNrYim4jAPSNR6nliHHVyVMkWed2ZZy6eod+K35lmTZy7wgNRn2lgIhHvUoh0fGrBTpJQm46Ab9SXxK5c/Nt0g3P7B2A5v6gG3JJEOFvLcXKbq6MmNOGO+um/BPgpo8iQBxkFSyX5wyZuRhsjwkM5VUHMvYbknLHKsF0Vza9YftE+cP8HIXg6c8BgOYuOZNOQrwltZeEfMAgpn5K7ucf9y0pQ==
PvUM0oGOl0r1pMnk8Po2cYaz72uldUfwtbBJ8foStx5ApPrEmjFPg88H3/DyLH65Y/MfM5DjojTcNLcs+v1HIbnf4b9VVrR2kddtEdNrYim4jAPSNR6nliHHVyVMkWed2ZZy6eod+K35lmTZy7wgNRn2lgIhHvUoh0fGrBTpJQm46Ab9SXxK5c/Nt0g3P7B2A5v6gG3JJEOFvLcXKbq6MmNOGO+um/BPgpo8iQBxkFSyX5wyZuRhsjwkM5VUHMvYbknLHKsF0Vza9YftE+cP8HIXg6c8BgOYuOZNOQrwltZeEfMAgpn5K7ucf9y0pQ==
HpQ1rJladK5eup9X8II1X4az72uldUfwtbBJ8foStx5ApPrEmjFPg88H3/DyLH65Y/MfM5DjojTbNrcs+v1HIbnf4L9VVrR2kddtEdNrYim4jAPSNR6nliHHVyVMkWed2ZZy6eod+K35lmTZy7wgNRn2lgIhHvUoh0fGrBTpJQm46Ab9SXxK5c/Nt0g3P7B2A5v6gG3JJEOFvLcXKbq6MmNOGO+um/BPgpo8iQBxkFSyX5wyZuRhsjwkM5VUHMvYbknLHKsF0Vza9YftE+cP8HIXg6c8BgOYuOZNOQrwltZeEfMAgpn5K7ucf9y0pQ==
Nji+DsxtnkyqAz89p3zcJ5JBHHqarhAyjZiw5DHHAQtRPvsTX6frm1ql1QnVfvn7E2mZkkp8ENy2Z16xqFfsc03d/FIdkABWrLkQtl/reEm/lbph631XmLbHln6QUApRP1WcKXoP6toWTGMS4HEyX1FvSCoNaKasZROuc/VZwOiaCpf02WdBnHi6eruw7Qa31gpby8hvWKVd3Qk6WxEmmRGYgrLn5g0zewFr1zYaotcbe0TjRBuhU1q1HCBaRLcwcdOR7tAbklb1H0atO7sKeZk51H/Awy3yLUy282WN6ufukMl5YdZhGxNKEgBzvyl9aiOyjPdE2ayT2w8tFzqiMOnfkIFu/y7XmbR3Q6UlHdXSWToac5dcRP+UGjOr5uh15k+5bSNMl/7xbe83FU19InKdu5jJqefvFxA20J+EOFfeDLX4pvHVIApjaFErl56SkWc21OuFUB5c+SmBBNnLaAU3s0bUdhI6QM4feorA8FJTdtLSOS5du83gkWVmBI15z5rUdQfT7HtzNpAhznMGbddWem2MFN95R4Szu2o6QQQhSqxte5rQc+S3WfmftOQ=
VJcJT61ZaRafxLNrMuDCRSjr4CumNK+WfeeNTxfN0wjebBY7w+s2i3zzNyrL9rNxj3CMX/rXwMXRctcOtntqzwwA26dmAurb5I9AOeOuTSj26pRDBZbGYqGis3nZ8qY9IE+tMlteF3jzyPU+A26upCrsh0XyTFE+xRvLk3uhdJHWFcNv44vR3ueg67zAXPpGRUjS+vSpXokYRyn1Jar0EwZ5yMfg/Tm+1YW8CeXm8E9P24weCjsHll0pyEu1LYALPVaENROVyqyQSekKBK/kMZohEMpks4Xuu/xEBofHNgJkA5I3tH4C7pPYF/8bEw2bNLFvgJpbSeDYnGHB0z6KeHz2msjd/UUJOzuFZdbYkg2PJJcE8UYbSyL1XZXkz8D1LU6W5R1v4jcV0weWX9zvZVoVkT2X6sUXkfP0E/l5HdEEkVPBimFGEKPwEelqP3Rnm9dZvCfFqOa/Nojaw6890bmrUCPhorlMUacy9MzoxvRnwuusavsSBssVj/3Hzw0u+Cr1TsU0p83dz4RQ/w2OOEi3VTDWEXdpOxxD0JTWhKbBEqEezXSwjTnu5ophFsWwbLvWZJShNXHYcDb1ifS6/e91JwA3dyDOI4MKCK3BFNvlxKdfqXKqyoPWKOfuE4BXoiKsQQC5AOySR+y6JuxRKtzcI13UVNugDtH7FGuNIUT6TRelE6+fSFIPcy/8DjMA2J5dcYo4hi6+icMIwhGJM5sk7xS0bQ==
3ZBU7bZJ4XiwebrVDy0gUnwzHmTrjZq3ZKq5rKgFQYdnHN9+8+KvTMsIVnv6YiTtj09Ltcqj/pczJSawQ1v0zF4j3L68v4k2M+1p7Qk2FJ8fu/Ryo1F+X4MJkmSgHkTkgYZq8bjLs8ca7kc4TIh3G6xnH3mqPFhCRVCz98sY6hIYb3qtzGO0IknPwn8ygY+Vy+4xscwNkxAQFg22R/cpKYnDPBqow/lTFicOS0v3yD2etLDk3eSzm0PKuguYUuc3JHnx+8Ct+5FG+0pTR1b/BHQnD60A8+yY212LhivfQeLwlPk/o+mIi+BIvRQziIHTDTn9GsjkK5dCJQRvpFMLHBWXb2XXAbBxKB55hzZgLdzY58FGAuFkxyvJyRzdOqNFDSMfTXc2kLXpXIP5DUuFmLREdSRSgxxEZ9zM4d8kGEsKheHXVEbzz6RQYRU6uo6x61Vu+SF8Bz+hYj4mWP4SZv3uAEB6xrHegBZzfref3+iTcYwk560N0gbRbUNm/+Ge8vUEM8y5tX5oaYYEtV2VzHFvAJqrkKPCPsmRypq3tp+77ZW07g==
90xbUCk2yhpAbfxa19UfmMGmxkz6jK0cWNMlAzSExfLmplDBrjwYlL/LHAmcildGzb9bZn2wujYoOwqoSRlG170Sr/KFfdJXgC+TilOrIGq21FlsoteKPsrqFiba26vfGk9hGmR6YrMI5S90b/bbdgpddcnu3WEOvfE+Ir7FPpWByTkrik6Vmn2jsdXw8DjrPR04MpXsKLv2VKoWB3XlfOIsp/KL2/w0y6InBwTK5Zix4REHwcRkD0F0eMyP4yGWRrw57hV5kgaKKx4ePK0vuc5ULBTbXXMJIfC9PYoYdlwmKX+KLyqZn3XPsCFV9+l59XgsB4OPhoSLzIRLpNWEDM/IZLXVi2zT90gPIHIVfU0Wbu38Xn9NNLvApUTNR6XY9Mi8PuEihANE3Au7btjn9Bl729xaytCC9U96485kJKDaLqpllNL8AN8t1ZVUdftVCvXu9PO02b1KK3xji7NxaGcRAIIvsgBOY/v1lelPeDfhtpGoAeP6oGx8TnD3pkN4Ki86YtsRh+nnm8VqqM5d2kWgDymNi0wE3xmGPFjTfeSWxd8Nq5jLRDSCTOKR9okKzWCYaWmqLt7Bgk00/N9+sNR1HRXIdD7hqaByub+Rj5S344gqc8fCXI3VHN/1oI+L6aYCrhNSoHNOR0gT8saEVQCtKAjCAyTuhnjZrky4i4mUgPPEHtXzAEvZ6QCqqb8xkzs3rAJLu3vcGjsEyPp1pcrsLkouDUucYkVBd8vAxwC0eQ==
fEDKG3CfY/wYlRxeoUNnjun7Hr3Frqz7iWyTg7PJ6wIv7/KTgO80ajWx1Q1ieFmvJ+d9Eoj5+RUNWFgCJfLfhfV3Q8khTQksdhDbcDxl/r1sneoUSHOAh/zW6oEYGFZiXYC0CucPtEpHupY3L1Y7Yw3O8rsz11NRIzLqCcdNTMB/avAIWeKp5txxZqFXClI/5XlTkoumtNM=
SZUQ1RVybouhRF/+IfZKf+n7Hr3Frqz7iWyTg7PJ6wIv7/KTgO80ajWx1Q1ieFmvJ+d9Eoj5+RUNWFgCJfLfhfV3Q8khTQksdhDbcDxl/r1sneoUSHOAh/zW6oEYGFZiXYC0CucPtEpHupY3L1Y7Yw3O8rsz11NRIzLqCcdNTMB/avAIWeep5tx1ZqFXClI/5XlTkoumtNM=
