rky1zbBdDJD/Ys3aooEYuh9GJHh2F5kmV8k8R6ClqaxTYTUbZwMXW5VqKDtrx8hMXLka0SVraQ/0AseVito+cds1fvkxXHf/UcJOpsheQiYtDjBASiZhntC24/7HPy8o41GcJPfNPRK2sd3D9p+xXiLVdDM8meU+uIkWhAW9JYxBjxKeu7JUgk1oYUsKF2Zf6425rsw=
7JGewhAGaQMlMU2sFqRUCmywosA5spTupLWepvyLBrVFr/jzHIGNCwwFXIFlf2QzFpoik8aJ0N84p8Z5SczPH7kSBuaAbmrGNT4oQFIWeX74hqu+j+/HyFvB5KRPXcWyHuGVgz5vWX46pWwzJGn9HtD5XkTNbY0sOR+qHkMi7OIlOKmLwidOP/O9oa7U
bZFJ9iGv3dLRq9uLSxlYqHz2i6wX3pP5OBPeACfmhs6+Q+gNPC6vZESQjOrQO8M/R2tMUz+5hJGEJMKddRaQ0rJDRoFRaW7TRgOi/bPzsnnjQlkDWsuo5hxj+PVuJ4bb+Jn3sHHnh244Fj4SVD4LQpbA7GpHhsb6FU6xk/kw5b1aRHEhe0qgnatzABPnhgTZUvOaFUPm7oXgtHMRs9QHYxT+fV7SGptEF3v8W/DHTcGfruo=
2UCIZokp3L7kZxamAsGaCvqWmuTT9mkpU7qcfoHrixGDigcd87ikQFU7R1/EYVsbeycDmQFdCTxWQJsgnPV+LczNqkRoY4CX3Iaq0biI1vL90PRaxx+0Wmfq1mePxrvzrZ6y6xPHU0EDYqpZZ93MUN86sFh58a72+CMm/Paa069FKRPCq6qu0Q==
WsLzXVbQUlI1no3u7/CHL5jw07PMFvHARb/JKCwcAJbS56n5q0OgU4mfqy1bTtexWy0k3O2ft5MMVTtnYyMTdemJSWAuJCusFAHekZSJ+mhAd4CL5KLanfA8Ng5lVGQ2r0t0hp8O5muHspvPdVpiR7tT0927xlqVr+msLMc+oLSRJe6qgEeWcH5ucxMdbUPug76uzQ==
8TfNVYEzN/h/bLOWun8lIpjw07PMFvHARb/JKCwcAJbS9qH3rUyhAYmfqy1bTtexWyIk3O2ft5MMVTtnYyMTdemJSWAuJCusFAHekZSJ+mhAd4CL5KLanfA8Ng5lVGQ2r0t0hp8O5muHspvPdVpiR7tT0927xlqVr+msLMc+oLSRJe6qgEeWcH5ucxMdbUPug76uzQ==
gx2wysPQbz6eTipswt7iw0psm8k0MnPJcaIVEOoT2BPEWFZyRVMAKt+951Oy3wXi6a/rKRNU86kU6RbrUmOWJc8jHhF2xM/r9ptUviiD7M1yV6rzjFlD2J1XG5astspKaO5naoLA+EIrVvqi4e4la2WACdXuhAUJVzq8pb+TNEsb1qgxxnMOfe82kl3U1GcpryQrS+C+yba+qgc8g9uIg8yXoemLrv4=
0l4Gs+YamK4/w1T2JWpNqj95bBOHbXvHNGeljpyd+xJWXydBmJmqE2YDgj3Tc1K5i0W7QzpLSKY8Y9i1zqcmm9iZl/CRZ+eu2BZe0vS+q4K2wMyq5wZmOnVOUVOZsAX9OkRRYdvKAN2LcyBTBwZkmbLz+tWjZo5FwLRT0RNUp6M0/p2espp7BHd7HBtQR+2Bv67K
i4vOvICwK9t9lQeLsq/EwmyHJpfKFiHxjv+ivcox0SiW6o91+vC6rg5vKmoqLlXpWdfrZYum99lLIyXU/feXe9wdey+zy7MdeQHJ6L5Mi0TESZ7ZRGHaAFB/gIP0yvp1IHR2RrW8xF4/w/QOD2ZGg1f624elskIvq1vT1auuen1/oexkF9YA3AGtbiIQLzaYriYzW82FY4aTtq7F
DE0E+jMaZnK1wyGwwMV6s+TgigXp/llP7ywEFCsoNoCE1tMnDd+9zfsbh7Qf/x9q5RohVe/tWOfLsd95e9tNa+nGQk6TMuCTTucIM3LmxPUADWgoQiNkToaYmc7MWMvplGAzpJ41M2BLeSkgKol/kZOb94yCa3vb3Hr75EiatUfOjGytrm4KfGPlAVdL4Ie8rss=
FUXvUXjaFOsgUvVQzAaw1l9VLmJvGJh1TcA9R7Swo5ZTP3p0AW1+QZx/MDNU8eUrFPVOhX0PfBP+aurTjtl4f8A3fvkxXHf/UcJOpsheQiYtDjBASiZhntC24/7HPy8o41GcJPfNPRK2sd3D9p+xXiLVdDM8meU+uIkWhAW9JYxBjxKeu7JUgk1oYUsKF2Zf6425rsw=
tXTURTbjVbZcQhfChP7X9raxfxARuJ6E5dGShGdro0Muw0rN+1NKyZpHo7Mia2DWdCMQZSYHngugGS9gaYdP/pBWFuIcXrOyrsDUmv/mjgo9DhkDMVD9bYLEKfFjaugNQzNoIy8mfGmq8+Klu0amtQh0G4F79B8zzH4lDsr609S/u9QrOCf1saeu0g==
aEVuGqjXZ8lZyF7D4WptGT9jYB6FLDKPK3D8g9DCpEBURmZBmJmqE2YDgj3Tc1K5ikS7QzpLSKY8Y9i1zqcmm9iZl/CRZ+eu2BZe0vS+q4K2wMyq5wZmOnVOUVOZsAX9OkRRYdvKAN2LcyBTBwZkmbLz+tWjZo5FwLRT0RNUp6M0/p2espp7BHd7HBtQR+2Bv67K
SZrD445PAlzAdKgDpjhCKzrYiZjU2JM5P43TyykYda+hG8u5SgF9geJvs558MI1c/ekntgosx1PFUd/ZGW/ZvezvpEaJKo944nLez1M+OSpTns8zmHoYgwtVPPlSqumSbgduDXWTJuMi4HJryC7gwRMQqilx80u5k3JnFUPhpSeFA+eXtPkbM+tf4xExhYnUBvi7aGztvoXcNcpM2DuA/wy+ChnIEJbabagU0vfHNLI3UvYvf957W71m0uOjn1Mp01oKkRdFjHhPQlDQSSkuHqibBrQGghMHVdFzyhvyrrk=
YmZky0ljNPCZoF3XIxV6xyHb59MvV2iTwRoq4AbqoLVNgyRBt6IQ4w1BR27aZIer9Tn/wQln2YWcx0Qe2eJPAFKaflfDtrmSozav60gyWHs7PRzhQqLpqh4vjlUlW+abkgjS81imYHnjuMrxobsLQaMaRw1T7qMf9SsHz+Qx20tbt0OJoQ0JbPZQ27C8pf597F3qVMgzgMd8lupBmNhWot1AtEpnT7QKx/qW96+WO6ONDvL7s5dTEaNy6slHjUwA/6rwSNmhrqZYM2Zs1spT/2W5U9IL+q6B
6NhK8nSmsZy4nuGjOSBpo6csX9Ti+wWnX/QmLwr+hW/0d5Rt55Grlc+U+1hHI8pIbKAOGwqvwPhAaycuYrutlbvDFzx/N+9S4y3RnY9lyD+L6c9xW5P9k2m+8oazOvBLjr+Yu5KutM0ANRhgoqv0FkZAicbskHuRFJiD7L49IzgLobmoSkGPqZOjB0Ti4+sDnCLr7GjSBb9O9NxljmYapKO9kd+rqPeErvM=
kd3xo1uGgyhE/Rj+dZKTU8WA0RUuxCNoNb3HbgMp7lvayu2L1BN8Wfdlo5HPkPOsVxciLExEZi/a2wg8AK/vWrIPxXEbp/+I78Nn1mOpWWkf0SBbKw2nxYvnNVcpejryYw6Yr67bcI+CWrzJADEQlLKfHHJmpOHyPOSzVVRcS5huiUvcq8VRHNq1By0TJ4+wclcDZzzGg1i4ps17DjAUEV5SckCD2Xnru1z/gK73
o+URQSclvvrPqRCodS47lf5ZMixjm1pW5aEHPfa11nzsTrdzMEya9tZ74CUSTxFxK9OarKfE/fxQRm6ez5A+Hc0Gkrvqo84VJ0MmAXXDyPvOezyO8MNUHRr3MoME2ctoBTezRtR2EjpAzh96isDwUlN20tI5Ll27zeCRZWYEjXnPmtR1B9Pse3M2kCHOcwZt11Z6bYwU33lHhLO7aD5BBiZKr2x7m9Bz5LdZ+YOu9g==
4OlmdLmnbz+9wfJ6CaWx82N72lqrxwSi0ngDda5EKVjyYcI8+bnEHXBT/2Onk8+Oz7YvARY+vGpKxbL9LF7gkbOg6jkRA8tps0KnhaOUo3cls6eH1Amb48tvI4HR9YmEpkj7eAwdPlX8BQrcOEuAr6wOSgmo4BYKTZjUQhe3NOKX4rY/Hy77i51WEnND71N5c+pKgXe1DKhvcpBAqVkuTggrRqRmcpPXdeGzWvuCruk=
5o6grc/nkniYrKI8w4hVOD95bBOHbXvPNnG32pGU5UBWWW4V1szYE2YDgj3Tc1K5iE+0QzpLSKY8Y9i1zqcmm9iZl/CRZ+eu2BZe0vS+q4K2wMyq5wZmOnVOUVOZsAX9OkRRYdvKAN2LcyBTBwZkmbLz+tWjZo5FwLRT0RNUp6M0/p2espp7BHd7HBtQR+2Bv67K
wEQQGrY46+ytUY72TkuFkbb6gAu7lBxS8yxXHhcocsXQlZZzSLu9zfsbh7Qf/x9t4hQhVe/tWOfLsd95e9tNa+nGQk6TMuCTTucIM3LmxPUADWgoQiNkToaYmc7MWMvplGAzpJ41M2BLeSkgKol/kZOb94yCa3vb3Hr75EiatUfOjGytrm4KfGPlAVdL4Ie8rss=
7OFmPVL7PvdGQvFcR+X1YuaMhJGU248DHdu12dtPz/BPW7f6YoCJ8b+pELPrpdd9a/9lP6mS6uoDtmgH7rNAdyLC7OEAGUAMEmcsGiYMEUpc/GO91DQbgI4xO3RrLWFkei3XBRMPXyjSLzOP/G7z4Fi+nROO2MQJPuqC6MOxSRMbxK+ort8=
IoJadu1PAoNaSOPrZJarBAMWESd+Ja6BTN+gsyRRVevkFVqCY28MU07KGlMeeSg/kBdO+cG8p78Bot4meL6y5h0uIEBaBlFeIFZTfldff2gzsWwkx+1tUuYRTUMGPwEeUrVkMyx5Ff4IKWYElR31TJGvIp7L0gRCnYjxy7p3Fh/bramu3A==
mXkVJWNry/DjfGu1riZeNeSMhICWzYsDHdu12dtPz/BPW7f0YoCJ8b+pELPrpdd9a/9lP6mS6uoDtmgH7rNAdyLC7OEAGUAMEmcsGiYMEUpc/GO91DQbgI4xO3RrLWFkei3XBRMPXyjSLzOP/G7z4Fi+nROO2MQJPuqC6MOxSRMbxK+ort8=
G4sgOJZsBRed3mNvzhKBhgMWFzFiOK6BTN+gsyRRVevkFVSCY28MU07KGlMeeSg/kBdO+cG8p78Bot4meL6y5h0uIEBaBlFeIFZTfldff2gzsWwkx+1tUuYRTUMGPwEeUrVkMyx5Ff4IKWYElR31TJGvIp7L0gRCnYjxy7p3Fh/bramu3A==
NZe1OQtSQKXQuUkNVpjYvAMWFidwPa6BTN+gsyRRVevkFV2DY28MU07KGlMeeSg/kBdO+cG8p78Bot4meL6y5h0uIEBaBlFeIFZTfldff2gzsWwkx+1tUuYRTUMGPwEeUrVkMyx5Ff4IKWYElR31TJGvIp7L0gRCnYjxy7p3Fh/bramu3A==
Ye3qJBMeUAMT2VshhO1Izur3UKzBuOXljXOVj66A5lABy5ypyaN2O2jr1V0sdmSIK900XsimplZ1awcPZPHbi9t3Q8khTQksdhDbcDxl/r1sneoUSHOAh/zW6oEYGFZiXYC0CucPtEpHupY3L1Y7Yw3O8rsz11NRIzLqCcdNTMB/avAIWeKu5thzZqxWClM/5XlTkou6rsE=
Aw1cEmYJ3WOgMtXgc3iQ6i9dtPHYjB7nAyv3tbw/wZaY1vjQ/11weqjSRc2RbgxRfNuw0l6JxlEkYkRU85lk8ioSJuqNz3dDrCW7l8NzU6UJuUlQzvRr/LTxXuE0WTo4IEeAu4TyGk1QTLb+xQQk5k97dLZ/3qY7J0Ibv9WKohfbY9Pt25aaRQ+ZLNxnbuBkcRbummCX1iDenvNjvb2DvuOOrv0=
P/vd0RE/cSUKCoZebqp7H41ZJSxj31pC5NoHNLGFyF/ZbZxRNnLU8uc07CJbfE5jJ9jVpOneuaNHWm6+z9l7N/4oiaHusLRgQXpsS2mGlZD9JBzw14VQHlz5KYEE2ctoBTezRtR2EjpAzh96isDwUlN20tI5Ll27zeCRZWYEjXnPmtR1B9Pse3M2kCHOcwZt11Z6bYwU33lHhLO7az5BBiZKr2x7m9Bz5LdZ+YOu9g==
P/vd0RE/cSUKCoZebqp7H41ZJSxj31pC5NoHNLGFyF/ZbZxRNnLU8uc07CJbfE5jJ9jVpOneuaNHWm6+z9l7N/4oiaHusLRgQXpsS2mGlZD9JBzw14VQHlz5KYEE2ctoBTezRtR2EjpAzh96isDwUlN20tI5Ll27zeCRZWYEjXnPmtR1B9Pse3M2kCHOcwZt11Z6bYwU33lHhLO7az5BBiZKr2x7m9Bz5LdZ+YOu9g==
EBKdGugEQwevt4G2NX120bs1cE0qT0llR3KNbuBq16IecL01whH++VYzerz55fw2htkdw5i3t5H4cNFBirTDwF0tVeTppHCtuY+y5X+2BZXiXRbElAF1EVhQdlWJFHodb1VnYDcXYO6jY8rorWFU+2Wk5/+p0moqA/boR+5zwDciAmyhAFnAzBInrNomTJEKXDzj/dT0m8CO8bu0a23hpHptV8UTz99o0u+zz/yucyBY/h3XjphEyT6qAqjDcclTGwQv6K6f
627/YSK8k5EPBjddOYna4GO4IuLNcZ2fj3zBcXqNKJirrekqqFZPOhUxiypzt8DiJjC4qljYAWFqiq8iaseGSJCJgPSLw2yi6wWJiY7/cWkz3gxlxHC4R5kTaudOLOFkRqug9MsE2AGr3HSbFq1VV+Bu759IKJV1LuIiAVd9ejm1lHvPzbqqhmzGPjZhhvRAjq4tjqwuR94jR7MY75kY5POFsWKqiXkjkocNzu7dsLN4kamuBJHy5KGFOXzNRxLeP/pYstGQBWuuj5pPJwX9rog=
x5d5fbFaJEc/30qNdd3VcjI1PeJlXyNlbwD8RQYuGm78hFtKTlg4/ZmcZHgomuH8IVF2qLN8wQT3l8hjasIWc9KxzK8UjzK5/aSjryXqkkb0NlYW2RY8QEY+la7E3t8eGxdbeDepUGS7denCAtmBYwo3JS6WTfizsAFRziwhaiTZVZHcFTfZXvfKAFK5QD0rNv9yb5+Vta7A
hMAOiEnV4dOvyphkPp/aAVjgju6s7oV3+ZW8r5ZbIjrulbKFjcZSnbRr2KQ09mcH/JiN7WSYqSF/WbADa9W3zasvhS+pgoq6QwaI924D4AdikszxAAlgXFIXjKqm/PH6HKwDrdQk+1BOgVsE653BlLr99xUTH3/4Et+TP3wek1CYbn0EjsikWX5aYhhDAeljW5SPuK7P
J1utCt1tdpvOp2EOqNPSK9/4242Yog+Y1FQMv6lj2N23iAxpRuYQl1yK23QIqlWeztwMnW7+Kgzj1eHHC5AnbK4b
zY11g2odisJymbhxOcvGxdqVjmQcPReX3h5wo93qrJy8fFN/x5sv7enwNDJaLaqBm0ShSpzqG98nH30sxfH4NllD/sZ5pF13aFntSrPFiZSGuLso7K2+xVx1ygxYe4C/jP4KWUhQlprt6BSSd4c08rcS9m//nnsbPSbSoyPfU2lTGgrRlwWMOM8CUJDJYC5eKNsG9IbCE0fVkXOKm7Ku+Q==
qtdnAc9yOgvYBtzYNkGqsO9G837/Zok4M5eOMbM5DmC2n3mD1RfQOQ+axhnDtZmDuI8L3sfbYYM0McE1SyEObSmzbJBRTX5O5JgyNuaGBC0fSGieO2FYgEqvD6sW2YXfLCL8c0tJxtFqN2KjNNk7CNV3A+ZE9mLaEA4vWprA4HJjtoIySa7NG32gQQWWBL1Zn1qklZdTXNujdmBB3nMWjaeWKs08lE8Zt8Rjm1A+MeZ2ih/M6xsgEzT3admTruY=
ywbaDIXqv0JEq6eI/UJSdR9hpJUnE6jvXt87ajVlP4YeKiey9ikh7+/oJFluRv0NpHTbATv037MEfmWOCvoTVP+7FKv4J7UxZ64S
Vz8LdYk3UIfa25BWSqmqPDfV4vL36NM2V8nVOpp5U2epHx8aHX/Ntemwg0BOVRSlRuRRb28l1JRBTSVcOzqu3ahyWBdPYmB6teI6BHXdVcwx70qe6xLkwn1I0cvaN3afe21Jrjw=
/7cqnDV/q+cTAdae2tidKfaEJ1eNrSoBhh6IHc/VDwesVF1eWt65kPkuSkoYFZvhkQm2gJ9cU/lIlmdcdNDki7mXkHk3LESdVtL4E/xOs0DY3t07jvgE6b5KQsjD0Qlzm2RvSK4/
pszM9rJ09zGNWo0nI9Jkixd+YCxRRiViWuLBrAkSMvb4qeNdYbXOPF9gK8W4qh9glOycN0kr6MW3kDwhpm6ALxxyy3wo4qUHTkR8VU72OnQjbXFPa1gXdK4D
yXoZKfdfeFkvB6pQc+G7tippy9cvmVEZQ08tZlrmybgZBhoS2M3LiTHhBvgfpOOR6H63BDQINKPZv2BBNxS0tTb6KMu8FmOoeLZtww6AtAEeIhIQA4lZW3tMH3CuBw==
2HKDZJWMT9dHZDoCGdYAFANa5PIeq3ADdE8tZlrmybgZBhoS2M3LiTHhBvgfpOOR6H63BDQINKPZv2BBNxS0tTb6KMu8FmOoeLZtww6AtAEeIhIQA4lZW3tMH3CuBw==
/xOSF95R+cW4pDKChVZFSHM1mRjFp93noeDaZE02kZyGhEg/f/eJC6qevwaHPwDEy7LEWmB9AfUsh/dWcHt+oPQd7CSXlgCcgeVuYpBvNtguZjObTUVjRhN2rgU=
mVS39lHCJOAg1wProXSn6o1ZJSxj31pC5NoHNLGFyF/ZbZxRNnLU8uc07CJbfE5jJ9jVpOneuaNHWm6+z9l7N/4oiaHusLRgQXpsS2mGlZD9JBzw14VQHlz5KYEE2ctoBTezRtR2EjpAzh96isDwUlN20tI5Ll27zeCRZWYEjXnPmtR1B9Pse3M2kCHOcwZt11Z6bYwU33lHhLO7YD5BBiZKr2x7m9Bz5LdZ+YOu9g==
T3rC6cNEAuyzt/1Ar3iNfR9hpJQnE6jvXt87ajVlP4YeKiey9ikh7+/oJFluRv0NpHTbATv037MEfmWOCvoTVP+7FKv4J7UxZ64S
6GJ7ozwTc/tQWrJuLNArXj0yKF+CEo71CFcZQd+q8mwyNevWMBJuaTljQq4Pp/u9WneTHuyeowNVgczHwQwj0bW7PKUPwjW2Chx8Fs1a4ScFWqBC8RgwnEZZ3JUtoARCQp4EbWXuXEs7rsSFXOBQh/EjkMME/Hnk3ntolPP08EEDTOw73p0tVxhepz/QuD21BpIa4R8t4rktxLPvtYpCxgRWplYpdsxAtl5l7jS+L57Ld8s4J8mAZGvV+YKS+VHjOheVbqbtSLMAoWEOnAFapIl1ARwFl49bpykQkimgbatGHwKv73XFrrA=
KH8vTfXV1Fr085YfFhQLiB6xsbMxk8X0llc8/2MlUXl3fXP9THkp7egC7kp9dG9cOznVK8yPX5l6b5jR7tgLXY3RMOF3Xdar/t+yqPwGz7wwO+4Mtq/s98tPIVg2k7rLBI/R6HDTy7osRwHZZtcPaKnrT5lyxnRPyZsAZoJH2er2h6dzY4L3efxE23Xemh3/OEGNosM9CVyWYBsA3BV+zYztKmSoA4D3HKYq8fho1hK98HR6B3+0OqfKVkfPJrsT7b4yy9OnUyHDQip5Jz3MsJ8aMHi5kKuWOwOm3LZ6008FCZPia8qusQ==
tMECtIfJLg489gliDYQx+S50e4CMDQdKIBEjEWTHTdwN+8YNj8eatjeE0YFmmsgs6z3UgwpVbYZuGTAXn2EVfCFSd/W5+3NNG+4kBTwgcIfR4zdH47wZ5P47yBSTtBBBY4xMu35dTVf4Hge/cPjdtWZS+mG/7cK5zQTTbxXKYsYkFkbWSbbsQJaeBW7U/g+e6zdruEcJYGRLFVkCcjkx49pXNe4GraizYGHBjjzBOqRpNWGcpdeuW8dp8BKJYE2rZt9iLw815a6Q
AES/doobuUVPRD8MCD59HYaz72uldUfwtbBJ8foStx5ApPrEmjFPg88H3/DyLH65Y/MfM5DjojTbNrcs+v1HIbnf6b5VVrR2kddtEdNrYim4jAPSNR6nliHHVyVMkWed2ZZy6eod+K35lmTZy7wgNRn2lgIhHvUoh0fGrBTpJQm46Ab9SXxK5c/Nt0g3P7B2A5v6gG3JJEOFvLcXKbq6MmNOGO+um/BPgpo8iQBxkFSyX5wyZuRhsjwkM5VUHMvYbknLHKsF0Vza9YftE+cP8HIXg6c8BgOYuOZNOwvwl9FeEvIAg5n5K7ucf8Cutw==
+tFFa7I1clIuAsETHuKGJIaz72uldUfwtbBJ8foStx5ApPrEmjFPg88H3/DyLH65Y/MfM5DjojTbNrcs+v1HIbnf6L5VVrR2kddtEdNrYim4jAPSNR6nliHHVyVMkWed2ZZy6eod+K35lmTZy7wgNRn2lgIhHvUoh0fGrBTpJQm46Ab9SXxK5c/Nt0g3P7B2A5v6gG3JJEOFvLcXKbq6MmNOGO+um/BPgpo8iQBxkFSyX5wyZuRhsjwkM5VUHMvYbknLHKsF0Vza9YftE+cP8HIXg6c8BgOYuOZNOwvwl9FeEvIAg5n5K7ucf8Cutw==
6OXZAzFh3uSf91b5E2Q70Yaz72uldUfwtbBJ8foStx5ApPrEmjFPg88H3/DyLH65Y/MfM5DjojTbNrcs+v1HIbnf575VVrR2kddtEdNrYim4jAPSNR6nliHHVyVMkWed2ZZy6eod+K35lmTZy7wgNRn2lgIhHvUoh0fGrBTpJQm46Ab9SXxK5c/Nt0g3P7B2A5v6gG3JJEOFvLcXKbq6MmNOGO+um/BPgpo8iQBxkFSyX5wyZuRhsjwkM5VUHMvYbknLHKsF0Vza9YftE+cP8HIXg6c8BgOYuOZNOwvwl9FeEvIAg5n5K7ucf8Cutw==
KYOCt71fBgqkiNRVh9t/V4az72uldUfwtbBJ8foStx5ApPrEmjFPg88H3/DyLH65Y/MfM5DjojTbNrcs+v1HIbnf5r5VVrR2kddtEdNrYim4jAPSNR6nliHHVyVMkWed2ZZy6eod+K35lmTZy7wgNRn2lgIhHvUoh0fGrBTpJQm46Ab9SXxK5c/Nt0g3P7B2A5v6gG3JJEOFvLcXKbq6MmNOGO+um/BPgpo8iQBxkFSyX5wyZuRhsjwkM5VUHMvYbknLHKsF0Vza9YftE+cP8HIXg6c8BgOYuOZNOwvwl9FeEvIAg5n5K7ucf8Cutw==
mof4P8Wp11ONvnNz5QPPgoaz72uldUfwtbBJ8foStx5ApPrEmjFPg88H3/DyLH65Y/MfM5DjojTbNrcs+v1HIbnf5b5VVrR2kddtEdNrYim4jAPSNR6nliHHVyVMkWed2ZZy6eod+K35lmTZy7wgNRn2lgIhHvUoh0fGrBTpJQm46Ab9SXxK5c/Nt0g3P7B2A5v6gG3JJEOFvLcXKbq6MmNOGO+um/BPgpo8iQBxkFSyX5wyZuRhsjwkM5VUHMvYbknLHKsF0Vza9YftE+cP8HIXg6c8BgOYuOZNOwvwl9FeEvIAg5n5K7ucf8Cutw==
/nuzVHJt/GjN2jxIOiqGDoaz72uldUfwtbBJ8foStx5ApPrEmjFPg88H3/DyLH65Y/MfM5DjojTbNrcs+v1HIbnf5L5VVrR2kddtEdNrYim4jAPSNR6nliHHVyVMkWed2ZZy6eod+K35lmTZy7wgNRn2lgIhHvUoh0fGrBTpJQm46Ab9SXxK5c/Nt0g3P7B2A5v6gG3JJEOFvLcXKbq6MmNOGO+um/BPgpo8iQBxkFSyX5wyZuRhsjwkM5VUHMvYbknLHKsF0Vza9YftE+cP8HIXg6c8BgOYuOZNOwvwl9FeEvIAg5n5K7ucf8Cutw==
7EDQMTgDFrcO57qfQ9YiEoaz72uldUfwtbBJ8foStx5ApPrEmjFPg88H3/DyLH65Y/MfM5DjojTbNrcs+v1HIbnf475VVrR2kddtEdNrYim4jAPSNR6nliHHVyVMkWed2ZZy6eod+K35lmTZy7wgNRn2lgIhHvUoh0fGrBTpJQm46Ab9SXxK5c/Nt0g3P7B2A5v6gG3JJEOFvLcXKbq6MmNOGO+um/BPgpo8iQBxkFSyX5wyZuRhsjwkM5VUHMvYbknLHKsF0Vza9YftE+cP8HIXg6c8BgOYuOZNOwvwl9FeEvIAg5n5K7ucf8Cutw==
ACwUhOboTqMhI8zhcdJq8n5x2AdY1YmoInzBn8SUzyHTyl2mA1jxjZ6m0/YDoQXrvqXr0T/B6ScWYSVK9g3odbEvTanPRzf20FmUcY9Hqmdjs1I91/jzSpt/ePYKzeZ5SjzcrV4dX8S+krhaNgUH2kZLIZqm7W4kqldLR+JLhgjjRIQPKlwBEMpReUje0zypdxdC6kXXYjxHJbx26CldWbiZNzCx58fueBb+khQ+S8JWwCzqB4aGetVO8RO5MCU9mkQxobtKYB3rc0CTJ4ZEWRLzWpWD5q4FILSzkfPUR+PU+z3dkhpbxNd7vNswx41B366q
ACwUhOboTqMhI8zhcdJq8n5x2AdY1YmoInzBn8SUzyHTyl2mA1jxjZ6m0/YDoQXrvqXr0T/B6ScWYSVK9g3odbEvTanPRzf20FmUcY9Hqmdjs1I91/jzSpt/ePYKzeZ5SjzcrV4dX8S+krhaNgUH2kZLIZqm7W4kqldLR+JLhgjjRIQPKlwBEMpReUje0zypdxdC6kXXYjxHJbx26CldWbiZNzCx58fueBb+khQ+S8JWwCzqB4aGetVO8RO5MCU9mkQxobtKYB3rc0CTJ4ZEWRLzWpWD5q4FILSzkfPUR+PU+z3dkhpbxNd7vNswx41B366q
ACwUhOboTqMhI8zhcdJq8n5x2AdY1YmoInzBn8SUzyHTyl2mA1jxjZ6m0/YDoQXrvqXr0T/B6ScWYSVK9g3odbEvTanPRzf20FmUcY9Hqmdjs1I91/jzSpt/ePYKzeZ5SjzcrV4dX8S+krhaNgUH2kZLIZqm7W4kqldLR+JLhgjjRIQPKlwBEMpReUje0zypdxdC6kXXYjxHJbx26CldWbiZNzCx58fueBb+khQ+S8JWwCzqB4aGetVO8RO5MCU9mkQxobtKYB3rc0CTJ4ZEWRLzWpWD5q4FILSzkfPUR+PU+z3dkhpbxNd7vNswx41B366q
ACwUhOboTqMhI8zhcdJq8n5x2AdY1YmoInzBn8SUzyHTyl2mA1jxjZ6m0/YDoQXrvqXr0T/B6ScWYSVK9g3odbEvTanPRzf20FmUcY9Hqmdjs1I91/jzSpt/ePYKzeZ5SjzcrV4dX8S+krhaNgUH2kZLIZqm7W4kqldLR+JLhgjjRIQPKlwBEMpReUje0zypdxdC6kXXYjxHJbx26CldWbiZNzCx58fueBb+khQ+S8JWwCzqB4aGetVO8RO5MCU9mkQxobtKYB3rc0CTJ4ZEWRLzWpWD5q4FILSzkfPUR+PU+z3dkhpbxNd7vNswx41B366q
ACwUhOboTqMhI8zhcdJq8n5x2AdY1YmoInzBn8SUzyHTyl2mA1jxjZ6m0/YDoQXrvqXr0T/B6ScWYSVK9g3odbEvTanPRzf20FmUcY9Hqmdjs1I91/jzSpt/ePYKzeZ5SjzcrV4dX8S+krhaNgUH2kZLIZqm7W4kqldLR+JLhgjjRIQPKlwBEMpReUje0zypdxdC6kXXYjxHJbx26CldWbiZNzCx58fueBb+khQ+S8JWwCzqB4aGetVO8RO5MCU9mkQxobtKYB3rc0CTJ4ZEWRLzWpWD5q4FILSzkfPUR+PU+z3dkhpbxNd7vNswx41B366q
ACwUhOboTqMhI8zhcdJq8n5x2AdY1YmoInzBn8SUzyHTyl2mA1jxjZ6m0/YDoQXrvqXr0T/B6ScWYSVK9g3odbEvTanPRzf20FmUcY9Hqmdjs1I91/jzSpt/ePYKzeZ5SjzcrV4dX8S+krhaNgUH2kZLIZqm7W4kqldLR+JLhgjjRIQPKlwBEMpReUje0zypdxdC6kXXYjxHJbx26CldWbiZNzCx58fueBb+khQ+S8JWwCzqB4aGetVO8RO5MCU9mkQxobtKYB3rc0CTJ4ZEWRLzWpWD5q4FILSzkfPUR+PU+z3dkhpbxNd7vNswx41B366q
Dk416oN1G3W28ZjLzab66zT2+FW7pmre2fVRTaACL1wk9Cthy7Qv0xx7da06uqP0TzuEC6jn5dEXrmI=
MPnF1a6656W3iOm4FByrn4YgOMJxdxrhIlhu8h+NTGC/inBoGUGrRpsT5kyWqlOfJZnT8ssarmE=
Dk416oN1G3W28ZjLzab66zT2+FW7pmre2fVRTaACL1wk9Cthy7Qv0xx7da06uqP0TzuEC6jn5dEXrmI=
MPnF1a6656W3iOm4FByrn4YgOMJxdxrhIlhu8h+NTGC/inBoGUGrRpsT5kyWqlOfJZnT8ssarmE=
MKz7M54YmMvF5IdFOIbB3FFGMdc+5mDc+eRQFIbhfjcMhdtOU70ePEZFLHynjmBEMXXr+iO3VsAePvPD/d0DniNurh0=
nszjjAlqaFWCPNp9ZoqkfB+uc/tIdCC7oi1e1YGxc7/9P09szyysZLHlSTydZ6bbzxmIcuEwFeve78oPlyVtrhg=
Dk416oN1G3W28ZjLzab66zT2+FW7pmre2fVRTaACL1wk9Cthy7Qv0xx7da06uqP0TzuEC6jn5dEXrmI=
MPnF1a6656W3iOm4FByrn4YgOMJxdxrhIlhu8h+NTGC/inBoGUGrRpsT5kyWqlOfJZnT8ssarmE=
ACwUhOboTqMhI8zhcdJq8n5x2AdY1YmoInzBn8SUzyHTyl2mA1jxjZ6m0/YDoQXrvqXr0T/B6ScWYSVK9g3odbEvTanPRzf20FmUcY9Hqmdjs1I91/jzSpt/ePYKzeZ5SjzcrV4dX8S+krhaNgUH2kZLIZqm7W4kqldLR+JLhgjjRIQPKlwBEMpReUje0zypdxdC6kXXYjxHJbx26CldWbiZNzCx58fueBb+khQ+S8JWwCzqB4aGetVO8RO5MCU9mkQxobtKYB3rc0CTJ4ZEWRLzWpWD5q4FILSzkfPUR+PU+z3dkhpbxNd7vNswx41B366q
UR8hRiEt1oYX6G4Y/tX+kVqx+kifPJNZyHKlMnTwpCs591BZNwyE/dZyuDP8LnOgWH4dVIkYR0k+KgIow/HJ0xuEL2iuHw==
hXHDulR8nv4Po0/SAOtfB7X8rfSWZVDxZAJEtDM55JJlOSfJza/342zFu/eD09NFyZlJcA4U61z0kV4B9Pm6WGBngJvEkprtkKy2noWkpAaPW3SWvz4mm2ciG18VKiJ3m0PTzZv2GuXPeSy8J85ghLEy6bqjd1aAnv7zg30dA96jrq7d
rKebkHWFTYG+VVwtHsa8xXM1mRjFp93noeDaZE02kZyGhEg/f/eJC6qevwaHPwDAybzEWmB9AfUsh/dWcHt+oPQd7CSXlgCcgeppYpNvNtguZjObTUVjRhN2rgU=
UI9LJaB9vFFnpaUmZAkpIQNa5PIeq3ADdE8tZlrmybgZBhoS2M3LiTHhBvgfpOOR6Hq1CjQINKPZv2BBNxS0tTb6KMu8FmOoeLZtzAmAtwEeIhIQA4lZW3tMH3CuBw==
AQPWHRmdhAQUYu4LbfttAippy9cvmVEZQ08tZlrmybgZBhoS2M3LiTHhBvgfpOOR6Hq1CjQINKPZv2BBNxS0tTb6KMu8FmOoeLZtzAmAtwEeIhIQA4lZW3tMH3CuBw==
ZOgHUEMoubSmagAw13pb1hd+YCxRRiViWuLBrAkSMvb4qeNdYbXOPF9gK8W4rh1ulOycN0kr6MW3kDwhpm6ALxxyy3wo4qUISUR/VU72OnQjbXFPa1gXdK4D
DgFU24yrd03VPN2XsyWSvfaEJ1eNrSoBhh6IHc/VDwesVF1eWt65kPkuSkoYFZvhkQm2gJ9cU/lIkmVSdNDki7mXkHk3LESdVtL4E/xOs0DY3t00ifgH6b5KQsjD0Qlzm2RvSK4/
WEfp7OMZoUdrHwLy6j3z2TfV4vL36NM2V8nVOpp5U2epHx8aHX/Ntemwg0BOVRSlRuRRb28l1JRFTytcOzqu3ahyWBdPYmB6teI6BHXdVcwx70WZ6xHkwn1I0cvaN3afe21Jrjw=
QZY7GXyFzcRkY0lYBypb3MLF+4FWTZC1LVMqZWAW9RSvG2IaX1VwKW+d873ET5PVRMJFHIUp2jgv+0CHcB9U88Y6shN2aSAfaMf2ebnsn18JsvZmEA46BsUeOEBCNom+qOY7Pn9Pd4gL4RSkfz2Vcu4BJQOuz4m+CsV8MzSJzV6AWc7EfQ39bOn/nRkzATwilZjZC1LHnn+DnbGuxA==
IdBNRzb1R5MD8ejHEdMBr+3Gqw31jDM+uon+BXMQWs7wtWUvJQdpky/bDlCkP+wtk6yVAxsnDAn68zVKXpu4hRL0S6FrNI+T+3lVbVo6wzRvO2RLSGdFEXeuAg==
DXDakB7KoJBOkyuBrXtlrMbIGDLLbcVppM2WXolF+i2DGp8+5hE=
DXDakB7KoJBOkyuBrXtlrMbIGDLLbcVppM2WXolF+i2DGp8+5hE=
acDcQ+cygWIuiY2p/mSgaLM3oMTIMbe/ACmJ2j+mtobjgkOljdqks5gLgJ5kKUtE4QmP5zxwso/MFgVqFtCO0tCs3r7c6o/i81DxKUqKqipjv1p1eU8EOXBng10lWS9AvEl7i/d++g3nV2PzUDQk+IsYAGNSO5bw4wkXCuZJ
