HpgrW5H5FMjBD5LOCp3z8x9GJHh2F5kmV8k8R6ClqaxTYTUbZwMXW5VqKDtrx8hMXLka0SVraQ/0AseVito+cds1fvkxXHf/UcJOpsheQiYtDjBASiZhntC24/7HPy8o41GcJPfNPRK2sd3D9p+xXiLVdDM8meU+uIkWhAW9JYxBjxSeu7dXgkhpYUsKF2Zf6425rsw=
FDN2Hs2nL1vAza5VGag3WWywosA5spTupLWepvyLBrVFr/jzHIGNCwwFXIFlf2QzFpoik8aJ0N84p8Z5SczPH7kSBuaAbmrGNT4oQFIWeX74hqu+j+/HyFvB5KRPXcWyHuGVgz5vWX46pWwzJGn9HtD5XkTNbY0sOR+sHkMn7+IgOamLwidOP/O9oa7U
5ef5CpFfB0CHIay5byOQ6Xz2i6wX3pP5OBPeACfmhs6+Q+gNPC6vZESQjOrQO8M/R2tMUz+5hJGEJMKddRaQ0rJDRoFRaW7TRgOi/bPzsnnjQlkDWsuo5hxj+PVuJ4bb+Jn3sHHnh244Fj4SVD4LQpbA7GpHhsb6FU6xk/kw5b1aRHEhe0qgnatzABPnhgTZUvOaFUPm7oXgtHMRs9QHYxL+fVvRGp5FF3v8W/DHTcGfruo=
HqyD9eApLVokvL3AGxsEIvqWmuTT9mkpU7qcfoHrixGDigcd87ikQFU7R1/EYVsbeycDmQFdCTxWQJsgnPV+LczNqkRoY4CX3Iaq0biI1vL90PRaxx+0Wmfq1mePxrvzrZ6y6xPHU0EDYqpZZ93MUN86sFh59672/SAm+fea069FKRPCq6qu0Q==
aMUlGa2GuTGqlGlAOAcTS5jw07PMFvHARb/JKCwcAJbS56n5q0OgU4mfqy1bTtexWy0k3O2ft5MMVTtnYyMTdemJSWAuJCusFAHekZSJ+mhAd4CL5KLanfA8Ng5lVGQ2r0t0hp8O5muHspvPdVpiR7tT0927xlqVr+msLMc+oLSRI+6qhUSWdX9ucxMdbUPug76uzQ==
toDhMlyNh0oGCTxnhHr3Qpjw07PMFvHARb/JKCwcAJbS9qH3rUyhAYmfqy1bTtexWyIk3O2ft5MMVTtnYyMTdemJSWAuJCusFAHekZSJ+mhAd4CL5KLanfA8Ng5lVGQ2r0t0hp8O5muHspvPdVpiR7tT0927xlqVr+msLMc+oLSRI+6qhUSWdX9ucxMdbUPug76uzQ==
VTsFW0SVD2b/R9dXjfWn70psm8k0MnPJcaIVEOoT2BPEWFZyRVMAKt+951Oy3wXi6a/rKRNU86kU6RbrUmOWJc8jHhF2xM/r9ptUviiD7M1yV6rzjFlD2J1XG5astspKaO5naoLA+EIrVvqi4e4la2WACdXuhAUJVzq8pb+TNEsb1qgxxnMOfe82kl3U1GcpryQrS+a+ybO9qgI9g9uIg8yXoemLrv4=
4Hlld8KHm5PhBnmc6EOWVj95bBOHbXvHNGeljpyd+xJWXydBmJmqE2YDgj3Tc1K5i0W7QzpLSKY8Y9i1zqcmm9iZl/CRZ+eu2BZe0vS+q4K2wMyq5wZmOnVOUVOZsAX9OkRRYdvKAN2LcyBTBwZkmbLz+tWjZo5FwLRT0RNUp6My/p2bsZp+BXd7HBtQR+2Bv67K
ha8TyDWpsqhr0nyotTcR0WyHJpfKFiHxjv+ivcox0SiW6o91+vC6rg5vKmoqLlXpWdfrZYum99lLIyXU/feXe9wdey+zy7MdeQHJ6L5Mi0TESZ7ZRGHaAFB/gIP0yvp1IHR2RrW8xF4/w/QOD2ZGg1f624elskIvq1vT1auuen1/oexkF9YA3AGrbiIVLDadryYzW82FY4aTtq7F
94OF6OBFgL2PJdise39jnuTgigXp/llP7ywEFCsoNoCE1tMnDd+9zfsbh7Qf/x9q5RohVe/tWOfLsd95e9tNa+nGQk6TMuCTTucIM3LmxPUADWgoQiNkToaYmc7MWMvplGAzpJ41M2BLeSkgKol/kZOb94yCa3vb3Hr75EiatUHOjGmurmsLfGPlAVdL4Ie8rss=
WLKR4ZDhmIhNLsQBTKkJYF9VLmJvGJh1TcA9R7Swo5ZTP3p0AW1+QZx/MDNU8eUrFPVOhX0PfBP+aurTjtl4f8A3fvkxXHf/UcJOpsheQiYtDjBASiZhntC24/7HPy8o41GcJPfNPRK2sd3D9p+xXiLVdDM8meU+uIkWhAW9JYxBjxSeu7dXgkhpYUsKF2Zf6425rsw=
dxZut7bqeBshM+dU/mhWMbaxfxARuJ6E5dGShGdro0Muw0rN+1NKyZpHo7Mia2DWdCMQZSYHngugGS9gaYdP/pBWFuIcXrOyrsDUmv/mjgo9DhkDMVD9bYLEKfFjaugNQzNoIy8mfGmq8+Klu0amtQh0G4F79B8zyn4lC8n61tW/u9QrOCf1saeu0g==
ZiqJfenvtUGgR8Zpw/nEzT9jYB6FLDKPK3D8g9DCpEBURmZBmJmqE2YDgj3Tc1K5ikS7QzpLSKY8Y9i1zqcmm9iZl/CRZ+eu2BZe0vS+q4K2wMyq5wZmOnVOUVOZsAX9OkRRYdvKAN2LcyBTBwZkmbLz+tWjZo5FwLRT0RNUp6My/p2bsZp+BXd7HBtQR+2Bv67K
8sAUjj7wA5QSAg376LFAEjrYiZjU2JM5P43TyykYda+hG8u5SgF9geJvs558MI1c/ekntgosx1PFUd/ZGW/ZksbWmGHvKo944nLez1M+OSpTns8zmHoYgwtVPPlSqumSbgduDXWTJuMi4HJryC7gwRMQqilx80u5k3JnFUPhpSeFA+eXtPkbM+tf4xExhYnUBvi7aGztvoXcNcpM2DuA/wy+ChnIEJbabagU0vfHNLI3UvYvf957W71m0uOjn1Mp01oKkRdFjHhPQlDQSS8uHq2YBrEHghMHVdFzyhvyrrk=
mO8TailYsP4bDF5Vg3vs7iHb59MvV2iTwRoq4AbqoLVNgyRBt6IQ4w1BR27aZIer9Tn/wQln2aq2/ng5v+JPAFKaflfDtrmSozav60gyWHs7PRzhQqLpqh4vjlUlW+abkgjS81imYHnjuMrxobsLQaMaRw1T7qMf9SsHz+Qx20tbt0OJoQ0JbPZQ27C8pf597F3qVMgzgMd8lupBmNhWot1AtEpnT7QKx/qW96+WO6ONDvL7s5dTEaNy6slHjUwA/6rwSNmnrqZdMGZp18pT/2W5U9IL+q6B
G7io3vbinbpoLDRi3eT3r6csX9Ti+wWnX/QmLwr+hW/0d5Rt55Grlc+U+1hHI8pIbKAOGwqvwPhAaycuYrutlbvDFzx/N+9S4y3RnY9lyD+L6c9xW5P9k2m+8oazOvBLjr+Yu5KutM0ANRhgoqv0FkZAicbskHuRFJiD7L49IzgLobmoSkGPqZOjB0Ti4+sDnCLr7GjSBblO9NlmjmMbpKO9kd+rqPeErvM=
n7d+qhPZeeiSEB+S9aVi/cWA0RUuxCNoNb3HbgMp7lvayu2L1BN8Wfdlo5HPkPOsVxciLExEZi/a2wg8AK/vWrIPxXEbp/+I78Nn1mOpWWkf0SBbKw2nxYvnNVcpejryYw6Yr67bcI+CWrzJADEQlLKfHHJmpOHyPOSzVVRcS5huiUvcq8VRHNq1By0TJ4+wclcDZzzGg1i4ps19DjAREl5Xc0CD2Xnru1z/gK73
LrzPWFl6J3dMl/DPoe61WP5ZMixjm1pW5aEHPfa11nzsTrdzMEya9tZ74CUSTxFxK9OarKfE/fxQRm6ez5A+Hc0Gkrvqo84VJ0MmAXXDyPvOezyO8MNUHRr3MoME2ctoBTezRtR2EjpAzh96isDwUlN20tI5Ll27zeCRZWYEjXnPmtR1B9Pse3M2kCHOcwZt11Z6bYwU33lHhLO7bj5BAyVKqm17m9Bz5LdZ+YOu9g==
oj2wQL6b30fJ6+mCL3ql8GN72lqrxwSi0ngDda5EKVjyYcI8+bnEHXBT/2Onk8+Oz7YvARY+vGpKxbL9LF7gkbOg6jkRA8tps0KnhaOUo3cls6eH1Amb48tvI4HR9YmEpkj7eAwdPlX8BQrcOEuAr6wOSgmo4BYKTZjUQhe3NOKX4rY/Hy77i51WEnND71N5c+pKgXe1DKhvcpBAqV8uTg0oRqFncpPXdeGzWvuCruk=
6OeG2f8Zt4+a2rdwuB4KOj95bBOHbXvPNnG32pGU5UBWWW4V1szYE2YDgj3Tc1K5iE+0QzpLSKY8Y9i1zqcmm9iZl/CRZ+eu2BZe0vS+q4K2wMyq5wZmOnVOUVOZsAX9OkRRYdvKAN2LcyBTBwZkmbLz+tWjZo5FwLRT0RNUp6My/p2bsZp+BXd7HBtQR+2Bv67K
oG16dOapLTPxY+CFQFA0kbb6gAu7lBxS8yxXHhcocsXQlZZzSLu9zfsbh7Qf/x9t4hQhVe/tWOfLsd95e9tNa+nGQk6TMuCTTucIM3LmxPUADWgoQiNkToaYmc7MWMvplGAzpJ41M2BLeSkgKol/kZOb94yCa3vb3Hr75EiatUHOjGmurmsLfGPlAVdL4Ie8rss=
rSFM/2k6vuIwyZPnmGWa/eaMhJGU248DHdu12dtPz/BPW7f6YoCJ8b+pELPrpdd9a/9lP6mS6uoDtmgH7rNAdyLC7OEAGUAMEmcsGiYMEUpc/GO91DQbgI4xO3RrLWFkei3XBRMPXyjSLzOP/G7z4Fi+nRWO2MEKPu+D6MOxSRMbxK+ort8=
gOU2y4g7r8yWpRufTAyIBAMWESd+Ja6BTN+gsyRRVevkFVqCY28MU07KGlMeeSg/kBdO+cG8p78Bot4meL6y5h0uIEBaBlFeIFZTfldff2gzsWwkx+1tUuYRTUMGPwEeUrVkMyx5Ff4IKWYElR31TJGvJJ7L1wdCmInxy7p3Fh/bramu3A==
JFKyMGSlrznLpD8D/7yQBuSMhICWzYsDHdu12dtPz/BPW7f0YoCJ8b+pELPrpdd9a/9lP6mS6uoDtmgH7rNAdyLC7OEAGUAMEmcsGiYMEUpc/GO91DQbgI4xO3RrLWFkei3XBRMPXyjSLzOP/G7z4Fi+nRWO2MEKPu+D6MOxSRMbxK+ort8=
zvumbPiBiQCEQcDnqAKQcgMWFzFiOK6BTN+gsyRRVevkFVSCY28MU07KGlMeeSg/kBdO+cG8p78Bot4meL6y5h0uIEBaBlFeIFZTfldff2gzsWwkx+1tUuYRTUMGPwEeUrVkMyx5Ff4IKWYElR31TJGvJJ7L1wdCmInxy7p3Fh/bramu3A==
0vESiycrOGH2NNDGzlV4NAMWFidwPa6BTN+gsyRRVevkFV2DY28MU07KGlMeeSg/kBdO+cG8p78Bot4meL6y5h0uIEBaBlFeIFZTfldff2gzsWwkx+1tUuYRTUMGPwEeUrVkMyx5Ff4IKWYElR31TJGvJJ7L1wdCmInxy7p3Fh/bramu3A==
Piya30etAZhKGJ3Dw760Pun7Hr3Frqz7iWyTg7PJ6wIv7/KTgO80ajWx1Q1ieFmvJ+d9Eoj5+RUNWFgCJfLfhfV3Q8khTQksdhDbcDxl/r1sneoUSHOAh/zW6oEYGFZiXYC0CucPtEpHupY3L1Y7Yw3O8rsz11NRIzLqCcdNTMB/avAIWeiu5t1wZqlXClM/5XlTkou6rsE=
dLesyzHtj0Nk9dwpTHy6Fur3UKzBuOXljXOVj66A5lABy5ypyaN2O2jr1V0sdmSIK900XsimplZ1awcPZPHbi9t3Q8khTQksdhDbcDxl/r1sneoUSHOAh/zW6oEYGFZiXYC0CucPtEpHupY3L1Y7Yw3O8rsz11NRIzLqCcdNTMB/avAIWeiu5t1wZqlXClM/5XlTkou6rsE=
6Jpydm5Nyv+fPK37g1IynC9dtPHYjB7nAyv3tbw/wZaY1vjQ/11weqjSRc2RbgxRfNuw0l6JxlEkYkRU85lk8ioSJuqNz3dDrCW7l8NzU6UJuUlQzvRr/LTxXuE0WTo4IEeAu4TyGk1QTLb+xQQk5k97dLZ/3qY7J0Ibv9WKohfbY9Pt25aaRQ+ZLNxnbuBkcRzummWU1iXfnvNjvb2DvuOOrv0=
QXWhxK/GG5QUzZOPW3ClZo1ZJSxj31pC5NoHNLGFyF/ZbZxRNnLU8uc07CJbfE5jJ9jVpOneuaNHWm6+z9l7N/4oiaHusLRgQXpsS2mGlZD9JBzw14VQHlz5KYEE2ctoBTezRtR2EjpAzh96isDwUlN20tI5Ll27zeCRZWYEjXnPmtR1B9Pse3M2kCHOcwZt11Z6bYwU33lHhLO7YT5BAyVKqm17m9Bz5LdZ+YOu9g==
QXWhxK/GG5QUzZOPW3ClZo1ZJSxj31pC5NoHNLGFyF/ZbZxRNnLU8uc07CJbfE5jJ9jVpOneuaNHWm6+z9l7N/4oiaHusLRgQXpsS2mGlZD9JBzw14VQHlz5KYEE2ctoBTezRtR2EjpAzh96isDwUlN20tI5Ll27zeCRZWYEjXnPmtR1B9Pse3M2kCHOcwZt11Z6bYwU33lHhLO7YT5BAyVKqm17m9Bz5LdZ+YOu9g==
rwOU3ZYPWHIT1rAS4Ip+a7s1cE0qT0llR3KNbuBq16IecL01whH++VYzerz55fw2htkdw5i3t5H4cNFBirTDwF0tVeTppHCtuY+y5X+2BZXiXRbElAF1EVhQdlWJFHodb1VnYDcXYO6jY8rorWFU+2Wk5/+p0moqA/boR+5zwDciAmyhAFnAzBInrNomTJEKXDzj/dT0m8CO8bu0a23hpHptV8UTz99o0u+zz/yucyBY/h3Ti5hAyj6vA6jDcclTGwQv6K6f
QG2buVlFGUS0vPS0eBtOm2O4IuLNcZ2fj3zBcXqNKJirrekqqFZPOhUxiypzt8DiJjC4qljYAWFqiq8iaseGSJCJgPSLw2yi6wWJiY7/cWkz3gxlxHC4R5kTaudOLOFkRqug9MsE2AGr3HSbFq1VV+Bu759IKJV1LuIiAVd9ejm1lHvPzbqqhmzGPjZhhvRAjq4tjqwuR94jR7MY75kY5POFsWKqiXkjkocNzu7dsLN4kamuBJHy5KGFOXzNRxbbP/5bstSRBWuuj5pPJwX9rog=
nMU0OoB7bqTASYID7Iu60jI1PeJlXyNlbwD8RQYuGm78hFtKTlg4/ZmcZHgomuH8IVF2qLN8wQT3l8hjasIWc9KxzK8UjzK5/aSjryXqkkb0NlYW2RY8QEY+la7E3t8eGxdbeDepUGS7denCAtmBYwo3JS6WTfizsAFRziwhaiTZVZHcFTfdW/fOA1K8QT0rNv9yb5+Vta7A
MUYJ8DK5wekdTDb+q70fyljgju6s7oV3+ZW8r5ZbIjrulbKFjcZSnbRr2KQ09mcH/JiN7WSYqSF/WbADa9W3zasvhS+pgoq6QwaI924D4AdikszxAAlgXFIXjKqm/PH6HKwDrdQk+1BOgVsE653BlLr99xUTH3/4Et+TP3wek1CYbn0Ai8igWn5fYxhDAeljW5SPuK7P
77UbX6qp91GZo/zKoRSOod/4242Yog+Y1FQMv6lj2N23iAxpRuYQl1yK23QIqlWVy9wInm77Kwzj1eHHC5AnbK4b
dp9Gycl6FPk45rftVXeAxdqVjmQcPReX3h5wo93qrJy8fFN/x5sv7enwNDJaLaqBm0ShSpzqG98nH30sxfH4NllD/sZ5pF13aFntSrPFiZSGuLso7K2+xVx1ygxYe4C/jP4KWUhQlprt6BSSd4c08rcS9m//nnsbPSbSoyPfU2lTGgrRlwWMOM8CUJDJayteLNgG8YfCE0fVkXOKm7Ku+Q==
WtvyOvRd99R3xn1yr00+m+9G837/Zok4M5eOMbM5DmC2n3mD1RfQOQ+axhnDtZmDuI8L3sfbYYM0McE1SyEObSmzbJBRTX5O5JgyNuaGBC0fSGieO2FYgEqvD6sW2YXfLCL8c0tJxtFqN2KjNNk7CNV3A+ZE9mLaEA4vWprA4HJjtoIySa7NG32gQQWWBL1Zn1qklZdTXNujdmBB3nMWjaeWKs08lE8Zt8Rjm107MeJ1ihrN6xsgEzT3admTruY=
KGfFCYxUnXW1WykU1LA+tx5hpJUnE6jvXt87ajVlP4YeKiey9ikh7+/oJFluRv0NpHTbATv037MJe2WKCfoWVf+7FKv4J7UxZ64S
nScCTmS9AAvI9qkHxZ3nDDfV4vL36NM2V8nVOpp5U2epHx8aHX/Ntemwg0BOVRSlRuRRb28l1JRBTSVcOzqu3ahyWBdPYmB6teI6BHXdVcwx70eb6xbnwnhJ0cvaN3afe21Jrjw=
wxGyIVMu3XPCubzwbcjuAPaEJ1eNrSoBhh6IHc/VDwesVF1eWt65kPkuSkoYFZvhkQm2gJ9cU/lIlmdcdNDki7mXkHk3LESdVtL4E/xOs0DY3t02i/gA6r5PQ8jD0Qlzm2RvSK4/
b8hw1ZawXYvUNlaU7s6Z/xd+YCxRRiViWuLBrAkSMvb4qeNdYbXOPF9gK8W4qh9glOycN0kr6MW3kDwhpm6ALxxyy3wo4qUKS0R4Vk7zO3QjbXFPa1gXdK4D
I4mFmYr41OrKN6Kzm7Eu2yppy9cvmVEZQ08tZlrmybgZBhoS2M3LiTHhBvgfpOOR6H63BDQINKPZv2BBNxS0tTb6KMu8FmOoeLZtzguAsAIeJxMQA4lZW3tMH3CuBw==
1rKzMPZp8WGT07jl7JrIcwNa5PIeq3ADdE8tZlrmybgZBhoS2M3LiTHhBvgfpOOR6H63BDQINKPZv2BBNxS0tTb6KMu8FmOoeLZtzguAsAIeJxMQA4lZW3tMH3CuBw==
CCmINTYeOXcZM63sGe4FLHM1mRjFp93noeDaZE02kZyGhEg/f/eJC6qevwaHPwDEy7LEWmB9AfUsh/dWcHt+oPQd7CSXlgCcgehrYpRsNt0vZjObTUVjRhN2rgU=
wIPwy2jCW8BTlBnkyQ4im41ZJSxj31pC5NoHNLGFyF/ZbZxRNnLU8uc07CJbfE5jJ9jVpOneuaNHWm6+z9l7N/4oiaHusLRgQXpsS2mGlZD9JBzw14VQHlz5KYEE2ctoBTezRtR2EjpAzh96isDwUlN20tI5Ll27zeCRZWYEjXnPmtR1B9Pse3M2kCHOcwZt11Z6bYwU33lHhLO7bTtBAiVKqm17m9Bz5LdZ+YOu9g==
Kr/cJ99fOmRCPJ4gt8ClWB5hpJQnE6jvXt87ajVlP4YeKiey9ikh7+/oJFluRv0NpHTbATv037MJe2WKCfoWVf+7FKv4J7UxZ64S
/Z4gwZzZHKPB53lrMAA1AD0yKF+CEo71CFcZQd+q8mwyNevWMBJuaTljQq4Pp/u9WneTHuyeowNVgczHwQwj0bW7PKUPwjW2Chx8Fs1a4ScFWqBC8RgwnEZZ3JUtoARCQp4EbWXuXEs7rsSFXOBQh/EjkMME/Hnk3ntolPP08EEDTOw73p0tVxhepz/QuD21BpIa4R8t4rktxLPvtYpCxgRWplYpdsxAtl5l7jS+L57Ld8s4J8mAZGvV+YKS+VHjOheVbqbtSLMAoWEOnAFapIl1ARwFl4pbpy4TkiyhbatGHwKv73XFrrA=
xwMVEGKhWV0+Vv5BCHh1vB6xsbMxk8X0llc8/2MlUXl3fXP9THkp7egC7kp9dG9cOznVK8yPX5l6b5jR7tgLXY3RMOF3Xdar/t+yqPwGz7wwO+4Mtq/s98tPIVg2k7rLBI/R6HDTy7osRwHZZtcPaKnrT5lyxnRPyZsAZoJH2er2h6dzY4L3efxE23Xemh3/OEGNosM9CVyWYBsA3BV+zYztKmSoA4D3HKYq8fho1hK98HR6B3+0OqfKVkfPJrsT7b4yy9OnUyHDQip5Jz3MsJ8aMHi5lauWPACm2bd6008FCZPia8qusQ==
xoiB0EEwrcm7CgB497oDZS50e4CMDQdKIBEjEWTHTdwN+8YNj8eatjeE0YFmmsgs6z3UgwpVbYZuGTAXn2EVfCFSd/W5+3NNG+4kBTwgcIfR4zdH47wZ5P47yBSTtBBBY4xMu35dTVf4Hge/cPjdtWZS+mG/7cK5zQTTbxXKYsYkFkbWSbbsQJaeBW7U/g+e6zdruEcJYGRLFVkCcjkx49pXNe4GraizYGHBjjzBOqRpNWGcpdepW8du8xKMYU2rZt9iLw815a6Q
XcyGEUg1dSXOJ46Xg+MQ+4az72uldUfwtbBJ8foStx5ApPrEmjFPg88H3/DyLH65Y/MfM5DjojTbNrcs+v1HIbnf6b5VVrR2kddtEdNrYim4jAPSNR6nliHHVyVMkWed2ZZy6eod+K35lmTZy7wgNRn2lgIhHvUoh0fGrBTpJQm46Ab9SXxK5c/Nt0g3P7B2A5v6gG3JJEOFvLcXKbq6MmNOGO+um/BPgpo8iQBxkFSyX5wyZuRhsjwkM5VUHMvYbknLHKsF0Vza9YftE+cP8HIXg6c8BgOYuOZNPAvwkNJeF/MAg5n5K7ucf8Cutw==
kl7CHRHcGaRB5hVRcmDUC4az72uldUfwtbBJ8foStx5ApPrEmjFPg88H3/DyLH65Y/MfM5DjojTbNrcs+v1HIbnf6L5VVrR2kddtEdNrYim4jAPSNR6nliHHVyVMkWed2ZZy6eod+K35lmTZy7wgNRn2lgIhHvUoh0fGrBTpJQm46Ab9SXxK5c/Nt0g3P7B2A5v6gG3JJEOFvLcXKbq6MmNOGO+um/BPgpo8iQBxkFSyX5wyZuRhsjwkM5VUHMvYbknLHKsF0Vza9YftE+cP8HIXg6c8BgOYuOZNPAvwkNJeF/MAg5n5K7ucf8Cutw==
H6D8G5km8Q9z22kqNG8gvYaz72uldUfwtbBJ8foStx5ApPrEmjFPg88H3/DyLH65Y/MfM5DjojTbNrcs+v1HIbnf575VVrR2kddtEdNrYim4jAPSNR6nliHHVyVMkWed2ZZy6eod+K35lmTZy7wgNRn2lgIhHvUoh0fGrBTpJQm46Ab9SXxK5c/Nt0g3P7B2A5v6gG3JJEOFvLcXKbq6MmNOGO+um/BPgpo8iQBxkFSyX5wyZuRhsjwkM5VUHMvYbknLHKsF0Vza9YftE+cP8HIXg6c8BgOYuOZNPAvwkNJeF/MAg5n5K7ucf8Cutw==
dAKkVGgdH0yokI8g9xYxk4az72uldUfwtbBJ8foStx5ApPrEmjFPg88H3/DyLH65Y/MfM5DjojTbNrcs+v1HIbnf5r5VVrR2kddtEdNrYim4jAPSNR6nliHHVyVMkWed2ZZy6eod+K35lmTZy7wgNRn2lgIhHvUoh0fGrBTpJQm46Ab9SXxK5c/Nt0g3P7B2A5v6gG3JJEOFvLcXKbq6MmNOGO+um/BPgpo8iQBxkFSyX5wyZuRhsjwkM5VUHMvYbknLHKsF0Vza9YftE+cP8HIXg6c8BgOYuOZNPAvwkNJeF/MAg5n5K7ucf8Cutw==
qrC5TNz0y64RowfDerl+m4az72uldUfwtbBJ8foStx5ApPrEmjFPg88H3/DyLH65Y/MfM5DjojTbNrcs+v1HIbnf5b5VVrR2kddtEdNrYim4jAPSNR6nliHHVyVMkWed2ZZy6eod+K35lmTZy7wgNRn2lgIhHvUoh0fGrBTpJQm46Ab9SXxK5c/Nt0g3P7B2A5v6gG3JJEOFvLcXKbq6MmNOGO+um/BPgpo8iQBxkFSyX5wyZuRhsjwkM5VUHMvYbknLHKsF0Vza9YftE+cP8HIXg6c8BgOYuOZNPAvwkNJeF/MAg5n5K7ucf8Cutw==
qgNuUlLi3sklTI2V8vq0dIaz72uldUfwtbBJ8foStx5ApPrEmjFPg88H3/DyLH65Y/MfM5DjojTbNrcs+v1HIbnf5L5VVrR2kddtEdNrYim4jAPSNR6nliHHVyVMkWed2ZZy6eod+K35lmTZy7wgNRn2lgIhHvUoh0fGrBTpJQm46Ab9SXxK5c/Nt0g3P7B2A5v6gG3JJEOFvLcXKbq6MmNOGO+um/BPgpo8iQBxkFSyX5wyZuRhsjwkM5VUHMvYbknLHKsF0Vza9YftE+cP8HIXg6c8BgOYuOZNPAvwkNJeF/MAg5n5K7ucf8Cutw==
957LsnErxxtvJDqyjyu6vYaz72uldUfwtbBJ8foStx5ApPrEmjFPg88H3/DyLH65Y/MfM5DjojTbNrcs+v1HIbnf475VVrR2kddtEdNrYim4jAPSNR6nliHHVyVMkWed2ZZy6eod+K35lmTZy7wgNRn2lgIhHvUoh0fGrBTpJQm46Ab9SXxK5c/Nt0g3P7B2A5v6gG3JJEOFvLcXKbq6MmNOGO+um/BPgpo8iQBxkFSyX5wyZuRhsjwkM5VUHMvYbknLHKsF0Vza9YftE+cP8HIXg6c8BgOYuOZNPAvwkNJeF/MAg5n5K7ucf8Cutw==
Y0v3KtoGctgNxbfY7Rq55n5x2AdY1YmoInzBn8SUzyHTyl2mA1jxjZ6m0/YDoQXrvqXr0T/B6ScWYSVK9g3odbEvTanPRzf20FmUcY9Hqmdjs1I91/jzSpt/ePYKzeZ5SjzcrV4dX8S+krhaNgUH2kZLIZqm7W4kqldLR+JLhgjjRIQPKlwBEMpReUje0zypdxdC6kXXYjxHJbx26CldWbiZNzCx58fueBb+khQ+S8JWwCzqB4aGetVO8RO5MCU9mkQxobtKYB3rc0CTJ4ZEWRLzWpWD5q4FILSzkfPUR+PT+z3akRpexdd7vNswx41B366q
Y0v3KtoGctgNxbfY7Rq55n5x2AdY1YmoInzBn8SUzyHTyl2mA1jxjZ6m0/YDoQXrvqXr0T/B6ScWYSVK9g3odbEvTanPRzf20FmUcY9Hqmdjs1I91/jzSpt/ePYKzeZ5SjzcrV4dX8S+krhaNgUH2kZLIZqm7W4kqldLR+JLhgjjRIQPKlwBEMpReUje0zypdxdC6kXXYjxHJbx26CldWbiZNzCx58fueBb+khQ+S8JWwCzqB4aGetVO8RO5MCU9mkQxobtKYB3rc0CTJ4ZEWRLzWpWD5q4FILSzkfPUR+PT+z3akRpexdd7vNswx41B366q
Y0v3KtoGctgNxbfY7Rq55n5x2AdY1YmoInzBn8SUzyHTyl2mA1jxjZ6m0/YDoQXrvqXr0T/B6ScWYSVK9g3odbEvTanPRzf20FmUcY9Hqmdjs1I91/jzSpt/ePYKzeZ5SjzcrV4dX8S+krhaNgUH2kZLIZqm7W4kqldLR+JLhgjjRIQPKlwBEMpReUje0zypdxdC6kXXYjxHJbx26CldWbiZNzCx58fueBb+khQ+S8JWwCzqB4aGetVO8RO5MCU9mkQxobtKYB3rc0CTJ4ZEWRLzWpWD5q4FILSzkfPUR+PT+z3akRpexdd7vNswx41B366q
Y0v3KtoGctgNxbfY7Rq55n5x2AdY1YmoInzBn8SUzyHTyl2mA1jxjZ6m0/YDoQXrvqXr0T/B6ScWYSVK9g3odbEvTanPRzf20FmUcY9Hqmdjs1I91/jzSpt/ePYKzeZ5SjzcrV4dX8S+krhaNgUH2kZLIZqm7W4kqldLR+JLhgjjRIQPKlwBEMpReUje0zypdxdC6kXXYjxHJbx26CldWbiZNzCx58fueBb+khQ+S8JWwCzqB4aGetVO8RO5MCU9mkQxobtKYB3rc0CTJ4ZEWRLzWpWD5q4FILSzkfPUR+PT+z3akRpexdd7vNswx41B366q
Y0v3KtoGctgNxbfY7Rq55n5x2AdY1YmoInzBn8SUzyHTyl2mA1jxjZ6m0/YDoQXrvqXr0T/B6ScWYSVK9g3odbEvTanPRzf20FmUcY9Hqmdjs1I91/jzSpt/ePYKzeZ5SjzcrV4dX8S+krhaNgUH2kZLIZqm7W4kqldLR+JLhgjjRIQPKlwBEMpReUje0zypdxdC6kXXYjxHJbx26CldWbiZNzCx58fueBb+khQ+S8JWwCzqB4aGetVO8RO5MCU9mkQxobtKYB3rc0CTJ4ZEWRLzWpWD5q4FILSzkfPUR+PT+z3akRpexdd7vNswx41B366q
Y0v3KtoGctgNxbfY7Rq55n5x2AdY1YmoInzBn8SUzyHTyl2mA1jxjZ6m0/YDoQXrvqXr0T/B6ScWYSVK9g3odbEvTanPRzf20FmUcY9Hqmdjs1I91/jzSpt/ePYKzeZ5SjzcrV4dX8S+krhaNgUH2kZLIZqm7W4kqldLR+JLhgjjRIQPKlwBEMpReUje0zypdxdC6kXXYjxHJbx26CldWbiZNzCx58fueBb+khQ+S8JWwCzqB4aGetVO8RO5MCU9mkQxobtKYB3rc0CTJ4ZEWRLzWpWD5q4FILSzkfPUR+PT+z3akRpexdd7vNswx41B366q
Y0v3KtoGctgNxbfY7Rq55n5x2AdY1YmoInzBn8SUzyHTyl2mA1jxjZ6m0/YDoQXrvqXr0T/B6ScWYSVK9g3odbEvTanPRzf20FmUcY9Hqmdjs1I91/jzSpt/ePYKzeZ5SjzcrV4dX8S+krhaNgUH2kZLIZqm7W4kqldLR+JLhgjjRIQPKlwBEMpReUje0zypdxdC6kXXYjxHJbx26CldWbiZNzCx58fueBb+khQ+S8JWwCzqB4aGetVO8RO5MCU9mkQxobtKYB3rc0CTJ4ZEWRLzWpWD5q4FILSzkfPUR+PT+z3akRpexdd7vNswx41B366q
0x/gYdHh2XkNS1XUnF/Q/LdYHG2maDVWLZ/aXD+O3IplyiwYMmOEC7XmhRcovUGrRcNcd0i1NG7K/9Eb19I1G9xYGWk7qxbDNXSmWRwISaui7Vieu2vPDeNbhApkh9Au7YxadRgXbVC4uirUN8fE96Wf/CawoJkkz39xuXubzSvpBsKOk3Jg006niPNyJkS1AE3o6ELj5A6G2BmOzJhLKZQgs+Se9bOgS7mpYCrJ/1GTW3fMgiv7G9y6eyRI2jUHyUzobq4rizxjpYGXSyAH/K6L
dalOgr+fmtUQ987c97h/O2IaPKz68U6+s7uPQiaMhHKxbcWgqfs1rTwRZRjZ5zSsguoQLFbe14n3HK5p6Gc60Qzz4HL1AwO1YtElArpjFAZNqaLrVJSjVdt/0034EEzpNAyNanZf4ElZguiM9q7/CYA1ZdkwbOhezZY/Kc1jEzVpSUmgrmQr7JRB3lEUSfqowDeAy2Ri2l1w/DZO5RRkdi+LdEYfTuYrB/KbD/WaYoc7E9OdOwZaVS8prGxHfqD0EeXpagQEljX/LnPTna1DLgP+ro0=
p2CSyJF5rpfb6Ka/kfoVRcrmgzagdknn82RFyFPR0nlDamTtXZXa9uENv3+wlUppGbO3/vFDXMH8JAsx9klCo2NzxWv2jz6YSK2NPN6Qhc8oImzaET/uUfZr0g6d2BqmvX39yMqM4sP7QCOQM1tqYpQFPp7JFAVnf2eWGw6n5huYmddw0WcnLhgWHlK0vusCdsAMKqcGJro1TpHTWbBFfXpEEeEbysBdy3Ng00cGpBly87pV42ZOxQC0k1FTVOcj9PldGnGaPoU3e9ybkEctAf+uig==
gwakYHHlWYr5VPBhBaohN8rmgzagdknn82RFyFPR0nlDamTtXZXa8OENv3+2lUppGbO3/vFDXMH8JAsx2l5Cqn990mv2jz6YSK2NPN6Qhc8oImzaET/uUfZr0g6d2BqmvX39yMqM4sP7QCOQM1tqYpQFPp7JFAVnf2eWGw6n5huYmddw0WcnLhgWHlK0vusCdsAMKqcGJro1TpHTWbBFfXpEEeEbysBdy3Ng00cGpBly87pV42ZOxQC0k1FTVOcj9PldGnGaPoU3e9ybkEctAf+uig==
PWnundeX95vVVftHnPGEEzK9RxRvrFaG7XR3n9Pu9lu9kKUG6whEW3GKfr2nohbG2HpYcOSbcXgtV75MyxDdhCSlTxjhR5CXCPRenZsw6IiDwy4iatYXJ9hd4FvEYqvAfIqbHdvkrFTUry1wdVwFA6wu0sV40g9Ms6sp10B3uH+Atz75cdy3/5FCjqaI3gImbY7wQIqmIZ6QNqP+B7/vKCPR3CS3TX0SdjEdwzYf8V5iVTQz/BklPngJVoRFPWWMgQ/SmXs2F4II6SFLypemXysN+a6M
l4bb9nYs6EjabRYuLaYPKMrmgzagdknn82RFyFPR0nlDamTtXZXa8OENv3+2lUppGbO3/vFDXMH8JAsx9klCvX5yz2v2jz6YSK2NPN6Qhc8oImzaET/uUfZr0g6d2BqmvX39yMqM4sP7QCOQM1tqYpQFPp7JFAVnf2eWGw6n5huYmddw0WcnLhgWHlK0vusCdsAMKqcGJro1TpHTWbBFfXpEEeEbysBdy3Ng00cGpBly87pV42ZOxQC0k1FTVOcj9PldGnGaPoU3e9ybkEctAf+uig==
OrMNm/66vPYKFyH318hYczK9RxRvrFaG7XR3n9Pu9lu9kKUG6whEXXGKfr2hohbG2HpYcOSbcXgtV75M2hbfkSCxTxjhR5CXCPRenZsw6IiDwy4iatYXJ9hd4FvEYqvAfIqbHdvkrFTUry1wdVwFA6wu0sV40g9Ms6sp10B3uH+Atz75cdy3/5FCjqaI3gImbY7wQIqmIZ6QNqP+B7/vKCPR3CS3TX0SdjEdwzYf8V5iVTQz/BklPngJVoRFPWWMgQ/SmXs2F4II6SFLypemXysN+a6M
AXYyx1mEVoMBSMtqp6yJRbdYHG2maDVWLZ/aXD+O3IplyiwYMmOEDaS+3Qc+thX0QsBJXg7Wcyzdp8Zb0+AyDclFGWk7qxbDNXSmWRwISaui7Vieu2vPDeNbhApkh9Au7YxadRgXbVC4uirUN8fE96Wf/CawoJkkz39xuXubzSvpBsKOk3Jg006niPNyJkS1AE3o6ELj5A6G2BmOzJhLKZQgs+Se9bOgS7mpYCrJ/1GTW3fMgiv7G9y6eyRI2jUHyUzobq4rizxjpYGXSyAH/K6L
qE8YLizmXhWPiCpGwpT3yLdYHG2maDVWLZ/aXD+O3IplyiwYMmOEDaS+3Qc+thX0QsBJXg7Wcyzdp8Zb2vM4EMlHGWk7qxbDNXSmWRwISaui7Vieu2vPDeNbhApkh9Au7YxadRgXbVC4uirUN8fE96Wf/CawoJkkz39xuXubzSvpBsKOk3Jg006niPNyJkS1AE3o6ELj5A6G2BmOzJhLKZQgs+Se9bOgS7mpYCrJ/1GTW3fMgiv7G9y6eyRI2jUHyUzobq4rizxjpYGXSyAH/K6L
PS9jNkPf2WIIUrhZwwq4002ep+gLeibegHJ+9kme/PYEjx0HkOxTsxNPEWGCPMW+9Syj0x9H1sOJ8HNVnOVFGVKcYGHAub65rTfz6Uo1BS5CdwT6Ra2i50xgk0kzW7OhwESc1XzITSau65CV8eZIII46b3UIseVVqBhYwqUy30V1t0OJoQ0JbPZQ27C8pf597F3qVMgzgMd8lupBmNhWot1AtEpnT7QKx/qW96+WO6ONDvL7s5dTEaNy6slHjUwA/6rwSNmhqaZcMGZp18pT/2W5U9IL+q6B
Bb8t7tnJdLL7eYiBytE/5CkFhbdm5hhiED4MWyvL4NAOT3mBjHjJ3trEDWZhzSvPnMIrDOgyxRxJVJgGDgNbxKMd0f8riDdkrhM=
yt8i7EWt61uMhTwdIEF8bpwFinpShUtEvq4hDSOE/4nRUkElUpK3nMVBh6C58gJnOILtBiBPQPjTQ6t6c0OPXc7Z4sQ9jb1sqX/ZGXOGfyLQGRkLkkdef0Mdca4E
sXtWeonTmj/+EGTp7EbYMut/NMAPI4yNkm2Qz+2dheJm+TW80JiFfIRwC7/5FPipOCEFGhdAOx8d3//I3qXIohCVfCbhQpjYEvCEiMLf2Jibk0N6GxNUslJTmoTlfYUM4c8xmdv2NwIoKUFLKtfG3wtNWa4s
JXnFpDU11wrPRnhUfU2joW3NjAUqHpXk6zUMB8odVLff4rRwxW+qGgBtqelsUPnG2tw9XY6h4ffcOnukSFo1hMnM6O6uq4u8YyWBF0ugB3yuCw==
TWCAX0s94+pm61WZfLOR5A+ewy7QctQXm2e4PG6j4S089FFSWkiV6tFhsyP8LnOgWH4dWokYQEo+LwMow/HJ0xuEL2iuHw==
GIhCTd8wf0zZD+9AX9PMaE09y4BfsXEuGi5DFjGezuFAVXmBjHjJ3trEDXVuyTHPnMIrDOgyxRZJVJgGDgNbxKMd0f8riDdkrhM=
TUnzJ52w58+qaelt5wkFYA6ewy7QctQXm2e4PG6j4S089FFSWkiV6tFhsyP8LnOgWH4dUogYQEo+LwMow/HJ0xuEL2iuHw==
fyC12ETGeIzRK0nXACvrKk09y4BfsXEuGi5DFjGfzuFAVXmBjHjJ3trEDXVuyTHPnMIrDOgyxR5IVJgGDgNbxKMd0f8riDdkrhM=
Qgre9IeGUaEHD4MHrc+29Q2ewy7QctQXm2e4PG6j4S089FFSWkiV6tFhsyP8LnOgWH4dUYgYQEo+LwMow/HJ0xuEL2iuHw==
I0WyGjs2lBT1WyFbL6LdDU09y4BfsXEuGi5DFjGczuFAVXmBjHjJ3trEDXVuyTHPnMIrDOgyxR1IVJgGDgNbxKMd0f8riDdkrhM=
RKISK6tSTN5ZpVSBbDDopdJ4EyYSiivTPHl2Ta36SiC+/wXvthtbVVrVoYi0hlxxOX1SBuFD7koL7xio8EjtoCNffDgBCxj7n/LLQeQiaqCc4musaJKF+Es0W6aOo5vko/0Rn6tod0SuMw==
it+mKo0RR+y6ip/f2yJFmtJ4EyYSiijTPHl2Ta36SiC+/wXvthtbVVrVoYi0hlxxOX1SBuFD7koL7xio8EjtoSNffDgBCxj7n/LLQeQiaqCc4musaJKF+0o0W6aOo5vko/0Rn6tod0SuMw==
fkPTkF+cCJf/8/2UnsXbttJ4EyYSiinTPHl2Ta36SiC+/wXvthtbVVrVoYi0hlxxOX1SBuFD7koL7xio8EjtoyNffDgBCxj7n/LLQeQiaqCc4musaJKF/Uk0W6aOo5vko/0Rn6tod0SuMw==
KY6987SoTCLehUePTy2z9hn81FVmWo6uqnBED8sYG7mev/xk3m6uaR4/r/5sUc+CwIgwSput5OfcOnukSFo1jsvM6u6uq4u8YyWBF0ugB3yuCw==
O3QMlCsny8n4xDJamVnrzyOxjhWisChZN4Loij00PzLzypp/93kAbuS6qYJZRAg2zLH7aE79a+CjxhfXar5WJJnVUdzVtx5ZN0xDUvzBfSt2fzJvXxV1rgA=
yIJNvEu3e/dLpomXrzFpQZJBHHqarhAyjZiw5DHHAQtRPvsTX6frm1ql1QnVfvn7E2mZkkp8ENy2Z16xqFfsc03d/FIdkABWrLkQtl/reEm/lbph631XmLbHln6QUApRP1WcKXoP6toWTGMS4HEyX1FvSCoNaKasZROuc/VZwOiaCpf02WdBnHi6eruw7Qa31gpby8hvWKVd3Qk6WxEmmRGYgrLn5g0zewFr1zYaotcbe0TjRBuhU1q1HCBaRLcwcdOR7tAbklb1H0atO7sKeZk51H/Awy3yLUy282WN6ufukMl5YdZhGxNKEgBzvyl9aiOyjPdE2ayT2w8tFzqiMO7fkIFu/y7XmbR3Q6UlHdXSWToac5dcRP+UGjOr5uh15k+5bSNMl/7xbe83FU19InKdu5jJqefvFxA20J+EOFfeDLX4pvHVIApjaFErl56SkWc21OuFUB5c+SmBBNnLaAU3s0bUdhI6QM4feorA8FJTdtLSOS5du83gkWVmBI15z5rUdQfT7HtzNpAhznMGbddWem2MFN95R4Szu2w7QQclSqpte5vQc+S3WfmDrvY=
77V9n1VT13YTESUenlAJN76kgfRChQdILSFE8ST2z7Gt0JTxPmMRwDxd2QHnbXXGvgxXxKOpRcb16E0gx3aerxlxbIcja/xLFP3H+U0T9RjxV89AlQ4iabtDyMOguwPIASH3AdcjkNkAJtSjsfMdlqsF5EYgX/Zaz9ulxgkR2s3+ysoCH2i2F1ZfnVONJ1WxLnalI0dBX0LhHExIIVeLJox/rNz+BDl0DW7RNRqj1Rx/Se1PE5hJpakpNilUpkJm54wQyyN7PNozI0sYm+tbvt25Ueur9MhysOPFtv3bNZlE9CeajijRXIbXRrD/aL8tZ3/CPIygdiyH+nuk6vOCOatNPzUHh3122NLlxsW8tzX9l/QYP8U+YCiPxThWGedR28TzmNQedH7harGWzfyg9Rk2FkIhXnVojINGbBSppUm4KIY9SbzKpc+NN4g3/zA2A9t6QG0JpIOF/DdXKXo68mMOmK+u23CPglq8yQAxEJSynxxyZqTh8jzks1VUXEuYbolL3KvFURzatQctEyePsHJXA2c8xoNYuKbNfwswFRJeV3NAg9l567tc/4Cu9w==
ZSiU+/k9lEeXs/6pegoh7glfU3p/bRBh7GPBxZjuvH64ikQemhhvPvULIohAdQ1bSyp0ZYYwEV3/PFzsM43MyfxN4muAO3fAxJH4fwulsHGur55i+hw/+tRxBrcNP6SSechy9EnjkhshmZRAZrr7LA0HdWRU6qYTxG3yH4rad7P8jwz9sW11ko9RcnEt6K5qs0b5ixfRt78CGpa/x6soW7C79Yt2xSDIDgRjmA1jfbaE+6Yu2c8aBc87ftFFafiH9KP5KkH8SlsxTT6P0mDlIbV2FaP/Gk7oR78dlTZzXjSD5A30vyszRcP69pgSb/xZup8aL7Xkq+vRpel9jokWYkd3CBwTJGabf6a8ndo/lbV37GNGnb0zXyFNSUquTdcgPQmzNztgCjjLxOz/orxZoPIR4VgmszT53xfqOk03Gizf5YTGMEnVKVAZHwA5x58eANZmgqyeQ5K+wMS6DyY+ak2OiePhEK0NssTZ0TMquK3Ts9iDX2ZMibrz8sWLhlYVuPSLIas0zxO4exXvGTqGtS87JMuIZ4WRt67C
ejQ8+7qPoTNdDnSGPBMoao8Ljcr8eP8VGAA0xc8qFOkoYfGdlJy7/BAFERmZxW8WKwH9dHPe3r2tWLCjzqgv/F7bc3fQ0pvLCSK5X1PLh0WMy2hoIBkxRfHU8xvgLBCZSihHNfGc6QfW7wZ0roiPzurFflGpqc1R+TO2KGEJN0ejcKmy2NKBgUdEtIGIli7ipebloKUPGpW53qfXaaWj3nVXoUfi8zQwzsSfsvTBM13giJut/2JbHXe8xWcVQVtytMB4zdGs3Y15e/yKg1DeTs1O7pmyCn/eU28/YcZWvGbKXg8UL/4K5Y4bU/Nbv5chIaTw3NE8hcobt2XJMDJPw8JSYCFRovbPKzPjOtfSBPjo7AmkxazNysw3waiSqJEYSZqE7ZK2dD8p68AWYjdZmhb3ZwOD8vcJHDQbBT7qnY/YMU3SI00JLHYQ23A8Zf69bJ3qFEhzgIf81uqBGBhWYl2AtArnD7RKR7qWNy9WO2MNzvK7M9dTUSMy6gnHTUzAf2rwCFnlq+bZcGapVwpTP+V5U5KLuq7B
Dgj8BR6thGJ4v9mlxZnqbjT2+FW7pmre2fVRTaACL1wk9Cthy7Qv0xp+da45uqb1TzuEC6jn5dEXrmI=
eEv3QKS4iwFfTvdHXArf8oYgOMJxdxrhIlhu8h+NTGC/inBoGUeuRpgQ5kmXqlOfJZnT8ssarmE=
zxBIp2qHHraN6YPyJXAwFjT2+FW7pmre2fVRTaACL1wk9Cthy7Qv0x97da05uqb1TzuEC6jn5dEXrmI=
gEeghacvm3i1QiCLTqVieYYgOMJxdxrhIlhu8h+NTGC/inBoGUKrRpsQ5kmXqlOfJZnT8ssarmE=
bPSTarzmUUCCDHNqp4qMXzT2+FW7pmre2fVRTaACL1wk9Cthy7Qv0xp+da05uqb1TzuEC6jn5dEXrmI=
nz3+eQRDnfARREDhC4bgqIYgOMJxdxrhIlhu8h+NTGC/inBoGUeuRpsQ5kmXqlOfJZnT8ssarmE=
Nea9Gu/Y6vi1NbiqnvQcBDT2+FW7pmre2fVRTaACL1wk9Cthy7Qv0x1/daw5uqb1TzuEC6jn5dEXrmI=
Jfn6V5gsdbZ+kMOYjiWli4YgOMJxdxrhIlhu8h+NTGC/inBoGUCvRpoQ5kmXqlOfJZnT8ssarmE=
JtK/UB2lrqvkosclO45ptTT2+FW7pmre2fVRTaACL1wk9Cthy7Qv0x97daM5uqb1TzuEC6jn5dEXrmI=
ml8aVrygiRakZPkzYA5W54YgOMJxdxrhIlhu8h+NTGC/inBoGUKrRpUQ5kmXqlOfJZnT8ssarmE=
d3hqF2Z5qT4G06+jwic/vCOxjhWisChZN4Loij00PzLzypp/93kAbuS6qYJZRAg2zLH7aE79a+CjxhfXar5WJJnVUdzVtxtZN0dDUvzBfSt2fzJvXxV1rgA=
TmUa1ULauZYeX+e+Uw0RNCOxjhWisChZN4Loij00PzLzypp/93kAbuS6qYJZRAg2zLH7aE79a+CjxhfXar5WJJnVUdzVtx5fN0dDUvzBfSt2fzJvXxV1rgA=
uLLSL4B0Il6mjLHEaNMB4ilcyPIhqX1zUXgVSjGfrfJNT3uMjH6MhKaaKyE1nADcnMIrDOgyxRZKVJAGDgNbxKMd0f8riDdkrhM=
/rc1tlU0kuJnZkmprLPUjylcyPIhqX1zUXgVSjGfrdJNT3uMjH6MhKaaKyE1nADcnMIrDOgyxRtJVJAGDgNbxKMd0f8riDdkrhM=
aoxzLbg4ndDi68C//JUjCSOxjhWisChZN4Loij00PzLzypp/93kAbuS6qYJZRAg2zLH7aE79a+CjxhfXar5WJJnVUdzVtx1fN0ZDUvzBfSt2fzJvXxV1rgA=
W8hmCT7ICoeAQudRbcDZMSOxjhWisChZN4Loij00PzLzypp/93kAbuS6qYJZRAg2zLH7aE79a+CjxhfXar5WJJnVUdzVtx9bN09CUvzBfSt2fzJvXxV1rgA=
Ty9GfkwzEzqAILXENgsl/BrTjmFjjIRX26iAJqzI41ugPewEV/aAPMELa4LVzba970Yzuw2l4+bTFq5l
4u/nqWXRccKqaZWHIgBg1pPKjFYIifd4MjXPYAeO68dmhhLEHU0d7Mm//RqTx96isNl5C7IHvv/j3RGuZA==
YKMG15wZ6YOm6kCLMhbIslz12lZzA9CuvGdSD85ZWLuS8q5y1Gq+aQM/r/5sUc+CwIgwSput5OfcOnukSFo1gMnM6e+uq4u8YyWBF0ugB3yuCw==
duD4D7KjmBCNdTbjyj9YMCOxjhWisChZN4Loij00PzLzypp/93kAbuS6qYJZRAgrzLH7aE79a+CjxhfXar5WJJnVUdzVtx5YN09CUvzBfSt2fzJvXxV1rgA=
gtQWfKLdBBBXtPqmxZgQHCgFhbdm5hhiED4MWyvL4NAOT3mBjHjJ3trEDWZhzSvPnMIrDOgyxRdIVJoHDgNbxKMd0f8riDdkrhM=
lgP7zTOZLFZ0H7McrMOYfm3NjAUqHpXk6zUMB8odVLff47RwxW+qGgBtqelsUPnG2tw9XY6h4ffcOnukSFo1j8jM6u+uq4u8YyWBF0ugB3yuCw==
KFBGaPIs92ChyGRsEIto2jT2+FW7pmre2fVRTaACL1wk9Cthy7Qv0xl+da84uqb1TzuEC6jn5dEXrmI=
zf+C8MPDZPRHupeDZFxb34YgOMJxdxrhIlhu8h+NTGC/inBoGUSuRpkR5kmXqlOfJZnT8ssarmE=
KFBGaPIs92ChyGRsEIto2jT2+FW7pmre2fVRTaACL1wk9Cthy7Qv0xl+da84uqb1TzuEC6jn5dEXrmI=
zf+C8MPDZPRHupeDZFxb34YgOMJxdxrhIlhu8h+NTGC/inBoGUSuRpkR5kmXqlOfJZnT8ssarmE=
KFBGaPIs92ChyGRsEIto2jT2+FW7pmre2fVRTaACL1wk9Cthy7Qv0xl+da84uqb1TzuEC6jn5dEXrmI=
zf+C8MPDZPRHupeDZFxb34YgOMJxdxrhIlhu8h+NTGC/inBoGUSuRpkR5kmXqlOfJZnT8ssarmE=
KFBGaPIs92ChyGRsEIto2jT2+FW7pmre2fVRTaACL1wk9Cthy7Qv0xl+da84uqb1TzuEC6jn5dEXrmI=
zf+C8MPDZPRHupeDZFxb34YgOMJxdxrhIlhu8h+NTGC/inBoGUSuRpkR5kmXqlOfJZnT8ssarmE=
XawSyXrvpX+ngICs5H9YGAyewy7QctQXm2e4PG6j4S089FFSWkiV6tFhsyP8LnOgWH4dVosYREs+LwMow/HJ0xuEL2iuHw==
WNnqBU52g5ArUSsvSIS7PU09y4BfsXEuGi5DFjGdzuFAVXmBjHjJ3trEDXVuyTHPnMIrDOgyxRpLVJwHDgNbxKMd0f8riDdkrhM=
Bi2/w5qucXFMNIGCiesHsAuewy7QctQXm2e4PG6j4S089FFSWkiV6tFhsyP8LnOgWH4dWosYREs+LwMow/HJ0xuEL2iuHw==
Amvyz2ytGP+Q/jPM4oaq1E09y4BfsXEuGi5DFjGazuFAVXmBjHjJ3trEDXVuyTHPnMIrDOgyxRZLVJwHDgNbxKMd0f8riDdkrhM=
7YKs20trr7vR8QBbCHY4gAqewy7QctQXm2e4PG6j4S089FFSWkiV6tFhsyP8LnOgWH4dV4oYREs+LwMow/HJ0xuEL2iuHw==
elv9Qs/3I/KJbcWviGGXx009y4BfsXEuGi5DFjGbzuFAVXmBjHjJ3trEDXVuyTHPnMIrDOgyxRtKVJwHDgNbxKMd0f8riDdkrhM=
yAbEiUVHxxFG9EkSNEyTbNJ4EyYSiiqIaWNhRrfrZyCI6jCuxXg7HVbV6M7Ilkdgdz9DC/t0/1Ee7Ezq+W25+BdcfDgBCxj7n/LLQeQiaqCc4musaJKF+kk0XKeOo5vko/0Rn6tod0SuMw==
Awdws13mfcohi6/wqgqxg9J4EyYSiiqIaWNhRrfrZyCI6jCuw3g7HVbV6M3Ilkdgdz9DC/t0/1Ee7Ezq+W25+BdcfDgBCxj7n/LLQeQiaqCc4musaJKF/0g0XKeOo5vko/0Rn6tod0SuMw==
Tc6qrL2d7iXN+abfVV6kFNJ4EyYSiiqIaWNhRrfrZyCI6jCuxHg7HVbV6MzIlkdgdz9DC/t0/1Ee7Ezq+W25+BdcfDgBCxj7n/LLQeQiaqCc4musaJKF90g0XKeOo5vko/0Rn6tod0SuMw==
5DfSgMZu+8gtqq7XKenK31ct5rUeHq4d3bPG9sSriEM/FSaj3OOmY2IoG1z0WjADeJWxv2VeZ+b4tplptA1fuJ+fDBAWpoz4T8JQUEmvL56oGQYxBwITh1VRc0obcq45
qanzUAtXmPNb3H5F/veiiTT2+FW7pmre2fVRTaACL1wk9Cthy7Qv0xh6da04uqb1TzuEC6jn5dEXrmI=
3B4sIYea3SjGuD7G2TzNUIYgOMJxdxrhIlhu8h+NTGC/inBoGUWqRpsR5kmXqlOfJZnT8ssarmE=
AZyDiLialoFWTeZrhJstCTT2+FW7pmre2fVRTaACL1wk9Cthy7Qv0xt6da04uqb1TzuEC6jn5dEXrmI=
ImjDlMJCAaD4wlUglpZjj4YgOMJxdxrhIlhu8h+NTGC/inBoGUaqRpsR5kmXqlOfJZnT8ssarmE=
xQi7Bd8wIlIB7WOEYHZE1jT2+FW7pmre2fVRTaACL1wk9Cthy7Qv0xV6da04uqb1TzuEC6jn5dEXrmI=
FFOM/AwbxtX7VGDHCrKcf4YgOMJxdxrhIlhu8h+NTGC/inBoGUiqRpsR5kmXqlOfJZnT8ssarmE=
2+kVlZs/+gOUXGh4/Qc5+o3I6O7gGZkRPuEEntVEMj6wuA22wFHrfmw49XSq1chfS4Yo5q+ht8NlO9GV6Xz4omixNUcUtYeXkDMsOOZd5Q4+a7NdvOmA3S8aee8zewf17HuoWEApMXWR5DOrgJyQKSqYhwWRrOk3tt/GxM44D36Kdb5hyZnNYZkDdpgBubf3w8BpgrjigbEndHQx6CauUsVWJZDFPxql2e5nZwkVI24V52F3gsM0AK70XwKUcbPtgDhbnZ9SWy0XjAXXdfHbwtRwuP2xnN29GUs8OuPgXv6t/i6p0jp/7jNf/9Gm5jzWqu7PJE/OCtXuK5NDOw8XkUEUMOyxDIX6e4eleVCCz3Oi4qARMZL2/0sDI4q3YoRIiFzJlKWczfqsBwEY8hgRqCkqRN3yhnQPSdsApgKH2Sp2R6cz48L3OXwE27VeWh0/uIGN4kN9CRwWIBvAXNV+DQwtKiQoQ4C3nOYqMXio1tI9MHQ6hz+0eieKVodP5rvTbX4yi1PnU2FDAiq5p/3McB/aMDg50avWukGmGTe604+FyZOi64qu8Q==
2+kVlZs/+gOUXGh4/Qc5+o3I6O7gGZkRPuEEntVEMj6wuA22wFHrfmw49XSq1chfS4Yo5q+ht8NlO9GV6Xz4omixNUcUtYeXkDMsOOZd5Q4+a7NdvOmA3S8aee8zewf17HuoWEApMXWR5DOrgJyQKSqYhwWRrOk3tt/GxM44D36Kdb5hyZnNYZkDdpgBubf3w8BpgrjigbEndHQx6CauUsVWJZDFPxql2e5nZwkVI24V52F3gsM0AK70XwKUcbPtgDhbnZ9SWy0XjAXXdfHbwtRwuP2xnN29GUs8OuPgXv6t/i6p0jp/7jNf/9Gm5jzWqu7PJE/OCtXuK5NDOw8XkUEUMOyxDIX6e4eleVCCz3Oi4qARMZL2/0sDI4q3YoRIiFzJlKWczfqsBwEY8hgRqCkqRN3yhnQPSdsApgKH2Sp2R6cz48L3OXwE27VeWh0/uIGN4kN9CRwWIBvAXNV+DQwtKiQoQ4C3nOYqMXio1tI9MHQ6hz+0eieKVodP5rvTbX4yi1PnU2FDAiq5p/3McB/aMDg50avWukGmGTe604+FyZOi64qu8Q==
BYi2Aq8kxP1Kc90bWip7oLwgN/6gRZQ0bGBXlSnkrApDXPXhOajcXv58cGX8IKryhkw0o36ehIyboEy0qNQONqJVXLeMB0E5xJdY7Gz6My853UrdazcAB+B/y7zRFZ/l90d47RDS3Kex9xViuzEMIgC7nm4fr20CSdUSuS5+oua/DF6jxqsV1w2j3UW+wk1H56U39jFohIxhk0NSXEvEON5g0UAdmtkxGqfd6G99BSszfCGReV3+7RRiihI3OHgvgx/UbqPXw5wbb9NKTQ25jwsQoMZglw1yvR/97ZTAT36uTDloliNOtP9st9l3SypYrEQeGFeOs2CqN0pNe/lX0afjlcJIJm1CRTg/wW0jHHyfIVbU+PsN/BbdLyUL8Jt89HqcSvGeuZLN+KgBCQL+JgG6HVxc946oVG1tPWic7tnp2CIRX3m/DLd7uMKTb5Ikze3MN1WI/5NpvvKGszrwS46/mLuSrrTNADUYYKKr9BZGQInG7JB7kRSYg+y+PSM4C6G5qEpBj6mTowdE4uPrA5wi6+xo0gW/S/TeZ45jG6SjvZHfq6j3hK7z
LOdgRPfqJtJzmDcsfuy0fZPKjFYIifd4MjXPYAaO68dmhhLEHU0d7Mm//xmTxt2isNl5C7IHvv/j3RGuZA==
ANTh3mgP3p4JWc90l2cH8xwcL55eG9rdPTD4cQ0gxMohj6zSwJTPGTfE45vZOLHi94qazWsboBO09+nZE65m
+9ZG6F819miuXJZ9hm+j/yOxjhWisChZN4Loij00PzLzypp/93kAbuS6qYJZRAg2zLH7aE79a+CixhfXar5WJJnVUdzVtxpfN05BUvzBfSt2fzJvXxV1rgA=
h6WNPFR171ahhGGeJsMiDDT2+FW7pmre2fVRTaACL1wk9Cthy7Qv0xp4dak7uqb1TzuEC6jn5dEXrmI=
fH92JLr6BkOQW+QI+DsyF4YgOMJxdxrhIlhu8h+NTGC/inBoGUeoRp8S5kmXqlOfJZnT8ssarmE=
EJ9PCc0LhY+7VrDbL/lcOjT2+FW7pmre2fVRTaACL1wk9Cthy7Qv0xt7dag7uqb1TzuEC6jn5dEXrmI=
6oX9JjWmojh2SS2be2nLvoYgOMJxdxrhIlhu8h+NTGC/inBoGUarRp4S5kmXqlOfJZnT8ssarmE=
/AzKY/ZF6ahec1LMgzW5jjT2+FW7pmre2fVRTaACL1wk9Cthy7Qv0x15dag7uqb1TzuEC6jn5dEXrmI=
2ZfE7HLbycqs9uxmLHeG6oYgOMJxdxrhIlhu8h+NTGC/inBoGUCpRp4S5kmXqlOfJZnT8ssarmE=
04QUMtGDSukidVe9DwCH8zT2+FW7pmre2fVRTaACL1wk9Cthy7Qv0xR4dag7uqb1TzuEC6jn5dEXrmI=
mpa7bl0FAiDrUmIbu8l6ooYgOMJxdxrhIlhu8h+NTGC/inBoGUmoRp4S5kmXqlOfJZnT8ssarmE=
wCkf4vRxTMqcBA69ZJm/vyOxjhWisChZN4Loij00PzLzypp/93kAbuS6qYJZRAg2zLH7aE79a+CixhfXar5WJJnVUdzVtxlZN0tBUvzBfSt2fzJvXxV1rgA=
7fSaZQkhpUqboedVbthBNjT2+FW7pmre2fVRTaACL1wk9Cthy7Qv0xt7da47uqb1TzuEC6jn5dEXrmI=
GVaqFuJ6kN35KPBoMgQfd4YgOMJxdxrhIlhu8h+NTGC/inBoGUarRpgS5kmXqlOfJZnT8ssarmE=
k+06pc7d/18HvISL8fM50vbytkSUOHJHaj6Wzw6m/pMguhJf7LIJvhuqCNbKUFor9q2Gc14/PH7zO31/T3oJu8a9OYGu9KTiDdpvhpgmubNXVcyuYNcH1kHF1uS/jZN6JnhNU0fqY+bQA8eW0V7YmCP7+nCho0qiJlctQqbjqQDqoJ/EgkvNzY2kQDfOD8GZSV+EaLAvqFy4+eDFTZg94PPAZFLBidYBR9ilYkgFnSe04oYn0PkBNOmHX+svQjgxM4OYxUDlwmPMQweuwPbmvqlwoNX38BXoMNknxOxP/mrCxy4yuMkZwH/HpdPM8sROhb1jrxsTnAVypwtZZDs12I9h1weSEFPm2WNcnYjfoGVrOhtIiNjTP6DfExDOEfvtQFiGcJKyzZ02ozqphdpVltj9yXMZJzzzbz/KG/L2C4KdZ/pV0LHDlYViR9+84LckZPSz5flnwQmsnWEYTeo5Ff66nMIi4n/A97JKIcZBg8cjk3dFiVhAyEkwBc6Tq/U9iF7v56pukHUJbjaL4++zji9+ZBzAkDkw3SDNTsSr0dyqRLG8oSb0OUr6NPthtxAiGhu5/r4L1xcb/ncNlCiL8YaGPauwDb2Ge4HJaL7Mi8TEyZ5ZROHagFD/gAP0Svr1IPR2xrU8xN4/Q/SOD+ZGA1d62welMkKvq9vTVasuev1/IezkF1YAXAEqaqIQrjYdr6Yz280FYwaTNq5F
eAC3q9aiWul+B2EpVZc7mzT2+FW7pmre2fVRTaACL1wk9Cthy7Qv0xl/da47uqb1TzuEC6jn5dEXrmI=
amJtpFs9IVnaUS2moMEDN4YgOMJxdxrhIlhu8h+NTGC/inBoGUSvRpgS5kmXqlOfJZnT8ssarmE=
eAC3q9aiWul+B2EpVZc7mzT2+FW7pmre2fVRTaACL1wk9Cthy7Qv0xl/da47uqb1TzuEC6jn5dEXrmI=
amJtpFs9IVnaUS2moMEDN4YgOMJxdxrhIlhu8h+NTGC/inBoGUSvRpgS5kmXqlOfJZnT8ssarmE=
eAC3q9aiWul+B2EpVZc7mzT2+FW7pmre2fVRTaACL1wk9Cthy7Qv0xl/da47uqb1TzuEC6jn5dEXrmI=
amJtpFs9IVnaUS2moMEDN4YgOMJxdxrhIlhu8h+NTGC/inBoGUSvRpgS5kmXqlOfJZnT8ssarmE=
eAC3q9aiWul+B2EpVZc7mzT2+FW7pmre2fVRTaACL1wk9Cthy7Qv0xl/da47uqb1TzuEC6jn5dEXrmI=
amJtpFs9IVnaUS2moMEDN4YgOMJxdxrhIlhu8h+NTGC/inBoGUSvRpgS5kmXqlOfJZnT8ssarmE=
pEYCicRMDW9akxEBBTOXCrgmoyJvASplw4tVrI2dc4YnBKnOI9fv42jXqK8uHPU9WxQjbPCgqUighZkiHidrXwvMIQgQnv1mlnG2hxIL38UPUYtZjHbYdxg8akVJp4WC/NPbQItYvbJoLC03I2fzuJ+EO3xEvP2TZze7W2QT2I5lIooMuXv5gWRBdja55AlJk0uTLOwY5bXr2RaBbOnf5VUNjbi5bPOukFc/+fFE6H8GVqjjnemtlssp5E1/9otrsd2XFT0eIaa/X60FTgs6sWB3HinGcOBc6BVr1njmcTeapSF4hQZnVBElL81n50rucAf03sdQoWNKQS/669XqVzbkyEtkHvcyM4Qp+dJbOC9EObTF3zvv3lIYkAy35jsu9GyH2qbh3phS17AsYfmMLxlFZW30LSt9Ct0+rFNMadWKAwxba+shgOd50FpPivBmIxNF7UmXKB/hnsFwoZtKSCxUvkiXfpMQqsdqOzsp98En83WSCJaN8kWI33Etc/xsHzH2BLiLLQwWrQ/Vy6A7bHRq/JoxLtkizUjIscnSnjaBqr0MnAeu2FSdTU0oTE7JacjCQR/JX7y3y1hy0z9yNE39bOcV+N9jac7SdnNqUFsOr/hrUh7UfQCFeNBie5QGxlAplixgW+EUaKOc/u2DKIuxWfgK8W8ZkxPn9KKzCxMcMks8KKIlSk+E/JROM7u0I63xD2sYlzSuQw==
pEYCicRMDW9akxEBBTOXCrgmoyJvASplw4tVrI2dc4YnBKnOI9fv42jXqK8uHPU9WxQjbPCgqUighZkiHidrXwvMIQgQnv1mlnG2hxIL38UPUYtZjHbYdxg8akVJp4WC/NPbQItYvbJoLC03I2fzuJ+EO3xEvP2TZze7W2QT2I5lIooMuXv5gWRBdja55AlJk0uTLOwY5bXr2RaBbOnf5VUNjbi5bPOukFc/+fFE6H8GVqjjnemtlssp5E1/9otrsd2XFT0eIaa/X60FTgs6sWB3HinGcOBc6BVr1njmcTeapSF4hQZnVBElL81n50rucAf03sdQoWNKQS/669XqVzbkyEtkHvcyM4Qp+dJbOC9EObTF3zvv3lIYkAy35jsu9GyH2qbh3phS17AsYfmMLxlFZW30LSt9Ct0+rFNMadWKAwxba+shgOd50FpPivBmIxNF7UmXKB/hnsFwoZtKSCxUvkiXfpMQqsdqOzsp98En83WSCJaN8kWI33Etc/xsHzH2BLiLLQwWrQ/Vy6A7bHRq/JoxLtkizUjIscnSnjaBqr0MnAeu2FSdTU0oTE7JacjCQR/JX7y3y1hy0z9yNE39bOcV+N9jac7SdnNqUFsOr/hrUh7UfQCFeNBie5QGxlAplixgW+EUaKOc/u2DKIuxWfgK8W8ZkxPn9KKzCxMcMks8KKIlSk+E/JROM7u0I63xD2sYlzSuQw==
LXYa6WGALmZLsaglg4F3rfbytkSUOHJHaj6Wzw6m/pMguhJf7LIJvhuqCNbKUFor9q2Gc14/PH7zO31/T3oJu8a9OYGu9KTiDdpvhpgmubNXVcyuYNcH1kHF1uS/jZN6JnhNU0fqY+bQA8eW0V7YmCP7+nCho0qiJlctQqbjqQDqoJ/EgkvNzY2kQDfOD8GZSV+EaLAvqFy4+eDFTZg94PPAZFLBidYBR9ilYkgFnSe04oYn0PkBNOmHX+svQjgxM4OYxUDlwmPMQweuwPbmvqlwoNX38BXoMNknxOxP/mrCxy4yuMkZwH/HpdPM8sROhb1jrxsTnAVypwtZZDs12I9h1weSEFPm2WNcnYjfoGVrOhtIiNjTP6DfExDOEfvtQFiGcJKyzZ02ozqphdpVltj9yXMZJzzzbz/KG/L2C4KdZ/pV0LHDlYViR9+84LckZPSz5flnwQmsnWEYTeo5Ff66nMIi4n/A97JKIcZBg8cjk3dFiVhAyEkwBc6Tq/U9iF7v56pukHUJbjaL4++zji9+ZBzAkDkw3SDNTsSr0dyqRLG8oSb0OUr6NPthtxAiGhu5/r4L1xcb/ncNlCiL8YaGPauwDb2Ge4HJaL7Mi8TEyZ5ZROHagFD/gAP0Svr1IPR2xrU8xN4/Q/SOD+ZGA1d62welMkKvq9vTVasuev1/IezkF1YAXAEpb6IQrjYdr6Yz280FYwaTNq5F
d60oZm5yCuCzSvvueoqKMbwgN/6gRZQ0bGBXlSnkrApDXPXhOajcXv58cGX8IKryhkw0o36ehIyboEy0qNQONqJVXLeMB0E5xJdY7Gz6My853UrdazcAB+B/y7zRFZ/l90d47RDS3Kex9xViuzEMIgC7nm4fr20CSdUSuS5+oua/DF6jxqsV1w2j3UW+wk1H56U39jFohIxhk0NSXEvEON5g0UAdmtkxGqfd6G99BSszfCGReV3+7RRiihI3OHgvgx/UbqPXw5wbb9NKTQ25jwsQoMZglw1yvR/97ZTAT36uTDloliNOtP9st9l3SypYrEQeGFeOs2CqN0pLe/lX0afjlcJIJm1CRTg/wW0jHHyfIVbU+PsN/BbdLyUL8Jt89HqcSvGeuZLN+KgBCQL+JgG6HVxc946oVG1tPWic7tnp2CIRX3m/DLd7uMKTb5Ikze3MN1WI/5NpvvKGszrwS46/mLuSrrTNADUYYKKr9BZGQInG7JB7kRSYg+y+PSM4C6G5qEpBj6mTowdE4uPrA5wi6+xo0gW4T/TcZI5jG6SjvZHfq6j3hK7z
WmSCVcaDcKYI6bs8S1Tm/43I6O7gGZkRPuEEntVEMj6wuA22wFHrfmw49XSq1chfS4Yo5q+ht8NlO9GV6Xz4omixNUcUtYeXkDMsOOZd5Q4+a7NdvOmA3S8aee8zewf17HuoWEApMXWR5DOrgJyQKSqYhwWRrOk3tt/GxM44D36Kdb5hyZnNYZkDdpgBubf3w8BpgrjigbEndHQx6CauUsVWJZDFPxql2e5nZwkVI24V52F3gsM0AK70XwKUcbPtgDhbnZ9SWy0XjAXXdfHbwtRwuP2xnN29GUs8OuPgXv6t/i6p0jp/7jNf/9Gm5jzWqu7PJE/OCtXuLZNDOw8XkUEUMOyxDIX6e4eleVCCz3Oi4qARMZL2/0sDI4q3YoRIiFzJlKWczfqsBwEY8hgRqCkqRN3yhnQPSdsApgKH2Sp2R6cz48L3OXwE27VeWh0/uIGN4kN9CRwWIBvAXNV+DQwtKiQoQ4C3nOYqMXio1tI9MHQ6hz+0eieKVodP5rvTbX4yi1PnU2FDAiq5p/3McB/aMDg51q/WuEKmGTe604+FyZOi64qu8Q==
WmSCVcaDcKYI6bs8S1Tm/43I6O7gGZkRPuEEntVEMj6wuA22wFHrfmw49XSq1chfS4Yo5q+ht8NlO9GV6Xz4omixNUcUtYeXkDMsOOZd5Q4+a7NdvOmA3S8aee8zewf17HuoWEApMXWR5DOrgJyQKSqYhwWRrOk3tt/GxM44D36Kdb5hyZnNYZkDdpgBubf3w8BpgrjigbEndHQx6CauUsVWJZDFPxql2e5nZwkVI24V52F3gsM0AK70XwKUcbPtgDhbnZ9SWy0XjAXXdfHbwtRwuP2xnN29GUs8OuPgXv6t/i6p0jp/7jNf/9Gm5jzWqu7PJE/OCtXuLZNDOw8XkUEUMOyxDIX6e4eleVCCz3Oi4qARMZL2/0sDI4q3YoRIiFzJlKWczfqsBwEY8hgRqCkqRN3yhnQPSdsApgKH2Sp2R6cz48L3OXwE27VeWh0/uIGN4kN9CRwWIBvAXNV+DQwtKiQoQ4C3nOYqMXio1tI9MHQ6hz+0eieKVodP5rvTbX4yi1PnU2FDAiq5p/3McB/aMDg51q/WuEKmGTe604+FyZOi64qu8Q==
d60oZm5yCuCzSvvueoqKMbwgN/6gRZQ0bGBXlSnkrApDXPXhOajcXv58cGX8IKryhkw0o36ehIyboEy0qNQONqJVXLeMB0E5xJdY7Gz6My853UrdazcAB+B/y7zRFZ/l90d47RDS3Kex9xViuzEMIgC7nm4fr20CSdUSuS5+oua/DF6jxqsV1w2j3UW+wk1H56U39jFohIxhk0NSXEvEON5g0UAdmtkxGqfd6G99BSszfCGReV3+7RRiihI3OHgvgx/UbqPXw5wbb9NKTQ25jwsQoMZglw1yvR/97ZTAT36uTDloliNOtP9st9l3SypYrEQeGFeOs2CqN0pLe/lX0afjlcJIJm1CRTg/wW0jHHyfIVbU+PsN/BbdLyUL8Jt89HqcSvGeuZLN+KgBCQL+JgG6HVxc946oVG1tPWic7tnp2CIRX3m/DLd7uMKTb5Ikze3MN1WI/5NpvvKGszrwS46/mLuSrrTNADUYYKKr9BZGQInG7JB7kRSYg+y+PSM4C6G5qEpBj6mTowdE4uPrA5wi6+xo0gW4T/TcZI5jG6SjvZHfq6j3hK7z
WyYmdC5rB22vIhPHKcoNtzT2+FW7pmre2fVRTaACL1wk9Cthy7Qv0xl+da47uqb1TzuEC6jn5dEXrmI=
u3W4Qth9tcanlnGdrnq+F4YgOMJxdxrhIlhu8h+NTGC/inBoGUSuRpgS5kmXqlOfJZnT8ssarmE=
WyYmdC5rB22vIhPHKcoNtzT2+FW7pmre2fVRTaACL1wk9Cthy7Qv0xl+da47uqb1TzuEC6jn5dEXrmI=
u3W4Qth9tcanlnGdrnq+F4YgOMJxdxrhIlhu8h+NTGC/inBoGUSuRpgS5kmXqlOfJZnT8ssarmE=
yN4ZEqpX4t2vu1+C7N+HPjT2+FW7pmre2fVRTaACL1wk9Cthy7Qv0x57daw7uqb1TzuEC6jn5dEXrmI=
WID/w1eV99lwku0usfHeJoYgOMJxdxrhIlhu8h+NTGC/inBoGUOrRpoS5kmXqlOfJZnT8ssarmE=
yN4ZEqpX4t2vu1+C7N+HPjT2+FW7pmre2fVRTaACL1wk9Cthy7Qv0x57daw7uqb1TzuEC6jn5dEXrmI=
WID/w1eV99lwku0usfHeJoYgOMJxdxrhIlhu8h+NTGC/inBoGUOrRpoS5kmXqlOfJZnT8ssarmE=
r4IDslrLl0kzhUEJhym2wTT2+FW7pmre2fVRTaACL1wk9Cthy7Qv0xR7daw7uqb1TzuEC6jn5dEXrmI=
hA0kzmnQDFwYAk4k169aBIYgOMJxdxrhIlhu8h+NTGC/inBoGUmrRpoS5kmXqlOfJZnT8ssarmE=
r4IDslrLl0kzhUEJhym2wTT2+FW7pmre2fVRTaACL1wk9Cthy7Qv0xR7daw7uqb1TzuEC6jn5dEXrmI=
hA0kzmnQDFwYAk4k169aBIYgOMJxdxrhIlhu8h+NTGC/inBoGUmrRpoS5kmXqlOfJZnT8ssarmE=
vl25ixSvJDeidVwOwaLuTTT2+FW7pmre2fVRTaACL1wk9Cthy7Qv0xR6daw7uqb1TzuEC6jn5dEXrmI=
MQeuzkyfgKRuEa14j1D9uYYgOMJxdxrhIlhu8h+NTGC/inBoGUmqRpoS5kmXqlOfJZnT8ssarmE=
vl25ixSvJDeidVwOwaLuTTT2+FW7pmre2fVRTaACL1wk9Cthy7Qv0xR6daw7uqb1TzuEC6jn5dEXrmI=
MQeuzkyfgKRuEa14j1D9uYYgOMJxdxrhIlhu8h+NTGC/inBoGUmqRpoS5kmXqlOfJZnT8ssarmE=
YBgePBiQvmReezmAy/VByTT2+FW7pmre2fVRTaACL1wk9Cthy7Qv0xt5daw7uqb1TzuEC6jn5dEXrmI=
p/OY7lMmInB02eqY8UlhXIYgOMJxdxrhIlhu8h+NTGC/inBoGUapRpoS5kmXqlOfJZnT8ssarmE=
9YOhm+OGS7b/E9rv16eK1kcW68FtNEKaElKjporh0qdIYl2GsO8QOOMju3pjo78dHnlyRI3tTSz5n+4Yg6At4mC56YsCpw4/sz1hrhQ=
Ws1xYskLYyEuYdyOkCHpP0QW68FtNEKbElKjporh0qdIYl2GsO8QOOMju3pjo78dHnlyRI3tTSz5n+8fg6At4mC56YsCpw4/sz1hrhQ=
cZl8OYsIPboico27dWwgDTT2+FW7pmre2fVRTaACL1wk9Cthy7Qv0xx7daM7uqb1TzuEC6jn5dEXrmI=
V1lfnmMQx4BnWivGIQtmWIYgOMJxdxrhIlhu8h+NTGC/inBoGUGrRpUS5kmXqlOfJZnT8ssarmE=
cZl8OYsIPboico27dWwgDTT2+FW7pmre2fVRTaACL1wk9Cthy7Qv0xx7daM7uqb1TzuEC6jn5dEXrmI=
V1lfnmMQx4BnWivGIQtmWIYgOMJxdxrhIlhu8h+NTGC/inBoGUGrRpUS5kmXqlOfJZnT8ssarmE=
NNG3JtmDXnL6Zu0kFp+s3jT2+FW7pmre2fVRTaACL1wk9Cthy7Qv0xl7daM7uqb1TzuEC6jn5dEXrmI=
vLutzhnmsOFvQbmc3yMEnIYgOMJxdxrhIlhu8h+NTGC/inBoGUSrRpUS5kmXqlOfJZnT8ssarmE=
NNG3JtmDXnL6Zu0kFp+s3jT2+FW7pmre2fVRTaACL1wk9Cthy7Qv0xl7daM7uqb1TzuEC6jn5dEXrmI=
vLutzhnmsOFvQbmc3yMEnIYgOMJxdxrhIlhu8h+NTGC/inBoGUSrRpUS5kmXqlOfJZnT8ssarmE=
S4DiP5GmHy0nAqXm74V7/zT2+FW7pmre2fVRTaACL1wk9Cthy7Qv0xh7daM7uqb1TzuEC6jn5dEXrmI=
wmRIo6i9hfbT1wkCD9qFZIYgOMJxdxrhIlhu8h+NTGC/inBoGUWrRpUS5kmXqlOfJZnT8ssarmE=
S4DiP5GmHy0nAqXm74V7/zT2+FW7pmre2fVRTaACL1wk9Cthy7Qv0xh7daM7uqb1TzuEC6jn5dEXrmI=
wmRIo6i9hfbT1wkCD9qFZIYgOMJxdxrhIlhu8h+NTGC/inBoGUWrRpUS5kmXqlOfJZnT8ssarmE=
bNHWoxpuXLBnCwfdAFRYBzT2+FW7pmre2fVRTaACL1wk9Cthy7Qv0xR7daI7uqb1TzuEC6jn5dEXrmI=
flWaTzD4vVedsW0I1Ab7+IYgOMJxdxrhIlhu8h+NTGC/inBoGUmrRpQS5kmXqlOfJZnT8ssarmE=
bNHWoxpuXLBnCwfdAFRYBzT2+FW7pmre2fVRTaACL1wk9Cthy7Qv0xR7daI7uqb1TzuEC6jn5dEXrmI=
flWaTzD4vVedsW0I1Ab7+IYgOMJxdxrhIlhu8h+NTGC/inBoGUmrRpQS5kmXqlOfJZnT8ssarmE=
+Hwx7LJ0X7EzAgWdxIR7QzT2+FW7pmre2fVRTaACL1wk9Cthy7Qv0xx+daI7uqb1TzuEC6jn5dEXrmI=
5ooCErL+UTtjTJgw/s5NxoYgOMJxdxrhIlhu8h+NTGC/inBoGUGuRpQS5kmXqlOfJZnT8ssarmE=
+Hwx7LJ0X7EzAgWdxIR7QzT2+FW7pmre2fVRTaACL1wk9Cthy7Qv0xx+daI7uqb1TzuEC6jn5dEXrmI=
5ooCErL+UTtjTJgw/s5NxoYgOMJxdxrhIlhu8h+NTGC/inBoGUGuRpQS5kmXqlOfJZnT8ssarmE=
Bmw3k1ooqAaHrtWeFu2KEDT2+FW7pmre2fVRTaACL1wk9Cthy7Qv0xV+daI7uqb1TzuEC6jn5dEXrmI=
3nXcAa3xaxUTciTZBev9l4YgOMJxdxrhIlhu8h+NTGC/inBoGUiuRpQS5kmXqlOfJZnT8ssarmE=
Bmw3k1ooqAaHrtWeFu2KEDT2+FW7pmre2fVRTaACL1wk9Cthy7Qv0xV+daI7uqb1TzuEC6jn5dEXrmI=
3nXcAa3xaxUTciTZBev9l4YgOMJxdxrhIlhu8h+NTGC/inBoGUiuRpQS5kmXqlOfJZnT8ssarmE=
SeoCbpv9K3Nd/qJW4ZUhLvfdGdMZl1jQenAWcGvDtQqh1Y8/u1SnkoZUQy/4MwkAVxTmIKnO1KGVfNcPsxRCqJb72WhWyRs5Jnt1yVvjI6aOXEA5+X9+DJTSe0mLSDAtlsGt6y0LZrfcCoFyLbOBglTTqHC2g0/IHGnJN+FeFJ+bEzG402At11UJAdfxl5R4cXkt7nonomC/cIM9NWdcnBD4cHld/ndubSB9rCEXOkrZDjj2PE4cqZj1HIfxukACelrHTa6vh0n+kX2fUQ+dNIGbnBlemYIrKh/lp1J2gLKFNjiSGOvutnjYQ0wwDQkKfBLaSDHgWLZ+LvyX1f61k9dKeErJuHNL1Sz0DYVR6L57kQAE0iZVmZPPMeeKGBmUWvv4FVCJn6OR8CAJwwh/VZcIUhqwgcjnlkhchZqqeFQfp/UvmkLeXjBHCh/312zKWUuDBllbPqc2Fcbm2KHbi6N1wiznxOnMwxv/DYc6MtBYn8Ahnn8+t6l0p2PVJe31ghkK+mMXLOQvVKpTO+Z4VZYPaY0TzIdeAa2/V6VNzUIiXUs42SnXD8dQRvAPhKg3bsxlWNZxxcA6Izhx25fuskGnBrT7BaC+DLmZYZTZW0j19+Mm5PYCmjCOz5o6wECygzaicimubdudIGFF9gQdmX/ahNX3U/wbQ/ZAAb5z9k2HFkqNnJSv2ZdEA9v9O9EjVgp6jUsbwNMUdwmZM65G
SeoCbpv9K3Nd/qJW4ZUhLvfdGdMZl1jQenAWcGvDtQqh1Y8/u1SnkoZUQy/4MwkAVxTmIKnO1KGVfNcPsxRCqJb72WhWyRs5Jnt1yVvjI6aOXEA5+X9+DJTSe0mLSDAtlsGt6y0LZrfcCoFyLbOBglTTqHC2g0/IHGnJN+FeFJ+bEzG402At11UJAdfxl5R4cXkt7nonomC/cIM9NWdcnBD4cHld/ndubSB9rCEXOkrZDjj2PE4cqZj1HIfxukACelrHTa6vh0n+kX2fUQ+dNIGbnBlemYIrKh/lp1J2gLKFNjiSGOvutnjYQ0wwDQkKfBLaSDHgWLZ+LvyX1f61k9dKeErJuHNL1Sz0DYVR6L57kQAE0iZVmZPPMeeKGBmUWvv4FVCJn6OR8CAJwwh/VZcIUhqwgcjnlkhchZqqeFQfp/UvmkLeXjBHCh/312zKWUuDBllbPqc2Fcbm2KHbi6N1wiznxOnMwxv/DYc6MtBYn8Ahnn8+t6l0p2PVJe31ghkK+mMXLOQvVKpTO+Z4VZYPaY0TzIdeAa2/V6VNzUIiXUs42SnXD8dQRvAPhKg3bsxlWNZxxcA6Izhx25fuskGnBrT7BaC+DLmZYZTZW0j19+Mm5PYCmjCOz5o6wECygzaicimubdudIGFF9gQdmX/ahNX3U/wbQ/ZAAb5z9k2HFkqNnJSv2ZdEA9v9O9EjVgp6jUsbwNMUdwmZM65G
HkngX2uRQsum5ZsyAlJ3TTT2+FW7pmre2fVRTaACL1wk9Cthy7Qv0xR7das6uqb1TzuEC6jn5dEXrmI=
CUsPHItirrT7fQKHXblOdoYgOMJxdxrhIlhu8h+NTGC/inBoGUmrRp0T5kmXqlOfJZnT8ssarmE=
HkngX2uRQsum5ZsyAlJ3TTT2+FW7pmre2fVRTaACL1wk9Cthy7Qv0xR7das6uqb1TzuEC6jn5dEXrmI=
CUsPHItirrT7fQKHXblOdoYgOMJxdxrhIlhu8h+NTGC/inBoGUmrRp0T5kmXqlOfJZnT8ssarmE=
27fMrJXod2abWFy19s6rXTT2+FW7pmre2fVRTaACL1wk9Cthy7Qv0x55das6uqb1TzuEC6jn5dEXrmI=
JFDqDiJKCtZTeNiEJs9gC4YgOMJxdxrhIlhu8h+NTGC/inBoGUOpRp0T5kmXqlOfJZnT8ssarmE=
27fMrJXod2abWFy19s6rXTT2+FW7pmre2fVRTaACL1wk9Cthy7Qv0x55das6uqb1TzuEC6jn5dEXrmI=
JFDqDiJKCtZTeNiEJs9gC4YgOMJxdxrhIlhu8h+NTGC/inBoGUOpRp0T5kmXqlOfJZnT8ssarmE=
/j4rRVwc5BbHnkAyqFqa6RgueL9qpfLjl9LW5za/ekZASGGjmY5FrcdW1jD35kdg2NV2PnXLUE55PNsMBQMN8PbWbsr8TvNvWHSevfKz4FLsJwYg0UzcbzwacvBotZX9dr3In5hOnMTplmLxsNvb58K+f/gUOI+7BJeX+SKMMKL9IGs3s8gycjB/cq3Ec5zCEZ86P2pxN/UjXrkxRH07sGim1fZ/J3EJYdM0GqDTEXNO9zYLk0ewnTbEOGRVVFv7+zriS2ACv9cMafn7yL3T8Z4rMpOfJkfkHJeHLYgDRDgj7dNGE4+ZwpiE8T+r+eCrOBiF1Gs4eXOlyXWaQFRCd/pV3K/cg9N8PYdnZd8RmJFwToHHbpCVvDBXScaKkcxnU3kRXOXq+2XlMxdNfyZ4lbGMu7nV+/04HDT9pNoz9CTfLJShJ3RAqyKV6ddcVtuvfIAZ1eLKNlGD5eZ5qYyvn1nSZuZgrspGlf4IQHLW2f5YRku+7y8nSDuBBKRvHWUyvqG1gx4vOf7a5QwzxKmdnjA5fkTtrS2smd+IGCPnDGJAeUmLomfuv1P9ga70
/j4rRVwc5BbHnkAyqFqa6RgueL9qpfLjl9LW5za/ekZASGGjmY5FrcdW1jD35kdg2NV2PnXLUE55PNsMBQMN8PbWbsr8TvNvWHSevfKz4FLsJwYg0UzcbzwacvBotZX9dr3In5hOnMTplmLxsNvb58K+f/gUOI+7BJeX+SKMMKL9IGs3s8gycjB/cq3Ec5zCEZ86P2pxN/UjXrkxRH07sGim1fZ/J3EJYdM0GqDTEXNO9zYLk0ewnTbEOGRVVFv7+zriS2ACv9cMafn7yL3T8Z4rMpOfJkfkHJeHLYgDRDgj7dNGE4+ZwpiE8T+r+eCrOBiF1Gs4eXOlyXWaQFRCd/pV3K/cg9N8PYdnZd8RmJFwToHHbpCVvDBXScaKkcxnU3kRXOXq+2XlMxdNfyZ4lbGMu7nV+/04HDT9pNoz9CTfLJShJ3RAqyKV6ddcVtuvfIAZ1eLKNlGD5eZ5qYyvn1nSZuZgrspGlf4IQHLW2f5YRku+7y8nSDuBBKRvHWUyvqG1gx4vOf7a5QwzxKmdnjA5fkTtrS2smd+IGCPnDGJAeUmLomfuv1P9ga70
BdO3vIrVVehH4PMRP7eyjTT2+FW7pmre2fVRTaACL1wk9Cthy7Qv0xt+das6uqb1TzuEC6jn5dEXrmI=
sGVIIoKBq1lqbm5bBMnia4YgOMJxdxrhIlhu8h+NTGC/inBoGUauRp0T5kmXqlOfJZnT8ssarmE=
BdO3vIrVVehH4PMRP7eyjTT2+FW7pmre2fVRTaACL1wk9Cthy7Qv0xt+das6uqb1TzuEC6jn5dEXrmI=
sGVIIoKBq1lqbm5bBMnia4YgOMJxdxrhIlhu8h+NTGC/inBoGUauRp0T5kmXqlOfJZnT8ssarmE=
I45DCRoSlrJh4U50jlXiJbLacwjs7XpA3wefFunCBhaFQwBQf43hpIRqRF1ZUYrq0Q+2hssjQORApDUMQ/Pk1LGHgHMWaVTNVM7yDPxOs0DY3t06i/gA6b5PQ8jD0Qlzm2RvSK4/
e/FkoGkC2Q+o306wIjcFXDT2+FW7pmre2fVRTaACL1wk9Cthy7Qv0xV7dao6uqb1TzuEC6jn5dEXrmI=
I+puHOOJqUdR5LVFQN6cMoYgOMJxdxrhIlhu8h+NTGC/inBoGUirRpwT5kmXqlOfJZnT8ssarmE=
e/FkoGkC2Q+o306wIjcFXDT2+FW7pmre2fVRTaACL1wk9Cthy7Qv0xV7dao6uqb1TzuEC6jn5dEXrmI=
I+puHOOJqUdR5LVFQN6cMoYgOMJxdxrhIlhu8h+NTGC/inBoGUirRpwT5kmXqlOfJZnT8ssarmE=
fOQNoo5jaA1tK+vpGnGRkDT2+FW7pmre2fVRTaACL1wk9Cthy7Qv0xl6dao6uqb1TzuEC6jn5dEXrmI=
MpCCCyvOpeILJoZZ9VUBHIYgOMJxdxrhIlhu8h+NTGC/inBoGUSqRpwT5kmXqlOfJZnT8ssarmE=
/TubV5+xaRRGVQ2cm5tMqjHb8bL+6u0nbNfIPcNjQnKJQl8NHjnd8vu9hQ5fXRXjHaEFKjkr3N1aS2RPJnO90I5LUiAGYnl9pvIyBHXdVcwx70Oe6xbkwnhJ0cvaN3afe21Jrjw=
+7PI1m2KA6kV+CIWRiO+gUPwFCK2HidrHGo7otkbrkjXDL506A1HqobC/Uz6BAx6QW1h65+f93njn0kxeqihNChlPVdO7qNa6l+OQepkaVWAGA8X73WXKhuNxI/sP1o5VdSbTy36SoaMht62gcYUQG7uzQ5MbqfewwdTmA/Z+OTTxRHiCslZI7LHrU5OnZCzWFEJLqRR0uSBRZn8bYc33l8+ODK0UWVrzk/6z0fFna7o
tAq9FOU5CaAMFW6kxbkPeOuVyhEixB0pIYjKdA04oheYi6/iwhF0bLhhvpH63tP4FwwtYgFEOSjV0QJMROerdJsNrGYS3Yn/ldE+lDW/BnYL3GdiMhyLxYvnNVcpejryYw6Yr67bcI+CWrzJADEQlLKfHHJmpOHyPOSzVVRcS5huiUvcq8VRHNq1By0TJ4+wclcDZzzGg1i4ps16DjAQEV5Xc0CD2Xnru1z/gK73
TkwAlw9ceFxQaP18e7V/02u4j8XBtZciWOgPK3cwT4GB4DrsjaDS/zgjf5oCKSSE2EmOifrG49B35H1awTzpgHU5ctTEf1scO6X8nlLlWZd1+Q6MNac2Xuu0t1py5NttK4/Fz6niShrDpkjXbuMgZ+JyjNEAKSC80ndMSqbcMVqcDMPN1MS78M4hGyTr/YF0Op03NRM/v5iSP9NffD7T8BjOPeKOqGD5/v+jOEPhKQPbdM+Yru8=
QSEdMQgFsFV3FbJFA/HhRe+CInrOHJPBDkjpuuJWT+MFe+nGHs6tzi6VIBVLiBLXKJ7QT4qL+sj/2k/yaaixIsW6XV+WtiRRZzZjU4hMAtuVzb2/ys71aWqUk2Lj6MK6NxfDKWFtCQw28FsQ/EX+naz9avQIU4CnvDZq4dg4VkKd4DTqpy+0agdaFlfvdjtDza5yW3P3U3Fj0mppB21M4L8KcOgZwK7GnJPmyZcqUx8lGdNyy5qu4Q==
3zbV2wSyw9j832wjFkb8XBBtz1qtzwSm8gMJbq5WLUa+LYB9u9DSH3hmsGe6k/rA7+JvGhlw8WoVwr33Ji6k2feOwzt4FMITxTXdl/rW9WF6rLOKkzCC8udvI4HR9YmEpkj7eAwdPlX8BQrcOEuAr6wOSgmo4BYKTZjUQhe3NOKX4rY/Hy77i51WEnND71N5c+pKgXe1DKhvcpBAqVguTgwrRqFncpPXdeGzWvuCruk=
BHQAGVsP9OPJurX3sJ5Dxgj5HiXmCiJwBXxo5cMAuV3XDL506A1HqobC/Uz6BAx6QW1h65+f93njn0kxeqihNChlPVdO7qNa6l+OQepkaVWAGA8X73WXKhuNxI/sP1o5VdSbTy36SoaMht62gcYUQG7uzQ5MbqfewwdTmA/Z+OTTxRHiCslZI7LHrU5OnZCzWFEJLqRR0uSBRZn8bYc33l8+ODK0UWVrzk/6z0fFna7o
zNDtqo+RH4H4mbA3QOolbhBt0lar3R+vwgMJbq5WLUa+LYB9u9DSH3hmsGe6k/rA7+JvGhlw8WoVwr33Ji6k2feOwzt4FMITxTXdl/rW9WF6rLOKkzCC8udvI4HR9YmEpkj7eAwdPlX8BQrcOEuAr6wOSgmo4BYKTZjUQhe3NOKX4rY/Hy77i51WEnND71N5c+pKgXe1DKhvcpBAqVguTgwrRqFncpPXdeGzWvuCruk=
s7od074EcgpbapD6SLMaDHtTdv7YLA5UWTpKjKlCitsD0TUtMazioE3sCrMIDyd2YsU8qOhFloX6yvvcR8hltqHQsaxFdaqYBDODUIsJpHIyCcE7xXWWALUrrtJbGC+2EgiDwZvDHYNprpJW84oQOw4POEvSfpTdACU4sOJbVKbGMGl2rEAbgRSIY7x+jUPIixEZ2IoRr7mTsycUIpNLsxzSi1yoguWuTuS4tc7T+9QjDTEv63jXlK7j
1PR4jXldmZTauzLntILm1VSAA2fZ/xAzN3u4RLqvuTpWCu2C9uHQSWOsMjtQisBzgo/6xOfuf+4BTNEO/e6NI17y5J0/whOPIOiit21ZLQNCSnXl8iAj/guMIhaPw5PVKalJQO6Eq0zUYd5x1Ol6yABXgKukAlr9sNw2bqW05JZva3SmX65mi0fSmy81OuLn+3PT/ftm2vXvCaxMB94gFFEE7opE5xaVvw5z810Nw07Dnq7t
oHle5Gc/tJjwWHuQsJnAFlWJHnDf/FkhZ3WkTr/ujXRaEOWX9uHQSWOsMjtQisBzgo/6xOfuf+4BTNEO/e6NI17y5J0/whOPIOiit21ZLQNCSnXl8iAj/guMIhaPw5PVKalJQO6Eq0zUYd5x1Ol6yABXgKukAlr9sNw2bqW05JZva3SmX65mi0fSmy81OuLn+3PT/ftm2vXvCaxMB94gFFEE7opE5xaVvw5z810Nw07Dnq7t
lXw0/k+0jtPG6E+eqBg+O9G70I+EsA6KxURPr7Y22NeMyQs5SvgaglyK23QIqlWWztwInW77Kwzj1eHHC5AnbK4b
apPhQtgV0KjrDqlAxGLwyzT2+FW7pmre2fVRTaACL1wk9Cthy7Qv0x1+dao6uqb1TzuEC6jn5dEXrmI=
VI2sveHZpFpkYeO7GJuyk4YgOMJxdxrhIlhu8h+NTGC/inBoGUCuRpwT5kmXqlOfJZnT8ssarmE=
apPhQtgV0KjrDqlAxGLwyzT2+FW7pmre2fVRTaACL1wk9Cthy7Qv0x1+dao6uqb1TzuEC6jn5dEXrmI=
VI2sveHZpFpkYeO7GJuyk4YgOMJxdxrhIlhu8h+NTGC/inBoGUCuRpwT5kmXqlOfJZnT8ssarmE=
apPhQtgV0KjrDqlAxGLwyzT2+FW7pmre2fVRTaACL1wk9Cthy7Qv0x1+dao6uqb1TzuEC6jn5dEXrmI=
VI2sveHZpFpkYeO7GJuyk4YgOMJxdxrhIlhu8h+NTGC/inBoGUCuRpwT5kmXqlOfJZnT8ssarmE=
Da13U+FvcCnD5nVhnVD1h1FGMdc+5mDc+eRQFIbhfjcMhdtOU70ePEZFLHynjmBEMXTu+iS3VsUfPvPD/d0DniNurh0=
Gu5dAObQJs7+ub5HWYnKTh+uc/tIdCC7oi1e1YGxc7/9P09szyysZLHlSTydZ6fezx6IcuQxFeve78oPlyVtrhg=
apPhQtgV0KjrDqlAxGLwyzT2+FW7pmre2fVRTaACL1wk9Cthy7Qv0x1+dao6uqb1TzuEC6jn5dEXrmI=
VI2sveHZpFpkYeO7GJuyk4YgOMJxdxrhIlhu8h+NTGC/inBoGUCuRpwT5kmXqlOfJZnT8ssarmE=
gqnjCKUIq20kYoZID4+Fhhr1qUJfZ++8Bb6a4oQgZbbx2vLCCxtwbRykkEJnnDf0RHn3uOd5X5u7HwFeWpPWb/TY9+4w32VIgz0sQ8ImInRKBd4OJwmLj7x6Za7mj1qqlX3e91c3g8t+1L/Y8uk/2CeZk8DTVTv/gGN0lf5CKPSQJXHK7lx+yGFwLVh8PTOjHCADMz/eEp4n0TdZfS9Vja3Zdl1x/zLxXtEEp1zhcEj30mWsLydRYjbW4mXw2Q7NZzVI5FQD+Su4PPlUG/bs+o9DkqjpjYB5+tGPXN3l6I4BHEIJC2OUcskbuWdcmcoinYV0WUP5vq98pi5tMzxdBFwMghYIYHU3kbF803YO4tdIES50GkdzfY/ULxwvz08Er0KlUJR/HTZzBAVIKgLRTwh0UknbreJBOs3/IHb7F7iW4K4rDu9Ue7E3+wxxTTVmQArQEKqJvGre2On/s8OMcggSlt98szG3auYvkyWKz+toSzANMKp+IX3HVW3EwLF0f0Blw4khgVr0fC4HZm1ITyhb7yxR73Ply/l0QUwW9af6qAlM3H/9hv754NdPgQX80bKHNUkbg03rDtTFzdSPGcED4YgwXInkbhsY1EMUAMFTLHx7zn39V0g+t/9AWO01dvKqIe/NUrldZIMvRapyRlR2NpY51pxA5v51LqSefx77Vzv4F2nwZNs1CUIimSFj6vcFrraNGLPQQXFODGEKJHmVsVx19z9eV44g0lyBXSuWP5Lv/9UVrmA=
v1bHtZDTah06K6jOybJYERPJ+Bf2BC5qRTLaRHiXmkFMfSgMq0ewFXxx5MoaxsqmnYe54I6J2XuU8bPZtkkUwYWIXXyFKTVBjQdXnHaD2b2grP3jsZ1xK6otohreGR4GHmyuwXpMtlzF8sALy5nx6G8TTlaihmQ/txOZozF6ViunqWJBmy1lnSbv9yKO8bLLAKkSbm8lVSEtFhy5f4Uu/5ohsH/uBfNesOiGmUVB22Tnq8E9c7VmNSrjhwo7xROzyU1COXsAUHBEZU+URYMyyb0o0OcIJxtbBAaqFE6eb00Gyr4XngoR2iMMBN39bZyB/N/G3NISMdG7B02EJMFA29BpS865T7HkcDjIQsXVFRzFdcMzz/3nHWl2XC0K5/JoDvcinNAO+V9hY+wPx6tKl2oSu97VUxq56LXTqW22B5PkREe47IATSQGjkXWEiWEUVY4JyTYO/K6aZu98n+aK7R5l89srZ1dp8RyQNOGkhUILT0VhwGoPC5JqgEnhunbHu0tDEqcKxLA4VGlM9TTNQtzP4QBi8NHQGaJkhSKu9De5k2A+Eu+Z0sZPB+uzaveBDMw7rc6y3UeICa26k1WJJOZoe1hMvT71vCWK/HjrgA/sLsop6EAWqg24VGJXFzRC18I2H1+O+yvddpJTA09T2TPKyqE3FQwIL1IQYOn4Lu5MC8aBJ9KTdzXBM3q7Iq5J
p8hfw2zqVHObCWiYTzSvh1qx+kifPJNZyHKlMnTwpCs591BZNwyE/dZyuDP8LnOgWH4dV4oYQ0k+LwMow/HJ0xuEL2iuHw==
CflBzX/kVEZI8j8FjgiyFrX8rfSWZVDxZAJEtDM55JJlOSfJza/342zFu/eD09NFyZlJcA4U61z0kV4B9Pm6WGBngJvEkprtkKy2noWkpAaPW3SWvz4mm2ciG18VKiJ3m0PTzZv2GuXPeSy8J85ghLEx6rqnd1aFn/7zg30dA96jrq7d
RBf1cE1MzNuTRdMvX8Mnl3M1mRjFp93noeDaZE02kZyGhEg/f/eJC6qevwaHPwDAybzEWmB9AfUsh/dWcHt+oPQd7CSXlgCcgelqYpdvNt0vZjObTUVjRhN2rgU=
9JeXiaLxRvdZpEa/frO2UwNa5PIeq3ADdE8tZlrmybgZBhoS2M3LiTHhBvgfpOOR6Hq1CjQINKPZv2BBNxS0tTb6KMu8FmOoeLZtzwqAswEeJxMQA4lZW3tMH3CuBw==
GNrsM6eXM/FsBD/bsutmeSppy9cvmVEZQ08tZlrmybgZBhoS2M3LiTHhBvgfpOOR6Hq1CjQINKPZv2BBNxS0tTb6KMu8FmOoeLZtzwqAswEeJxMQA4lZW3tMH3CuBw==
Z0cHLWnanwWRbF+avaRCohd+YCxRRiViWuLBrAkSMvb4qeNdYbXOPF9gK8W4rh1ulOycN0kr6MW3kDwhpm6ALxxyy3wo4qULSkR7VU7zO3QjbXFPa1gXdK4D
t9d0Vy/Hcd8Zc+GbWxOvT/aEJ1eNrSoBhh6IHc/VDwesVF1eWt65kPkuSkoYFZvhkQm2gJ9cU/lIkmVSdNDki7mXkHk3LESdVtL4E/xOs0DY3t03ivgD6b5PQ8jD0Qlzm2RvSK4/
tqV8g8lcd1HAe0Jnt63rnTfV4vL36NM2V8nVOpp5U2epHx8aHX/Ntemwg0BOVRSlRuRRb28l1JRFTytcOzqu3ahyWBdPYmB6teI6BHXdVcwx70aa6xXkwnhJ0cvaN3afe21Jrjw=
IKv0CYg+BUl0AgoocWaoF8LF+4FWTZC1LVMqZWAW9RSvG2IaX1VwKW+d873ET5PVRMJFHIUp2jgv+0CHcB9U88Y6shN2aSAfaMf2ebnsn18JsvZmEA46BsUeOEBCNom+qOY7Pn9Pd4gL4RSkfz2Vcu4BJQOuz4m+CsV8MzSJzV6AWc7EfQ39bOn/nhozBTwikJnZC1LHnn+DnbGuxA==
l0geWv47j7164P1p4StggO3Gqw31jDM+uon+BXMQWs7wtWUvJQdpky/bDlCkP+wtk6yVAxsnDAn68zVKXpu4hRL0S6FrNI+T+HpVaVo6xjVvO2RLSGdFEXeuAg==
1PJZd9JG+ZBxSSYCqblvvS/O4PUwNKDVFRghuAix0xWynNv7vPYjCPjWre8KoPPhnofTcAOpGbv77N8Qrmc=
1PJZd9JG+ZBxSSYCqblvvS/O4PUwNKDVFRghuAix0xWynNv7vPYjCPjWre8KoPPhnofTcAOpGbv77N8Qrmc=
acDcQ+cygWIuiY2p/mSgaLM3oMTIMbe/ACmJ2j+mtobjgkOljdqks5gLgJ5kKUtE4QmP5zxwso/MFgVqFtCO0tCs3r7c6o/i81DxKUqKqipjv1p1eU8EOXBng10lWS9AvEl7i/d++g3nV2PzUDQk+IsYAGNSO5bw4wkXCuZJ
