0fi3jUex7imE16RPKNVm4x9GJHh2F5kmV8k8R6ClqaxTYTUbZwMXW5VqKDtrx8hMXLka0SVraQ/0AseVito+cds1fvkxXHf/UcJOpsheQiYtDjBASiZhntC24/7HPy8o41GcJPfNPRK2sd3D9p+xXiLVdDM8meU+uIkWhAW9JYxBjxGZu7ZWgkBpYUoKF2Zf642ltN4=
OlSquZI/TRBNCgIwKGX8zmywosA5spTupLWepvyLBrVFr/jzHIGNCwwFXIFlf2QzFpoik8aJ0N84p8Z5SczPH7kSBuaAbmrGNT4oQFIWeX74hqu+j+/HyFvB5KRPXcWyHuGVgz5vWX46pWwzJGn9HtD5XkTNbY0sOR+pGUMm7uIoOamKwidOP/O9vbTG
QMfm97Kzfb3Ll8mF/Fs4Inz2i6wX3pP5OBPeACfmhs6+Q+gNPC6vZESQjOrQO8M/R2tMUz+5hJGEJMKddRaQ0rJDRoFRaW7TRgOi/bPzsnnjQlkDWsuo5hxj+PVuJ4bb+Jn3sHHnh244Fj4SVD4LQpbA7GpHhsb6FU6xk/kw5b1aRHEhe0qgnatzABPnhgTZUvOaFUPm7oXgtHMRs9QHYxf5fVrQGpZFF3r8W/DHTcGDtPg=
ynw87a/5b1nMNGXmAZvqPfqWmuTT9mkpU7qcfoHrixGDigcd87ikQFU7R1/EYVsbeycDmQFdCTxWQJsgnPV+LczNqkRoY4CX3Iaq0biI1vL90PRaxx+0Wmfq1mePxrvzrZ6y6xPHU0EDYqpZZ93MUN86sFh58qn2/CEm8fea0q9FKRPCq7a0ww==
qAO3d1bVo3sI5hF4MSjaFJjw07PMFvHARb/JKCwcAJbS56n5q0OgU4mfqy1bTtexWy0k3O2ft5MMVTtnYyMTdemJSWAuJCusFAHekZSJ+mhAd4CL5KLanfA8Ng5lVGQ2r0t0hp8O5muHspvPdVpiR7tT0927xlqVr+msLMc+oLSRJumqhEWWfX9uchMdbUPug6K03w==
w9q1XRr2beMrWbDz5hUHAZjw07PMFvHARb/JKCwcAJbS9qH3rUyhAYmfqy1bTtexWyIk3O2ft5MMVTtnYyMTdemJSWAuJCusFAHekZSJ+mhAd4CL5KLanfA8Ng5lVGQ2r0t0hp8O5muHspvPdVpiR7tT0927xlqVr+msLMc+oLSRJumqhEWWfX9uchMdbUPug6K03w==
nzSg5Lld1nvrE4zNyDNR7Upsm8k0MnPJcaIVEOoT2BPEWFZyRVMAKt+951Oy3wXi6a/rKRNU86kU6RbrUmOWJc8jHhF2xM/r9ptUviiD7M1yV6rzjFlD2J1XG5astspKaO5naoLA+EIrVvqi4e4la2WACdXuhAUJVzq8pb+TNEsb1qgxxnMOfe82kl3U1GcpryQrS+O5ybK8qgo9g9qIg8yXoemXtOw=
wCf8AqMVPIYWU9H9WzJe2D95bBOHbXvHNGeljpyd+xJWXydBmJmqE2YDgj3Tc1K5i0W7QzpLSKY8Y9i1zqcmm9iZl/CRZ+eu2BZe0vS+q4K2wMyq5wZmOnVOUVOZsAX9OkRRYdvKAN2LcyBTBwZkmbLz+tWjZo5FwLRT0RNUp6M3+Z2asJp2BXd6HBtQR+2Bo7TY
VSZC3KpJoO0OQd7C9rkrAmyHJpfKFiHxjv+ivcox0SiW6o91+vC6rg5vKmoqLlXpWdfrZYum99lLIyXU/feXe9wdey+zy7MdeQHJ6L5Mi0TESZ7ZRGHaAFB/gIP0yvp1IHR2RrW8xF4/w/QOD2ZGg1f624elskIvq1vT1auuen1/oexkF9YA3AGuaSIULTaVryYyW82FY4aTqrTX
lHjxJNX+saHTYERrjShCX+TgigXp/llP7ywEFCsoNoCE1tMnDd+9zfsbh7Qf/x9q5RohVe/tWOfLsd95e9tNa+nGQk6TMuCTTucIM3LmxPUADWgoQiNkToaYmc7MWMvplGAzpJ41M2BLeSkgKol/kZOb94yCa3vb3Hr75EiatUTJjGivrmMLfGLlAVdL4IegtNk=
xJBYY9NIIE73aYSYYX/OLV9VLmJvGJh1TcA9R7Swo5ZTP3p0AW1+QZx/MDNU8eUrFPVOhX0PfBP+aurTjtl4f8A3fvkxXHf/UcJOpsheQiYtDjBASiZhntC24/7HPy8o41GcJPfNPRK2sd3D9p+xXiLVdDM8meU+uIkWhAW9JYxBjxGZu7ZWgkBpYUoKF2Zf642ltN4=
W5RgK+VBsFXTZbj1bbSGZLaxfxARuJ6E5dGShGdro0Muw0rN+1NKyZpHo7Mia2DWdCMQZSYHngugGS9gaYdP/pBWFuIcXrOyrsDUmv/mjgo9DhkDMVD9bYLEKfFjaugNQzNoIy8mfGmq8+Klu0amtQh0G4F79B8zz3klCsj63tW/utQrOCf1sbu0wA==
IOMI/IvRweHC50IYZfUmXy/PYY3MF22u3ayh/pdjg3WX95YrpbX2v0JtNnlvZVXpWdfrZYum99lLIyTU/feXe9wdey+zy7MdeQHJ6L5Mi0TESZ7ZRGHaAFB/gIP0yvp1IHR2RrW8xF4/w/QOD2ZGg1f624elskIvq1vT1auuen1/oexkF9YA3AGuaSIULTaVryYyW82FY4aTqrTX
lKq1GXKMkkSrcVF69MzkLT9jYB6FLDKPK3D8g9DCp0BURmZBmJmqE2YDgj3Tc1K5ikS7QzpLSKY8Y9i1zqcmm9iZl/CRZ+eu2BZe0vS+q4K2wMyq5wZmOnVOUVOZsAX9OkRRYdvKAN2LcyBTBwZkmbLz+tWjZo5FwLRT0RNUp6M3+Z2asJp2BXd6HBtQR+2Bo7TY
yABa2FVAr/0HYLO59I4ZKTrYiZjU2JM5P43TyykYda+hG8u5SgF9geJvs558MI1c/ekntgosx1PFUd/ZGW/ZlNTi2RfpKo944nLez1M+OSpTns8zmHoYgwtVPPlSqumSbgduDXWTJuMi4HJryC7gwRMQqilx80u5k3JnFUPhpSeFA+eXtPkbM+tf4xExhYnUBvi7aGztvoXcNcpM2DuA/wy+ChnIEJbabagU0vfHNLI3UvYvf957W71m0uOjn1Mp01oKkRdFjHhPQlDQSSopHqyZBrkHghIHVdFzyhvutKs=
IebD5//WMY2GpqZBanSr2CHb59MvV2iTwRoq4AbqoLVNgyRBt6IQ4w1BR27aZIer9Tn/wQln2aykyjlPueJPAFKaflfDtrmSozav60gyWHs7PRzhQqLpqh4vjlUlW+abkgjS81imYHnjuMrxobsLQaMaRw1T7qMf9SsHz+Qx20tbt0OJoQ0JbPZQ27C8pf597F3qVMgzgMd8lupBmNhWot1AtEpnT7QKx/qW96+WO6ONDvL7s5dTEaNy6slHjUwA/6rwSNmiqaZcMWZh18pS/2W5U9IL5rST
qSQGd4D6BWeMoZud+mUle6csX9Ti+wWnX/QmLwr+hW/0d5Rt55Grlc+U+1hHI8pIbKAOGwqvwPhAaycuYrutlbvDFzx/N+9S4y3RnY9lyD+L6c9xW5P9k2m+8oazOvBLjr+Yu5KutM0ANRhgoqv0FkZAicbskHuRFJiD7L49IzgLobmoSkGPqZOjB0Ti4+sDnCLr7GjSBbxJ9NhnjmsbpKK9kd+rqPeYtOE=
BcBVEPUxeP+kso60U26yGD95bBOHbXvPNnG32pGU5UBWWW4V1szYE2YDgj3Tc1K5iE+0QzpLSKY8Y9i1zqcmm9iZl/CRZ+eu2BZe0vS+q4K2wMyq5wZmOnVOUVOZsAX9OkRRYdvKAN2LcyBTBwZkmbLz+tWjZo5FwLRT0RNUp6M3+Z2asJp2BXd6HBtQR+2Bo7TY
Uq1nRomLSjqxAWA8rBh/drb6gAu7lBxS8yxXHhcocsXQlZZzSLu9zfsbh7Qf/x9t4hQhVe/tWOfLsd95e9tNa+nGQk6TMuCTTucIM3LmxPUADWgoQiNkToaYmc7MWMvplGAzpJ41M2BLeSkgKol/kZOb94yCa3vb3Hr75EiatUTJjGivrmMLfGLlAVdL4IegtNk=
zfjm3K6hCEHmscoNQRUoI+aMhJGU248DHdu12dtPz/BPW7f6YoCJ8b+pELPrpdd9a/9lP6mS6uoDtmgH7rNAdyLC7OEAGUAMEmcsGiYMEUpc/GO91DQbgI4xO3RrLWFkei3XBRMPXyjSLzOP/G7z4Fi+nRCJ2MALPueD6MKxSRMbxK+0tM0=
Vi8ULHc5qq+18h892kHwnwMWESd+Ja6BTN+gsyRRVevkFVqCY28MU07KGlMeeSg/kBdO+cG8p78Bot4meL6y5h0uIEBaBlFeIFZTfldff2gzsWwkx+1tUuYRTUMGPwEeUrVkMyx5Ff4IKWYElR31TJGvIZnL1gZCkInxyrp3Fh/brbW0zg==
iwZSG0FNI/1V7iHgdnbzU+SMhICWzYsDHdu12dtPz/BPW7f0YoCJ8b+pELPrpdd9a/9lP6mS6uoDtmgH7rNAdyLC7OEAGUAMEmcsGiYMEUpc/GO91DQbgI4xO3RrLWFkei3XBRMPXyjSLzOP/G7z4Fi+nRCJ2MALPueD6MKxSRMbxK+0tM0=
twxQei4izykl9/uW3zX9lwMWFzFiOK6BTN+gsyRRVevkFVSCY28MU07KGlMeeSg/kBdO+cG8p78Bot4meL6y5h0uIEBaBlFeIFZTfldff2gzsWwkx+1tUuYRTUMGPwEeUrVkMyx5Ff4IKWYElR31TJGvIZnL1gZCkInxyrp3Fh/brbW0zg==
NVcZabHRWzzm/ROwrpNOpgMWFidwPa6BTN+gsyRRVevkFV2DY28MU07KGlMeeSg/kBdO+cG8p78Bot4meL6y5h0uIEBaBlFeIFZTfldff2gzsWwkx+1tUuYRTUMGPwEeUrVkMyx5Ff4IKWYElR31TJGvIZnL1gZCkInxyrp3Fh/brbW0zg==
6a55O5oXEb1t6HiZPrmnohYDqJuixQ1blL0nXyVlLhDqC/cPa14fRxZIgquahix27tmuFhdMV/2QcOU/AsYx2567jO5gQyS9yrcCYxTZ20h192MmZPaCmrCOT5q6wMCyAzYicqmu7dsdIOFFdgSdmf/aBNV3U3wbw/bAAT5zdk0HFsqNHJQv2RdEg9t7OVEi1AryjcsaQNOUd4mZr7TU
nnsBePNBYMFVChRwGmnKzFfxZUaFp39JKmIqDuYJ/RNcc6lRThZ0KpKEt+n4qUKgvRHUaTapJfLUGfYrIXQdN8enjut2R84rUBkfADnHnx4A1maCrJ5Dkr7AxLoPJj5qTY6J4+EQrQ2yxNnRMyq4rdOz2INfZkyJuvPyxYuGVhW49IshqzTPE755FeoYOo61Lzoky4hnhZGrtNA=
vIJNJGrGqZdzVHYtOJIKp1fxZUaFp39JKmIqDuYJ/RNcc6lRThZ0KpKEt+n4qUKgvRHUaTapJfLUGfYrIXQdN8enjut2R84rUBkfADnHnx4A1maCrJ5Dkr7AxLoPJj5qTY6J4+EQrQ2yxNnRMyq4rdOz2INfZkyJuvPyxYuGVhW49IshqzTPE714FeocOo61Lzoky4hnhZGrtNA=
acDcQ+cygWIuiY2p/mSgaLM3oMTIMbe/ACmJ2j+mtobjgkOljdqks5gLgJ5kKUtE4QmP5zxwso/MFgVqFtCO0tCs3r7c6o/i81DxKUqKqipjv1p1eU8EOXBng10lWS9AvEl7i/d++g3nV2PzUDQk+IsYAGNSO5bw4wkXCuZJ
