UQ8MunB2rRUMbfbgOQTYTh9GJHh2F5kmV8k8R6ClqaxTYTUbZwMXW5VqKDtrx8hMXLka0SVraQ/0AseVito+cds1fvkxXHf/UcJOpsheQiYtDjBASiZhntC24/7HPy8o41GcJPfNPRK2sd3D9p+xXiLVdDM8meU+uIkWhAW9JYxBjxafu7VVgkpoYUoKF2Zf642ltN4=
a/5jr/mpkom+X4LTOs73aWywosA5spTupLWepvyLBrVFr/jzHIGNCwwFXIFlf2QzFpoik8aJ0N84p8Z5SczPH7kSBuaAbmrGNT4oQFIWeX74hqu+j+/HyFvB5KRPXcWyHuGVgz5vWX46pWwzJGn9HtD5XkTNbY0sOR+uH0Ml7eIiOKmKwidOP/O9vbTG
/E9SntRSf7J9WcWqalWlJXz2i6wX3pP5OBPeACfmhs6+Q+gNPC6vZESQjOrQO8M/R2tMUz+5hJGEJMKddRaQ0rJDRoFRaW7TRgOi/bPzsnnjQlkDWsuo5hxj+PVuJ4bb+Jn3sHHnh244Fj4SVD4LQpbA7GpHhsb6FU6xk/kw5b1aRHEhe0qgnatzABPnhgTZUvOaFUPm7oXgtHMRs9QHYxD/fVnTGpxEF3r8W/DHTcGDtPg=
AHWPpQYQX93Lpxem6dTExfqWmuTT9mkpU7qcfoHrixGDigcd87ikQFU7R1/EYVsbeycDmQFdCTxWQJsgnPV+LczNqkRoY4CX3Iaq0biI1vL90PRaxx+0Wmfq1mePxrvzrZ6y6xPHU0EDYqpZZ93MUN86sFh59a/2/yIm+/aa0q9FKRPCq7a0ww==
0/29jWOv4YSWCLj1PUp1qJjw07PMFvHARb/JKCwcAJbS56n5q0OgU4mfqy1bTtexWy0k3O2ft5MMVTtnYyMTdemJSWAuJCusFAHekZSJ+mhAd4CL5KLanfA8Ng5lVGQ2r0t0hp8O5muHspvPdVpiR7tT0927xlqVr+msLMc+oLSRIe+qh0aWd35uchMdbUPug6K03w==
6x8XYZuUQKUA+8rh3QsUCZjw07PMFvHARb/JKCwcAJbS9qH3rUyhAYmfqy1bTtexWyIk3O2ft5MMVTtnYyMTdemJSWAuJCusFAHekZSJ+mhAd4CL5KLanfA8Ng5lVGQ2r0t0hp8O5muHspvPdVpiR7tT0927xlqVr+msLMc+oLSRIe+qh0aWd35uchMdbUPug6K03w==
SSnrevEdaSQSgVSeoDsTQ0psm8k0MnPJcaIVEOoT2BPEWFZyRVMAKt+951Oy3wXi6a/rKRNU86kU6RbrUmOWJc8jHhF2xM/r9ptUviiD7M1yV6rzjFlD2J1XG5astspKaO5naoLA+EIrVvqi4e4la2WACdXuhAUJVzq8pb+TNEsb1qgxxnMOfe82kl3U1GcpryQrS+S/ybG/qgA8g9qIg8yXoemXtOw=
rdWMqOjSuvLpJcBUp0n0zj95bBOHbXvHNGeljpyd+xJWXydBmJmqE2YDgj3Tc1K5i0W7QzpLSKY8Y9i1zqcmm9iZl/CRZ+eu2BZe0vS+q4K2wMyq5wZmOnVOUVOZsAX9OkRRYdvKAN2LcyBTBwZkmbLz+tWjZo5FwLRT0RNUp6Mw/52Zs5p8BHd6HBtQR+2Bo7TY
aFpW2aLUjmAv5rmcWBXokmyHJpfKFiHxjv+ivcox0SiW6o91+vC6rg5vKmoqLlXpWdfrZYum99lLIyXU/feXe9wdey+zy7MdeQHJ6L5Mi0TESZ7ZRGHaAFB/gIP0yvp1IHR2RrW8xF4/w/QOD2ZGg1f624elskIvq1vT1auuen1/oexkF9YA3AGpbyIXLjafriYyW82FY4aTqrTX
AfaE4Bhngeq54IpRUkm6SeTgigXp/llP7ywEFCsoNoCE1tMnDd+9zfsbh7Qf/x9q5RohVe/tWOfLsd95e9tNa+nGQk6TMuCTTucIM3LmxPUADWgoQiNkToaYmc7MWMvplGAzpJ41M2BLeSkgKol/kZOb94yCa3vb3Hr75EiatUPPjGusrmkKfGLlAVdL4IegtNk=
P34Kc8EeEdKT1KnJlv/PdV9VLmJvGJh1TcA9R7Swo5ZTP3p0AW1+QZx/MDNU8eUrFPVOhX0PfBP+aurTjtl4f8A3fvkxXHf/UcJOpsheQiYtDjBASiZhntC24/7HPy8o41GcJPfNPRK2sd3D9p+xXiLVdDM8meU+uIkWhAW9JYxBjxafu7VVgkpoYUoKF2Zf642ltN4=
9fyuNt52K5TY1/fSsEOM5LaxfxARuJ6E5dGShGdro0Muw0rN+1NKyZpHo7Mia2DWdCMQZSYHngugGS9gaYdP/pBWFuIcXrOyrsDUmv/mjgo9DhkDMVD9bYLEKfFjaugNQzNoIy8mfGmq8+Klu0amtQh0G4F79B8zyH8lCcv61NS/utQrOCf1sbu0wA==
AFV+RHjhwV4SCxWToY8YPD9jYB6FLDKPK3D8g9DCpEBURmZBmJmqE2YDgj3Tc1K5ikS7QzpLSKY8Y9i1zqcmm9iZl/CRZ+eu2BZe0vS+q4K2wMyq5wZmOnVOUVOZsAX9OkRRYdvKAN2LcyBTBwZkmbLz+tWjZo5FwLRT0RNUp6Mw/52Zs5p8BHd6HBtQR+2Bo7TY
ttqhqGsuOs+qaSfM4tnl9TrYiZjU2JM5P43TyykYda+hG8u5SgF9geJvs558MI1c/ekntgosx1PFUd/ZGW/Zg+T7pxSMKo944nLez1M+OSpTns8zmHoYgwtVPPlSqumSbgduDXWTJuMi4HJryC7gwRMQqilx80u5k3JnFUPhpSeFA+eXtPkbM+tf4xExhYnUBvi7aGztvoXcNcpM2DuA/wy+ChnIEJbabagU0vfHNLI3UvYvf957W71m0uOjn1Mp01oKkRdFjHhPQlDQSS0vHq+aBrMGghIHVdFzyhvutKs=
w4Pd4UG73itJfNF+DS1OeCHb59MvV2iTwRoq4AbqoLVNgyRBt6IQ4w1BR27aZIer9Tn/wQln2buU00dM3OJPAFKaflfDtrmSozav60gyWHs7PRzhQqLpqh4vjlUlW+abkgjS81imYHnjuMrxobsLQaMaRw1T7qMf9SsHz+Qx20tbt0OJoQ0JbPZQ27C8pf597F3qVMgzgMd8lupBmNhWot1AtEpnT7QKx/qW96+WO6ONDvL7s5dTEaNy6slHjUwA/6rwSNmlr6ZfMmZr1spS/2W5U9IL5rST
Bwggu82JVk+VxITE5ErH6qcsX9Ti+wWnX/QmLwr+hW/0d5Rt55Grlc+U+1hHI8pIbKAOGwqvwPhAaycuYrutlbvDFzx/N+9S4y3RnY9lyD+L6c9xW5P9k2m+8oazOvBLjr+Yu5KutM0ANRhgoqv0FkZAicbskHuRFJiD7L49IzgLobmoSkGPqZOjB0Ti4+sDnCLr7GjSBbtP9NtkjmEapKK9kd+rqPeYtOE=
vaveZMsSrHnpCQ9MvCDlC8WA0RUuxCNoNb3HbgMp7lvayu2L1BN8Wfdlo5HPkPOsVxciLExEZi/a2wg8AK/vWrIPxXEbp/+I78Nn1mOpWWkf0SBbKw2nxYvnNVcpejryYw6Yr67bcI+CWrzJADEQlLKfHHJmpOHyPOSzVVRcS5huiUvcq8VRHNq1By0TJ4+wclcDZzzGg1i4ps1/DzATEF5VckCC2Xnru1z/nLTl
m8AeM+iU84xd0xi0klizRf5ZMixjm1pW5aEHPfa11nzsTrdzMEya9tZ74CUSTxFxK9OarKfE/fxQRm6ez5A+Hc0Gkrvqo84VJ0MmAXXDyPvOezyO8MNUHRr3MoME2ctoBTezRtR2EjpAzh96isDwUlN20tI5Ll27zeCRZWYEjXnPmtR1B9Pse3M2kCHOcwZt11Z6bYwU33lHhLO7bD9BASdKqGx7mtBz5LdZ+Z+05A==
0gFzd51Ji7HjDg/+9EokWWN72lqrxwSi0ngDda5EKVjyYcI8+bnEHXBT/2Onk8+Oz7YvARY+vGpKxbL9LF7gkbOg6jkRA8tps0KnhaOUo3cls6eH1Amb48tvI4HR9YmEpkj7eAwdPlX8BQrcOEuAr6wOSgmo4BYKTZjUQhe3NOKX4rY/Hy77i51WEnND71N5c+pKgXe1DKhvcpBAqV0vTg8qRqNmcpLXdeGzWvuetPs=
wqNWdMItzBGEmeALIbquGz95bBOHbXvPNnG32pGU5UBWWW4V1szYE2YDgj3Tc1K5iE+0QzpLSKY8Y9i1zqcmm9iZl/CRZ+eu2BZe0vS+q4K2wMyq5wZmOnVOUVOZsAX9OkRRYdvKAN2LcyBTBwZkmbLz+tWjZo5FwLRT0RNUp6Mw/52Zs5p8BHd6HBtQR+2Bo7TY
Cro0ndCUqLceZ6xDzXyf+bb6gAu7lBxS8yxXHhcocsXQlZZzSLu9zfsbh7Qf/x9t4hQhVe/tWOfLsd95e9tNa+nGQk6TMuCTTucIM3LmxPUADWgoQiNkToaYmc7MWMvplGAzpJ41M2BLeSkgKol/kZOb94yCa3vb3Hr75EiatUPPjGusrmkKfGLlAVdL4IegtNk=
+k6LZ0n6C41kfIwuod4jQuaMhJGU248DHdu12dtPz/BPW7f6YoCJ8b+pELPrpdd9a/9lP6mS6uoDtmgH7rNAdyLC7OEAGUAMEmcsGiYMEUpc/GO91DQbgI4xO3RrLWFkei3XBRMPXyjSLzOP/G7z4Fi+nReP2MMIPu2C6MKxSRMbxK+0tM0=
IRJQBjEzZE0jWVEFNvqQ4AMWESd+Ja6BTN+gsyRRVevkFVqCY28MU07KGlMeeSg/kBdO+cG8p78Bot4meL6y5h0uIEBaBlFeIFZTfldff2gzsWwkx+1tUuYRTUMGPwEeUrVkMyx5Ff4IKWYElR31TJGvJp/L1QVCmojxyrp3Fh/brbW0zg==
x4pI2+jRHSYHnYRhXmS/jeSMhICWzYsDHdu12dtPz/BPW7f0YoCJ8b+pELPrpdd9a/9lP6mS6uoDtmgH7rNAdyLC7OEAGUAMEmcsGiYMEUpc/GO91DQbgI4xO3RrLWFkei3XBRMPXyjSLzOP/G7z4Fi+nReP2MMIPu2C6MKxSRMbxK+0tM0=
ZHnvXY0DS+PaImhbaMC9AgMWFzFiOK6BTN+gsyRRVevkFVSCY28MU07KGlMeeSg/kBdO+cG8p78Bot4meL6y5h0uIEBaBlFeIFZTfldff2gzsWwkx+1tUuYRTUMGPwEeUrVkMyx5Ff4IKWYElR31TJGvJp/L1QVCmojxyrp3Fh/brbW0zg==
bdvaZfggxjtjkencjR9sQQMWFidwPa6BTN+gsyRRVevkFV2DY28MU07KGlMeeSg/kBdO+cG8p78Bot4meL6y5h0uIEBaBlFeIFZTfldff2gzsWwkx+1tUuYRTUMGPwEeUrVkMyx5Ff4IKWYElR31TJGvJp/L1QVCmojxyrp3Fh/brbW0zg==
kgWxoW/MQwnkcxLqhzXsmen7Hr3Frqz7iWyTg7PJ6wIv7/KTgO80ajWx1Q1ieFmvJ+d9Eoj5+RUNWFgCJfLfhfV3Q8khTQksdhDbcDxl/r1sneoUSHOAh/zW6oEYGFZiXYC0CucPtEpHupY3L1Y7Yw3O8rsz11NRIzLqCcdNTMB/avAIWeav5t9yZqtWClI/5XlTkoumtNM=
dTPI9cYxfFmUNXtojW+tyOr3UKzBuOXljXOVj66A5lABy5ypyaN2O2jr1V0sdmSIK900XsimplZ1awcPZPHbi9t3Q8khTQksdhDbcDxl/r1sneoUSHOAh/zW6oEYGFZiXYC0CucPtEpHupY3L1Y7Yw3O8rsz11NRIzLqCcdNTMB/avAIWeev5t9yZqtWClI/5XlTkoumtNM=
TCPN3WkX6mH+ca0/aq2Vhi9dtPHYjB7nAyv3tbw/wZaY1vjQ/11weqjSRc2RbgxRfNuw0l6JxlEkYkRU85lk8ioSJuqNz3dDrCW7l8NzU6UJuUlQzvRr/LTxXuE0WTo4IEeAu4TyGk1QTLb+xQQk5k97dLZ/3qY7J0Ibv9WKohfbY9Pt25aaRQ+ZLNxnbuBkcRPvmmeW1ifenvJjvb2DvuOStO8=
9G3tiLwVlTvjm4yNOmGOX41ZJSxj31pC5NoHNLGFyF/ZbZxRNnLU8uc07CJbfE5jJ9jVpOneuaNHWm6+z9l7N/4oiaHusLRgQXpsS2mGlZD9JBzw14VQHlz5KYEE2ctoBTezRtR2EjpAzh96isDwUlN20tI5Ll27zeCRZWYEjXnPmtR1B9Pse3M2kCHOcwZt11Z6bYwU33lHhLO7bj9BASdKqGx7mtBz5LdZ+Z+05A==
9G3tiLwVlTvjm4yNOmGOX41ZJSxj31pC5NoHNLGFyF/ZbZxRNnLU8uc07CJbfE5jJ9jVpOneuaNHWm6+z9l7N/4oiaHusLRgQXpsS2mGlZD9JBzw14VQHlz5KYEE2ctoBTezRtR2EjpAzh96isDwUlN20tI5Ll27zeCRZWYEjXnPmtR1B9Pse3M2kCHOcwZt11Z6bYwU33lHhLO7bj9BASdKqGx7mtBz5LdZ+Z+05A==
mP3L530UnOspkajwMreV+bs1cE0qT0llR3KNbuBq16IecL01whH++VYzerz55fw2htkdw5i3t5H4cNFBirTDwF0tVeTppHCtuY+y5X+2BZXiXRbElAF1EVhQdlWJFHodb1VnYDcXYO6jY8rorWFU+2Wk5/+p0moqA/boR+5zwDciAmyhAFnAzBInrNomTJEKXDzj/dT0m8CO8bu0a23hpHptV8UTz99o0u+zz/yucyBY/h3TjphDyD6tAqjCcclTGwQv9LSN
/IzoWJB8+fVr+C2TLcB7gGO4IuLNcZ2fj3zBcXqNKJirrekqqFZPOhUxiypzt8DiJjC4qljYAWFqiq8iaseGSJCJgPSLw2yi6wWJiY7/cWkz3gxlxHC4R5kTaudOLOFkRqug9MsE2AGr3HSbFq1VV+Bu759IKJV1LuIiAVd9ejm1lHvPzbqqhmzGPjZhhvRAjq4tjqwuR94jR7MY75kY5POFsWKqiXkjkocNzu7dsLN4kamuBJHy5KGFOXzNRxbeP/1ZstaQBWquj5pPJwXhtJo=
tqOvDzQhYQ3PVTbA+Sm3JzI1PeJlXyNlbwD8RQYuGm78hFtKTlg4/ZmcZHgomuH8IVF2qLN8wQT3l8hjasIWc9KxzK8UjzK5/aSjryXqkkb0NlYW2RY8QEY+la7E3t8eGxdbeDepUGS7denCAtmBYwo3JS6WTfizsAFRziwhaiTZVZHcFTfdXvfNAVK+QD0qNv9yb5+VqbTS
YE9J+6XF0RPPVaY1cnJivFjgju6s7oV3+ZW8r5ZbIjrulbKFjcZSnbRr2KQ09mcH/JiN7WSYqSF/WbADa9W3zasvhS+pgoq6QwaI924D4AdikszxAAlgXFIXjKqm/PH6HKwDrdQk+1BOgVsE653BlLr99xUTH3/4Et+TP3wek1CYbn0AjsijWH5dYhhCAeljW5SPpLTd
S4mh4AYbgs0U1bAbqXrbfN/4242Yog+Y1FQMv6lj2N23iAxpRuYQl1yK23QIqlWTztwLnG75Kgzi1eHHC5AncLQJ
0gm2C37/6hUTutq6m12FF9qVjmQcPReX3h5wo93qrJy8fFN/x5sv7enwNDJaLaqBm0ShSpzqG98nH30sxfH4NllD/sZ5pF13aFntSrPFiZSGuLso7K2+xVx1ygxYe4C/jP4KWUhQlprt6BSSd4c08rcS9m//nnsbPSbSoyPfU2lTGgrRlwWMOM8CUJDJbS5eL9oG84bCEkfVkXOKm6606w==
f2nQpwXlbRqKmFWur/m0Du9G837/Zok4M5eOMbM5DmC2n3mD1RfQOQ+axhnDtZmDuI8L3sfbYYM0McE1SyEObSmzbJBRTX5O5JgyNuaGBC0fSGieO2FYgEqvD6sW2YXfLCL8c0tJxtFqN2KjNNk7CNV3A+ZE9mLaEA4vWprA4HJjtoIySa7NG32gQQWWBL1Zn1qklZdTXNujdmBB3nMWjaeWKs08lE8Zt8Rjm18+MeF3ihjM6xogEzT3admPtPQ=
qGzr2Or3tjqwzim+tjZwIB5hpJUnE6jvXt87ajVlP4YeKiey9ikh7+/oJFluRv0NpHTbATv037MLfmWJC/oUVP+6FKv4J7Uxe7QA
xg6NyS10Sd2e/Xatc9DMYTfV4vL36NM2V8nVOpp5U2epHx8aHX/Ntemwg0BOVRSlRuRRb28l1JRBTSVcOzqu3ahyWBdPYmB6teI6BHXdVcwx70We6xXlwnpI0craN3afe21VtC4=
QkbD015bzktpt8YWk1GRf/aEJ1eNrSoBhh6IHc/VDwesVF1eWt65kPkuSkoYFZvhkQm2gJ9cU/lIlmdcdNDki7mXkHk3LESdVtL4E/xOs0DY3t00jvgD6L5NQsjC0Qlzm2RvVLQt
91+afWvakz5LoD4HJ06BERd+YCxRRiViWuLBrAkSMvb4qeNdYbXOPF9gK8W4qh9glOycN0kr6MW3kDwhpm6ALxxyy3wo4qUITkR7VE7xOnQibXFPa1gXaLQR
8l+8/vuugGTf6okS+MqOqippy9cvmVEZQ08tZlrmybgZBhoS2M3LiTHhBvgfpOOR6H63BDQINKPZv2BBNxS0tTb6KMu8FmOoeLZtzA6AswAeJRIQAolZW3tMH2y0FQ==
bYZCiiiTbjigJP1ihaWLzQNa5PIeq3ADdE8tZlrmybgZBhoS2M3LiTHhBvgfpOOR6H63BDQINKPZv2BBNxS0tTb6KMu8FmOoeLZtzA6AswAeJRIQAolZW3tMH2y0FQ==
wVhyQfBO+TD8IxTljym4MnM1mRjFp93noeDaZE02kZyGhEg/f/eJC6qevwaHPwDEy7LEWmB9AfUsh/dWcHt+oPQd7CSXlgCcgepuYpduNt8uZjKbTUVjRhNqtBc=
JjitjRo+YdAVFnrmfI1zoY1ZJSxj31pC5NoHNLGFyF/ZbZxRNnLU8uc07CJbfE5jJ9jVpOneuaNHWm6+z9l7N/4oiaHusLRgQXpsS2mGlZD9JBzw14VQHlz5KYEE2ctoBTezRtR2EjpAzh96isDwUlN20tI5Ll27zeCRZWYEjXnPmtR1B9Pse3M2kCHOcwZt11Z6bYwU33lHhLO7bz5BASdKqGx7mtBz5LdZ+Z+05A==
0WVAFcg0VkMYvmSZQpn8Vh5hpJQnE6jvXt87ajVlP4YeKiey9ikh7+/oJFluRv0NpHTbATv037MLfmWJC/oUVP+6FKv4J7Uxe7QA
DWVcmJVsdaOdfke5xrn6QD0yKF+CEo71CFcZQd+q8mwyNevWMBJuaTljQq4Pp/u9WneTHuyeowNVgczHwQwj0bW7PKUPwjW2Chx8Fs1a4ScFWqBC8RgwnEZZ3JUtoARCQp4EbWXuXEs7rsSFXOBQh/EjkMME/Hnk3ntolPP08EEDTOw73p0tVxhepz/QuD21BpIa4R8t4rktxLPvtYpCxgRWplYpdsxAtl5l7jS+L57Ld8s4J8mAZGvV+YKS+VHjOheVbqbtSLMAoWEOnAFapIl1ARwFl4hepy0Rki6gbapGHwKv73XZtKI=
AX2Z8VUMZYYAxDmlINKjmB6xsbMxk8X0llc8/2MlUXl3fXP9THkp7egC7kp9dG9cOznVK8yPX5l6b5jR7tgLXY3RMOF3Xdar/t+yqPwGz7wwO+4Mtq/s98tPIVg2k7rLBI/R6HDTy7osRwHZZtcPaKnrT5lyxnRPyZsAZoJH2er2h6dzY4L3efxE23Xemh3/OEGNosM9CVyWYBsA3BV+zYztKmSoA4D3HKYq8fho1hK98HR6B3+0OqfKVkfPJrsT7b4yy9OnUyHDQip5Jz3MsJ8aMHi5l66WPwKm27Z60k8FCZPia9a0ow==
lraP/smFBKYPy4VfJCBBLS50e4CMDQdKIBEjEWTHTdwN+8YNj8eatjeE0YFmmsgs6z3UgwpVbYZuGTAXn2EVfCFSd/W5+3NNG+4kBTwgcIfR4zdH47wZ5P47yBSTtBBBY4xMu35dTVf4Hge/cPjdtWZS+mG/7cK5zQTTbxXKYsYkFkbWSbbsQJaeBW7U/g+e6zdruEcJYGRLFVkCcjkx49pXNe4GraizYGHBjjzBOqRpNWGcpdenXsdt8RKOYE2qZt9iLw81+bSC
vHOydzEo8mPjAySpdY61wIaz72uldUfwtbBJ8foStx5ApPrEmjFPg88H3/DyLH65Y/MfM5DjojTbNrcs+v1HIbnf6b5VVrR2kddtEdNrYim4jAPSNR6nliHHVyVMkWed2ZZy6eod+K35lmTZy7wgNRn2lgIhHvUoh0fGrBTpJQm46Ab9SXxK5c/Nt0g3P7B2A5v6gG3JJEOFvLcXKbq6MmNOGO+um/BPgpo8iQBxkFSyX5wyZuRhsjwkM5VUHMvYbknLHKsF0Vza9YftE+cP8HIXg6c8BgOYuOZNMg7wk9BeFfIAgpn5K7ucf9y0pQ==
GwglzbC0sLkpRvRdRr29Foaz72uldUfwtbBJ8foStx5ApPrEmjFPg88H3/DyLH65Y/MfM5DjojTbNrcs+v1HIbnf6L5VVrR2kddtEdNrYim4jAPSNR6nliHHVyVMkWed2ZZy6eod+K35lmTZy7wgNRn2lgIhHvUoh0fGrBTpJQm46Ab9SXxK5c/Nt0g3P7B2A5v6gG3JJEOFvLcXKbq6MmNOGO+um/BPgpo8iQBxkFSyX5wyZuRhsjwkM5VUHMvYbknLHKsF0Vza9YftE+cP8HIXg6c8BgOYuOZNMg7wk9BeFfIAgpn5K7ucf9y0pQ==
Snr0rm31xjEYG5hxDR+wkoaz72uldUfwtbBJ8foStx5ApPrEmjFPg88H3/DyLH65Y/MfM5DjojTbNrcs+v1HIbnf575VVrR2kddtEdNrYim4jAPSNR6nliHHVyVMkWed2ZZy6eod+K35lmTZy7wgNRn2lgIhHvUoh0fGrBTpJQm46Ab9SXxK5c/Nt0g3P7B2A5v6gG3JJEOFvLcXKbq6MmNOGO+um/BPgpo8iQBxkFSyX5wyZuRhsjwkM5VUHMvYbknLHKsF0Vza9YftE+cP8HIXg6c8BgOYuOZNMg7wk9BeFfIAgpn5K7ucf9y0pQ==
2BUaIIPFF5XldBox6DhZSIaz72uldUfwtbBJ8foStx5ApPrEmjFPg88H3/DyLH65Y/MfM5DjojTbNrcs+v1HIbnf5r5VVrR2kddtEdNrYim4jAPSNR6nliHHVyVMkWed2ZZy6eod+K35lmTZy7wgNRn2lgIhHvUoh0fGrBTpJQm46Ab9SXxK5c/Nt0g3P7B2A5v6gG3JJEOFvLcXKbq6MmNOGO+um/BPgpo8iQBxkFSyX5wyZuRhsjwkM5VUHMvYbknLHKsF0Vza9YftE+cP8HIXg6c8BgOYuOZNMg7wk9BeFfIAgpn5K7ucf9y0pQ==
bJrfsH7HhI5Ozrs70vF05Iaz72uldUfwtbBJ8foStx5ApPrEmjFPg88H3/DyLH65Y/MfM5DjojTbNrcs+v1HIbnf5b5VVrR2kddtEdNrYim4jAPSNR6nliHHVyVMkWed2ZZy6eod+K35lmTZy7wgNRn2lgIhHvUoh0fGrBTpJQm46Ab9SXxK5c/Nt0g3P7B2A5v6gG3JJEOFvLcXKbq6MmNOGO+um/BPgpo8iQBxkFSyX5wyZuRhsjwkM5VUHMvYbknLHKsF0Vza9YftE+cP8HIXg6c8BgOYuOZNMg7wk9BeFfIAgpn5K7ucf9y0pQ==
wbKX7lKMWUHDLRnhT8eh0oaz72uldUfwtbBJ8foStx5ApPrEmjFPg88H3/DyLH65Y/MfM5DjojTbNrcs+v1HIbnf5L5VVrR2kddtEdNrYim4jAPSNR6nliHHVyVMkWed2ZZy6eod+K35lmTZy7wgNRn2lgIhHvUoh0fGrBTpJQm46Ab9SXxK5c/Nt0g3P7B2A5v6gG3JJEOFvLcXKbq6MmNOGO+um/BPgpo8iQBxkFSyX5wyZuRhsjwkM5VUHMvYbknLHKsF0Vza9YftE+cP8HIXg6c8BgOYuOZNMg7wk9BeFfIAgpn5K7ucf9y0pQ==
nQwlCY8Y3cAtlbUikUz0f4az72uldUfwtbBJ8foStx5ApPrEmjFPg88H3/DyLH65Y/MfM5DjojTbNrcs+v1HIbnf475VVrR2kddtEdNrYim4jAPSNR6nliHHVyVMkWed2ZZy6eod+K35lmTZy7wgNRn2lgIhHvUoh0fGrBTpJQm46Ab9SXxK5c/Nt0g3P7B2A5v6gG3JJEOFvLcXKbq6MmNOGO+um/BPgpo8iQBxkFSyX5wyZuRhsjwkM5VUHMvYbknLHKsF0Vza9YftE+cP8HIXg6c8BgOYuOZNMg7wk9BeFfIAgpn5K7ucf9y0pQ==
v/oh7iwuioazoxTCFZ0Kzn5x2AdY1YmoInzBn8SUzyHTyl2mA1jxjZ6m0/YDoQXrvqXr0T/B6ScWYSVK9g3odbEvTanPRzf20FmUcY9Hqmdjs1I91/jzSpt/ePYKzeZ5SjzcrV4dX8S+krhaNgUH2kZLIZqm7W4kqldLR+JLhgjjRIQPKlwBEMpReUje0zypdxdC6kXXYjxHJbx26CldWbiZNzCx58fueBb+khQ+S8JWwCzqB4aGetVO8RO5MCU9mkQxobtKYB3rc0CTJ4ZEWRLzWpWD5q4FILSzkfPUR+Pd/j3ZkxpcxNd6vNswx41Bw7S4
bGkPV0nsilf3xrOowigfMH5x2AdY1YmoInzBn8SUzyHTyl2mA1jxjZ6m0/YDoQXrvqXr0T/B6ScWYSVK9g3odbEvTanPRzf20FmUcY9Hqmdjs1I91/jzSpt/ePYKzeZ5SjzcrV4dX8S+krhaNgUH2kZLIZqm7W4kqldLR+JLhgjjRIQPKlwBEMpReUje0zypdxdC6kXXYjxHJbx26CldWbiZNzCx58fueBb+khQ+S8JWwCzqB4aGetVO8RO5MCU9mkQxobtKYB3rc0CTJ4ZEWRLzWpWD5q4FILSzkfPUR+Pc/j3ZkxpcxNd6vNswx41Bw7S4
bGkPV0nsilf3xrOowigfMH5x2AdY1YmoInzBn8SUzyHTyl2mA1jxjZ6m0/YDoQXrvqXr0T/B6ScWYSVK9g3odbEvTanPRzf20FmUcY9Hqmdjs1I91/jzSpt/ePYKzeZ5SjzcrV4dX8S+krhaNgUH2kZLIZqm7W4kqldLR+JLhgjjRIQPKlwBEMpReUje0zypdxdC6kXXYjxHJbx26CldWbiZNzCx58fueBb+khQ+S8JWwCzqB4aGetVO8RO5MCU9mkQxobtKYB3rc0CTJ4ZEWRLzWpWD5q4FILSzkfPUR+Pc/j3ZkxpcxNd6vNswx41Bw7S4
bGkPV0nsilf3xrOowigfMH5x2AdY1YmoInzBn8SUzyHTyl2mA1jxjZ6m0/YDoQXrvqXr0T/B6ScWYSVK9g3odbEvTanPRzf20FmUcY9Hqmdjs1I91/jzSpt/ePYKzeZ5SjzcrV4dX8S+krhaNgUH2kZLIZqm7W4kqldLR+JLhgjjRIQPKlwBEMpReUje0zypdxdC6kXXYjxHJbx26CldWbiZNzCx58fueBb+khQ+S8JWwCzqB4aGetVO8RO5MCU9mkQxobtKYB3rc0CTJ4ZEWRLzWpWD5q4FILSzkfPUR+Pc/j3ZkxpcxNd6vNswx41Bw7S4
bGkPV0nsilf3xrOowigfMH5x2AdY1YmoInzBn8SUzyHTyl2mA1jxjZ6m0/YDoQXrvqXr0T/B6ScWYSVK9g3odbEvTanPRzf20FmUcY9Hqmdjs1I91/jzSpt/ePYKzeZ5SjzcrV4dX8S+krhaNgUH2kZLIZqm7W4kqldLR+JLhgjjRIQPKlwBEMpReUje0zypdxdC6kXXYjxHJbx26CldWbiZNzCx58fueBb+khQ+S8JWwCzqB4aGetVO8RO5MCU9mkQxobtKYB3rc0CTJ4ZEWRLzWpWD5q4FILSzkfPUR+Pc/j3ZkxpcxNd6vNswx41Bw7S4
bGkPV0nsilf3xrOowigfMH5x2AdY1YmoInzBn8SUzyHTyl2mA1jxjZ6m0/YDoQXrvqXr0T/B6ScWYSVK9g3odbEvTanPRzf20FmUcY9Hqmdjs1I91/jzSpt/ePYKzeZ5SjzcrV4dX8S+krhaNgUH2kZLIZqm7W4kqldLR+JLhgjjRIQPKlwBEMpReUje0zypdxdC6kXXYjxHJbx26CldWbiZNzCx58fueBb+khQ+S8JWwCzqB4aGetVO8RO5MCU9mkQxobtKYB3rc0CTJ4ZEWRLzWpWD5q4FILSzkfPUR+Pc/j3ZkxpcxNd6vNswx41Bw7S4
bGkPV0nsilf3xrOowigfMH5x2AdY1YmoInzBn8SUzyHTyl2mA1jxjZ6m0/YDoQXrvqXr0T/B6ScWYSVK9g3odbEvTanPRzf20FmUcY9Hqmdjs1I91/jzSpt/ePYKzeZ5SjzcrV4dX8S+krhaNgUH2kZLIZqm7W4kqldLR+JLhgjjRIQPKlwBEMpReUje0zypdxdC6kXXYjxHJbx26CldWbiZNzCx58fueBb+khQ+S8JWwCzqB4aGetVO8RO5MCU9mkQxobtKYB3rc0CTJ4ZEWRLzWpWD5q4FILSzkfPUR+Pc/j3ZkxpcxNd6vNswx41Bw7S4
ZIJZkjQYNRafxZ+K99LbHHR0yHLlZzqo/jEIlSXTUdjS2+RpjNcubAjKLADcTetqF92NSS2EBIRlLZCneDksXKhQIRf5//rnuMFZrgyzj/Cx2lAVPBEE4T7TWC4sdhFVwTSRVXC1dt0MBoixHj4wZKkSTY1OykfnBS88YhkyaL8C6HFxhfdKZREujI2Jxckp+rgW9IGmdTKnMMuhPXQFescFio/pvvdDZysDPtdgHp2cFA1HmkjnsXNJ0gsfDKrfR8CvsNm05rh/HzV4jQ9dPzhgctnZ+xkW6ZIdhyMBTC7pYtCSqSJTuVyVHlvfP2r7DLjR6WPn/wraWj0KwUHfQUtOc/trx1fJsTwQFKEEheJLb8VBgMoPq9JKAGmhGnZn+2vDMueqxBB4dOlstZTN4pzvYSAiUNFwWYLkpWIO9Jf5s+AeUk+ZcoZvh8vzyvchTOy7jY4S3efIKS2a0/WJhKZI+3gMHT5V/AUK3DhLgK+sDkoJqOAWCk2Y1EIXtzTil+K2Px8u+4udVhJzQ+9TeXPqSoF3tQyob3KQQKlQK04JKkajZnKS13Xhs1r7nrT7
3IQRkZ6IWdKsUjDcCx8SVpJBHHqarhAyjZiw5DHHAQtRPvsTX6frm1ql1QnVfvn7E2mZkkp8ENy2Z16xqFfsc03d/FIdkABWpbUaq1TlUW+njK5m6FxW6KaMnX6HQRoPeV2eOnw+mspDTHJc/3A7V09xVjQTf7Dzegixa+NY0OzFXZrv3mIC9wuobuvk6VbkhQoPm59tRbEF31IvRRV1yQiGhOO3/0RhLgc91WEegqIJcVygUR+mRVymGC0dWvBpLcOb890On1n6UVuvbr0AZp0u4gOCwSG/Z0m08XCc4aevnNlja5t+GlBaGB1+qiRyZW2ymb5H3ayPiVkzEG+uJePfkIFu/y7XmbR3Q6UlHdXSWToac5dcRP+UGjOr5uh15k+5bSNMl/7xbe83FU19InKdu5jJqefvFxA20J+EOFfeDLX4pvHVIApjaFErl56SkWc21OuFUB5c+SmBBNnLaAU3s0bUdhI6QM4feorA8FJTdtLSOS5du83gkWVmBI15z5rUdQfT7HtzNpAhznMGbddWem2MFN95R4Szu2E7QQcnSqhse5rQc+S3WfmftOQ=
CmSNKhc3Ln/4V41iNES0iUbbwrn5tuXcuWTnEBhOdGGjRmTSnQaN3FlR9uNBzMz6s3GaoIZ8VLGwUF9ROdY6uRdVhQYcO9WkhIN3f9Ew4Wm44dZRtGJYbXYKMEjx1v3xxl4nq/0LLH4xRqhTmmyBzc0jamkpytzRYXFJhSL8JgiJspX+35RbPZWARRbfAfqzIepXz99P0+K/VB6xxNC9OxLch/2LbcIXN3hqM99EXwyRYMa0R/tlJGW73ZPgJEIl0e/52pE2jRuL9QxC8WagrmF28zXk8c6Htwtq11R8YZXrc59GIn4tFuk1H63TyoNHIxN3xYnYQEhJsAVOkyv1vYje72eq7pD1Ce42C+Nvsw4v/mScwBA5sN2gzc7EK9FcqsSxPKGm9LlKejR7YTcQohqbuX6+i9eXG353jZSoi3GGBj0rsI29BnsByei+TItExEme2URh2gBQf4CD9Mr6dSB0dka1vMReP8P0Dg9mRoNX+tuHpbJCL6tb09Wrrnp9f6HsZBfWANwBpGsiES42n64mMlvNhWOGk6q01w==
QxG3EMUJoHFveSjniV7OZQ9OlSRCJvswzpOH5hMaq8oHpaxkdRsCK1j3m9M7Nkf77QKyKpyasX0TQfi+vWhEmNBEcM63eaoHasvfxQiWOg58xlWUtDBJ8I07ialAOPVP9l/skBen1Tjm4OMFTENY0uS7XbBoh9Ip4IgDklnXeV1DndOH9KPzdcMFLp6Sz/FPou243/u5Vx60zs+pyiy3r+BpSr4+4as6RuWLm03f2z55FazJ3cPYfTYKmza0T2RxpxOxEZL9RvzXawkET88tq5gWRoLeccgqkh6jtaSVWHebABkR//8mD5gpxYdGLehPyJvPrHEvk+WruVTBbFaVp1poKcy8vx2GXrnAV69BZfxxcme1KVsjTUtOtEUtFC8ZocMBCBAcKeSO23hUY9SgwTNsXPvuPZ1XqP6Xf2CYDTXWsoqhD40yuf2ko68l6pJG9DZWFtkWPEBGPpWuxN7fHhsXW3g3qVBku3XpwgLZgWMKNyUulk34s7ABUc4sIWok2VWR3BU311v3ywFSvkA9Kjb/cm+flam00g==
PskQMJTlqlDkfGdW105wLlOXRF9mqv4xJIL17p7vC8uXisfuWCxoNOD9qbOJfvsFtg/Jy3DMBbPV9lc4eBnUB5TgwC4/pXC+RDSD8QOUFwNg+836wtpsZCf6rDtgh31hU7Qo
yNRQuvE2oUSEqXpP580lUGUSiCNr0dhnjd/qn5+p8TRIJd3XLq5DWoofbsGKJIlV4Njvl4+1dyp7TSQPjP+6OXUUO8+NOmqGrEZ+NiEGNEBOLm2O7K6H3uPH8xivGdjkMwVxYuoJOSNSB83Orl3ws7gRaa5EEbLkYQX5fI3HUtt/fpiyFhBFau4PWk/nhaG02g==
4BvPk9t45+EThsLJxRRfGx9JM2NzAogbV8k8R6OjqaxTYTV0DG0RJ/IWJzouh5JRBqwN1WRQYwfzLdPKn/V4f8A3fvkxXHf/UcJOpsheQiYtDjBASiZhntC24/7HPy8o41GcJPfNPRK2sd3D9p+xXiLVdDM8meU+uIkWhAW9JYxBjxabu7ZUgkpoYUoKF2Zf642ltN4=
Wfol0L//Oi/yXOObhnR5w+9G837/Zok4M5eOMbM5DmC2n3mD1RfQOQ+axhnDtZmDuI8L3sfbYYM0McE1SyEObSmzbJBRTX5O5JgyNuaGBC0fSGieO2FYgEqvD6sW2YXfLCL8c0tJxtFqN2KjNNk7CNV3A+ZE9mLaEA4vWprA4HJjtoIySa7NG32gQQWWBL1Zn1qklZdTXNujdmBB3nMWjaeWKs08lE8Zt8Rjm1w7MeJ2ihjM6xogEzT3admPtPQ=
5VWV7bRG8jdlyk+OZkNR84K16eKVA7jaT6PPKjkSIMbfouS9/2KTb+CIolctOa2jAmp1xbKAo55LbCJ2TyMTdemJSWAuJCusFAHekZSJ+mhAd4CL5KLanfA8Ng5lVGQ2r0t0hp8O5muHspvPdVpiR7tT0927xlqVr+msLMc+oLSRIeuqhEeWd35uchMdbUPug6K03w==
fXO7ZYXQ0o4Tc5ybGJ3MqY1ZKyRngV9F+Y1TO/786XfjRa9+BVvU8+t1oyUeb1d0OtnVreaXuadLZCHVz9R2WeMvkNL9qrRjUDk0WDeV3qTRbzHJydpFMRr3MoME2ctoBTezRtR2EjpAzh96isDwUlN20tI5Ll27zeCRZWYEjXnPmtR1B9Pse3M2kCHOcwZt11Z6bYwU33lHhLO7bDtBAiZKqGx7mtBz5LdZ+Z+05A==
gtBQVXSIymPlq01c6JpQgBgP6Y+01BZYgvQ/VyhlfRvnDaUNdhcJRxsk0fXf1GY50+/Acg0qJIPgeeR4R5UuhIGvgalZWjWRyrcCYxTZ20h192MmZPaCmrCOT5q6wMCyAzYicqmu7dsdIOFFdgSdmf/aBNV3U3wbw/bAAT5zdk0HFsqNHJQv2RdEg9t8O1Ei1gr4jMsaQNOUd4mZr7TU
q/ncXeG6qxUYYzuFZUm/O8yYsMwfVZq4eVk7Y3sS4BuvGWQHG1NxDDvRvfSEHbnHKqZfevZXqjEuvAXVbEBL58t9iwpnRSAfaMf2ebnsn18JsvZmEA46BsUeOEBCNom+qOY7Pn9Pd4gL4RSkfz2Vcu4BJQOuz4m+CsV8MzSJzV6AWc7EfQ39bOn/nhszBjwikpjZClLHnn+Dna201g==
k6VKkyEAK50HE+r3MKvmKD9xz4huGiOGkeRPplD6RO/7vwh0rusRdRzMQVpaQIXS8TlDazxmw3g4ho3fC5DQMd51suCCObkLO7w/fLQF
AcgN0qIYktABEA4vE/b7S5wFinpShUtEvq4hDSOE/4nRUkElUpK3nMVBh6C58gJnOILtBiBPQPjTQ6t6c0OPXc7Z4sQ9jb1sqX/eG3OGfCLSGBkKkkdef0MdbbQW
iLTrs9q6ed9lO0KL8UTemD9xz4huGiOFkeRPplD6RO/7vwh0rusRdRzMQVpaQIXS8TlDazxmw3g4ho3fC5DQMd51suCCObkLO7w/fLQF
ICCBmy6mhd1xjA2FHwUiYSkfg7d6/hliED4MWyvL4NAOT3mBjHjJ3trEDWZhzSvPnMIrDOgyxRtLVJgFDgFaxKId0f8riDd4tAE=
PbxPNAp4cAW56W7sCkWoP2ue2i7QctQXm2e4PG6j4S089FFSWkiV6tFhsyP8LnOgWH4dV4sYQEk+LQIowvHJ0xuEL3S0DQ==
iCegssHTrCoY8kWY/6ZNksAJfyABInpHMJIFRoi/yFgLM7N6a7PX/UapSgRVnbVMUS9mmwtWRELaCDHK+vfWH5stdbQO
gmQnrpi8AB43loGRgD7EGQEw2zpkjLCcqP3DsQyOvv0tV/SylRAahskgqZfn8cwQX/qwGPk1qzZ8YyY7dtrS78XpE4IrdrQD
uYJR9SxJ6a0wjRzA7fNjzQyewy7QctQXm2e4PG6j4S089FFSWkiV6tFhsyP8LnOgWH4dV4sYQEk+LQIowvHJ0xuEL3S0DQ==
WF7Rw+rLIpz/Fl0kgQU/pAuewy7QctQXm2e4PG6j4S089FFSWkiV6tFhsyP8LnOgWH4dV4sYQEk+LQIowvHJ0xuEL3S0DQ==
jTDWsRFWEn4vzbFHE9G+SQqewy7QctQXm2e4PG6j4S089FFSWkiV6tFhsyP8LnOgWH4dV4sYQEk+LQIowvHJ0xuEL3S0DQ==
8b8bw8H5SNnP1d6EaU0AZQmewy7QctQXm2e4PG6j4S089FFSWkiV6tFhsyP8LnOgWH4dV4sYQEk+LQIowvHJ0xuEL3S0DQ==
baLSwQR355DvzGHaZ36kSQiewy7QctQXm2e4PG6j4S089FFSWkiV6tFhsyP8LnOgWH4dV4sYQEk+LQIowvHJ0xuEL3S0DQ==
NwqQgfqy1dsMcwZQvLZNeQeewy7QctQXm2e4PG6j4S089FFSWkiV6tFhsyP8LnOgWH4dV4sYQEk+LQIowvHJ0xuEL3S0DQ==
flaKpY/sP4jLMhcaoPGUfQaewy7QctQXm2e4PG6j4S089FFSWkiV6tFhsyP8LnOgWH4dV4sYQEk+LQIowvHJ0xuEL3S0DQ==
M7xj2pYiH/uaJ5uXnljbyhBSS7XdgKOGIK9KZleW2gtyENF3cTqp9w21fJ0Y1Adpz6QLC0S7KXJeKiB8I9row+wXgSl3tAw=
3qnGBmSvEQses+IRSRh20hFSS7XdgKOGIK9KZleW2gtyENF3cTqp9w21fJ0Y1Adpz6QLC0S7KXJeKiB8I9row+wXgSl3tAw=
zyiuZTQV/UYxcM3cO8npoDOHJE8xbWgX9C5NPQ5X0ZezRGkFV1TuiStPqCLV6hzzyJn8aE+VJpSZz6lZYRptQSIXetOcWVM4zRfLdjw2eqrYrleKssDIohsWSkJRbrWLtcBZNf6EFSmHeuwFLxNE6+uW2BE2c35dH/bi/SRU94l/5Htr9LvZ0m5qUFwTWjjjfFeRiae03A==
vsZiI2J2I/s/DI0xHemeZDx1fKUxSiR+ax38AUMhACf/i118Bxl5tMDVRXdG/vuaUi8GobI0gVXoyNd3Z4UvasOdzK8UjzK5/aSjryXqkkb0NlYW2RY8QEY+la7E3t8eGxdbeDepUGS7denCAtmBYwo3JS6WTfizsAFRziwhaiTZVZHcFTfaW/fOAFK+QD0qNv9yb5+VqbTS
tmXYl4sDzSy35QaibqRhknPZcpPcAC+RnLr85JZlojKf649i6fqArk8qZDVvCjOHMMDiH/3RjcsSYnXNouiDdpskYj6fy7MdeQHJ6L5Mi0TESZ7ZRGHaAFB/gIP0yvp1IHR2RrW8xF4/w/QOD2ZGg1f624elskIvq1vT1auuen1/oexkF9YA3AGpayIULzafriYyW82FY4aTqrTX
2AJITlhjTFzP+VJ64KiQVinu+wc8sd2YrO6Mc6o8q5m/dPXQ6JCrCARTQ/AL6WQSMimBm0UVViC1C26y27hvlhJoQyEbY93jaU7S9nPqUNsOL/jrUp7U/QAFeFBi+5SGxtApFizgW2EU6KMc/m2DqIsxWXgKcW+Zk5PndKIzC5Mcsku8KCIly0sE+BVOsbo0Ii3xj2uYl6i00Q==
iAGf86vxHYTaFUgfntjg811lZxSyI3niy0xH5ENYc73vctaQ/saM2A8i0PCJzSu+7PuGk8ZiEqcVsfPq2w60Cw==
M3zzka/HMBI+sKyFXgDVtX+PNrNBZHShuxEXm7mdB5PcDREy9RihZLHlSTydZ6Lbzx6IcuYwFere78oPlyVxtAo=
3Tv2qOLqaTiwYwn5tD3IkMZhGQE6QXpePZwQQd+Jiws1FYMTWIWdommARQRVnbVMUS9mmwtWRELaCDHK+vfWH5stdbQO
H3Vy7QoAP0J8ZUZzLSCgsbCFua6n4t8zSSrO6q1ufQGbhfSCcNW5lsdukWyiCzk6u8TnXJMwc6XfurZobm5MgP8q8MjZJasmXLNm69ZKUn9lOVNSC2a0Ew==
9ODyFzyKzi8TWg6HvX3Nen00msE93xNqETAzaF+1xbhWBAkUzdfHxzy8BP9Z8OucqWKmESkMR+aPgkd6M2OT6G7GCtS8FmOoeLZtzwuAsAEeJRIQAolZW3tMH2y0FQ==
KfZWIX041oIVrNCzOjQwjX02m49rnlhqRXhtaEu1xbhWBAkUzdfHxzy8BP9Z8OucqWKmESkMR+aPgkd6M2OT6G7GCtS8FmOoeLZtzwuAsAEeJRIQAolZW3tMH2y0FQ==
0NRUrITzQw0pW6fJb4A8wvGZJ1OvoGsKixyXWO/VARKoVAdYTt7w0P4vTEcYE9Pp1lC0h9kIW/QJinZJadSXzu+qt0IzW2PADu7aDPxOs0DY3t03i/gA6b5NQsjC0Qlzm2RvVLQt
GChRm4DFMzUEQgBCozNJlNPN0+iQJDv8rdYz4DO5vceCVyNcn10VDhEumYKcnpKgdHVIMuveGmn31W2FCfTM4aMhX3sBze+TtN2pUj0ouaQJdYEchZcKWycukJKuoO2qxh+Cr291WbQi
1H85q4zpL0tVfIAjRyV23+vuwXoUnrb1UEEI8eeXbro4EXnaH9rhsApvmZbDUHcgG7TzKUfOBvQGyqzsR/6gdBFh6+oEh5a3/q5yU50tQ64DYrQf
nikvho6bjawuc0/0meiX40cDu69YJXiX/Ixk71ngC6zpsgZhqbwnNk/yZ2ozc7OYrhZqZDxmw3g4ho3fC5DQMd51suCCObkLO7w/fLQF
dROgtLxHABNaBJR1TSyPqMvE8D9R0P7+FwxA7audcbo4EXnaH9rhsApvmZbDUHcgG7TzKUfOBvQGyqzsR/6gdBFh6+oEh5a3/q5yU50tQ64DYrQf
GYlXqe/wsPEwdCHZmxGaHUjY98EPcGDJw3FB7sBNOR5XFjHE0tP5cmv8h7SjKHOtz0KWQJ42DEivkhCgab0rrszLxkOmkpI3tQEzujt+tBs=
KfZWIX041oIVrNCzOjQwjX02m49rnlhqRXhtaEu1xbhWBAkUzdfHxzy8BP9Z8OucqWKmESkMR+aPgkd6M2OT6G7GCtS8FmOoeLZtzwuAsAEeJRIQAolZW3tMH2y0FQ==
0NRUrITzQw0pW6fJb4A8wvGZJ1OvoGsKixyXWO/VARKoVAdYTt7w0P4vTEcYE9Pp1lC0h9kIW/QJinZJadSXzu+qt0IzW2PADu7aDPxOs0DY3t03i/gA6b5NQsjC0Qlzm2RvVLQt
GChRm4DFMzUEQgBCozNJlNPN0+iQJDv8rdYz4DO5vceCVyNcn10VDhEumYKcnpKgdHVIMuveGmn31W2FCfTM4aMhX3sBze+TtN2pUj0ouaQJdYEchZcKWycukJKuoO2qxh+Cr291WbQi
gXcbIKKq4MFoX3Th/vnhDPHUvQjtiT4+7pa+SjNKVsqwsHZhIhohmmjJBVHnLeMgjrGBNVVzKynd0wY5A9q3vBv0S6FrNI+T+HtValo6xDRvOmRLSGdFEWu0EA==
1H85q4zpL0tVfIAjRyV23+vuwXoUnrb1UEEI8eeXbro4EXnaH9rhsApvmZbDUHcgG7TzKUfOBvQGyqzsR/6gdBFh6+oEh5a3/q5yU50tQ64DYrQf
aDK7yM2vMKz3jH76rfrZ0kcAu69YJXiX/Ixk71ngC6zpsgZhqbwnNk/yZ2ozc7OYrhZqZDxmw3g4ho3fC5DQMd51suCCObkLO7w/fLQF
KSAwxNDmBeXdfMUapm0Ht5Sx+B8VIoXdxTgyndCliWrgSY3hj81bUFZx+eWNEwM51dMOKSs67+zjtBNR01RnI3D73RrymryEt3pcmxBHrQFjtBg=
GYlXqe/wsPEwdCHZmxGaHUjY98EPcGDJw3FB7sBNOR5XFjHE0tP5cmv8h7SjKHOtz0KWQJ42DEivkhCgab0rrszLxkOmkpI3tQEzujt+tBs=
I3NNE7Zqf+H1/0JpjScNKXs2mY9rnlhqRXhtaEu1xbhWBAkUzdfHxzy8BP9Z8OucqWKmESkMR+aPgkd6M2OT6G7GCtS8FmOoeLZtzwuAsAEeJRIQAolZW3tMH2y0FQ==
0NRUrITzQw0pW6fJb4A8wvGZJ1OvoGsKixyXWO/VARKoVAdYTt7w0P4vTEcYE9Pp1lC0h9kIW/QJinZJadSXzu+qt0IzW2PADu7aDPxOs0DY3t03i/gA6b5NQsjC0Qlzm2RvVLQt
JTHAn9lFd5049rE9+20eodPO0+iQJDv8rdYz4DO5vceCVyNcn10VDhEumYKcnpKgdHVIMuveGmn31W2FCfTM4aMhX3sBze+TtN2pUj0ouaQJdYEchZcKWycukJKuoO2qxh+Cr291WbQi
gXcbIKKq4MFoX3Th/vnhDPHUvQjtiT4+7pa+SjNKVsqwsHZhIhohmmjJBVHnLeMgjrGBNVVzKynd0wY5A9q3vBv0S6FrNI+T+HtValo6xDRvOmRLSGdFEWu0EA==
1H85q4zpL0tVfIAjRyV23+vuwXoUnrb1UEEI8eeXbro4EXnaH9rhsApvmZbDUHcgG7TzKUfOBvQGyqzsR/6gdBFh6+oEh5a3/q5yU50tQ64DYrQf
W9c2/A2Ta6yuoxnNY1JqLEcBu69YJXiX/Ixk71ngC6zpsgZhqbwnNk/yZ2ozc7OYrhZqZDxmw3g4ho3fC5DQMd51suCCObkLO7w/fLQF
XF7i3yZJDpHdyURINlBCHVNCX0BqvdWudnRrmtCfPzMJIJR32Xh7BEna1tnpRHcer5pXcjNrg/BOPjqcfN4TEJgu/UeLCCCZfp3iWEJBaSNbVA9ktB0=
GYlXqe/wsPEwdCHZmxGaHUjY98EPcGDJw3FB7sBNOR5XFjHE0tP5cmv8h7SjKHOtz0KWQJ42DEivkhCgab0rrszLxkOmkpI3tQEzujt+tBs=
j1ya6Zx27dpvfSKxTOx0Fnk2n49rnlhqRXhtaEu1xbhWBAkUzdfHxzy8BP9Z8OucqWKmESkMR+aPgkd6M2OT6G7GCtS8FmOoeLZtzwuAsAEeJRIQAolZW3tMH2y0FQ==
0NRUrITzQw0pW6fJb4A8wvGZJ1OvoGsKixyXWO/VARKoVAdYTt7w0P4vTEcYE9Pp1lC0h9kIW/QJinZJadSXzu+qt0IzW2PADu7aDPxOs0DY3t03i/gA6b5NQsjC0Qlzm2RvVLQt
75zInetOqSbQvafmpEZ4JdPP0+iQJDv8rdYz4DO5vceCVyNcn10VDhEumYKcnpKgdHVIMuveGmn31W2FCfTM4aMhX3sBze+TtN2pUj0ouaQJdYEchZcKWycukJKuoO2qxh+Cr291WbQi
gXcbIKKq4MFoX3Th/vnhDPHUvQjtiT4+7pa+SjNKVsqwsHZhIhohmmjJBVHnLeMgjrGBNVVzKynd0wY5A9q3vBv0S6FrNI+T+HtValo6xDRvOmRLSGdFEWu0EA==
1H85q4zpL0tVfIAjRyV23+vuwXoUnrb1UEEI8eeXbro4EXnaH9rhsApvmZbDUHcgG7TzKUfOBvQGyqzsR/6gdBFh6+oEh5a3/q5yU50tQ64DYrQf
E7w5n6T3C1k3W9UZL3xL+2IDwKkNCUQmiIn5Qq9CgWi6N1nO84gXOCus8zF31mYsNpJstPcmwOyh+WtytB/2b072sgut9SO2M3q0Bw==
wfsRBf4jrM1b61VobKn7XX0Dg+MsuCwrGSRDGDnG7sUJGE/C30bv7rP3Oyw+4gLAnMIrDOgyxRtLVJgFDgFaxKId0f8riDd4tAE=
MkZCGEmRr7MRopAHfDDavhocdtYnqSrA6v8ZBqOgNxA7pPM5Z/5GBGZaLHynjmBEMXHr+iS3VscePvLD/d0DniNytA8=
wZLlSLTP+DPjYcmj98FNyV+vNrNBZHShuxEXm7mdB5PcDREx9RihZLHlSTydZ6Lbzx6IcuYwFere78oPlyVxtAo=
8UZ/weU0IMvZABiL02ymleZhOSEaYXpePZwQQd+Jiws1FYMTWIWdoWmARQRVnbVMUS9mmwtWRELaCDHK+vfWH5stdbQO
q5uouS4MxoTvurcQOxk/00cGu69YJXiX/Ixk71ngC6zpsgZhqbwnNk/yZ2ozc7OYrRZqZDxmw3g4ho3fC5DQMd51suCCObkLO7w/fLQF
lLYiyRqeoJty1qI56u0eeMfrxsDZyv8zSSTO4v8oIAGTyaGGcNW5lsdukWyiCzk6u8TnXJMwc6XfurVobm5MgP8q8MjZJasmXLNm69ZKUn9lOVNSC2a0Ew==
YtQ2ghA7wpqQnV9egjC7RUjY98EPcGDJw3FB7sBNOR5XFjHE0tP5cmv8h7SjKHOtz0KVQJ42DEivkhCgab0rrszLxkOmkpI3tQEzujt+tBs=
9z/GY6KNaBHLX3PxIekch302m49rnlhqRXhtaEu1xbhWBAkUzdfHxzy8BP9Z8OucqWKmESkMR+aPgkd6M2OT6G3GCtS8FmOoeLZtzwuAsAEeJRIQAolZW3tMH2y0FQ==
bxM/da8f76vi4LZoukS/3fGZJ1OvoGsKixyXWO/VARKoVAdYTt7w0P4vTEcYE9Pp1lC0h9kIW/QJinZJadSXzu+qt0IzW2PADe7aDPxOs0DY3t03i/gA6b5NQsjC0Qlzm2RvVLQt
KjS9GrP1gJpl/t2oQq9sCtPI0+iQJDv8rdYz4DO5vceCVyNcn10VDhEumYKcnpKgdHVIMuveGmn31W2FCfTM4aMhX3sBze+TtN2pUT0ouaQJdYEchZcKWycukJKuoO2qxh+Cr291WbQi
k04h3FneJrXESz6n9cKAAvHUvQjtiT4+7pa+SjNKVsqwsHZhIhohmmjJBVHnLeMgjrGBNVVzKynd0wY5A9m3vBv0S6FrNI+T+HtValo6xDRvOmRLSGdFEWu0EA==
SxSMGe75dx4d+mRa3bL5qevuwXoUnrb1UEEI8eeXbro4EXnaH9rhsApvmZbDUHcgG7TzKUfOBfQGyqzsR/6gdBFh6+oEh5a3/q5yU50tQ64DYrQf
YlCa/WcTYm4IBkA9ya+CvEcHu69YJXiX/Ixk71ngC6zpsgZhqbwnNk/yZ2ozc7OYrRZqZDxmw3g4ho3fC5DQMd51suCCObkLO7w/fLQF
eIkLJZaU27HgiJQ4VKrHpNHp2sTawvozSSTO4v8oIAGTyaGGcNW5lsdukWyiCzk6u8TnXJMwc6XfurVobm5MgP8q8MjZJasmXLNm69ZKUn9lOVNSC2a0Ew==
YtQ2ghA7wpqQnV9egjC7RUjY98EPcGDJw3FB7sBNOR5XFjHE0tP5cmv8h7SjKHOtz0KVQJ42DEivkhCgab0rrszLxkOmkpI3tQEzujt+tBs=
VmT2hDN2j6Kpi1bEruNs7Xs2mY9rnlhqRXhtaEu1xbhWBAkUzdfHxzy8BP9Z8OucqWKmESkMR+aPgkd6M2OT6G3GCtS8FmOoeLZtzwuAsAEeJRIQAolZW3tMH2y0FQ==
bxM/da8f76vi4LZoukS/3fGZJ1OvoGsKixyXWO/VARKoVAdYTt7w0P4vTEcYE9Pp1lC0h9kIW/QJinZJadSXzu+qt0IzW2PADe7aDPxOs0DY3t03i/gA6b5NQsjC0Qlzm2RvVLQt
GUKQN0Ukye2tA6rYZzTZI9PJ0+iQJDv8rdYz4DO5vceCVyNcn10VDhEumYKcnpKgdHVIMuveGmn31W2FCfTM4aMhX3sBze+TtN2pUT0ouaQJdYEchZcKWycukJKuoO2qxh+Cr291WbQi
k04h3FneJrXESz6n9cKAAvHUvQjtiT4+7pa+SjNKVsqwsHZhIhohmmjJBVHnLeMgjrGBNVVzKynd0wY5A9m3vBv0S6FrNI+T+HtValo6xDRvOmRLSGdFEWu0EA==
SxSMGe75dx4d+mRa3bL5qevuwXoUnrb1UEEI8eeXbro4EXnaH9rhsApvmZbDUHcgG7TzKUfOBfQGyqzsR/6gdBFh6+oEh5a3/q5yU50tQ64DYrQf
buPa2vaZD41tjf1d51nJ0EcEu69YJXiX/Ixk71ngC6zpsgZhqbwnNk/yZ2ozc7OYrRZqZDxmw3g4ho3fC5DQMd51suCCObkLO7w/fLQF
gmT0MegO70iJWodz0xKSfdDC+j9R0P7+FwxA7audcbo4EXnaH9rhsApvmZbDUHcgG7TzKUfOBfQGyqzsR/6gdBFh6+oEh5a3/q5yU50tQ64DYrQf
YtQ2ghA7wpqQnV9egjC7RUjY98EPcGDJw3FB7sBNOR5XFjHE0tP5cmv8h7SjKHOtz0KVQJ42DEivkhCgab0rrszLxkOmkpI3tQEzujt+tBs=
Ng1guWSWJpbqfoeXGuqr+nk2n49rnlhqRXhtaEu1xbhWBAkUzdfHxzy8BP9Z8OucqWKmESkMR+aPgkd6M2OT6G3GCtS8FmOoeLZtzwuAsAEeJRIQAolZW3tMH2y0FQ==
bxM/da8f76vi4LZoukS/3fGZJ1OvoGsKixyXWO/VARKoVAdYTt7w0P4vTEcYE9Pp1lC0h9kIW/QJinZJadSXzu+qt0IzW2PADe7aDPxOs0DY3t03i/gA6b5NQsjC0Qlzm2RvVLQt
UMR+YHxBylu3P7mXWvcTutPK0+iQJDv8rdYz4DO5vceCVyNcn10VDhEumYKcnpKgdHVIMuveGmn31W2FCfTM4aMhX3sBze+TtN2pUT0ouaQJdYEchZcKWycukJKuoO2qxh+Cr291WbQi
k04h3FneJrXESz6n9cKAAvHUvQjtiT4+7pa+SjNKVsqwsHZhIhohmmjJBVHnLeMgjrGBNVVzKynd0wY5A9m3vBv0S6FrNI+T+HtValo6xDRvOmRLSGdFEWu0EA==
SxSMGe75dx4d+mRa3bL5qevuwXoUnrb1UEEI8eeXbro4EXnaH9rhsApvmZbDUHcgG7TzKUfOBfQGyqzsR/6gdBFh6+oEh5a3/q5yU50tQ64DYrQf
CddoOVS4i+8hYffRZGpXjlo47Mk0EPX6WMl1cTdtM4AeMTGVpTMbyc3TFlkzGcccq3TbATv037MIe2WKCvoUVP+6FKv4J7Uxe7QA
I4Eg1VvYAe1UTrL+xYNTghocdtYnqSrA6v8ZBqOgNxA7pPM5Z/5FBGZaLHynjmBEMXHr+iS3VscePvLD/d0DniNytA8=
C0wznVP+CG2lmBl9eiwVy81G6wucBuswpvFpRd3Tc9nF0x5J23k/THM0Y7FjFLdDgPvtOqJazCQH+sz7wAedIXO0CA==
Xs/W91E+isZx2fMFytUKpF+vNrNBZHShuxEXm7mdB5PcDREy9RihZLHlSTydZ6Lbzx6IcuYwFere78oPlyVxtAo=
ptjEeflE5c1DLL/4ct8WtQ2fv5UBa3+WjC8O8odDMRlIVTrE0tP5cmv8h7SjKHOtz0KWQJ42DEivkhCgab0rrszLxkOmkpI3tQEzujt+tBs=
KoeAJH+2XuavdGO+ERV0kA+fv5UBa3+WjC8O8odDMRlIVTrE0tP5cmv8h7SjKHOtz0KWQJ42DEivkhCgab0rrszLxkOmkpI3tQEzujt+tBs=
ptjEeflE5c1DLL/4ct8WtQ2fv5UBa3+WjC8O8odDMRlIVTrE0tP5cmv8h7SjKHOtz0KWQJ42DEivkhCgab0rrszLxkOmkpI3tQEzujt+tBs=
Xs/W91E+isZx2fMFytUKpF+vNrNBZHShuxEXm7mdB5PcDREy9RihZLHlSTydZ6Lbzx6IcuYwFere78oPlyVxtAo=
Tv+fwsnYrxsNF94zrEXrsOZhOSEaYXpePZwQQd+Jiws1FYMTWIWdommARQRVnbVMUS9mmwtWRELaCDHK+vfWH5stdbQO
ZP1/qWce2EKZ59HvPtjWq1zjcjKrnvwXZzKh96dFVk2wgFGipIlJqVN9N4jyER1d4YO/sVFTiqGXqgNUh1S3CT/kO+s0uxlSrmqQ3FNaeGM8V1EJZ7Qc
+Y0eDh9Q5oBGDvC6dmLofDv1M4YPo9MQ6oF6MbiWpAp/B0bCydHDXV4q7dIsCcEZq91fWCpRJa3J46ehWVOCsY9KKyS/lO9Z10RDW7w7kaIWCjgMCxqAU1R3SRlvtBQ=
TH15hxH5ulh5PtayACDh5kp5PXibwnudjxjZtoMHpg3PSCy5u8im2YyWkOKjVwp6PXFXxdLaUbp4yRUx1+1TQD4xEVUFs/sJrdP2GVOaZ1yLdPtB23S/c+h7RUqqerSUn7r065inFXFbtCA=
+es3oJdppK31P3rzt3+Xpu6GIxCopDwAgx+bWPDJGxC0FwdDVt24kKMjXFpZQtfp1lC0h9kIW/QJinZJadSXzu+qt0IzW2PADu7aDPxOs0DY3t03i/gA6b5NQsjC0Qlzm2RvVLQt
5y60/f0luZiCmYNR5IY5GoK6TUNYvmu1B85AO6+eLI2LxdZfPA4rqeCsydBDRy7q2CF56v+KoWCqHxlmYwC38HuE8xknHsakpjosnOcu4CTxUeva5NfWZ17e8qM9fYN+Y1K0Lw==
TwMD7tjmb1z/rGqtrrr+YRByu+FfEqAfx7LcufP51ls0Aju9+LDpNGsrHh7gXTkuN8bxtHJDecKLrMdEgzhzna+SVjA+poz4T8JQUEmtK56sGwYzBgISh1VRc0obbrQr
JdWbwtxTNbgOrS7iqf1PZ3WBofj36s0/aNGBOIJlVXDIRQIWHn7N7+SmkwEZGRziH+ZWKTst2dVdXDBBP0nri5VVYxM4RT0iicAlBHXdVcwx70ab6xbkwnpI0craN3afe21VtC4=
wNLJnXeCnjki0lMe0GxyFdJ5AnBTymzcaGhkTLPzQ3SQ5QP8hBsfT1bRoJyTz0R2OW4PBeYc7EsZxAO4uWau5Ql4DyJfJi/Os9f7TL4CQqCc4musaJKF+0s0WKWOoZrkov0Rn6tod1i0IQ==
BYMAKpXF2KOS1ddvLqeXj72w+5RIi8JzBm4r2EA6iFIwAvsxv6Igj2dCHOmTydZLFHJ7bRgAaaTL295OgG05Phe2sWSS8/lSK1wHFOMIc42P4hbg3hYMaO8ykAApnSuOjGtG4+aykhf1obMae160Ow==
LUFY1ac4+u8kBGG74LdcM9amLx0qg5aofR4egem5bCLvxkYpK03pFe08gMGvKTtLxXWTE0hl7WLZILWExT3ljAEPVpv7NpSCiuihSkqXJl+rDWW0Hg==
5DQETfyieIHbIdkKAjB5AQNb46QZaifRtohk71ngC6zpsgZhqbwnNk/yZ2ozc7OYrhZqZDxmw3g4ho3fC5DQMd51suCCObkLO7w/fLQF
wZLlSLTP+DPjYcmj98FNyV+vNrNBZHShuxEXm7mdB5PcDREx9RihZLHlSTydZ6Lbzx6IcuYwFere78oPlyVxtAo=
8UZ/weU0IMvZABiL02ymleZhOSEaYXpePZwQQd+Jiws1FYMTWIWdoWmARQRVnbVMUS9mmwtWRELaCDHK+vfWH5stdbQO
vME9YOLNAww3V0trj0KA/VzjcjKrnvwXZzKh96dFVk2wgFGipIlJqVN9N4jyER1d4YO/sVFTiqGXqQNUh1S3CT/kO+s0uxlSrmqQ3FNaeGM8V1EJZ7Qc
PbmfJd1q0zqwMjYBob65fjv1M4YPo9MQ6oF6MbiWpAp/B0bCydHDXV4q7dIsCcEZq91fWCpRJa3J46ehWVOCsY9JKyS/lO9Z10RDW7w7kaIWCjgMCxqAU1R3SRlvtBQ=
aGUjpiGL4YSRjuAigP2rq721+5RPi8J2Bm4r2EA6iFIwAvsxv6Igj2dCHOmTydZLFHJ7bRgAaaTL295OgG05Phe2sWSS8/lSK1wHFOMIc42P4hXg3hYMaO8ykAApnSuOjGtG4+aykhf1obMae160Ow==
3hzHe9PDUtCdq+Wlflh4G9amLx0qg5aofR4egem5bCLvxkYpK03pFe08gMGvKTtLxXWTE0hl7WHZILWExT3ljAEPVpv7NpSCiuihSkqXJl+rDWW0Hg==
luu9UpaiqfLq86tkZ2o+fANb46QZaifRtohk71ngC6zpsgZhqbwnNk/yZ2ozc7OYrRZqZDxmw3g4ho3fC5DQMd51suCCObkLO7w/fLQF
CddoOVS4i+8hYffRZGpXjlo47Mk0EPX6WMl1cTdtM4AeMTGVpTMbyc3TFlkzGcccq3TbATv037MIe2WKCvoUVP+6FKv4J7Uxe7QA
I4Eg1VvYAe1UTrL+xYNTghocdtYnqSrA6v8ZBqOgNxA7pPM5Z/5FBGZaLHynjmBEMXHr+iS3VscePvLD/d0DniNytA8=
Uxh80p1jrRlMP8x5lp56j+aesRwWLIjQgX81ktKm1i3+QIv9zMZbUFZx+eWNEwM51dMOKSs57+zjtBNR01RnI3D73RrymryEt3pcmxBHrQFjtBg=
3sLlK+RReRe9mChtSdi1c5PKjFYSj/dkKjTPYAeU7cd6nhPEHU0d7Mm//huTxtyisth5CrIHvv/j3Q20dg==
pW2joQ0C/mg15w6eQUcUYUXqcONGZCDrvidD1J6Mc+C7LFl3zja/ZLHlSTydZ6Lbzx6IcuYwFere78oPlyVxtAo=
+C7H11/0ITris7RwUC7Y3PbW6FVIJMuYhXA6jtmnymSpDMrphYNdXEEw/NPZXCQooaBpCGN/1ML9tBNR01RnI3D73RrymryEt3pcmxBHrQFjtBg=
wt4IWD5CnZ68XhEuLFdzozSJna8VHPzyzgc4Wy3AjeYsjS8rN4jzYA6Hk5Ru7GPgq8wpt56WD+Qhhbl8TUeS27/+2LJWkIVqLo8aT6cFYbQa
XPtM055fcaMTsnJXy62oRG0EnqYvsmIkFmdLEnfA4tJIHXmWkGH+msCQGmR72SzenMIrDOgyxRtLVJgFDgFaxKId0f8riDd4tAE=
G/FnjM6j8qQ63sD4xSuqNYn+cFZukZe8fRQTwKzibz+syA9sbEXjW+swl4CqH28E4mTnYC9EpSfiDquExT3ljAEPVpv7NpSCiuihSkqXJl+rDWW0Hg==
wt4IWD5CnZ68XhEuLFdzozSJna8VHPzyzgc4Wy3AjeYsjS8rN4jzYA6Hk5Ru7GPgq8wpt56WD+Qhhbl8TUeS27/+2LJWkIVqLo8aT6cFYbQa
XPtM055fcaMTsnJXy62oRG0EnqYvsmIkFmdLEnfA4tJIHXmWkGH+msCQGmR72SzenMIrDOgyxRtLVJgFDgFaxKId0f8riDd4tAE=
1rMimdJLrYDjB+P6Qo5kMDA2PTEWrZ/zcDou2piXLDoLY5o+nD9zDgfc2s6oQUFK4L1GBkAMorgLBRSCfN4TEJgu/UeLCCCZfp3iWEJBaSNbVA9ktB0=
SrevapeVPySdB7WR3L+ou0dnnwLO9Nb65vvYe1Emz5mEiUxrObDBFq2F7BGHOA/e1rCYWyVsGO8ayIBGdm5jp/gc7CSXlgCcgelrYpRvNt8uZjKbTUVjRhNqtBc=
5bxoUmfvZumk4TH5kBV0hGCqZqVK99kQpYI1LL6YuBdvA07W1JTAVxElqdcwHIIRoZNZVD0QIJudrICwLSDlkMcPEAqhlO9Z10RDW7w7kaIWCjgMCxqAU1R3SRlvtBQ=
MSYnZuLLpODES9MctDDQ6b+65opPksBsEzV4mgMv3hd2Q6ds8Lp90DwCUfjHyMpeDnVrZU8DIKfBlNEKhXEsfR+8/2Ke5LhXHQhIM/J8AOquqlPb8AgMaO8ykAApnSuOjGtG4+aykhf1obMae160Ow==
amQz0SOmxVIbDuvHE0oQVPHw1ntAyPfjF0AHo+nYYf49DWyZF9CvtgZ42JP1BDgHCsCATmaGQ88o1KzsR/6gdBFh6+oEh5a3/q5yU50tQ64DYrQf
e0P4ohWj5IkCdzMs1nBHzQEowIQiY0vNE1OivNDVm/tDYF/A4u8HJPoU/2A3tL0HCn5jRI3tTSz5n+4bg6Ys4mK46YoCpw4/sz19tAY=
zXcmrIIzLTLCAOV0xG5Q6jA1PTEWrZ/zcDou2piXLDoLY5o+nD9zDgfc2s6oQUFK4L1GBkAMorgLBRSCfN4TEJgu/UeLCCCZfp3iWEJBaSNbVA9ktB0=
DCJ7ODriTc24gSkC5t0N32CpZqVK99kQpYI1LL6YuBdvA07W1JTAVxElqdcwHIIRoZNZVD0QIJudrICwLSDlkMcPEAqhlO9Z10RDW7w7kaIWCjgMCxqAU1R3SRlvtBQ=
Fx0m0pY3qOB8fiFF9sGeP7+65opPksBsEzV4mgMv3hd2Q6dv8Lp90DwCUfjHyMpeDnVrZU8DIKfBlNEKhXEsfR+8/2Ke5LhXHQhIM/J8AOquqlPb8AgMaO8ykAApnSuOjGtG4+aykhf1obMae160Ow==
amQz0SOmxVIbDuvHE0oQVPHw1ntAyPfjF0AHo+nYYf49DWyZF9CvtgZ42JP1BDgHCsCATmaGQ88o1KzsR/6gdBFh6+oEh5a3/q5yU50tQ64DYrQf
e0P4ohWj5IkCdzMs1nBHzQEowIQiY0vNE1OivNDVm/tDYF/A4u8HJPoU/2A3tL0HCn5jRI3tTSz5n+4bg6Ys4mK46YoCpw4/sz19tAY=
ugghsCG7TFAFz+ZeqhF+QjA0PTEWrZ/zcDou2piXLDoLY5o+nD9zDgfc2s6oQUFK4L1GBkAMorgLBRSCfN4TEJgu/UeLCCCZfp3iWEJBaSNbVA9ktB0=
flty1Cw6XhUGIq/VdEQic2CoZqVK99kQpYI1LL6YuBdvA07W1JTAVxElqdcwHIIRoZNZVD0QIJudrICwLSDlkMcPEAqhlO9Z10RDW7w7kaIWCjgMCxqAU1R3SRlvtBQ=
LaAGOl24ZwpaJGnjsjAbiL+65opPksBsEzV4mgMv3hd2Q6du8Lp90DwCUfjHyMpeDnVrZU8DIKfBlNEKhXEsfR+8/2Ke5LhXHQhIM/J8AOquqlPb8AgMaO8ykAApnSuOjGtG4+aykhf1obMae160Ow==
amQz0SOmxVIbDuvHE0oQVPHw1ntAyPfjF0AHo+nYYf49DWyZF9CvtgZ42JP1BDgHCsCATmaGQ88o1KzsR/6gdBFh6+oEh5a3/q5yU50tQ64DYrQf
e0P4ohWj5IkCdzMs1nBHzQEowIQiY0vNE1OivNDVm/tDYF/A4u8HJPoU/2A3tL0HCn5jRI3tTSz5n+4bg6Ys4mK46YoCpw4/sz19tAY=
jULDMQEXXVaCU6EObLTE7jAzPTAWrZ/zcDou2piXLDoLY5o+nD9zDgfc2s6oQUFK4L1GBkAMorgLBRSCfN4TEJgu/UeLCCCZfp3iWEJBaSNbVA9ktB0=
qNjl1S04bFYYhs6giofzJ2CvZqVK99kQpYI1LL6YuBdvA07W1JTAVxElqdcwHIIRoZNZVD0QIJudrICwLSDlkMcPEAqhlO9Z10RDW7w7kaIWCjgMCxqAU1R3SRlvtBQ=
HubbLEZ5vo4VMpp5cYHSoV1Lv1t3GXiE12fglnl86fc+hXoB9V+vlNB+Q0pKwLLvk/P7kVAJbX45rCETTMPDRifUypbomdHCgHW2PkA0UnBrjYRaPIYDGLhmTb8LcJBRXpXygIIZ+au7HH9ctCU=
amQz0SOmxVIbDuvHE0oQVPHw1ntAyPfjF0AHo+nYYf49DWyZF9CvtgZ42JP1BDgHCsCATmaGQ88o1KzsR/6gdBFh6+oEh5a3/q5yU50tQ64DYrQf
e0P4ohWj5IkCdzMs1nBHzQEowIQiY0vNE1OivNDVm/tDYF/A4u8HJPoU/2A3tL0HCn5jRI3tTSz5n+4bg6Ys4mK46YoCpw4/sz19tAY=
dROEaltrHqL0AJjlaoS+cDAyPTAWrZ/zcDou2piXLDoLY5o+nD9zDgfc2s6oQUFK4L1GBkAMorgLBRSCfN4TEJgu/UeLCCCZfp3iWEJBaSNbVA9ktB0=
59qbm/j6tFu6YfvCVYBVTGCuZqVK99kQpYI1LL6YuBdvA07W1JTAVxElqdcwHIIRoZNZVD0QIJudrICwLSDlkMcPEAqhlO9Z10RDW7w7kaIWCjgMCxqAU1R3SRlvtBQ=
f8ciDGxtUu0Uw2lDOAC26F1Lv1t3GXiE12fglnl86fc+hXoC9V+vlNB+Q0pKwLLvk/P7kVAJbX45rCETTMPDRifUypbomdHCgHW2PkA0UnBrjYRaPIYDGLhmTb8LcJBRXpXygIIZ+au7HH9ctCU=
amQz0SOmxVIbDuvHE0oQVPHw1ntAyPfjF0AHo+nYYf49DWyZF9CvtgZ42JP1BDgHCsCATmaGQ88o1KzsR/6gdBFh6+oEh5a3/q5yU50tQ64DYrQf
e0P4ohWj5IkCdzMs1nBHzQEowIQiY0vNE1OivNDVm/tDYF/A4u8HJPoU/2A3tL0HCn5jRI3tTSz5n+4bg6Ys4mK46YoCpw4/sz19tAY=
hZXmghpmzbnz9YeH3PEByDAxPTAWrZ/zcDou2piXLDoLY5o+nD9zDgfc2s6oQUFK4L1GBkAMorgLBRSCfN4TEJgu/UeLCCCZfp3iWEJBaSNbVA9ktB0=
mAaoppsVVWe4sUa3ms2wBGCtZqVK99kQpYI1LL6YuBdvA07W1JTAVxElqdcwHIIRoZNZVD0QIJudrICwLSDlkMcPEAqhlO9Z10RDW7w7kaIWCjgMCxqAU1R3SRlvtBQ=
/XNQLMAar2pAcjJj4KBiMV1Lv1t3GXiE12fglnl86fc+hXoD9V+vlNB+Q0pKwLLvk/P7kVAJbX45rCETTMPDRifUypbomdHCgHW2PkA0UnBrjYRaPIYDGLhmTb8LcJBRXpXygIIZ+au7HH9ctCU=
amQz0SOmxVIbDuvHE0oQVPHw1ntAyPfjF0AHo+nYYf49DWyZF9CvtgZ42JP1BDgHCsCATmaGQ88o1KzsR/6gdBFh6+oEh5a3/q5yU50tQ64DYrQf
e0P4ohWj5IkCdzMs1nBHzQEowIQiY0vNE1OivNDVm/tDYF/A4u8HJPoU/2A3tL0HCn5jRI3tTSz5n+4bg6Ys4mK46YoCpw4/sz19tAY=
/V5Mva8WR12wMEZ9EZwfAVQKcIDdzP7BafNBZFXQiAtlDMhANSD94A+vaJoJ1Adpz6QLC0S7KXJeKiB8I9row+wXgSl3tAw=
zdUirOCtwqJL5UYNuseXzjZZmepUEVE+wdKmHeBGx2mpYxPLxdxYHzrYgFZWniMXGIxstPcmwOyh+WtytB/2b072sgut9SO2M3q0Bw==
FAZo65CYnzUQAfUpRa8soDRZmehUEVE+wdKmHeBGx2mpYxPLxdxYHzrYgFZWniMXGIxstPcmwOyh+WtytB/2b072sgut9SO2M3q0Bw==
ar1sb1KIks5iImwIpOg4OSpD1vIhoXpsT3sMHH/H/ZFDHXmWkGH+msCQGmR72SzenMIrDOgyxRtLVJgFDgFaxKId0f8riDd4tAE=
4YNG9KF9K+LyaRLcrrwRjRwcL55eG8DbPSzgcA0gxdAnj7DKwZTPGTfE45vcO7Hi9oqYzGsaoBO09+nZD7R0
3sLlK+RReRe9mChtSdi1c5PKjFYSj/dkKjTPYAeU7cd6nhPEHU0d7Mm//huTxtyisth5CrIHvv/j3Q20dg==
ZNUA+NDpClND8kyczJHxYW98w8Y1kF1nUGp3e1jh0/tQCx0f1tqDgHH8DfhK7KSG8WWmRWMJcbLApVYOQASyoCv9JMq8FmOoeLZtzwuAsAEeJRIQAolZW3tMH2y0FQ==
4YNG9KF9K+LyaRLcrrwRjRwcL55eG8DbPSzgcA0gxdAnj7DKwZTPGTfE45vcO7Hi9oqYzGsaoBO09+nZD7R0
2LzgkVerhpw0pQZLoV/e0jT2+FW7pmre2fVRTaACL1wk9Cthy7Qv0xh7dao6uqT0TzqEC6jn5dELtHA=
iAFMku9ftDEHPzdZ9IxiJIYgOMJxdxrhIlhu8h+NTGC/inBoGUWrRpwT5kuWqlKfJZnT8ssGtHM=
2LzgkVerhpw0pQZLoV/e0jT2+FW7pmre2fVRTaACL1wk9Cthy7Qv0xh7dao6uqT0TzqEC6jn5dELtHA=
iAFMku9ftDEHPzdZ9IxiJIYgOMJxdxrhIlhu8h+NTGC/inBoGUWrRpwT5kuWqlKfJZnT8ssGtHM=
FOa6Y3fTOwC91lv+2EJ+u1qx+kifPJNZyHKlMnTwpCs591BZNwyE/dZyuDP8LnOgWH4dV4sYQEk+LQIowvHJ0xuEL3S0DQ==
xrvIqqTXgEhHCG7nVxNPqlqx+kifPJNZyHanPHTwpCs591BZNwyE/dZyuDP8LnOgWH4dV4sYQEk+LQIowvHJ0xuEL3S0DQ==
geOiPNaQ8GgtoU1ZMkzvqNqVjmQcPReX3h5wo93qrJy8fFN/x5sv7enwNDJaLaqBm0ShSpzqG98nH30sxfH4NllD/sZ5pF13aFntSrPFiZSGuLso7K2+xVx1ygxYe4C/jP4KWUhQlprt6BSSd4c08rcS9m//nnsbPSbSoyPfU2lTGgrRlwWMOM8CUJDJbiteLNsG84bCEkfVkXOKm6606w==
cyTOXTjIKX0/vUqrCE/y/5dW/wLJQ/Agt/t9Y47JX////zl11i4dZHk0Y7FjFLdDg/vtOqJazCQH+sz7wAedIXO0CA==
2WEIiNBt8+DPEj7tjQIbyXmRI1UqYm8UtzMIKi8e0Jq1TmkFV1TuiStPqCLV6hzzyJn8aE+VJpSZz6lZYRptQSIXetOcWVM4zRfLdjw2eqrYrleKssDIohsWSkJRbrWLtcBZNf6EFSmHeuwFLxNE6+uW2BE2c35dH/bi/SRU94l/5Htr97vZ0m5qUFwTWjjjfFeRiae03A==
pZ00kqR2Luap7fv1dwgCvDT2+FW7pmre2fVRTaACL1wk9Cthy7Qv0xt7dao6uqT0TzqEC6jn5dELtHA=
3nCgyV4cbBW/q43g/bugVYYgOMJxdxrhIlhu8h+NTGC/inBoGUarRpwT5kuWqlKfJZnT8ssGtHM=
NRSy8jJcKgXPab4WWu2F2l+vNrNBZHShuxEXm7mdB5PcDREy9RihZLHlSTydZ6Lazx6IcuYwFere78oPlyVxtAo=
i4YITmXFVaULmHXxJsSR+eZhOSEaYXpePZwQQd+Jiws1FYMTWIWdommARQRVnbVMUS9rmgtWRELaCDHK+vfWH5stdbQO
DuFEdzh85f+VBYYWlKKoTMGmxkz6jK0cWNMlAzSExfLmplDBrjwYlL/LHAmcildGzb9bZn2wujYoOwqoSRlG170Sr/KFfdJXgC+TilOrIGq21FlsoteKPsrqFiba26vfGk9hGmR6YrMI5S90b/bbdgpddcnu3WEOvfE+Ir7FPpWByTkrik6Vmn2jsdXw8DjrPR04MpXsKLv2VKoWB3XlfOIsp/KL2/w0y6InBwTK5Zix4REHwcRkD0F0eMyP4yGWRrw57hV5kgaKKx4ePK0vuc5ULBTbXXMJIfC9PYoYdlwmKX+KLyqZn3XPsCFV9+l59XgsB4OPhoSLzIRLpNWEDM/IZLXVi2zT90gPIHIVfU0Wbu38Xn9NNLvApUTNR6XY9Mi8PuEihANE3Au7btjn9Bl729xaytCC9U96485kJKDaLqpllNL8AN8t1ZVUdftVCvXu9PO02b1KK3xji7NxaGcRAIIvsgBOY/v1lelPeDfhtpGoAeP6oGx8TnD3pkN4Ki86YtsRh+nnm8VqqM5d2kWgDymNi0wE3xmGPFjTfeSWxd8Nq5jLRDSCTOKR9okKzWCYaWmqLt7Bgk00/N9+sNR1HRXIdD7hqaByub+Rj5S344gqc8fCXI3VHN/1oI+L6aYCrhNSoHNOR0gT8saEVQCtKAjCAyTuhnjZrky4i4mUgPPEHtXzAEvZ6QCqqb8xkzs3rAJLu3vcGjsEyPp1p8jsKE0uCUqcYkVBd8vAxwC0eQ==
B0Ok40E9Yc2s5Wlbf15qnSjr4CumNK+WfeeNTxfN0wjebBY7w+s2i3zzNyrL9rNxj3CMX/rXwMXRctcOtntqzwwA26dmAurb5I9AOeOuTSj26pRDBZbGYqGis3nZ8qY9IE+tMlteF3jzyPU+A26upCrsh0XyTFE+xRvLk3uhdJHWFcNv44vR3ueg67zAXPpGRUjS+vSpXokYRyn1Jar0EwZ5yMfg/Tm+1YW8CeXm8E9P24weCjsHll0pyEu1LYALPVaENROVyqyQSekKBK/kMZohEMpks4Xuu/xEBofHNgJkA5I3tH4C7pPYF/8bEw2bNLFvgJpbSeDYnGHB0z6KeHz2msjd/UUJOzuFZdbYkg2PJJcE8UYbSyL1XZXkz8D1LU6W5R1v4jcV0weWX9zvZVoVkT2X6sUXkfP0E/l5HdEEkVPBimFGEKPwEelqP3Rnm9dZvCfFqOa/Nojaw6890bmrUCPhorlMUacy9MzoxvRnwuusavsSBssVj/3Hzw0u+Cr1TsU0p83dz4RQ/w2OOEi3VTDWEXdpOxxD0JTWhKbBEqEezXSwjTnu5ophFsWwbLvWZJShNXHYcDb1ifS6/e91JwA3dyDOI4MKCK3BFNvlxKdfqXKqyoPWKOfuE4BXoiKsQQC5AOySR+y6JuxRKtzcI13UVNugDtH7FGuNIUT6TRelE6+fSFIPcy/8DjMA2J5dc4g4gCm+jcIIwhGJM5sk7xS0bQ==
rNfCUObi3d0hpXSGOSYg3nwzHmTrjZq3ZKq5rKgFQYdnHN9+8+KvTMsIVnv6YiTtj09Ltcqj/pczJSawQ1v0zF4j3L68v4k2M+1p7Qk2FJ8fu/Ryo1F+X4MJkmSgHkTkgYZq8bjLs8ca7kc4TIh3G6xnH3mqPFhCRVCz98sY6hIYb3qtzGO0IknPwn8ygY+Vy+4xscwNkxAQFg22R/cpKYnDPBqow/lTFicOS0v3yD2etLDk3eSzm0PKuguYUuc3JHnx+8Ct+5FG+0pTR1b/BHQnD60A8+yY212LhivfQeLwlPk/o+mIi+BIvRQziIHTDTn9GsjkK5dCJQRvpFMLHBWXb2XXAbBxKB55hzZgLdzY58FGAuFkxyvJyRzdOqNFDSMfTXc2kLXpXIP5DUuFmLREdSRSgxxEZ9zM4d8kGEsKheHXVEbzz6RQYRU6uo6x61Vu+SF8Bz+hYj4mWP4SZv3uAEB6xrHegBZzfref3+iTcYwk560N0gbRbUNm/+Ge8vUEM8y5tX5oaYYEtV2VzHFvApirlqTCOsiRypq3tp+77ZW07g==
td7TGZq4vdObnNNnYmCZXZJBHHqarhAyjZiw5DHHAQtRPvsTX6frm1ql1QnVfvn7E2mZkkp8ENy2Z16xqFfsc03d/FIdkABWrLkQtl/reEm/lbph631XmLbHln6QUApRP1WcKXoP6toWTGMS4HEyX1FvSCoNaKasZROuc/VZwOiaCpf02WdBnHi6eruw7Qa31gpby8hvWKVd3Qk6WxEmmRGYgrLn5g0zewFr1zYaotcbe0TjRBuhU1q1HCBaRLcwcdOR7tAbklb1H0atO7sKeZk51H/Awy3yLUy282WN6ufukMl5YdZhGxNKEgBzvyl9aiOyjPdE2ayT2w8tFzqiMOnfkIFu/y7XmbR3Q6UlHdXSWToac5dcRP+UGjOr5uh15k+5bSNMl/7xbe83FU19InKdu5jJqefvFxA20J+EOFfeDLX4pvHVIApjaFErl56SkWc21OuFUB5c+SmBBNnLaAU3s0bUdhI6QM4feorA8FJTdtLSOS5du83gkWVmBI15z5rUdQfT7HtzNpAhznMGbddWem2MFN95R4Szu2g4QQImSqhse5rQc+S3WfmftOQ=
SjAAnheqU3XF3I10TT5WdDEoI2BfvdWgdnw53I2fN39cJJR32Xh7BEna1tnpRHcer5pXcjNrg/BOPjqcfN4TEJgu/UqPCCCZfp3iWEJBaSNbVA9ktB0=
IECDHyaPI8NE8Gz2PkEZCgeFQBh2vvF5JM7u7t7sTsmElpjyS3dyKuWx77WKerkK8EmdwX+NC/DG8UkFPVPTGaXT/gl7+l+MUzSD8QOUFwNs+835wtpsZCf6rDtgh31hU7Qo
tMfehJHQUaT+p+OIKjcZ8d/2VRdGo3K6A50GIaiDKI2LxdZfPA4rqeCsydBDRy7q2CF56v+KoWCqHxlmYwC38HuE8xknHsakpjosnOcu4CTxV+ra59fWZ17e8qM9fYN+Y1K0Lw==
ogB9SrcXzM0S0TSCVI2o6+Pj/4uTneKZE37Vn9bL0lLT1UZpeGsI5ZvN1lcsZgtBMOSJmJOvjoJIqflib+IBiHpXWS6z6JeYa4zzETd25kx2cmzUN8ZATGHaa1J2v3aPjpay6+2VoxZzWrQn
a1A5yT0RNIzLno8rupjUX154bEWszpGR2P1mCUvFjODSLnXxuC5SpprcqtGIlpTqr0c2YllRcz0O6h3yPAnR+ZudD/ja0bXNeSN3gSlTcpHfCpvELxSf+QeEczutOoGAZkro7LuaEPOktxl5X7Qk
/UjDgu14FfdVLkwzTM7FnPd3Pt8eFIyQjmGW3uuV2vV0/VHl1pSAZrc1Qv7oAvi0OGUSFg5ePS9UxuOBifnMok+GZinLDYmVDfygwY/pm8ultXMTKCUN4nlglYTlfYUM4c86mtv0NAIqKEFKKtfG3wtNRbQ+
LWT3ubDaik65ZLhLnR5jGeBrMtIeEsSQ3WqL0/uVm/l85lHl1pSAZrc1Qv7oAvi0OGUSFg5ePS9UxuOBifnMok+GZinLDYmVDfygwY/pm8ultXMTKCUN4nlglYTlfYUM4c86m9vzNAIqKEFKKtfG3wtNRbQ+
ai0EHrwXF3F/yF0xr4IaPiBpZG5d6cWrZDok19nSdzkWIJR32Xh7BEna1tnpRHcer5pXcjNrg/BOPjqcfN4TEJgu/UGKCCWZfp3iWEJBaSNbVA9ktB0=
8DZ24oTzx+d6NffLnJAAwgNb46QZaifRtohk71ngC6zpsgZhqbwnNk/yZ2ozc7OYrhZqZDxmw3g4ho3eCpDVMd51suCCObkLO7w/fLQF
QZ+PMufyiIaxwtC0Y9tsulo47Mk0EPX6WMl1cTdtM4AeMTGVpTMbyc3TFlkzGsccq3TbATv037MFemWPCvoUVP+6FKv4J7Uxe7QA
e12e8BPC3mAnMr2mUoQF1c1G6wucBuswpvFpRd3Tc9nF0x5J23o/THM0Y7FjFLdDhPntP6JazCQH+sz7wAedIXO0CA==
V6Ub/QD2jLbJlws/c/vm/1+vNrNBZHShuxEXm7mdB5PcDREy9RihZLHlSTydZ6HZzxuIcuYwFere78oPlyVxtAo=
WflMCPggk2z+G0stq3HxqWf63gKeqKAQaW5JcZBXHVkTasv55KphcnN89NQO6YzgeXlWLuEklKGb0XcbGd3nk7zNsbIVWIFk0SXpvH0ngNiv2yjyBnA16r4vao93ZVG0Kg==
GVZMHgDhXFhLpubdleUgTw2fv5UBa3+WjC8O8odDMRlIVTrE0tP5cmv8h7SjKHOtz0KWQJ42DEivkhCgab4qrsjLxkOmkpI3tQEzujt+tBs=
RSy+d9MYWB3eBinU2VgHIezyzX5Azr/1VE4P8a+Faf5/D3DcA5nqsApvmZbDUHcgG7TzKUfOBvQGyqzsR/6gdBFg7+oAh5a3/q5yU50tQ64DYrQf
7ARBEF3jPNCewIyFwbN501UkzJRtMkLbExGgoJXB0r5FbEiB59lTa90FixNQlfVCMVB9RI3tTSz5n+0bg6Es4mK46YoCpw4/sz19tAY=
qHDaqj8zWMizqoeYcY1udGZienNbvdWgdnw53I2fN38PZNNp0H5nR0La1tnpRHcer5pXcjNrg/BOPjqcfN4TEJgu/UaKCCeZfp3iWEJBaSNbVA9ktB0=
P5nqPUY6Jkzj7LJygwOADDT2+FW7pmre2fVRTaACL1wk9Cthy7Qv0xR6daw6uqT0TzqEC6jn5dELtHA=
zI334AVWXvEd+B5l+JfU1IYgOMJxdxrhIlhu8h+NTGC/inBoGUmqRpoT5kuWqlKfJZnT8ssGtHM=
epWFFsr9rF0nTg61S1/NpGf63gKeqKAQaW5JcZBXHVkTasv55KphcnN89NQO6YzgeXlWLuEklKGb0XcbGd3nk7zNsbIVWIFk0SXpvH0nh9+v2CjyBnA16r4vao93ZVG0Kg==
bwFbTPqUZvdKAymDHvd/QTT2+FW7pmre2fVRTaACL1wk9Cthy7Qv0x55daM6uqT0TzqEC6jn5dELtHA=
FYfQjZ6UhalwQmInv9JavoYgOMJxdxrhIlhu8h+NTGC/inBoGUOpRpUT5kuWqlKfJZnT8ssGtHM=
Z1kKZi0Ly0tc4QcGc0BB0en7Hr3Frqz7iWyTg7PJ6wIv7/KTgO80ajWx1Q1ieFmvJ+d9Eoj5+RUNWFgCJfLfhfV3Q8khTQksdhDbcDxl/r1sneoUSHOAh/zW6oEYGFZiXYC0CucPtEpHupY3L1Y7Yw3O8rsz11NRIzLqCcdNTMB/avAIWeCq5t10Zq1WClI/5XlTkoumtNM=
c3JJU7b9dpZ+luNl+ndTgbX8rfSWZVDxZAJEtDM55JJlOSfJza/342zFu/eD09NFyZlJcA4U61z0kV4B9Pm6WGBngJvEkprtkKy2noWkpAaPW3SWvz4mm2ciG18VKiJ3m0PTzZv2GuXPeSy8J85ghLE16LqkdVaAnv7yg30dA96jsrTP
91iYNAyfqVadcT2GOL3aqXM1mRjFp93noeDaZE02kZyGhEg/f/eJC6qevwaHPwDAybzEWmB9AfUsh/dWcHt+oPQd7CSXlgCcge1oYpRtNtguZjKbTUVjRhNqtBc=
u3jRbUOAEqBxrg0Wa6gY8ANa5PIeq3ADdE8tZlrmybgZBhoS2M3LiTHhBvgfpOOR6Hq1CjQINKPZv2BBNxS0tTb6KMu8FmOoeLZtywiAsAMeIhIQAolZW3tMH2y0FQ==
9gWwvI/hPxLipyBN55y0+ippy9cvmVEZQ08tZlrmybgZBhoS2M3LiTHhBvgfpOOR6Hq1CjQINKPZv2BBNxS0tTb6KMu8FmOoeLZtywiAsAMeIhIQAolZW3tMH2y0FQ==
xjtjxI66D4BZYoBKFfq2EBd+YCxRRiViWuLBrAkSMvb4qeNdYbXOPF9gK8W4rh1ulOycN0kr6MW3kDwhpm6ALxxyy3wo4qUPSER4V072OnQibXFPa1gXaLQR
xOC68OOyKNtBj01/uxCnyvaEJ1eNrSoBhh6IHc/VDwesVF1eWt65kPkuSkoYFZvhkQm2gJ9cU/lIkmVSdNDki7mXkHk3LESdVtL4E/xOs0DY3t0ziPgA675KQsjC0Qlzm2RvVLQt
ct7ZP0MqG4GTcZxe9UWC0TfV4vL36NM2V8nVOpp5U2epHx8aHX/Ntemwg0BOVRSlRuRRb28l1JRFTytcOzqu3ahyWBdPYmB6teI6BHXdVcwx70KY6xbmwn1I0craN3afe21VtC4=
K/eFUr3XncHdv8DynJVk3MLF+4FWTZC1LVMqZWAW9RSvG2IaX1VwKW+d873ET5PVRMJFHIUp2jgv+0CHcB9U88Y6shN2aSAfaMf2ebnsn18JsvZmEA46BsUeOEBCNom+qOY7Pn9Pd4gL4RSkfz2Vcu4BJQOuz4m+CsV8MzSJzV6AWc7EfQ39bOn/mhgzBj4ilZjZClLHnn+Dna201g==
gVOSnCoFRP/L3QcU3VXLK8tK6g/QVeYgpugweZ6aUvm//ih5lz8UYxFgPOlxHuIN3L+0bv8OkXZUqpn73gKWeV/mdA==
DXDakB7KoJBOkyuBrXtlrMbIGDLLbcVppM2WXolF+i2DGp8+5hE=
DXDakB7KoJBOkyuBrXtlrMbIGDLLbcVppM2WXolF+i2DGp8+5hE=
acDcQ+cygWIuiY2p/mSgaLM3oMTIMbe/ACmJ2j+mtobjgkOljdqks5gLgJ5kKUtE4QmP5zxwso/MFgVqFtCO0tCs3r7c6o/i81DxKUqKqipjv1p1eU8EOXBng10lWS9AvEl7i/d++g3nV2PzUDQk+IsYAGNSO5bw4wkXCuZJ
